1345209907 5 8
1345209907 5 8 5 8
1345209880 9 10 9 10
1345209600 9 10 9 10
1345209300 9 9 12 10
1345209000 14 9 15 10
1345208700 15 9 15 9
1345208400 15 9 15 9
1345208100 15 9 15 9
1345207800 15 9 15 9
1345207500 14 16 15 19
1345207200 14 19 14 19
1345206900 14 19 14 19
1345206600 14 19 14 19
1345206300 14 18 22 19
1345206000 10 5 10 5
1345205700 10 5 10 5
1345205400 10 5 10 5
1345205100 10 5 10 5
1345204800 10 5 10 5
1345204500 10 5 10 5
1345204200 10 5 10 5
1345203900 10 5 10 5
1345203600 10 5 10 5
1345203300 10 5 10 5
1345203000 10 5 10 5
1345202700 10 5 10 5
1345202400 10 5 10 5
1345202100 10 5 10 5
1345201800 10 5 10 5
1345201500 10 5 10 5
1345201200 10 5 10 5
1345200900 10 5 10 5
1345200600 10 5 10 5
1345200300 10 5 10 5
1345200000 10 5 10 5
1345199700 10 5 10 5
1345199400 10 5 10 5
1345199100 10 5 10 5
1345198800 10 5 10 5
1345198500 10 5 10 5
1345198200 10 5 10 5
1345197900 10 5 10 5
1345197600 10 5 10 5
1345197300 10 5 10 5
1345197000 10 5 10 5
1345196700 10 5 10 5
1345196400 10 5 10 5
1345196100 10 5 10 5
1345195800 10 5 10 5
1345195500 10 5 10 5
1345195200 10 5 10 5
1345194900 10 5 10 5
1345194600 10 5 10 5
1345194300 10 5 10 5
1345194000 10 5 10 5
1345193700 10 5 10 5
1345193400 10 5 10 5
1345193100 10 5 10 5
1345192800 10 5 10 5
1345192500 10 5 10 5
1345192200 10 5 10 5
1345191900 10 5 10 5
1345191600 10 5 10 5
1345191300 10 5 10 5
1345191000 10 5 10 5
1345190700 10 5 10 5
1345190400 18 35 30 69
1345190100 30 69 30 69
1345189800 30 69 30 69
1345189500 30 69 30 69
1345189200 30 69 30 69
1345188900 30 69 30 69
1345188600 30 69 30 69
1345188300 30 69 30 69
1345188000 30 69 30 69
1345187700 30 69 30 69
1345187400 30 69 30 69
1345187100 30 69 30 69
1345186800 30 69 30 69
1345186500 30 69 30 69
1345186200 30 69 30 69
1345185900 30 69 30 69
1345185600 30 69 30 69
1345185300 30 69 30 69
1345185000 30 69 30 69
1345184700 30 69 30 69
1345184400 30 69 30 69
1345184100 30 69 30 69
1345183800 30 69 30 69
1345183500 30 69 30 69
1345183200 30 69 30 69
1345182900 30 69 30 69
1345182600 30 69 30 69
1345182300 30 69 30 69
1345182000 30 69 30 69
1345181700 30 69 30 69
1345181400 30 69 30 69
1345181100 30 69 30 69
1345180800 30 69 30 69
1345180500 30 69 30 69
1345180200 30 69 30 69
1345179900 30 69 30 69
1345179600 30 69 30 69
1345179300 30 69 30 69
1345179000 30 69 30 69
1345178700 30 69 30 69
1345178400 30 69 30 69
1345178100 30 69 30 69
1345177800 30 69 30 69
1345177500 30 69 30 69
1345177200 30 69 30 69
1345176900 30 69 30 69
1345176600 30 69 30 69
1345176300 30 69 30 69
1345176000 30 69 30 69
1345175700 30 69 30 69
1345175400 30 69 30 69
1345175100 30 69 30 69
1345174800 30 69 30 69
1345174500 30 69 30 69
1345174200 30 69 30 69
1345173900 30 69 30 69
1345173600 30 69 30 69
1345173300 30 69 30 69
1345173000 30 69 30 69
1345172700 30 69 30 69
1345172400 30 69 30 69
1345172100 30 69 30 69
1345171800 30 69 30 69
1345171500 30 69 30 69
1345171200 30 69 30 69
1345170900 30 69 30 69
1345170600 30 69 30 69
1345170300 30 69 30 69
1345170000 30 69 30 69
1345169700 30 69 30 69
1345169400 30 69 30 69
1345169100 30 69 30 69
1345168800 30 69 30 69
1345168500 30 69 30 69
1345168200 30 69 30 69
1345167900 30 69 30 69
1345167600 30 69 30 69
1345167300 30 69 30 69
1345167000 30 69 30 69
1345166700 30 69 30 69
1345166400 30 69 30 69
1345166100 30 69 30 69
1345165800 30 69 30 69
1345165500 30 69 30 69
1345165200 30 69 30 69
1345164900 30 69 30 69
1345164600 30 69 30 69
1345164300 30 69 30 69
1345164000 30 69 30 69
1345163700 30 69 30 69
1345163400 30 69 30 69
1345163100 30 69 30 69
1345162800 30 69 30 69
1345162500 30 69 30 69
1345162200 30 69 30 69
1345161900 30 69 30 69
1345161600 30 69 30 69
1345161300 30 69 30 69
1345161000 30 69 30 69
1345160700 30 69 30 69
1345160400 30 69 30 69
1345160100 30 69 30 69
1345159800 30 69 30 69
1345159500 30 69 30 69
1345159200 30 69 30 69
1345158900 30 69 30 69
1345158600 30 69 30 69
1345158300 30 69 30 69
1345158000 30 69 30 69
1345157700 30 69 30 69
1345157400 30 69 30 69
1345157100 30 69 30 69
1345156800 30 69 30 69
1345156500 30 69 30 69
1345156200 30 69 30 69
1345155900 30 69 30 69
1345155600 30 69 30 69
1345155300 30 69 30 69
1345155000 30 69 30 69
1345154700 30 69 30 69
1345154400 30 69 30 69
1345154100 30 69 30 69
1345153800 30 69 30 69
1345153500 30 69 30 69
1345153200 30 69 30 69
1345152900 30 69 30 69
1345152600 30 69 30 69
1345152300 30 69 30 69
1345152000 30 69 30 69
1345151700 30 69 30 69
1345151400 30 69 30 69
1345151100 30 69 30 69
1345150800 30 69 30 69
1345150500 30 69 30 69
1345150200 30 69 30 69
1345149900 30 69 30 69
1345149600 30 69 30 69
1345149300 30 69 30 69
1345149000 30 69 30 69
1345148700 30 69 30 69
1345148400 30 69 30 69
1345148100 30 69 30 69
1345147800 30 69 30 69
1345147500 30 69 30 69
1345147200 30 69 30 69
1345146900 30 69 30 69
1345146600 30 69 30 69
1345146300 30 69 30 69
1345146000 30 69 30 69
1345145700 30 69 30 69
1345145400 30 69 30 69
1345145100 30 69 30 69
1345144800 30 69 30 69
1345144500 30 69 30 69
1345144200 30 69 30 69
1345143900 30 69 30 69
1345143600 30 69 30 69
1345143300 30 69 30 69
1345143000 30 69 30 69
1345142700 30 69 30 69
1345142400 30 69 30 69
1345142100 30 69 30 69
1345141800 30 69 30 69
1345141500 30 69 30 69
1345141200 30 69 30 69
1345140900 30 69 30 69
1345140600 30 69 30 69
1345140300 30 69 30 69
1345140000 30 69 30 69
1345139700 30 69 30 69
1345139400 30 69 30 69
1345139100 30 69 30 69
1345138800 30 69 30 69
1345138500 30 69 30 69
1345138200 30 69 30 69
1345137900 30 69 30 69
1345137600 30 69 30 69
1345137300 30 69 30 69
1345137000 30 69 30 69
1345136700 30 69 30 69
1345136400 30 69 30 69
1345136100 30 69 30 69
1345135800 30 69 30 69
1345135500 30 69 30 69
1345135200 30 69 30 69
1345134900 30 69 30 69
1345134600 30 69 30 69
1345134300 30 69 30 69
1345134000 30 69 30 69
1345133700 30 69 30 69
1345133400 30 69 30 69
1345133100 30 69 30 69
1345132800 30 69 30 69
1345132500 30 69 30 69
1345132200 30 69 30 69
1345131900 30 69 30 69
1345131600 30 69 30 69
1345131300 30 69 30 69
1345131000 30 69 30 69
1345130700 30 69 30 69
1345130400 30 69 30 69
1345130100 30 69 30 69
1345129800 30 69 30 69
1345129500 30 69 30 69
1345129200 30 69 30 69
1345128900 30 69 30 69
1345128600 30 69 30 69
1345128300 30 69 30 69
1345128000 30 69 30 69
1345127700 30 69 30 69
1345127400 30 69 30 69
1345127100 30 69 30 69
1345126800 30 69 30 69
1345126500 30 69 30 69
1345126200 30 69 30 69
1345125900 30 69 30 69
1345125600 30 69 30 69
1345125300 30 69 30 69
1345125000 30 69 30 69
1345124700 30 69 30 69
1345124400 30 69 30 69
1345124100 30 69 30 69
1345123800 30 69 30 69
1345123500 30 69 30 69
1345123200 30 69 30 69
1345122900 30 69 30 69
1345122600 30 69 30 69
1345122300 30 69 30 69
1345122000 30 69 30 69
1345121700 30 69 30 69
1345121400 30 69 30 69
1345121100 30 69 30 69
1345120800 30 69 30 69
1345120500 30 69 30 69
1345120200 30 69 30 69
1345119900 30 69 30 69
1345119600 30 69 30 69
1345119300 30 69 30 69
1345119000 30 69 30 69
1345118700 30 69 30 69
1345118400 30 69 30 69
1345118100 30 69 30 69
1345117800 30 69 30 69
1345117500 30 69 30 69
1345117200 30 69 30 69
1345116900 30 69 30 69
1345116600 30 69 30 69
1345116300 30 69 30 69
1345116000 30 69 30 69
1345115700 30 69 30 69
1345115400 30 69 30 69
1345115100 30 69 30 69
1345114800 30 69 30 69
1345114500 30 69 30 69
1345114200 30 69 30 69
1345113900 30 69 30 69
1345113600 30 69 30 69
1345113300 30 69 30 69
1345113000 30 69 30 69
1345112700 30 69 30 69
1345112400 30 69 30 69
1345112100 30 69 30 69
1345111800 30 69 30 69
1345111500 30 69 30 69
1345111200 30 69 30 69
1345110900 30 69 30 69
1345110600 30 69 30 69
1345110300 30 69 30 69
1345110000 30 69 30 69
1345109700 30 69 30 69
1345109400 30 69 30 69
1345109100 30 69 30 69
1345108800 30 69 30 69
1345108500 30 69 30 69
1345108200 30 69 30 69
1345107900 30 69 30 69
1345107600 30 69 30 69
1345107300 30 69 30 69
1345107000 30 69 30 69
1345106700 30 69 30 69
1345106400 30 69 30 69
1345106100 30 69 30 69
1345105800 30 69 30 69
1345105500 30 69 30 69
1345105200 30 69 30 69
1345104900 30 69 30 69
1345104600 30 69 30 69
1345104300 30 69 30 69
1345104000 30 69 30 69
1345103700 30 69 30 69
1345103400 30 69 30 69
1345103100 30 69 30 69
1345102800 30 69 30 69
1345102500 30 69 30 69
1345102200 30 69 30 69
1345101900 30 69 30 69
1345101600 30 69 30 69
1345101300 30 69 30 69
1345101000 30 69 30 69
1345100700 30 69 30 69
1345100400 30 69 30 69
1345100100 30 69 30 69
1345099800 30 69 30 69
1345099500 30 69 30 69
1345099200 30 69 30 69
1345098900 30 69 30 69
1345098600 30 69 30 69
1345098300 30 69 30 69
1345098000 30 69 30 69
1345097700 30 69 30 69
1345097400 30 69 30 69
1345097100 30 69 30 69
1345096800 30 69 30 69
1345096500 30 69 30 69
1345096200 30 69 30 69
1345095900 30 69 30 69
1345095600 30 69 30 69
1345095300 30 69 30 69
1345095000 30 69 30 69
1345094700 30 69 30 69
1345094400 30 69 30 69
1345094100 30 69 30 69
1345093800 30 69 30 69
1345093500 30 69 30 69
1345093200 30 69 30 69
1345092900 30 69 30 69
1345092600 30 69 30 69
1345092300 30 69 30 69
1345092000 30 69 30 69
1345091700 30 69 30 69
1345091400 30 69 30 69
1345091100 30 69 30 69
1345090800 30 69 30 69
1345090500 30 69 30 69
1345090200 30 69 30 69
1345089900 30 69 30 69
1345089600 30 69 30 69
1345089300 30 69 30 69
1345089000 30 69 30 69
1345088700 30 69 30 69
1345088400 30 69 30 69
1345088100 30 69 30 69
1345087800 30 69 30 69
1345087500 30 69 30 69
1345087200 30 69 30 69
1345086900 30 69 30 69
1345086600 30 69 30 69
1345086300 30 69 30 69
1345086000 30 69 30 69
1345085700 30 69 30 69
1345085400 30 69 30 69
1345085100 30 69 30 69
1345084800 30 69 30 69
1345084500 30 69 30 69
1345084200 30 69 30 69
1345083900 30 69 30 69
1345083600 30 69 30 69
1345083300 30 69 30 69
1345083000 30 69 30 69
1345082700 30 69 30 69
1345082400 30 69 30 69
1345082100 30 69 30 69
1345081800 30 69 30 69
1345081500 30 69 30 69
1345081200 30 69 30 69
1345080900 30 69 30 69
1345080600 30 69 30 69
1345080300 30 69 30 69
1345080000 30 69 30 69
1345079700 30 69 30 69
1345079400 30 69 30 69
1345079100 30 69 30 69
1345078800 30 69 30 69
1345078500 30 69 30 69
1345078200 30 69 30 69
1345077900 30 69 30 69
1345077600 30 69 30 69
1345077300 30 69 30 69
1345077000 30 69 30 69
1345076700 30 69 30 69
1345076400 30 69 30 69
1345076100 30 69 30 69
1345075800 30 69 30 69
1345075500 30 69 30 69
1345075200 30 69 30 69
1345074900 30 69 30 69
1345074600 30 69 30 69
1345074300 30 69 30 69
1345074000 30 69 30 69
1345073700 30 69 30 69
1345073400 30 69 30 69
1345073100 30 69 30 69
1345072800 30 69 30 69
1345072500 30 69 30 69
1345072200 30 69 30 69
1345071900 30 69 30 69
1345071600 30 69 30 69
1345071300 30 69 30 69
1345071000 30 69 30 69
1345070700 30 69 30 69
1345070400 30 69 30 69
1345070100 30 69 30 69
1345069800 30 69 30 69
1345069500 30 69 30 69
1345069200 30 69 30 69
1345068900 30 69 30 69
1345068600 30 69 30 69
1345068300 30 69 30 69
1345068000 30 69 30 69
1345067700 30 69 30 69
1345067400 30 69 30 69
1345067100 30 69 30 69
1345066800 30 69 30 69
1345066500 30 69 30 69
1345066200 30 69 30 69
1345065900 30 69 30 69
1345065600 30 69 30 69
1345065300 30 69 30 69
1345065000 30 69 30 69
1345064700 30 69 30 69
1345064400 30 69 30 69
1345064100 30 69 30 69
1345063800 30 69 30 69
1345063500 30 69 30 69
1345063200 30 69 30 69
1345062900 30 69 30 69
1345062600 30 69 30 69
1345062300 30 69 30 69
1345062000 30 69 30 69
1345061700 30 69 30 69
1345061400 30 69 30 69
1345061100 30 69 30 69
1345060800 30 69 30 69
1345060500 30 69 30 69
1345060200 30 69 30 69
1345059900 30 69 30 69
1345059600 30 69 30 69
1345059300 30 69 30 69
1345059000 30 69 30 69
1345058700 30 69 30 69
1345058400 30 69 30 69
1345058100 30 69 30 69
1345057800 30 69 30 69
1345057500 30 69 30 69
1345057200 30 69 30 69
1345056900 30 69 30 69
1345056600 30 69 30 69
1345056300 30 69 30 69
1345056000 30 69 30 69
1345055700 30 69 30 69
1345055400 30 69 30 69
1345055100 30 69 30 69
1345054800 30 69 30 69
1345054500 30 69 30 69
1345054200 30 69 30 69
1345053900 30 69 30 69
1345053600 30 69 30 69
1345053300 30 69 30 69
1345053000 30 69 30 69
1345052700 30 69 30 69
1345052400 30 69 30 69
1345052100 30 69 30 69
1345051800 30 69 30 69
1345051500 30 69 30 69
1345051200 30 69 30 69
1345050900 30 69 30 69
1345050600 30 69 30 69
1345050300 30 69 30 69
1345050000 30 69 30 69
1345049700 30 69 30 69
1345049400 30 69 30 69
1345049100 30 69 30 69
1345048800 30 69 30 69
1345048500 30 69 30 69
1345048200 30 69 30 69
1345047900 30 69 30 69
1345047600 30 69 30 69
1345047300 30 69 30 69
1345047000 30 69 30 69
1345046700 30 69 30 69
1345046400 30 69 30 69
1345046100 30 69 30 69
1345045800 30 69 30 69
1345045500 30 69 30 69
1345045200 30 69 30 69
1345044900 30 69 30 69
1345044600 30 69 30 69
1345044300 30 69 30 69
1345044000 30 69 30 69
1345043700 30 69 30 69
1345043400 30 69 30 69
1345043100 30 69 30 69
1345042800 30 69 30 69
1345042500 30 69 30 69
1345042200 30 69 30 69
1345041900 30 69 30 69
1345041600 30 69 30 69
1345041300 30 69 30 69
1345041000 30 69 30 69
1345040700 30 69 30 69
1345040400 30 69 30 69
1345040100 30 69 30 69
1345039800 30 69 30 69
1345039500 30 69 30 69
1345039200 30 69 30 69
1345038900 30 69 30 69
1345038600 30 69 30 69
1345038300 30 69 30 69
1345038000 30 69 30 69
1345037700 30 69 30 69
1345037400 30 69 30 69
1345037100 30 69 30 69
1345036800 30 69 30 69
1345036500 30 69 30 69
1345036200 30 69 30 69
1345035900 30 69 30 69
1345035600 30 69 30 69
1345035300 30 69 30 69
1345035000 30 69 30 69
1345034700 30 69 30 69
1345034400 30 69 30 69
1345034100 30 69 30 69
1345033800 30 69 30 69
1345033500 30 69 30 69
1345033200 30 69 30 69
1345032900 30 69 30 69
1345032600 30 69 30 69
1345032300 30 69 30 69
1345032000 30 69 30 69
1345031700 30 69 30 69
1345031400 30 69 30 69
1345031100 30 69 30 69
1345030800 30 69 30 69
1345030500 30 69 30 69
1345030200 30 69 30 69
1345029900 30 69 30 69
1345028400 30 69 30 69
1345026600 30 69 30 69
1345024800 30 69 30 69
1345023000 30 69 30 69
1345021200 30 69 30 69
1345019400 30 69 30 69
1345017600 30 69 30 69
1345015800 30 69 30 69
1345014000 30 69 30 69
1345012200 30 69 30 69
1345010400 30 69 30 69
1345008600 30 69 30 69
1345006800 30 69 30 69
1345005000 30 69 30 69
1345003200 30 69 30 69
1345001400 30 69 30 69
1344999600 30 69 30 69
1344997800 30 69 30 69
1344996000 30 69 30 69
1344994200 30 69 30 69
1344992400 30 69 30 69
1344990600 30 69 30 69
1344988800 30 69 30 69
1344987000 30 69 30 69
1344985200 30 69 30 69
1344983400 30 69 30 69
1344981600 30 69 30 69
1344979800 30 69 30 69
1344978000 30 69 30 69
1344976200 30 69 30 69
1344974400 30 69 30 69
1344972600 30 69 30 69
1344970800 30 69 30 69
1344969000 30 69 30 69
1344967200 30 69 30 69
1344965400 30 69 30 69
1344963600 30 69 30 69
1344961800 30 69 30 69
1344960000 30 69 30 69
1344958200 30 69 30 69
1344956400 30 69 30 69
1344954600 30 69 30 69
1344952800 30 69 30 69
1344951000 30 69 30 69
1344949200 30 69 30 69
1344947400 30 69 30 69
1344945600 30 69 30 69
1344943800 30 69 30 69
1344942000 30 69 30 69
1344940200 30 69 30 69
1344938400 30 69 30 69
1344936600 30 69 30 69
1344934800 30 69 30 69
1344933000 30 69 30 69
1344931200 30 69 30 69
1344929400 30 69 30 69
1344927600 30 69 30 69
1344925800 30 69 30 69
1344924000 30 69 30 69
1344922200 30 69 30 69
1344920400 30 69 30 69
1344918600 30 69 30 69
1344916800 30 69 30 69
1344915000 49 48 57 73
1344913200 57 41 57 41
1344911400 57 41 57 41
1344909600 57 41 57 41
1344907800 57 41 57 41
1344906000 57 41 57 41
1344904200 57 41 57 41
1344902400 57 41 57 41
1344900600 57 41 57 41
1344898800 57 41 57 41
1344897000 57 41 57 41
1344895200 57 41 57 41
1344893400 57 41 57 41
1344891600 57 41 57 41
1344889800 57 41 57 41
1344888000 57 41 57 41
1344886200 57 41 57 41
1344884400 57 41 57 41
1344882600 57 41 57 41
1344880800 57 41 57 41
1344879000 57 41 57 41
1344877200 57 41 57 41
1344875400 57 41 57 41
1344873600 57 41 57 41
1344871800 57 41 57 41
1344870000 57 41 57 41
1344868200 57 41 57 41
1344866400 57 41 57 41
1344864600 57 41 57 41
1344862800 57 41 57 41
1344861000 57 41 57 41
1344859200 57 41 57 41
1344857400 57 41 57 41
1344855600 57 41 57 41
1344853800 57 41 57 41
1344852000 57 41 57 41
1344850200 57 41 57 41
1344848400 57 41 57 41
1344846600 57 41 57 41
1344844800 57 41 57 41
1344843000 57 41 57 41
1344841200 57 41 57 41
1344839400 57 41 57 41
1344837600 57 41 57 41
1344835800 57 41 57 41
1344834000 57 41 57 41
1344832200 57 41 57 41
1344830400 57 41 57 41
1344828600 57 41 57 41
1344826800 57 41 57 41
1344825000 57 41 57 41
1344823200 57 41 57 41
1344821400 57 41 57 41
1344819600 57 41 57 41
1344817800 57 41 57 41
1344816000 57 41 57 41
1344814200 57 41 57 41
1344812400 57 41 57 41
1344810600 57 41 57 41
1344808800 57 41 57 41
1344807000 57 41 57 41
1344805200 57 41 57 41
1344803400 57 41 57 41
1344801600 57 41 57 41
1344799800 57 41 57 41
1344798000 57 41 57 41
1344796200 57 41 57 41
1344794400 57 41 57 41
1344792600 57 41 57 41
1344790800 57 41 57 41
1344789000 57 41 57 41
1344787200 57 41 57 41
1344785400 57 41 57 41
1344783600 57 41 57 41
1344781800 57 41 57 41
1344780000 57 41 57 41
1344778200 57 41 57 41
1344776400 57 41 57 41
1344774600 57 41 57 41
1344772800 57 41 57 41
1344771000 57 41 57 41
1344769200 57 41 57 41
1344767400 57 41 57 41
1344765600 57 41 57 41
1344763800 57 41 57 41
1344762000 57 41 57 41
1344760200 57 41 57 41
1344758400 57 41 57 41
1344756600 57 41 57 41
1344754800 57 41 57 41
1344753000 57 41 57 41
1344751200 57 41 57 41
1344749400 57 41 57 41
1344747600 57 41 57 41
1344745800 57 41 57 41
1344744000 57 41 57 41
1344742200 57 41 57 41
1344740400 57 41 57 41
1344738600 57 41 57 41
1344736800 57 41 57 41
1344735000 57 41 57 41
1344733200 57 41 57 41
1344731400 57 41 57 41
1344729600 57 41 57 41
1344727800 57 41 57 41
1344726000 57 41 57 41
1344724200 57 41 57 41
1344722400 57 41 57 41
1344720600 57 41 57 41
1344718800 57 41 57 41
1344717000 57 41 57 41
1344715200 57 41 57 41
1344713400 57 41 57 41
1344711600 57 41 57 41
1344709800 57 41 57 41
1344708000 57 41 57 41
1344706200 57 41 57 41
1344704400 57 41 57 41
1344702600 57 41 57 41
1344700800 57 41 57 41
1344699000 57 41 57 41
1344697200 57 41 57 41
1344695400 57 41 57 41
1344693600 57 41 57 41
1344691800 57 41 57 41
1344690000 57 41 57 41
1344688200 57 41 57 41
1344686400 57 41 57 41
1344684600 57 41 57 41
1344682800 57 41 57 41
1344681000 57 41 57 41
1344679200 57 41 57 41
1344677400 57 41 57 41
1344675600 57 41 57 41
1344673800 57 41 57 41
1344672000 57 41 57 41
1344670200 57 41 57 41
1344668400 57 41 57 41
1344666600 57 41 57 41
1344664800 57 41 57 41
1344663000 57 41 57 41
1344661200 57 41 57 41
1344659400 57 41 57 41
1344657600 57 41 57 41
1344655800 57 41 57 41
1344654000 57 41 57 41
1344652200 57 41 57 41
1344650400 57 41 57 41
1344648600 57 41 57 41
1344646800 57 41 57 41
1344645000 57 41 57 41
1344643200 57 41 57 41
1344641400 57 41 57 41
1344639600 57 41 57 41
1344637800 57 41 57 41
1344636000 57 41 57 41
1344634200 57 41 57 41
1344632400 57 41 57 41
1344630600 57 41 57 41
1344628800 57 41 57 41
1344627000 57 41 57 41
1344625200 57 41 57 41
1344623400 57 41 57 41
1344621600 57 41 57 41
1344619800 57 41 57 41
1344618000 57 41 57 41
1344616200 57 41 57 41
1344614400 57 41 57 41
1344612600 57 41 57 41
1344610800 57 41 57 41
1344609000 57 41 57 41
1344607200 57 41 57 41
1344605400 57 41 57 41
1344603600 57 41 57 41
1344601800 57 41 57 41
1344600000 57 41 57 41
1344598200 57 41 57 41
1344596400 57 41 57 41
1344594600 57 41 57 41
1344592800 57 41 57 41
1344591000 57 41 57 41
1344589200 57 41 57 41
1344587400 57 41 57 41
1344585600 57 41 57 41
1344583800 57 41 57 41
1344582000 57 41 57 41
1344580200 57 41 57 41
1344578400 57 41 57 41
1344576600 57 41 57 41
1344574800 57 41 57 41
1344573000 57 41 57 41
1344571200 57 41 57 41
1344569400 57 41 57 41
1344567600 57 41 57 41
1344565800 57 41 57 41
1344564000 57 41 57 41
1344562200 57 41 57 41
1344560400 57 41 57 41
1344558600 57 41 57 41
1344556800 57 41 57 41
1344555000 57 41 57 41
1344553200 57 41 57 41
1344551400 57 41 57 41
1344549600 57 41 57 41
1344547800 57 41 57 41
1344546000 57 41 57 41
1344544200 57 41 57 41
1344542400 57 41 57 41
1344540600 57 41 57 41
1344538800 57 41 57 41
1344537000 57 41 57 41
1344535200 57 41 57 41
1344533400 57 41 57 41
1344531600 57 41 57 41
1344529800 57 41 57 41
1344528000 57 41 57 41
1344526200 57 41 57 41
1344524400 57 41 57 41
1344522600 57 41 57 41
1344520800 57 41 57 41
1344519000 57 41 57 41
1344517200 57 41 57 41
1344515400 57 41 57 41
1344513600 57 41 57 41
1344511800 57 41 57 41
1344510000 57 41 57 41
1344508200 57 41 57 41
1344506400 57 41 57 41
1344504600 57 41 57 41
1344502800 57 41 57 41
1344501000 57 41 57 41
1344499200 57 41 57 41
1344497400 57 41 57 41
1344495600 57 41 57 41
1344493800 57 41 57 41
1344492000 57 41 57 41
1344490200 57 41 57 41
1344488400 57 41 57 41
1344486600 57 41 57 41
1344484800 57 41 57 41
1344483000 57 41 57 41
1344481200 57 41 57 41
1344479400 57 41 57 41
1344477600 57 41 57 41
1344475800 57 41 57 41
1344474000 57 41 57 41
1344472200 57 41 57 41
1344470400 57 41 57 41
1344468600 57 41 57 41
1344466800 57 41 57 41
1344465000 57 41 57 41
1344463200 57 41 57 41
1344461400 57 41 57 41
1344459600 57 41 57 41
1344457800 57 41 57 41
1344456000 57 41 57 41
1344454200 57 41 57 41
1344452400 57 41 57 41
1344450600 57 41 57 41
1344448800 57 41 57 41
1344447000 57 41 57 41
1344445200 57 41 57 41
1344443400 57 41 57 41
1344441600 57 41 57 41
1344439800 57 41 57 41
1344438000 57 41 57 41
1344436200 57 41 57 41
1344434400 57 41 57 41
1344432600 57 41 57 41
1344430800 57 41 57 41
1344429000 57 41 57 41
1344427200 57 41 57 41
1344425400 57 41 57 41
1344423600 57 41 57 41
1344421800 57 41 57 41
1344420000 57 41 57 41
1344418200 57 41 57 41
1344416400 57 41 57 41
1344414600 57 41 57 41
1344412800 57 41 57 41
1344411000 57 41 57 41
1344409200 57 41 57 41
1344407400 57 41 57 41
1344405600 57 41 57 41
1344403800 57 41 57 41
1344402000 57 41 57 41
1344400200 57 41 57 41
1344398400 57 41 57 41
1344396600 57 41 57 41
1344394800 57 41 57 41
1344393000 57 41 57 41
1344391200 57 41 57 41
1344389400 57 41 57 41
1344387600 57 41 57 41
1344385800 57 41 57 41
1344384000 57 41 57 41
1344382200 57 41 57 41
1344380400 57 41 57 41
1344378600 57 41 57 41
1344376800 57 41 57 41
1344375000 57 41 57 41
1344373200 57 41 57 41
1344371400 57 41 57 41
1344369600 57 41 57 41
1344367800 57 41 57 41
1344366000 57 41 57 41
1344364200 57 41 57 41
1344362400 57 41 57 41
1344360600 57 41 57 41
1344358800 57 41 57 41
1344357000 57 41 57 41
1344355200 57 41 57 41
1344353400 57 41 57 41
1344351600 57 41 57 41
1344349800 57 41 57 41
1344348000 57 41 57 41
1344346200 57 41 57 41
1344344400 57 41 57 41
1344342600 57 41 57 41
1344340800 57 41 57 41
1344339000 57 41 57 41
1344337200 57 41 57 41
1344335400 57 41 57 41
1344333600 57 41 57 41
1344331800 57 41 57 41
1344330000 57 41 57 41
1344328200 57 41 57 41
1344326400 57 41 57 41
1344324600 57 41 57 41
1344322800 57 41 57 41
1344321000 57 41 57 41
1344319200 57 41 57 41
1344317400 57 41 57 41
1344315600 57 41 57 41
1344313800 57 41 57 41
1344312000 57 41 57 41
1344310200 57 41 57 41
1344308400 57 41 57 41
1344306600 57 41 57 41
1344304800 57 41 57 41
1344303000 57 41 57 41
1344301200 57 41 57 41
1344299400 57 41 57 41
1344297600 57 41 57 41
1344295800 57 41 57 41
1344294000 57 41 57 41
1344292200 57 41 57 41
1344290400 57 41 57 41
1344288600 57 41 57 41
1344286800 57 41 57 41
1344285000 57 41 57 41
1344283200 57 41 57 41
1344281400 57 41 57 41
1344279600 57 41 57 41
1344277800 57 41 57 41
1344276000 57 41 57 41
1344274200 57 41 57 41
1344272400 57 41 57 41
1344270600 57 41 57 41
1344268800 57 41 57 41
1344267000 57 41 57 41
1344265200 57 41 57 41
1344263400 57 41 57 41
1344261600 57 41 57 41
1344259800 57 41 57 41
1344258000 57 41 57 41
1344256200 57 41 57 41
1344254400 57 41 57 41
1344252600 57 41 57 41
1344250800 57 41 57 41
1344249000 57 41 57 41
1344247200 57 41 57 41
1344245400 57 41 57 41
1344243600 57 41 57 41
1344241800 57 41 57 41
1344240000 57 41 57 41
1344238200 57 41 57 41
1344236400 57 41 57 41
1344234600 57 41 57 41
1344232800 57 41 57 41
1344231000 57 41 57 41
1344229200 57 41 57 41
1344227400 57 41 57 41
1344225600 57 41 57 41
1344223800 57 41 57 41
1344222000 57 41 57 41
1344220200 57 41 57 41
1344218400 57 41 57 41
1344216600 57 41 57 41
1344214800 57 41 57 41
1344213000 57 41 57 41
1344211200 57 41 57 41
1344209400 57 41 57 41
1344207600 57 41 57 41
1344205800 57 41 57 41
1344204000 57 41 57 41
1344202200 57 41 57 41
1344200400 57 41 57 41
1344198600 57 41 57 41
1344196800 57 41 57 41
1344195000 57 41 57 41
1344193200 57 41 57 41
1344191400 57 41 57 41
1344189600 57 41 57 41
1344187800 57 41 57 41
1344186000 57 41 57 41
1344184200 57 41 57 41
1344182400 57 41 57 41
1344180600 57 41 57 41
1344178800 57 41 57 41
1344177000 57 41 57 41
1344175200 57 41 57 41
1344173400 57 41 57 41
1344171600 57 41 57 41
1344169800 57 41 57 41
1344168000 57 41 57 41
1344166200 57 41 57 41
1344164400 57 41 57 41
1344162600 57 41 57 41
1344160800 57 41 57 41
1344159000 57 41 57 41
1344157200 57 41 57 41
1344155400 57 41 57 41
1344153600 57 41 57 41
1344151800 57 41 57 41
1344150000 57 41 57 41
1344148200 57 41 57 41
1344146400 57 41 57 41
1344144600 57 41 57 41
1344142800 57 41 57 41
1344141000 57 41 57 41
1344139200 57 41 57 41
1344137400 57 41 57 41
1344135600 57 41 57 41
1344133800 57 41 57 41
1344132000 57 41 57 41
1344130200 57 41 57 41
1344128400 57 41 57 41
1344126600 57 41 57 41
1344124800 57 41 57 41
1344123000 57 41 57 41
1344121200 57 41 57 41
1344119400 57 41 57 41
1344117600 57 41 57 41
1344115800 57 41 57 41
1344114000 57 41 57 41
1344112200 57 41 57 41
1344110400 57 41 57 41
1344108600 57 41 57 41
1344106800 57 41 57 41
1344105000 57 41 57 41
1344103200 57 41 57 41
1344101400 57 41 57 41
1344099600 57 41 57 41
1344097800 57 41 57 41
1344096000 57 41 57 41
1344094200 57 41 57 41
1344092400 57 41 57 41
1344090600 57 41 57 41
1344088800 57 41 57 41
1344087000 57 41 57 41
1344085200 57 41 57 41
1344083400 57 41 57 41
1344081600 57 41 57 41
1344079800 57 41 57 41
1344078000 57 41 57 41
1344076200 57 41 57 41
1344074400 57 41 57 41
1344072600 57 41 57 41
1344070800 57 41 57 41
1344069000 57 41 57 41
1344067200 57 41 57 41
1344065400 57 41 57 41
1344063600 57 41 57 41
1344061800 57 41 57 41
1344060000 57 41 57 41
1344058200 57 41 57 41
1344056400 57 41 57 41
1344054600 57 41 57 41
1344052800 57 41 57 41
1344051000 57 41 57 41
1344049200 57 41 57 41
1344047400 57 41 57 41
1344045600 57 41 57 41
1344043800 57 41 57 41
1344042000 57 41 57 41
1344040200 57 41 57 41
1344038400 57 41 57 41
1344036600 57 41 57 41
1344034800 57 41 57 41
1344033000 57 41 57 41
1344031200 57 41 57 41
1344029400 57 41 57 41
1344027600 57 41 57 41
1344025800 57 41 57 41
1344024000 57 41 57 41
1344022200 57 41 57 41
1344020400 57 41 57 41
1344018600 57 41 57 41
1344016800 57 41 57 41
1344015000 57 41 57 41
1344013200 57 41 57 41
1344011400 57 41 57 41
1344009600 57 41 57 41
1344007800 57 41 57 41
1344006000 57 41 57 41
1344004200 57 41 57 41
1344002400 57 41 57 41
1344000600 57 41 57 41
1343998800 57 41 57 41
1343997000 57 41 57 41
1343995200 57 41 57 41
1343993400 57 41 57 41
1343991600 57 41 57 41
1343989800 57 41 57 41
1343988000 57 41 57 41
1343986200 57 41 57 41
1343984400 57 41 57 41
1343982600 57 41 57 41
1343980800 57 41 57 41
1343979000 57 41 57 41
1343977200 57 41 57 41
1343975400 57 41 57 41
1343973600 57 41 57 41
1343971800 57 41 57 41
1343970000 57 41 57 41
1343968200 57 41 57 41
1343966400 57 41 57 41
1343964600 57 41 57 41
1343962800 57 41 57 41
1343961000 57 41 57 41
1343959200 57 41 57 41
1343957400 57 41 57 41
1343955600 57 41 57 41
1343953800 57 41 57 41
1343952000 57 41 57 41
1343950200 57 41 57 41
1343948400 57 41 57 41
1343944800 57 41 57 41
1343937600 57 41 57 41
1343930400 57 41 57 41
1343923200 57 41 57 41
1343916000 57 41 57 41
1343908800 57 41 57 41
1343901600 57 41 57 41
1343894400 57 41 57 41
1343887200 57 41 57 41
1343880000 57 41 57 41
1343872800 57 41 57 41
1343865600 57 41 57 41
1343858400 57 41 57 41
1343851200 57 41 57 41
1343844000 57 41 57 41
1343836800 57 41 57 41
1343829600 57 41 57 41
1343822400 57 41 57 41
1343815200 57 41 57 41
1343808000 57 41 57 41
1343800800 57 41 57 41
1343793600 57 41 57 41
1343786400 57 41 57 41
1343779200 57 41 57 41
1343772000 57 41 57 41
1343764800 57 41 57 41
1343757600 57 41 57 41
1343750400 57 41 57 41
1343743200 57 41 57 41
1343736000 57 41 57 41
1343728800 57 41 57 41
1343721600 57 41 57 41
1343714400 57 41 57 41
1343707200 57 41 57 41
1343700000 57 41 57 41
1343692800 57 41 57 41
1343685600 57 41 57 41
1343678400 57 41 57 41
1343671200 57 41 57 41
1343664000 57 41 57 41
1343656800 57 41 57 41
1343649600 57 41 57 41
1343642400 57 41 57 41
1343635200 57 41 57 41
1343628000 57 41 57 41
1343620800 57 41 57 41
1343613600 57 41 57 41
1343606400 57 41 57 41
1343599200 57 41 57 41
1343592000 57 41 57 41
1343584800 57 41 57 41
1343577600 57 41 57 41
1343570400 57 41 57 41
1343563200 57 41 57 41
1343556000 57 41 57 41
1343548800 57 41 57 41
1343541600 57 41 57 41
1343534400 57 41 57 41
1343527200 57 41 57 41
1343520000 57 41 57 41
1343512800 57 41 57 41
1343505600 57 41 57 41
1343498400 57 41 57 41
1343491200 57 41 57 41
1343484000 57 41 57 41
1343476800 57 41 57 41
1343469600 57 41 57 41
1343462400 57 41 57 41
1343455200 57 41 57 41
1343448000 57 41 57 41
1343440800 57 41 57 41
1343433600 57 41 57 41
1343426400 57 41 57 41
1343419200 57 41 57 41
1343412000 57 41 57 41
1343404800 57 41 57 41
1343397600 57 41 57 41
1343390400 57 41 57 41
1343383200 57 41 57 41
1343376000 57 41 57 41
1343368800 57 41 57 41
1343361600 57 41 57 41
1343354400 57 41 57 41
1343347200 57 41 57 41
1343340000 57 41 57 41
1343332800 57 41 57 41
1343325600 57 41 57 41
1343318400 57 41 57 41
1343311200 57 41 57 41
1343304000 57 41 57 41
1343296800 57 41 57 41
1343289600 57 41 57 41
1343282400 57 41 57 41
1343275200 57 41 57 41
1343268000 57 41 57 41
1343260800 57 41 57 41
1343253600 57 41 57 41
1343246400 57 41 57 41
1343239200 57 41 57 41
1343232000 57 41 57 41
1343224800 57 41 57 41
1343217600 57 41 57 41
1343210400 57 41 57 41
1343203200 57 41 57 41
1343196000 57 41 57 41
1343188800 57 41 57 41
1343181600 57 41 57 41
1343174400 57 41 57 41
1343167200 57 41 57 41
1343160000 57 41 57 41
1343152800 57 41 57 41
1343145600 57 41 57 41
1343138400 57 41 57 41
1343131200 57 41 57 41
1343124000 57 41 57 41
1343116800 57 41 57 41
1343109600 57 41 57 41
1343102400 57 41 57 41
1343095200 57 41 57 41
1343088000 57 41 57 41
1343080800 57 41 57 41
1343073600 57 41 57 41
1343066400 57 41 57 41
1343059200 57 41 57 41
1343052000 57 41 57 41
1343044800 57 41 57 41
1343037600 57 41 57 41
1343030400 57 41 57 41
1343023200 57 41 57 41
1343016000 57 41 57 41
1343008800 57 41 57 41
1343001600 57 41 57 41
1342994400 57 41 57 41
1342987200 57 41 57 41
1342980000 57 41 57 41
1342972800 57 41 57 41
1342965600 57 41 57 41
1342958400 57 41 57 41
1342951200 57 41 57 41
1342944000 57 41 57 41
1342936800 57 41 57 41
1342929600 57 41 57 41
1342922400 57 41 57 41
1342915200 57 41 57 41
1342908000 57 41 57 41
1342900800 57 41 57 41
1342893600 57 41 57 41
1342886400 57 41 57 41
1342879200 57 41 57 41
1342872000 57 41 57 41
1342864800 57 41 57 41
1342857600 57 41 57 41
1342850400 57 41 57 41
1342843200 57 41 57 41
1342836000 57 41 57 41
1342828800 57 41 57 41
1342821600 57 41 57 41
1342814400 57 41 57 41
1342807200 57 41 57 41
1342800000 57 41 57 41
1342792800 57 41 57 41
1342785600 57 41 57 41
1342778400 57 41 57 41
1342771200 57 41 57 41
1342764000 57 41 57 41
1342756800 57 41 57 41
1342749600 57 41 57 41
1342742400 57 41 57 41
1342735200 57 41 57 41
1342728000 57 41 57 41
1342720800 57 41 57 41
1342713600 57 41 57 41
1342706400 57 41 57 41
1342699200 57 41 57 41
1342692000 57 41 57 41
1342684800 57 41 57 41
1342677600 57 41 57 41
1342670400 57 41 57 41
1342663200 57 41 57 41
1342656000 57 41 57 41
1342648800 57 41 57 41
1342641600 57 41 57 41
1342634400 57 41 57 41
1342627200 57 41 57 41
1342620000 57 41 57 41
1342612800 57 41 57 41
1342605600 57 41 57 41
1342598400 57 41 57 41
1342591200 57 41 57 41
1342584000 57 41 57 41
1342576800 57 41 57 41
1342569600 57 41 57 41
1342562400 57 41 57 41
1342555200 57 41 57 41
1342548000 57 41 57 41
1342540800 57 41 57 41
1342533600 57 41 57 41
1342526400 57 41 57 41
1342519200 57 41 57 41
1342512000 57 41 57 41
1342504800 57 41 57 41
1342497600 57 41 57 41
1342490400 57 41 57 41
1342483200 57 41 57 41
1342476000 57 41 57 41
1342468800 57 41 57 41
1342461600 57 41 57 41
1342454400 57 41 57 41
1342447200 57 41 57 41
1342440000 57 41 57 41
1342432800 57 41 57 41
1342425600 57 41 57 41
1342418400 57 41 57 41
1342411200 57 41 57 41
1342404000 57 41 57 41
1342396800 57 41 57 41
1342389600 57 41 57 41
1342382400 57 41 57 41
1342375200 57 41 57 41
1342368000 57 41 57 41
1342360800 57 41 57 41
1342353600 57 41 57 41
1342346400 57 41 57 41
1342339200 57 41 57 41
1342332000 57 41 57 41
1342324800 57 41 57 41
1342317600 57 41 57 41
1342310400 57 41 57 41
1342303200 57 41 57 41
1342296000 57 41 57 41
1342288800 57 41 57 41
1342281600 57 41 57 41
1342274400 57 41 57 41
1342267200 57 41 57 41
1342260000 57 41 57 41
1342252800 57 41 57 41
1342245600 57 41 57 41
1342238400 57 41 57 41
1342231200 57 41 57 41
1342224000 57 41 57 41
1342216800 57 41 57 41
1342209600 57 41 57 41
1342202400 57 41 57 41
1342195200 57 41 57 41
1342188000 57 41 57 41
1342180800 57 41 57 41
1342173600 57 41 57 41
1342166400 57 41 57 41
1342159200 57 41 57 41
1342152000 57 41 57 41
1342144800 57 41 57 41
1342137600 57 41 57 41
1342130400 57 41 57 41
1342123200 57 41 57 41
1342116000 57 41 57 41
1342108800 57 41 57 41
1342101600 57 41 57 41
1342094400 57 41 57 41
1342087200 57 41 57 41
1342080000 57 41 57 41
1342072800 57 41 57 41
1342065600 57 41 57 41
1342058400 57 41 57 41
1342051200 57 41 57 41
1342044000 57 41 57 41
1342036800 57 41 57 41
1342029600 57 41 57 41
1342022400 57 41 57 41
1342015200 57 41 57 41
1342008000 57 41 57 41
1342000800 57 41 57 41
1341993600 57 41 57 41
1341986400 57 41 57 41
1341979200 57 41 57 41
1341972000 57 41 57 41
1341964800 57 41 57 41
1341957600 57 41 57 41
1341950400 57 41 57 41
1341943200 57 41 57 41
1341936000 57 41 57 41
1341928800 57 41 57 41
1341921600 57 41 57 41
1341914400 57 41 57 41
1341907200 57 41 57 41
1341900000 57 41 57 41
1341892800 57 41 57 41
1341885600 57 41 57 41
1341878400 57 41 57 41
1341871200 57 41 57 41
1341864000 57 41 57 41
1341856800 57 41 57 41
1341849600 57 41 57 41
1341842400 57 41 57 41
1341835200 57 41 57 41
1341828000 57 41 57 41
1341820800 57 41 57 41
1341813600 57 41 57 41
1341806400 57 41 57 41
1341799200 57 41 57 41
1341792000 57 41 57 41
1341784800 57 41 57 41
1341777600 57 41 57 41
1341770400 57 41 57 41
1341763200 57 41 57 41
1341756000 57 41 57 41
1341748800 57 41 57 41
1341741600 57 41 57 41
1341734400 57 41 57 41
1341727200 57 41 57 41
1341720000 57 41 57 41
1341712800 57 41 57 41
1341705600 57 41 57 41
1341698400 57 41 57 41
1341691200 57 41 57 41
1341684000 57 41 57 41
1341676800 57 41 57 41
1341669600 57 41 57 41
1341662400 57 41 57 41
1341655200 57 41 57 41
1341648000 57 41 57 41
1341640800 57 41 57 41
1341633600 57 41 57 41
1341626400 57 41 57 41
1341619200 57 41 57 41
1341612000 57 41 57 41
1341604800 57 41 57 41
1341597600 57 41 57 41
1341590400 57 41 57 41
1341583200 57 41 57 41
1341576000 57 41 57 41
1341568800 57 41 57 41
1341561600 57 41 57 41
1341554400 57 41 57 41
1341547200 57 41 57 41
1341540000 57 41 57 41
1341532800 57 41 57 41
1341525600 57 41 57 41
1341518400 57 41 57 41
1341511200 57 41 57 41
1341504000 57 41 57 41
1341496800 57 41 57 41
1341489600 57 41 57 41
1341482400 57 41 57 41
1341475200 57 41 57 41
1341468000 57 41 57 41
1341460800 57 41 57 41
1341453600 57 41 57 41
1341446400 57 41 57 41
1341439200 57 41 57 41
1341432000 57 41 57 41
1341424800 57 41 57 41
1341417600 57 41 57 41
1341410400 57 41 57 41
1341403200 57 41 57 41
1341396000 57 41 57 41
1341388800 57 41 57 41
1341381600 57 41 57 41
1341374400 57 41 57 41
1341367200 57 41 57 41
1341360000 57 41 57 41
1341352800 57 41 57 41
1341345600 57 41 57 41
1341338400 57 41 57 41
1341331200 57 41 57 41
1341324000 57 41 57 41
1341316800 57 41 57 41
1341309600 57 41 57 41
1341302400 57 41 57 41
1341295200 57 41 57 41
1341288000 57 41 57 41
1341280800 57 41 57 41
1341273600 57 41 57 41
1341266400 57 41 57 41
1341259200 57 41 57 41
1341252000 57 41 57 41
1341244800 57 41 57 41
1341237600 57 41 57 41
1341230400 57 41 57 41
1341223200 57 41 57 41
1341216000 57 41 57 41
1341208800 57 41 57 41
1341201600 57 41 57 41
1341194400 57 41 57 41
1341187200 57 41 57 41
1341180000 57 41 57 41
1341172800 57 41 57 41
1341165600 57 41 57 41
1341158400 57 41 57 41
1341151200 57 41 57 41
1341144000 57 41 57 41
1341136800 57 41 57 41
1341129600 57 41 57 41
1341122400 57 41 57 41
1341115200 57 41 57 41
1341108000 57 41 57 41
1341100800 57 41 57 41
1341093600 57 41 57 41
1341086400 57 41 57 41
1341079200 57 41 57 41
1341072000 57 41 57 41
1341064800 57 41 57 41
1341057600 57 41 57 41
1341050400 57 41 57 41
1341043200 57 41 57 41
1341036000 57 41 57 41
1341028800 57 41 57 41
1341021600 57 41 57 41
1341014400 57 41 57 41
1341007200 57 41 57 41
1341000000 57 41 57 41
1340992800 57 41 57 41
1340985600 57 41 57 41
1340978400 57 41 57 41
1340971200 57 41 57 41
1340964000 57 41 57 41
1340956800 57 41 57 41
1340949600 57 41 57 41
1340942400 57 41 57 41
1340935200 57 41 57 41
1340928000 57 41 57 41
1340920800 57 41 57 41
1340913600 57 41 57 41
1340906400 57 41 57 41
1340899200 57 41 57 41
1340892000 57 41 57 41
1340884800 57 41 57 41
1340877600 57 41 57 41
1340870400 57 41 57 41
1340863200 57 41 57 41
1340856000 57 41 57 41
1340848800 57 41 57 41
1340841600 57 41 57 41
1340834400 57 41 57 41
1340827200 57 41 57 41
1340820000 57 41 57 41
1340812800 57 41 57 41
1340805600 57 41 57 41
1340798400 57 41 57 41
1340791200 57 41 57 41
1340784000 57 41 57 41
1340776800 57 41 57 41
1340769600 57 41 57 41
1340762400 57 41 57 41
1340755200 57 41 57 41
1340748000 57 41 57 41
1340740800 57 41 57 41
1340733600 57 41 57 41
1340726400 57 41 57 41
1340719200 57 41 57 41
1340712000 57 41 57 41
1340704800 57 41 57 41
1340697600 57 41 57 41
1340690400 57 41 57 41
1340683200 57 41 57 41
1340676000 57 41 57 41
1340668800 57 41 57 41
1340661600 57 41 57 41
1340654400 57 41 57 41
1340647200 57 41 57 41
1340640000 57 41 57 41
1340632800 57 41 57 41
1340625600 57 41 57 41
1340618400 57 41 57 41
1340611200 57 41 57 41
1340604000 57 41 57 41
1340596800 57 41 57 41
1340589600 57 41 57 41
1340582400 57 41 57 41
1340575200 57 41 57 41
1340568000 57 41 57 41
1340560800 57 41 57 41
1340553600 57 41 57 41
1340546400 57 41 57 41
1340539200 57 41 57 41
1340532000 57 41 57 41
1340524800 57 41 57 41
1340517600 57 41 57 41
1340510400 57 41 57 41
1340503200 57 41 57 41
1340496000 57 41 57 41
1340488800 57 41 57 41
1340481600 57 41 57 41
1340474400 57 41 57 41
1340467200 57 41 57 41
1340460000 57 41 57 41
1340452800 57 41 57 41
1340445600 57 41 57 41
1340438400 57 41 57 41
1340431200 57 41 57 41
1340424000 57 41 57 41
1340416800 57 41 57 41
1340409600 57 41 57 41
1340402400 57 41 57 41
1340395200 57 41 57 41
1340388000 57 41 57 41
1340380800 57 41 57 41
1340373600 57 41 57 41
1340366400 57 41 57 41
1340359200 57 41 57 41
1340352000 57 41 57 41
1340344800 57 41 57 41
1340337600 57 41 57 41
1340330400 57 41 57 41
1340323200 57 41 57 41
1340316000 57 41 57 41
1340308800 57 41 57 41
1340301600 57 41 57 41
1340294400 57 41 57 41
1340287200 57 41 57 41
1340280000 57 41 57 41
1340272800 57 41 57 41
1340265600 57 41 57 41
1340258400 57 41 57 41
1340251200 57 41 57 41
1340244000 57 41 57 41
1340236800 57 41 57 41
1340229600 57 41 57 41
1340222400 57 41 57 41
1340215200 57 41 57 41
1340208000 57 41 57 41
1340200800 57 41 57 41
1340193600 57 41 57 41
1340186400 57 41 57 41
1340179200 57 41 57 41
1340172000 57 41 57 41
1340164800 57 41 57 41
1340157600 57 41 57 41
1340150400 57 41 57 41
1340143200 57 41 57 41
1340136000 57 41 57 41
1340128800 57 41 57 41
1340121600 57 41 57 41
1340114400 57 41 57 41
1340107200 57 41 57 41
1340100000 57 41 57 41
1340092800 57 41 57 41
1340085600 57 41 57 41
1340078400 57 41 57 41
1340071200 57 41 57 41
1340064000 57 41 57 41
1340056800 57 41 57 41
1340049600 57 41 57 41
1340042400 57 41 57 41
1340035200 57 41 57 41
1340028000 57 41 57 41
1340020800 57 41 57 41
1340013600 57 41 57 41
1340006400 57 41 57 41
1339999200 57 41 57 41
1339992000 57 41 57 41
1339984800 57 41 57 41
1339977600 57 41 57 41
1339970400 57 41 57 41
1339963200 57 41 57 41
1339956000 57 41 57 41
1339948800 57 41 57 41
1339941600 57 41 57 41
1339934400 57 41 57 41
1339927200 57 41 57 41
1339920000 57 41 57 41
1339912800 57 41 57 41
1339905600 57 41 57 41
1339898400 57 41 57 41
1339891200 57 41 57 41
1339884000 57 41 57 41
1339876800 57 41 57 41
1339869600 57 41 57 41
1339862400 57 41 57 41
1339855200 57 41 57 41
1339848000 57 41 57 41
1339840800 57 41 57 41
1339833600 57 41 57 41
1339826400 57 41 57 41
1339819200 57 41 57 41
1339812000 57 41 57 41
1339804800 57 41 57 41
1339797600 57 41 57 41
1339790400 57 41 57 41
1339783200 57 41 57 41
1339776000 57 41 57 41
1339768800 57 41 57 41
1339761600 57 41 57 41
1339754400 57 41 57 41
1339747200 57 41 57 41
1339740000 57 41 57 41
1339732800 57 41 57 41
1339725600 57 41 57 41
1339718400 57 41 57 41
1339711200 57 41 57 41
1339704000 57 41 57 41
1339696800 57 41 57 41
1339689600 57 41 57 41
1339682400 57 41 57 41
1339675200 57 41 57 41
1339668000 57 41 57 41
1339660800 57 41 57 41
1339653600 57 41 57 41
1339646400 57 41 57 41
1339639200 57 41 57 41
1339632000 57 41 57 41
1339624800 57 41 57 41
1339545600 57 41 57 41
1339459200 57 41 57 41
1339372800 57 41 57 41
1339286400 57 41 57 41
1339200000 57 41 57 41
1339113600 57 41 57 41
1339027200 57 41 57 41
1338940800 57 41 57 41
1338854400 57 41 57 41
1338768000 57 41 57 41
1338681600 57 41 57 41
1338595200 57 41 57 41
1338508800 57 41 57 41
1338422400 57 41 57 41
1338336000 57 41 57 41
1338249600 57 41 57 41
1338163200 57 41 57 41
1338076800 57 41 57 41
1337990400 57 41 57 41
1337904000 57 41 57 41
1337817600 57 41 57 41
1337731200 57 41 57 41
1337644800 57 41 57 41
1337558400 57 41 57 41
1337472000 57 41 57 41
1337385600 57 41 57 41
1337299200 57 41 57 41
1337212800 57 41 57 41
1337126400 57 41 57 41
1337040000 57 41 57 41
1336953600 57 41 57 41
1336867200 57 41 57 41
1336780800 57 41 57 41
1336694400 57 41 57 41
1336608000 57 41 57 41
1336521600 57 41 57 41
1336435200 57 41 57 41
1336348800 57 41 57 41
1336262400 57 41 57 41
1336176000 57 41 57 41
1336089600 57 41 57 41
1336003200 57 41 57 41
1335916800 57 41 57 41
1335830400 57 41 57 41
1335744000 57 41 57 41
1335657600 57 41 57 41
1335571200 57 41 57 41
1335484800 57 41 57 41
1335398400 57 41 57 41
1335312000 57 41 57 41
1335225600 57 41 57 41
1335139200 57 41 57 41
1335052800 57 41 57 41
1334966400 57 41 57 41
1334880000 57 41 57 41
1334793600 57 41 57 41
1334707200 57 41 57 41
1334620800 57 41 57 41
1334534400 57 41 57 41
1334448000 57 41 57 41
1334361600 57 41 57 41
1334275200 57 41 57 41
1334188800 57 41 57 41
1334102400 57 41 57 41
1334016000 57 41 57 41
1333929600 57 41 57 41
1333843200 57 41 57 41
1333756800 57 41 57 41
1333670400 57 41 57 41
1333584000 57 41 57 41
1333497600 57 41 57 41
1333411200 57 41 57 41
1333324800 57 41 57 41
1333238400 57 41 57 41
1333152000 57 41 57 41
1333065600 57 41 57 41
1332979200 57 41 57 41
1332892800 57 41 57 41
1332806400 57 41 57 41
1332720000 57 41 57 41
1332633600 57 41 57 41
1332547200 57 41 57 41
1332460800 57 41 57 41
1332374400 57 41 57 41
1332288000 57 41 57 41
1332201600 57 41 57 41
1332115200 57 41 57 41
1332028800 57 41 57 41
1331942400 57 41 57 41
1331856000 57 41 57 41
1331769600 57 41 57 41
1331683200 57 41 57 41
1331596800 57 41 57 41
1331510400 57 41 57 41
1331424000 57 41 57 41
1331337600 57 41 57 41
1331251200 57 41 57 41
1331164800 57 41 57 41
1331078400 57 41 57 41
1330992000 57 41 57 41
1330905600 57 41 57 41
1330819200 57 41 57 41
1330732800 57 41 57 41
1330646400 57 41 57 41
1330560000 57 41 57 41
1330473600 57 41 57 41
1330387200 57 41 57 41
1330300800 57 41 57 41
1330214400 57 41 57 41
1330128000 57 41 57 41
1330041600 57 41 57 41
1329955200 57 41 57 41
1329868800 57 41 57 41
1329782400 57 41 57 41
1329696000 57 41 57 41
1329609600 57 41 57 41
1329523200 57 41 57 41
1329436800 57 41 57 41
1329350400 57 41 57 41
1329264000 57 41 57 41
1329177600 57 41 57 41
1329091200 57 41 57 41
1329004800 57 41 57 41
1328918400 57 41 57 41
1328832000 57 41 57 41
1328745600 57 41 57 41
1328659200 57 41 57 41
1328572800 57 41 57 41
1328486400 57 41 57 41
1328400000 57 41 57 41
1328313600 57 41 57 41
1328227200 57 41 57 41
1328140800 57 41 57 41
1328054400 57 41 57 41
1327968000 57 41 57 41
1327881600 57 41 57 41
1327795200 57 41 57 41
1327708800 57 41 57 41
1327622400 57 41 57 41
1327536000 57 41 57 41
1327449600 57 41 57 41
1327363200 57 41 57 41
1327276800 57 41 57 41
1327190400 57 41 57 41
1327104000 57 41 57 41
1327017600 57 41 57 41
1326931200 57 41 57 41
1326844800 57 41 57 41
1326758400 57 41 57 41
1326672000 57 41 57 41
1326585600 57 41 57 41
1326499200 57 41 57 41
1326412800 57 41 57 41
1326326400 57 41 57 41
1326240000 57 41 57 41
1326153600 57 41 57 41
1326067200 57 41 57 41
1325980800 57 41 57 41
1325894400 57 41 57 41
1325808000 57 41 57 41
1325721600 57 41 57 41
1325635200 57 41 57 41
1325548800 57 41 57 41
1325462400 57 41 57 41
1325376000 57 41 57 41
1325289600 57 41 57 41
1325203200 57 41 57 41
1325116800 57 41 57 41
1325030400 57 41 57 41
1324944000 57 41 57 41
1324857600 57 41 57 41
1324771200 57 41 57 41
1324684800 57 41 57 41
1324598400 57 41 57 41
1324512000 57 41 57 41
1324425600 57 41 57 41
1324339200 57 41 57 41
1324252800 57 41 57 41
1324166400 57 41 57 41
1324080000 57 41 57 41
1323993600 57 41 57 41
1323907200 57 41 57 41
1323820800 57 41 57 41
1323734400 57 41 57 41
1323648000 57 41 57 41
1323561600 57 41 57 41
1323475200 57 41 57 41
1323388800 57 41 57 41
1323302400 57 41 57 41
1323216000 57 41 57 41
1323129600 57 41 57 41
1323043200 57 41 57 41
1322956800 57 41 57 41
1322870400 57 41 57 41
1322784000 57 41 57 41
1322697600 57 41 57 41
1322611200 57 41 57 41
1322524800 57 41 57 41
1322438400 57 41 57 41
1322352000 57 41 57 41
1322265600 57 41 57 41
1322179200 57 41 57 41
1322092800 57 41 57 41
1322006400 57 41 57 41
1321920000 57 41 57 41
1321833600 57 41 57 41
1321747200 57 41 57 41
1321660800 57 41 57 41
1321574400 57 41 57 41
1321488000 57 41 57 41
1321401600 57 41 57 41
1321315200 57 41 57 41
1321228800 57 41 57 41
1321142400 57 41 57 41
1321056000 57 41 57 41
1320969600 57 41 57 41
1320883200 57 41 57 41
1320796800 57 41 57 41
1320710400 57 41 57 41
1320624000 57 41 57 41
1320537600 57 41 57 41
1320451200 57 41 57 41
1320364800 57 41 57 41
1320278400 57 41 57 41
1320192000 57 41 57 41
1320105600 57 41 57 41
1320019200 57 41 57 41
1319932800 57 41 57 41
1319846400 57 41 57 41
1319760000 57 41 57 41
1319673600 57 41 57 41
1319587200 57 41 57 41
1319500800 57 41 57 41
1319414400 57 41 57 41
1319328000 57 41 57 41
1319241600 57 41 57 41
1319155200 57 41 57 41
1319068800 57 41 57 41
1318982400 57 41 57 41
1318896000 57 41 57 41
1318809600 57 41 57 41
1318723200 57 41 57 41
1318636800 57 41 57 41
1318550400 57 41 57 41
1318464000 57 41 57 41
1318377600 57 41 57 41
1318291200 57 41 57 41
1318204800 57 41 57 41
1318118400 57 41 57 41
1318032000 57 41 57 41
1317945600 57 41 57 41
1317859200 57 41 57 41
1317772800 57 41 57 41
1317686400 57 41 57 41
1317600000 57 41 57 41
1317513600 57 41 57 41
1317427200 57 41 57 41
1317340800 57 41 57 41
1317254400 57 41 57 41
1317168000 57 41 57 41
1317081600 57 41 57 41
1316995200 57 41 57 41
1316908800 57 41 57 41
1316822400 57 41 57 41
1316736000 57 41 57 41
1316649600 57 41 57 41
1316563200 57 41 57 41
1316476800 57 41 57 41
1316390400 57 41 57 41
1316304000 57 41 57 41
1316217600 57 41 57 41
1316131200 57 41 57 41
1316044800 57 41 57 41
1315958400 57 41 57 41
1315872000 57 41 57 41
1315785600 57 41 57 41
1315699200 57 41 57 41
1315612800 57 41 57 41
1315526400 57 41 57 41
1315440000 57 41 57 41
1315353600 57 41 57 41
1315267200 57 41 57 41
1315180800 57 41 57 41
1315094400 57 41 57 41
1315008000 57 41 57 41
1314921600 57 41 57 41
1314835200 57 41 57 41
1314748800 57 41 57 41
1314662400 57 41 57 41
1314576000 57 41 57 41
1314489600 57 41 57 41
1314403200 57 41 57 41
1314316800 57 41 57 41
1314230400 57 41 57 41
1314144000 57 41 57 41
1314057600 57 41 57 41
1313971200 57 41 57 41
1313884800 57 41 57 41
1313798400 57 41 57 41
1313712000 57 41 57 41
1313625600 57 41 57 41
1313539200 57 41 57 41
1313452800 57 41 57 41
1313366400 57 41 57 41
1313280000 57 41 57 41
1313193600 57 41 57 41
1313107200 57 41 57 41
1313020800 57 41 57 41
1312934400 57 41 57 41
1312848000 57 41 57 41
1312761600 57 41 57 41
1312675200 57 41 57 41
1312588800 57 41 57 41
1312502400 57 41 57 41
1312416000 57 41 57 41
1312329600 57 41 57 41
1312243200 57 41 57 41
1312156800 57 41 57 41
1312070400 57 41 57 41
1311984000 57 41 57 41
1311897600 57 41 57 41
1311811200 57 41 57 41
1311724800 57 41 57 41
1311638400 57 41 57 41
1311552000 57 41 57 41
1311465600 57 41 57 41
1311379200 57 41 57 41
1311292800 57 41 57 41
1311206400 57 41 57 41
1311120000 57 41 57 41
1311033600 57 41 57 41
1310947200 57 41 57 41
1310860800 57 41 57 41
1310774400 57 41 57 41
1310688000 57 41 57 41
1310601600 57 41 57 41
1310515200 57 41 57 41
1310428800 57 41 57 41
1310342400 57 41 57 41
1310256000 57 41 57 41
1310169600 57 41 57 41
1310083200 57 41 57 41
1309996800 57 41 57 41
1309910400 57 41 57 41
1309824000 57 41 57 41
1309737600 57 41 57 41
1309651200 57 41 57 41
1309564800 57 41 57 41
1309478400 57 41 57 41
1309392000 57 41 57 41
1309305600 57 41 57 41
1309219200 57 41 57 41
1309132800 57 41 57 41
1309046400 57 41 57 41
1308960000 57 41 57 41
1308873600 57 41 57 41
1308787200 57 41 57 41
1308700800 57 41 57 41
1308614400 57 41 57 41
1308528000 57 41 57 41
1308441600 57 41 57 41
1308355200 57 41 57 41
1308268800 57 41 57 41
1308182400 57 41 57 41
1308096000 57 41 57 41
1308009600 57 41 57 41
1307923200 57 41 57 41
1307836800 57 41 57 41
1307750400 57 41 57 41
1307664000 57 41 57 41
1307577600 57 41 57 41
1307491200 57 41 57 41
1307404800 57 41 57 41
1307318400 57 41 57 41
1307232000 57 41 57 41
1307145600 57 41 57 41
1307059200 57 41 57 41
1306972800 57 41 57 41
1306886400 57 41 57 41
1306800000 57 41 57 41
1306713600 57 41 57 41
1306627200 57 41 57 41
1306540800 57 41 57 41
1306454400 57 41 57 41
1306368000 57 41 57 41
1306281600 57 41 57 41
1306195200 57 41 57 41
1306108800 57 41 57 41
1306022400 57 41 57 41
1305936000 57 41 57 41
1305849600 57 41 57 41
1305763200 57 41 57 41
1305676800 57 41 57 41
1305590400 57 41 57 41
1305504000 57 41 57 41
1305417600 57 41 57 41
1305331200 57 41 57 41
1305244800 57 41 57 41
1305158400 57 41 57 41
1305072000 57 41 57 41
1304985600 57 41 57 41
1304899200 57 41 57 41
1304812800 57 41 57 41
1304726400 57 41 57 41
1304640000 57 41 57 41
1304553600 57 41 57 41
1304467200 57 41 57 41
1304380800 57 41 57 41
1304294400 57 41 57 41
1304208000 57 41 57 41
1304121600 57 41 57 41
1304035200 57 41 57 41
1303948800 57 41 57 41
1303862400 57 41 57 41
1303776000 57 41 57 41
1303689600 57 41 57 41
1303603200 57 41 57 41
1303516800 57 41 57 41
1303430400 57 41 57 41
1303344000 57 41 57 41
1303257600 57 41 57 41
1303171200 57 41 57 41
1303084800 57 41 57 41
1302998400 57 41 57 41
1302912000 57 41 57 41
1302825600 57 41 57 41
1302739200 57 41 57 41
1302652800 57 41 57 41
1302566400 57 41 57 41
1302480000 57 41 57 41
1302393600 57 41 57 41
1302307200 57 41 57 41
1302220800 57 41 57 41
1302134400 57 41 57 41
1302048000 57 41 57 41
1301961600 57 41 57 41
1301875200 57 41 57 41
1301788800 57 41 57 41
1301702400 57 41 57 41
1301616000 57 41 57 41
1301529600 57 41 57 41
1301443200 57 41 57 41
1301356800 57 41 57 41
1301270400 57 41 57 41
1301184000 57 41 57 41
1301097600 57 41 57 41
1301011200 57 41 57 41
1300924800 57 41 57 41
1300838400 57 41 57 41
1300752000 57 41 57 41
1300665600 57 41 57 41
1300579200 57 41 57 41
1300492800 57 41 57 41
1300406400 57 41 57 41
1300320000 57 41 57 41
1300233600 57 41 57 41
1300147200 57 41 57 41
1300060800 57 41 57 41
1299974400 57 41 57 41
1299888000 57 41 57 41
1299801600 57 41 57 41
1299715200 57 41 57 41
1299628800 57 41 57 41
1299542400 57 41 57 41
1299456000 57 41 57 41
1299369600 57 41 57 41
1299283200 57 41 57 41
1299196800 57 41 57 41
1299110400 57 41 57 41
1299024000 57 41 57 41
1298937600 57 41 57 41
1298851200 57 41 57 41
1298764800 57 41 57 41
1298678400 57 41 57 41
1298592000 57 41 57 41
1298505600 57 41 57 41
1298419200 57 41 57 41
1298332800 57 41 57 41
1298246400 57 41 57 41
1298160000 57 41 57 41
1298073600 57 41 57 41
1297987200 57 41 57 41
1297900800 57 41 57 41
1297814400 57 41 57 41
1297728000 57 41 57 41
1297641600 57 41 57 41
1297555200 57 41 57 41
1297468800 57 41 57 41
1297382400 57 41 57 41
1297296000 57 41 57 41
1297209600 57 41 57 41
1297123200 57 41 57 41
1297036800 57 41 57 41
1296950400 57 41 57 41
1296864000 57 41 57 41
1296777600 57 41 57 41
1296691200 57 41 57 41
1296604800 57 41 57 41
1296518400 57 41 57 41
1296432000 57 41 57 41
1296345600 57 41 57 41
1296259200 57 41 57 41
1296172800 57 41 57 41
1296086400 57 41 57 41
1296000000 57 41 57 41
1295913600 57 41 57 41
1295827200 57 41 57 41
1295740800 57 41 57 41
1295654400 57 41 57 41
1295568000 57 41 57 41
1295481600 57 41 57 41
1295395200 57 41 57 41
1295308800 57 41 57 41
1295222400 57 41 57 41
1295136000 57 41 57 41
1295049600 57 41 57 41
1294963200 57 41 57 41
1294876800 57 41 57 41
1294790400 57 41 57 41
1294704000 57 41 57 41
1294617600 57 41 57 41
1294531200 57 41 57 41
1294444800 57 41 57 41
1294358400 57 41 57 41
1294272000 57 41 57 41
1294185600 57 41 57 41
1294099200 57 41 57 41
1294012800 57 41 57 41
1293926400 57 41 57 41
1293840000 57 41 57 41
1293753600 57 41 57 41
1293667200 57 41 57 41
1293580800 57 41 57 41
1293494400 57 41 57 41
1293408000 57 41 57 41
1293321600 57 41 57 41
1293235200 57 41 57 41
1293148800 57 41 57 41
1293062400 57 41 57 41
1292976000 57 41 57 41
1292889600 57 41 57 41
1292803200 57 41 57 41
1292716800 57 41 57 41
1292630400 57 41 57 41
1292544000 57 41 57 41
1292457600 57 41 57 41
1292371200 57 41 57 41
1292284800 57 41 57 41
1292198400 57 41 57 41
1292112000 57 41 57 41
1292025600 57 41 57 41
1291939200 57 41 57 41
1291852800 57 41 57 41
1291766400 57 41 57 41
1291680000 57 41 57 41
1291593600 57 41 57 41
1291507200 57 41 57 41
1291420800 57 41 57 41
1291334400 57 41 57 41
1291248000 57 41 57 41
1291161600 57 41 57 41
1291075200 57 41 57 41
1290988800 57 41 57 41
1290902400 57 41 57 41
1290816000 57 41 57 41
1290729600 57 41 57 41
1290643200 57 41 57 41
1290556800 57 41 57 41
1290470400 57 41 57 41
1290384000 57 41 57 41
1290297600 57 41 57 41
1290211200 57 41 57 41
1290124800 57 41 57 41
1290038400 57 41 57 41
1289952000 57 41 57 41
1289865600 57 41 57 41
1289779200 57 41 57 41
1289692800 57 41 57 41
1289606400 57 41 57 41
1289520000 57 41 57 41
1289433600 57 41 57 41
1289347200 57 41 57 41
1289260800 57 41 57 41
1289174400 57 41 57 41
1289088000 57 41 57 41
1289001600 57 41 57 41
1288915200 57 41 57 41
1288828800 57 41 57 41
1288742400 57 41 57 41
1288656000 57 41 57 41
1288569600 57 41 57 41
1288483200 57 41 57 41
1288396800 57 41 57 41
1288310400 57 41 57 41
1288224000 57 41 57 41
1288137600 57 41 57 41
1288051200 57 41 57 41
1287964800 57 41 57 41
1287878400 57 41 57 41
1287792000 57 41 57 41
1287705600 57 41 57 41
1287619200 57 41 57 41
1287532800 57 41 57 41
1287446400 57 41 57 41
1287360000 57 41 57 41
1287273600 57 41 57 41
1287187200 57 41 57 41
1287100800 57 41 57 41
1287014400 57 41 57 41
1286928000 57 41 57 41
1286841600 57 41 57 41
1286755200 57 41 57 41
1286668800 57 41 57 41
1286582400 57 41 57 41
1286496000 57 41 57 41
1286409600 57 41 57 41
1286323200 57 41 57 41
1286236800 57 41 57 41
1286150400 57 41 57 41
1286064000 57 41 57 41
1285977600 57 41 57 41
1285891200 57 41 57 41
1285804800 57 41 57 41
1285718400 57 41 57 41
1285632000 57 41 57 41
1285545600 57 41 57 41
1285459200 57 41 57 41
1285372800 57 41 57 41
1285286400 57 41 57 41
1285200000 57 41 57 41
1285113600 57 41 57 41
1285027200 57 41 57 41
1284940800 57 41 57 41
1284854400 57 41 57 41
1284768000 57 41 57 41
1284681600 57 41 57 41
1284595200 57 41 57 41
1284508800 57 41 57 41
1284422400 57 41 57 41
1284336000 57 41 57 41
1284249600 57 41 57 41
1284163200 57 41 57 41
1284076800 57 41 57 41
1283990400 57 41 57 41
1283904000 57 41 57 41
1283817600 57 41 57 41
1283731200 57 41 57 41
1283644800 57 41 57 41
1283558400 57 41 57 41
1283472000 57 41 57 41
1283385600 57 41 57 41
1283299200 57 41 57 41
1283212800 57 41 57 41
1283126400 57 41 57 41
1283040000 57 41 57 41
1282953600 57 41 57 41
1282867200 57 41 57 41
1282780800 57 41 57 41
1282694400 57 41 57 41
1282608000 57 41 57 41
1282521600 57 41 57 41
1282435200 57 41 57 41
1282348800 57 41 57 41
1282262400 57 41 57 41
1282176000 57 41 57 41
1282089600 57 41 57 41
1282003200 57 41 57 41
1281916800 57 41 57 41
1281830400 57 41 57 41
1281744000 57 41 57 41
1281657600 57 41 57 41
1281571200 57 41 57 41
1281484800 57 41 57 41
1281398400 57 41 57 41
1281312000 57 41 57 41
1281225600 57 41 57 41
1281139200 57 41 57 41
1281052800 57 41 57 41
1280966400 57 41 57 41
1280880000 57 41 57 41
1280793600 57 41 57 41
1280707200 57 41 57 41
1280620800 57 41 57 41
1280534400 57 41 57 41
1280448000 57 41 57 41
1280361600 57 41 57 41
1280275200 57 41 57 41
1280188800 57 41 57 41
1280102400 57 41 57 41
1280016000 57 41 57 41
1279929600 57 41 57 41
1279843200 57 41 57 41
1279756800 57 41 57 41
1279670400 57 41 57 41
1279584000 57 41 57 41
1279497600 57 41 57 41
1279411200 57 41 57 41
1279324800 57 41 57 41
1279238400 57 41 57 41
1279152000 57 41 57 41
1279065600 57 41 57 41
1278979200 57 41 57 41
1278892800 57 41 57 41
1278806400 57 41 57 41
1278720000 57 41 57 41
1278633600 57 41 57 41
1278547200 57 41 57 41
1278460800 57 41 57 41
1278374400 57 41 57 41
1278288000 57 41 57 41
1278201600 57 41 57 41
1278115200 57 41 57 41
1278028800 57 41 57 41
1277942400 57 41 57 41
1277856000 57 41 57 41
1277769600 57 41 57 41
1277683200 57 41 57 41
1277596800 57 41 57 41
1277510400 57 41 57 41
1277424000 57 41 57 41
1277337600 57 41 57 41
1277251200 57 41 57 41
1277164800 57 41 57 41
1277078400 57 41 57 41
1276992000 57 41 57 41
1276905600 57 41 57 41
1276819200 57 41 57 41
1276732800 57 41 57 41
1276646400 57 41 57 41
1276560000 57 41 57 41
1276473600 57 41 57 41
1276387200 57 41 57 41
