1349043001 540 0
1349043001 540 0 540 0
1349042701 540 0 540 0
1349042700 539 0 540 0
1349042400 539 0 539 0
1349042100 539 0 539 0
1349041800 539 0 542 0
1349041500 542 0 542 0
1349041200 542 0 542 0
1349040900 542 0 542 0
1349040600 541 0 542 0
1349040300 540 0 540 0
1349040000 540 0 546 0
1349039700 546 0 546 0
1349039400 546 0 546 0
1349039100 545 0 546 0
1349038800 545 0 545 0
1349038500 545 0 545 0
1349038200 545 0 545 0
1349037900 545 0 545 0
1349037600 545 0 545 0
1349037300 545 0 545 0
1349037000 545 0 545 0
1349036700 545 0 545 0
1349036400 545 0 545 0
1349036100 545 0 545 0
1349035800 545 0 545 0
1349035500 545 0 547 0
1349035200 547 0 547 0
1349034900 547 0 547 0
1349034600 547 0 548 0
1349034300 548 0 548 0
1349034000 548 0 548 0
1349033700 548 0 550 0
1349033400 550 0 550 0
1349033100 550 0 550 0
1349032800 549 0 550 0
1349032500 547 0 547 0
1349032200 547 0 547 0
1349031900 547 0 547 0
1349031600 547 0 547 0
1349031300 547 0 547 0
1349031000 546 0 547 0
1349030700 533 0 533 0
1349030400 533 0 533 0
1349030100 533 0 534 0
1349029800 534 0 534 0
1349029500 534 0 534 0
1349029200 534 0 535 0
1349028900 535 0 535 0
1349028600 535 0 535 0
1349028300 535 0 537 0
1349028000 537 0 537 0
1349027700 537 0 537 0
1349027400 537 0 537 0
1349027100 537 0 537 0
1349026800 537 0 537 0
1349026500 537 0 537 0
1349026200 537 0 537 0
1349025900 537 0 537 0
1349025600 536 0 537 0
1349025300 536 0 536 0
1349025000 536 0 536 0
1349024700 536 0 536 0
1349024400 536 0 536 0
1349024100 536 0 536 0
1349023800 536 0 540 0
1349023500 540 0 540 0
1349023200 540 0 540 0
1349022900 540 0 543 0
1349022600 543 0 543 0
1349022300 543 0 543 0
1349022000 543 0 551 0
1349021700 551 0 551 0
1349021400 551 0 551 0
1349021100 551 0 554 0
1349020800 554 0 554 0
1349020500 554 0 554 0
1349020200 554 0 558 0
1349019900 558 0 558 0
1349019600 558 0 558 0
1349019300 558 0 562 0
1349019000 562 0 562 0
1349018700 562 0 562 0
1349018400 562 0 583 0
1349018100 583 0 583 0
1349017800 583 0 583 0
1349017500 583 0 583 0
1349017200 583 0 588 0
1349016900 588 0 588 0
1349016600 587 0 588 0
1349016300 586 0 586 0
1349016000 586 0 586 0
1349015700 586 0 589 0
1349015400 589 0 589 0
1349015100 589 0 589 0
1349014800 588 0 589 0
1349014500 584 0 584 0
1349014200 584 0 584 0
1349013900 583 0 584 0
1349013600 583 0 583 0
1349013300 583 0 583 0
1349013000 581 0 583 0
1349012700 0 0 0 0
1349012400 0 0 0 0
1349012100 1 0 579 0
1349011800 579 0 579 0
1349011500 579 0 579 0
1349011200 578 0 579 0
1349010900 576 0 576 0
1349010600 576 0 576 0
1349010300 576 0 577 0
1349010000 577 0 577 0
1349009700 577 0 577 0
1349009400 576 0 577 0
1349009100 575 0 575 0
1349008800 575 0 575 0
1349008500 575 0 579 0
1349008200 579 0 579 0
1349007900 579 0 579 0
1349007600 578 0 579 0
1349007300 575 0 575 0
1349007000 575 0 575 0
1349006700 574 0 575 0
1349006400 570 0 570 0
1349006100 570 0 570 0
1349005800 569 0 570 0
1349005500 564 0 564 0
1349005200 564 0 564 0
1349004900 563 0 564 0
1349004600 561 0 561 0
1349004300 561 0 561 0
1349004000 561 0 564 0
1349003700 564 0 564 0
1349003400 564 0 564 0
1349003100 563 0 564 0
1349002800 563 0 563 0
1349002500 563 0 563 0
1349002200 562 0 563 0
1349001900 554 0 554 0
1349001600 554 0 554 0
1349001300 554 0 559 0
1349001000 559 0 559 0
1349000700 559 0 559 0
1349000400 559 0 563 0
1349000100 563 0 563 0
1348999800 563 0 563 0
1348999500 562 0 563 0
1348999200 561 0 561 0
1348998900 561 0 561 0
1348998600 560 0 561 0
1348998300 557 0 557 0
1348998000 557 0 557 0
1348997700 556 0 557 0
1348997400 556 0 556 0
1348997100 556 0 556 0
1348996800 555 0 556 0
1348996500 555 0 555 0
1348996200 555 0 555 0
1348995900 554 0 555 0
1348995600 553 0 553 0
1348995300 553 0 553 0
1348995000 553 0 557 0
1348994700 557 0 557 0
1348994400 557 0 557 0
1348994100 557 0 559 0
1348993800 559 0 559 0
1348993500 559 0 559 0
1348993200 558 0 559 0
1348992900 558 0 558 0
1348992600 558 0 558 0
1348992300 558 0 558 0
1348992000 558 0 558 0
1348991700 558 0 558 0
1348991400 558 0 559 0
1348991100 559 0 559 0
1348990800 559 0 559 0
1348990500 559 0 559 0
1348990200 559 0 559 0
1348989900 559 0 559 0
1348989600 558 0 559 0
1348989300 555 0 555 0
1348989000 555 0 555 0
1348988700 555 0 557 0
1348988400 557 0 557 0
1348988100 557 0 557 0
1348987800 557 0 561 0
1348987500 561 0 561 0
1348987200 561 0 561 0
1348986900 560 0 561 0
1348986600 558 0 558 0
1348986300 558 0 558 0
1348986000 558 0 559 0
1348985700 559 0 559 0
1348985400 559 0 559 0
1348985100 558 0 559 0
1348984800 548 0 548 0
1348984500 548 0 548 0
1348984200 548 0 548 0
1348983900 548 0 548 0
1348983600 548 0 548 0
1348983300 547 0 548 0
1348983000 546 0 546 0
1348982700 546 0 546 0
1348982400 546 0 548 0
1348982100 548 0 548 0
1348981800 548 0 548 0
1348981500 548 0 557 0
1348981200 557 0 557 0
1348980900 557 0 557 0
1348980600 556 0 557 0
1348980300 556 0 556 0
1348980000 556 0 556 0
1348979700 556 0 559 0
1348979400 559 0 559 0
1348979100 559 0 559 0
1348978800 559 0 559 0
1348978500 559 0 559 0
1348978200 559 0 559 0
1348977900 559 0 560 0
1348977600 560 0 560 0
1348977300 560 0 560 0
1348977000 559 0 560 0
1348976700 553 0 553 0
1348976400 553 0 553 0
1348976100 553 0 555 0
1348975800 555 0 555 0
1348975500 555 0 555 0
1348975200 554 0 555 0
1348974900 554 0 554 0
1348974600 554 0 554 0
1348974300 554 0 556 0
1348974000 556 0 556 0
1348973700 556 0 556 0
1348973400 555 0 556 0
1348973100 553 0 553 0
1348972800 553 0 553 0
1348972500 552 0 553 0
1348972200 551 0 551 0
1348971900 551 0 551 0
1348971600 550 0 551 0
1348971300 550 0 550 0
1348971000 550 0 550 0
1348970700 550 0 563 0
1348970400 563 0 563 0
1348970100 563 0 563 0
1348969800 563 0 563 0
1348969500 563 0 563 0
1348969200 563 0 563 0
1348968900 563 0 563 0
1348968600 563 0 563 0
1348968300 563 0 563 0
1348968000 562 0 563 0
1348967700 553 0 553 0
1348967400 553 0 553 0
1348967100 552 0 553 0
1348966800 550 0 550 0
1348966500 550 0 550 0
1348966200 549 0 550 0
1348965900 547 0 547 0
1348965600 547 0 547 0
1348965300 545 0 547 0
1348965000 0 0 0 0
1348964700 0 0 0 0
1348964400 1 0 548 0
1348964100 548 0 548 0
1348963800 548 0 548 0
1348963500 548 0 548 0
1348963200 548 0 548 0
1348962900 548 0 548 0
1348962600 548 0 549 0
1348962300 549 0 549 0
1348962000 549 0 549 0
1348961700 549 0 550 0
1348961400 550 0 550 0
1348961100 550 0 550 0
1348960800 549 0 550 0
1348960500 547 0 547 0
1348960200 547 0 547 0
1348959900 547 0 549 0
1348959600 549 0 549 0
1348959300 549 0 549 0
1348959000 549 0 549 0
1348958700 549 0 549 0
1348958400 549 0 549 0
1348958100 549 0 549 0
1348957800 549 0 549 0
1348957500 549 0 549 0
1348957200 547 0 549 0
1348956900 0 0 0 0
1348956600 0 0 0 0
1348956300 1 0 547 0
1348956000 547 0 547 0
1348955700 547 0 547 0
1348955400 547 0 549 0
1348955100 549 0 549 0
1348954800 549 0 549 0
1348954500 549 0 552 0
1348954200 552 0 552 0
1348953900 552 0 552 0
1348953600 552 0 552 0
1348953300 552 0 552 0
1348953000 552 0 552 0
1348952700 552 0 553 0
1348952400 553 0 553 0
1348952100 553 0 553 0
1348951800 552 0 553 0
1348951500 552 0 552 0
1348951200 552 0 552 0
1348950900 552 0 553 0
1348950600 553 0 553 0
1348950300 553 0 553 0
1348950000 552 0 553 0
1348949700 551 0 551 0
1348949400 551 0 551 0
1348949100 551 0 553 0
1348948800 553 0 553 0
1348948500 553 0 553 0
1348948200 553 0 553 0
1348947900 553 0 553 0
1348947600 553 0 553 0
1348947300 553 0 553 0
1348947000 553 0 553 0
1348946700 553 0 553 0
1348946400 553 0 553 0
1348946100 553 0 554 0
1348945800 554 0 554 0
1348945500 554 0 556 0
1348945200 556 0 556 0
1348944900 556 0 556 0
1348944600 556 0 558 0
1348944300 558 0 558 0
1348944000 558 0 558 0
1348943700 558 0 559 0
1348943400 559 0 559 0
1348943100 559 0 559 0
1348942800 559 0 559 0
1348942500 559 0 560 0
1348942200 560 0 560 0
1348941900 559 0 560 0
1348941600 559 0 559 0
1348941300 559 0 559 0
1348941000 559 0 563 0
1348940700 563 0 563 0
1348940400 563 0 563 0
1348940100 563 0 566 0
1348939800 566 0 566 0
1348939500 566 0 566 0
1348939200 565 0 566 0
1348938900 563 0 563 0
1348938600 563 0 563 0
1348938300 562 0 563 0
1348938000 561 0 561 0
1348937700 561 0 561 0
1348937400 560 0 561 0
1348937100 560 0 560 0
1348936800 560 0 560 0
1348936500 559 0 560 0
1348936200 557 0 557 0
1348935900 557 0 557 0
1348935600 557 0 557 0
1348935300 556 0 557 0
1348935000 556 0 559 0
1348934700 558 0 559 0
1348934400 558 0 558 0
1348934100 558 0 560 0
1348933800 560 0 560 0
1348933500 560 0 566 0
1348933200 566 0 566 0
1348932900 566 0 569 0
1348932600 569 0 569 0
1348932300 568 0 569 0
1348932000 567 0 569 0
1348931700 569 0 569 0
1348931400 569 0 569 0
1348931100 569 0 569 0
1348930800 569 0 569 0
1348930500 569 0 569 0
1348930200 569 0 570 0
1348929900 570 0 570 0
1348929600 570 0 570 0
1348929300 570 0 571 0
1348929000 571 0 571 0
1348928700 571 0 571 0
1348928400 571 0 575 0
1348928100 575 0 575 0
1348927800 575 0 575 0
1348927500 575 0 575 0
1348927200 575 0 575 0
1348926900 575 0 575 0
1348926600 575 0 583 0
1348926300 583 0 583 0
1348926000 583 0 583 0
1348925700 583 0 583 0
1348925400 583 0 583 0
1348925100 583 0 583 0
1348924800 582 0 583 0
1348924500 578 0 578 0
1348924200 578 0 578 0
1348923900 578 0 583 0
1348923600 583 0 583 0
1348923300 583 0 583 0
1348923000 582 0 583 0
1348922700 579 0 579 0
1348922400 579 0 579 0
1348922100 579 0 584 0
1348921800 584 0 584 0
1348921500 584 0 584 0
1348921200 583 0 584 0
1348920900 581 0 581 0
1348920600 581 0 581 0
1348920300 581 0 583 0
1348920000 583 0 583 0
1348919700 583 0 583 0
1348919400 582 0 583 0
1348919100 574 0 574 0
1348918800 574 0 574 0
1348918500 573 0 574 0
1348918200 573 0 573 0
1348917900 573 0 573 0
1348917600 572 0 573 0
1348917300 572 0 572 0
1348917000 572 0 572 0
1348916700 571 0 572 0
1348916400 570 0 570 0
1348916100 570 0 570 0
1348915800 570 0 577 0
1348915500 577 0 577 0
1348915200 577 0 577 0
1348914900 577 0 580 0
1348914600 580 0 580 0
1348914300 580 0 580 0
1348914000 580 0 585 0
1348913700 585 0 585 0
1348913400 585 0 585 0
1348913100 585 0 586 0
1348912800 586 0 586 0
1348912500 586 0 586 0
1348912200 586 0 602 0
1348911900 602 0 602 0
1348911600 602 0 602 0
1348911300 602 0 604 0
1348911000 604 0 604 0
1348910700 604 0 604 0
1348910400 604 0 604 0
1348910100 604 0 605 0
1348909800 605 0 605 0
1348909500 604 0 605 0
1348909200 604 0 604 0
1348908900 604 0 604 0
1348908600 603 0 604 0
1348908300 603 0 603 0
1348908000 603 0 603 0
1348907700 603 0 605 0
1348907400 605 0 605 0
1348907100 605 0 605 0
1348906800 605 0 605 0
1348906500 605 0 605 0
1348906200 605 0 605 0
1348905900 605 0 614 0
1348905600 614 0 614 0
1348905300 614 0 614 0
1348905000 614 0 614 0
1348904700 614 0 614 0
1348904400 614 0 614 0
1348904100 614 0 617 0
1348903800 617 0 617 0
1348903500 617 0 617 0
1348903200 617 0 626 0
1348902900 626 0 626 0
1348902600 626 0 626 0
1348902300 625 0 626 0
1348902000 616 0 616 0
1348901700 616 0 616 0
1348901400 616 0 616 0
1348901100 616 0 616 0
1348900800 616 0 616 0
1348900500 616 0 617 0
1348900200 617 0 617 0
1348899900 617 0 617 0
1348899600 617 0 617 0
1348899300 616 0 617 0
1348899000 610 0 610 0
1348898700 609 0 610 0
1348898400 609 0 609 0
1348898100 609 0 609 0
1348897800 608 0 609 0
1348897500 600 0 600 0
1348897200 600 0 600 0
1348896900 599 0 600 0
1348896600 598 0 598 0
1348896300 598 0 598 0
1348896000 598 0 600 0
1348895700 600 0 600 0
1348895400 600 0 600 0
1348895100 600 0 603 0
1348894800 603 0 603 0
1348894500 603 0 603 0
1348894200 603 0 603 0
1348893900 602 0 603 0
1348893600 602 0 602 0
1348893300 601 0 602 0
1348893000 597 0 597 0
1348892700 597 0 597 0
1348892400 596 0 597 0
1348892100 586 0 586 0
1348891800 586 0 586 0
1348891500 586 0 586 0
1348891200 586 0 586 0
1348890900 586 0 586 0
1348890600 585 0 586 0
1348890300 585 0 585 0
1348890000 585 0 585 0
1348889700 584 0 585 0
1348889400 581 0 581 0
1348889100 581 0 581 0
1348888800 580 0 581 0
1348888500 573 0 573 0
1348888200 573 0 573 0
1348887900 573 0 574 0
1348887600 574 0 574 0
1348887300 574 0 574 0
1348887000 573 0 574 0
1348886700 572 0 572 0
1348886400 572 0 572 0
1348886100 572 0 572 0
1348885800 572 0 572 0
1348885500 572 0 572 0
1348885200 572 0 574 0
1348884900 574 0 574 0
1348884600 574 0 574 0
1348884300 573 0 574 0
1348884000 570 0 570 0
1348883700 570 0 570 0
1348883400 570 0 570 0
1348883100 570 0 570 0
1348882800 570 0 570 0
1348882500 570 0 577 0
1348882200 577 0 577 0
1348881900 577 0 577 0
1348881600 576 0 577 0
1348881300 566 0 566 0
1348881000 566 0 566 0
1348880700 565 0 566 0
1348880400 560 0 560 0
1348880100 560 0 560 0
1348879800 559 0 560 0
1348879500 552 0 552 0
1348879200 552 0 552 0
1348878900 552 0 552 0
1348878600 551 0 552 0
1348878300 551 0 551 0
1348878000 550 0 551 0
1348877700 546 0 546 0
1348877400 546 0 546 0
1348877100 545 0 546 0
1348876800 536 0 536 0
1348876500 536 0 536 0
1348876200 535 0 536 0
1348875900 535 0 535 0
1348875600 535 0 535 0
1348875300 535 0 536 0
1348875000 536 0 536 0
1348874700 536 0 536 0
1348874400 535 0 536 0
1348874100 530 0 530 0
1348873800 530 0 530 0
1348873500 529 0 530 0
1348873200 527 0 527 0
1348872900 527 0 527 0
1348872600 527 0 531 0
1348872300 531 0 531 0
1348872000 531 0 531 0
1348871700 531 0 531 0
1348871400 531 0 531 0
1348871100 531 0 531 0
1348870800 529 0 531 0
1348870500 0 0 0 0
1348870200 0 0 0 0
1348869900 1 0 527 0
1348869600 527 0 527 0
1348869300 527 0 527 0
1348869000 526 0 527 0
1348868700 524 0 524 0
1348868400 524 0 524 0
1348868100 524 0 524 0
1348867800 524 0 524 0
1348867500 524 0 524 0
1348867200 523 0 524 0
1348866900 523 0 523 0
1348866600 523 0 523 0
1348866300 523 0 523 0
1348866000 523 0 523 0
1348865700 523 0 523 0
1348865400 523 0 525 0
1348865100 525 0 525 0
1348864800 525 0 525 0
1348864500 525 0 525 0
1348864200 525 0 525 0
1348863900 525 0 525 0
1348863600 525 0 525 0
1348863300 525 0 525 0
1348863000 525 0 525 0
1348862400 525 0 526 0
1348860600 526 0 527 0
1348858800 527 0 527 0
1348857000 523 0 527 0
1348855200 531 0 538 0
1348853400 540 0 544 0
1348851600 547 0 554 0
1348849800 554 0 557 0
1348848000 564 0 570 0
1348846200 569 0 583 0
1348844400 579 0 583 0
1348842600 568 0 579 0
1348840800 565 0 574 0
1348839000 568 0 568 0
1348837200 377 0 568 0
1348835400 557 0 561 0
1348833600 550 0 555 0
1348831800 536 0 546 0
1348830000 525 0 528 0
1348828200 520 0 525 0
1348826400 517 0 522 0
1348824600 522 0 526 0
1348822800 527 0 532 0
1348821000 527 0 530 0
1348819200 520 0 525 0
1348817400 520 0 521 0
1348815600 515 0 519 0
1348813800 515 0 519 0
1348812000 512 0 515 0
1348810200 508 0 512 0
1348808400 495 0 500 0
1348806600 490 0 497 0
1348804800 476 0 488 0
1348803000 222 0 447 0
1348801200 430 0 431 0
1348799400 425 0 429 0
1348797600 486 0 606 0
1348795800 607 0 611 0
1348794000 604 0 610 0
1348792200 594 0 601 0
1348790400 597 0 601 0
1348788600 595 0 596 0
1348786800 593 0 596 0
1348785000 296 0 596 0
1348783200 596 0 597 0
1348781400 595 0 597 0
1348779600 597 0 599 0
1348777800 599 0 599 0
1348776000 599 0 600 0
1348774200 600 0 600 0
1348772400 600 0 603 0
1348770600 602 0 604 0
1348768800 605 0 616 0
1348767000 615 0 616 0
1348765200 616 0 621 0
1348763400 621 0 627 0
1348761600 627 0 632 0
1348759800 632 0 642 0
1348758000 647 0 657 0
1348756200 657 0 663 0
1348754400 659 0 665 0
1348752600 661 0 665 0
1348750800 652 0 655 0
1348749000 647 0 652 0
1348747200 323 0 646 0
1348745400 637 0 646 0
1348743600 629 0 634 0
1348741800 624 0 636 0
1348740000 637 0 642 0
1348738200 635 0 642 0
1348736400 639 0 641 0
1348734600 641 0 644 0
1348732800 642 0 642 0
1348731000 642 0 645 0
1348729200 640 0 645 0
1348727400 632 0 633 0
1348725600 630 0 631 0
1348723800 630 0 635 0
1348722000 635 0 638 0
1348720200 632 0 638 0
1348718400 624 0 628 0
1348716600 621 0 624 0
1348714800 610 0 616 0
1348713000 606 0 614 0
1348711200 614 0 620 0
1348709400 618 0 620 0
1348707600 611 0 616 0
1348705800 619 0 625 0
1348704000 623 0 625 0
1348702200 617 0 623 0
1348700400 614 0 620 0
1348698600 309 0 620 0
1348696800 619 0 620 0
1348695000 620 0 620 0
1348693200 620 0 620 0
1348691400 620 0 620 0
1348689600 620 0 622 0
1348687800 622 0 623 0
1348686000 623 0 625 0
1348684200 625 0 627 0
1348682400 629 0 633 0
1348680600 633 0 639 0
1348678800 640 0 645 0
1348677000 638 0 650 0
1348675200 650 0 652 0
1348673400 650 0 666 0
1348671600 665 0 666 0
1348669800 665 0 666 0
1348668000 662 0 662 0
1348666200 662 0 666 0
1348664400 655 0 659 0
1348662600 651 0 653 0
1348660800 645 0 648 0
1348659000 641 0 645 0
1348657200 639 0 641 0
1348655400 624 0 629 0
1348653600 630 0 635 0
1348651800 314 0 631 0
1348650000 632 0 641 0
1348648200 639 0 641 0
1348646400 639 0 639 0
1348644600 639 0 655 0
1348642800 656 0 661 0
1348641000 656 0 659 0
1348639200 653 0 659 0
1348637400 649 0 655 0
1348635600 655 0 657 0
1348633800 646 0 647 0
1348632000 321 0 646 0
1348630200 644 0 646 0
1348628400 644 0 646 0
1348626600 642 0 643 0
1348624800 629 0 634 0
1348623000 609 0 613 0
1348621200 604 0 608 0
1348619400 595 0 597 0
1348617600 593 0 594 0
1348615800 594 0 594 0
1348614000 594 0 595 0
1348612200 295 0 595 0
1348610400 591 0 593 0
1348608600 591 0 592 0
1348606800 590 0 591 0
1348605000 590 0 593 0
1348603200 589 0 593 0
1348601400 591 0 593 0
1348599600 593 0 594 0
1348597800 595 0 599 0
1348596000 599 0 602 0
1348594200 604 0 617 0
1348592400 618 0 622 0
1348590600 623 0 627 0
1348588800 624 0 627 0
1348587000 625 0 629 0
1348585200 627 0 650 0
1348583400 643 0 650 0
1348581600 320 0 642 0
1348579800 637 0 641 0
1348578000 636 0 641 0
1348576200 623 0 627 0
1348574400 617 0 622 0
1348572600 614 0 618 0
1348570800 604 0 605 0
1348569000 600 0 601 0
1348567200 300 0 606 0
1348565400 607 0 613 0
1348563600 613 0 614 0
1348561800 615 0 621 0
1348560000 621 0 624 0
1348558200 623 0 624 0
1348556400 624 0 626 0
1348554600 626 0 630 0
1348552800 624 0 629 0
1348551000 622 0 623 0
1348549200 619 0 621 0
1348547400 620 0 625 0
1348545600 624 0 625 0
1348543800 620 0 624 0
1348542000 618 0 621 0
1348540200 618 0 621 0
1348538400 616 0 620 0
1348536600 364 0 365 0
1348534800 360 0 365 0
1348533000 349 0 355 0
1348531200 342 0 345 0
1348529400 340 0 340 0
1348527600 339 0 340 0
1348525800 169 0 341 0
1348524000 340 0 341 0
1348522200 340 0 340 0
1348520400 340 0 341 0
1348518600 341 0 342 0
1348516800 342 0 346 0
1348515000 346 0 348 0
1348513200 348 0 352 0
1348511400 350 0 352 0
1348509600 351 0 354 0
1348507800 354 0 355 0
1348506000 354 0 355 0
1348504200 356 0 363 0
1348502400 363 0 367 0
1348500600 371 0 377 0
1348498800 380 0 386 0
1348497000 390 0 394 0
1348495200 201 0 405 0
1348493400 399 0 645 0
1348491600 640 0 645 0
1348489800 631 0 635 0
1348488000 618 0 621 0
1348486200 616 0 618 0
1348484400 613 0 616 0
1348482600 613 0 618 0
1348480800 618 0 625 0
1348479000 621 0 625 0
1348477200 621 0 622 0
1348475400 619 0 622 0
1348473600 619 0 620 0
1348471800 617 0 618 0
1348470000 616 0 618 0
1348468200 617 0 618 0
1348466400 616 0 617 0
1348464600 617 0 620 0
1348462800 614 0 618 0
1348461000 610 0 617 0
1348459200 618 0 621 0
1348457400 619 0 621 0
1348455600 616 0 622 0
1348453800 615 0 622 0
1348452000 589 0 601 0
1348450200 578 0 582 0
1348448400 567 0 568 0
1348446600 551 0 555 0
1348444800 547 0 556 0
1348443000 556 0 559 0
1348441200 557 0 559 0
1348439400 279 0 559 0
1348437600 560 0 565 0
1348435800 567 0 573 0
1348434000 573 0 575 0
1348432200 575 0 577 0
1348430400 577 0 581 0
1348428600 580 0 581 0
1348426800 581 0 584 0
1348425000 583 0 589 0
1348423200 592 0 598 0
1348421400 595 0 598 0
1348419600 601 0 606 0
1348417800 606 0 619 0
1348416000 617 0 619 0
1348414200 619 0 624 0
1348412400 627 0 637 0
1348410600 637 0 644 0
1348408800 642 0 644 0
1348407000 320 0 647 0
1348405200 639 0 647 0
1348403400 634 0 638 0
1348401600 637 0 640 0
1348399800 636 0 640 0
1348398000 637 0 643 0
1348396200 641 0 642 0
1348394400 639 0 641 0
1348392600 631 0 639 0
1348390800 623 0 624 0
1348389000 624 0 624 0
1348387200 612 0 624 0
1348385400 600 0 603 0
1348383600 602 0 603 0
1348381800 598 0 599 0
1348380000 596 0 598 0
1348378200 596 0 616 0
1348376400 615 0 616 0
1348374600 606 0 608 0
1348372800 602 0 605 0
1348371000 603 0 603 0
1348369200 599 0 603 0
1348367400 597 0 599 0
1348365600 592 0 595 0
1348363800 586 0 590 0
1348362000 580 0 584 0
1348360200 577 0 580 0
1348358400 575 0 579 0
1348356600 574 0 578 0
1348354800 572 0 574 0
1348353000 286 0 574 0
1348351200 573 0 575 0
1348349400 575 0 575 0
1348347600 575 0 577 0
1348345800 580 0 585 0
1348344000 585 0 596 0
1348342200 591 0 596 0
1348340400 590 0 598 0
1348338600 597 0 599 0
1348336800 598 0 604 0
1348335000 604 0 606 0
1348333200 609 0 614 0
1348331400 613 0 619 0
1348329600 620 0 629 0
1348327800 629 0 632 0
1348326000 628 0 632 0
1348324200 624 0 628 0
1348322400 619 0 623 0
1348320600 613 0 617 0
1348318800 612 0 613 0
1348317000 610 0 611 0
1348315200 608 0 615 0
1348313400 615 0 616 0
1348311600 613 0 615 0
1348309800 598 0 609 0
1348308000 610 0 613 0
1348306200 612 0 616 0
1348304400 612 0 616 0
1348302600 610 0 614 0
1348300800 605 0 610 0
1348299000 601 0 602 0
1348297200 602 0 603 0
1348295400 600 0 602 0
1348293600 296 0 595 0
1348291800 598 0 604 0
1348290000 610 0 613 0
1348288200 602 0 609 0
1348286400 597 0 602 0
1348284600 595 0 599 0
1348282800 591 0 596 0
1348281000 587 0 589 0
1348279200 585 0 588 0
1348277400 584 0 585 0
1348275600 569 0 577 0
1348273800 580 0 586 0
1348272000 570 0 574 0
1348270200 569 0 570 0
1348268400 570 0 571 0
1348266600 284 0 571 0
1348264800 570 0 571 0
1348263000 567 0 570 0
1348261200 567 0 568 0
1348259400 568 0 568 0
1348257600 568 0 570 0
1348255800 570 0 572 0
1348254000 571 0 574 0
1348252200 574 0 578 0
1348250400 581 0 591 0
1348248600 591 0 601 0
1348246800 601 0 604 0
1348245000 597 0 604 0
1348243200 592 0 598 0
1348241400 599 0 603 0
1348239600 594 0 597 0
1348237800 588 0 592 0
1348236000 582 0 592 0
1348234200 589 0 592 0
1348232400 585 0 589 0
1348230600 586 0 596 0
1348228800 594 0 597 0
1348227000 593 0 597 0
1348225200 587 0 600 0
1348223400 602 0 608 0
1348221600 608 0 617 0
1348219800 617 0 624 0
1348218000 623 0 630 0
1348216200 632 0 637 0
1348214400 635 0 638 0
1348212600 635 0 638 0
1348210800 635 0 638 0
1348209000 638 0 644 0
1348207200 634 0 644 0
1348205400 625 0 626 0
1348203600 623 0 625 0
1348201800 622 0 629 0
1348200000 624 0 629 0
1348198200 620 0 628 0
1348196400 624 0 628 0
1348194600 616 0 620 0
1348192800 609 0 613 0
1348191000 601 0 608 0
1348189200 583 0 590 0
1348187400 574 0 575 0
1348185600 575 0 576 0
1348183800 570 0 574 0
1348182000 568 0 571 0
1348180200 284 0 572 0
1348178400 571 0 572 0
1348176600 571 0 571 0
1348174800 571 0 572 0
1348173000 567 0 586 0
1348171200 586 0 587 0
1348169400 585 0 588 0
1348167600 585 0 588 0
1348165800 588 0 593 0
1348164000 597 0 608 0
1348162200 608 0 611 0
1348160400 606 0 611 0
1348158600 602 0 606 0
1348156800 611 0 617 0
1348155000 617 0 625 0
1348153200 624 0 625 0
1348151400 620 0 624 0
1348149600 615 0 618 0
1348147800 610 0 611 0
1348146000 607 0 611 0
1348144200 603 0 610 0
1348142400 607 0 610 0
1348140600 602 0 607 0
1348138800 603 0 607 0
1348137000 600 0 604 0
1348135200 598 0 602 0
1348133400 609 0 617 0
1348131600 617 0 617 0
1348129800 617 0 621 0
1348128000 622 0 626 0
1348126200 625 0 628 0
1348124400 628 0 629 0
1348122600 624 0 626 0
1348120800 625 0 629 0
1348119000 627 0 629 0
1348117200 625 0 629 0
1348115400 623 0 628 0
1348113600 628 0 630 0
1348111800 627 0 628 0
1348110000 416 0 633 0
1348108200 629 0 633 0
1348106400 621 0 622 0
1348104600 614 0 621 0
1348102800 597 0 604 0
1348101000 575 0 580 0
1348099200 571 0 575 0
1348097400 571 0 575 0
1348095600 566 0 567 0
1348093800 567 0 569 0
1348092000 568 0 569 0
1348090200 569 0 571 0
1348088400 571 0 573 0
1348086600 573 0 577 0
1348084800 577 0 577 0
1348083000 577 0 585 0
1348081200 585 0 591 0
1348079400 590 0 592 0
1348077600 592 0 597 0
1348075800 601 0 607 0
1348074000 610 0 616 0
1348072200 615 0 619 0
1348070400 621 0 626 0
1348068600 622 0 633 0
1348066800 629 0 633 0
1348065000 629 0 630 0
1348063200 628 0 629 0
1348061400 620 0 636 0
1348059600 626 0 636 0
1348057800 615 0 616 0
1348056000 609 0 612 0
1348054200 607 0 612 0
1348052400 603 0 607 0
1348050600 604 0 609 0
1348048800 609 0 611 0
1348047000 607 0 612 0
1348045200 608 0 612 0
1348043400 609 0 611 0
1348041600 611 0 613 0
1348039800 614 0 620 0
1348038000 615 0 620 0
1348036200 613 0 614 0
1348034400 606 0 610 0
1348032600 601 0 608 0
1348030800 608 0 609 0
1348029000 612 0 618 0
1348027200 614 0 618 0
1348025400 611 0 618 0
1348023600 605 0 607 0
1348021800 600 0 604 0
1348020000 592 0 596 0
1348018200 582 0 586 0
1348016400 574 0 579 0
1348014600 555 0 556 0
1348012800 562 0 574 0
1348011000 573 0 574 0
1348009200 568 0 571 0
1348007400 568 0 570 0
1348005600 569 0 570 0
1348003800 569 0 570 0
1348002000 570 0 571 0
1348000200 571 0 572 0
1347998400 571 0 572 0
1347996600 571 0 575 0
1347994800 573 0 578 0
1347993000 578 0 578 0
1347991200 578 0 580 0
1347989400 575 0 580 0
1347987600 580 0 583 0
1347985800 586 0 591 0
1347984000 594 0 599 0
1347982200 299 0 606 0
1347980400 606 0 608 0
1347978600 608 0 608 0
1347976800 606 0 608 0
1347975000 598 0 607 0
1347973200 604 0 607 0
1347971400 598 0 602 0
1347969600 598 0 602 0
1347967800 594 0 597 0
1347966000 585 0 589 0
1347964200 580 0 585 0
1347962400 581 0 601 0
1347960600 600 0 605 0
1347958800 605 0 611 0
1347957000 610 0 611 0
1347955200 403 0 610 0
1347953400 504 0 605 0
1347951600 605 0 606 0
1347949800 607 0 611 0
1347948000 611 0 611 0
1347946200 606 0 611 0
1347944400 600 0 605 0
1347942600 604 0 605 0
1347940800 604 0 610 0
1347939000 607 0 610 0
1347937200 606 0 607 0
1347935400 600 0 602 0
1347933600 595 0 597 0
1347931800 585 0 589 0
1347930000 580 0 584 0
1347928200 564 0 569 0
1347926400 555 0 556 0
1347924600 556 0 557 0
1347922800 557 0 557 0
1347921000 557 0 558 0
1347919200 558 0 558 0
1347917400 558 0 562 0
1347915600 562 0 562 0
1347913800 562 0 564 0
1347912000 564 0 567 0
1347910200 567 0 568 0
1347908400 568 0 569 0
1347906600 569 0 570 0
1347904800 570 0 574 0
1347903000 574 0 575 0
1347901200 575 0 576 0
1347899400 579 0 585 0
1347897600 587 0 591 0
1347895800 591 0 595 0
1347894000 586 0 593 0
1347892200 285 0 572 0
1347890400 285 0 572 0
1347888600 0 0 0 0
1347886800 288 0 577 0
1347885000 578 0 584 0
1347883200 583 0 584 0
1347881400 576 0 577 0
1347879600 571 0 573 0
1347877800 568 0 573 0
1347876000 573 0 592 0
1347874200 592 0 592 0
1347872400 591 0 592 0
1347870600 295 0 593 0
1347868800 0 0 0 0
1347867000 286 0 574 0
1347865200 576 0 592 0
1347863400 393 0 592 0
1347861600 290 0 582 0
1347859800 574 0 581 0
1347858000 574 0 581 0
1347856200 566 0 568 0
1347854400 569 0 574 0
1347852600 571 0 574 0
1347850800 286 0 575 0
1347849000 571 0 571 0
1347847200 570 0 571 0
1347845400 562 0 565 0
1347843600 561 0 565 0
1347841800 559 0 559 0
1347840000 557 0 565 0
1347838200 568 0 574 0
1347836400 566 0 568 0
1347834600 566 0 566 0
1347832800 566 0 569 0
1347831000 567 0 568 0
1347829200 568 0 569 0
1347827400 569 0 570 0
1347825600 567 0 570 0
1347823800 569 0 571 0
1347822000 569 0 571 0
1347820200 569 0 570 0
1347818400 560 0 561 0
1347816600 556 0 560 0
1347814800 555 0 561 0
1347813000 567 0 577 0
1347811200 581 0 591 0
1347809400 587 0 591 0
1347807600 591 0 593 0
1347805800 596 0 608 0
1347804000 603 0 608 0
1347802200 596 0 597 0
1347800400 597 0 599 0
1347798600 597 0 599 0
1347796800 294 0 591 0
1347795000 590 0 594 0
1347793200 593 0 595 0
1347791400 592 0 595 0
1347789600 591 0 592 0
1347787800 593 0 598 0
1347786000 595 0 598 0
1347784200 594 0 596 0
1347782400 589 0 604 0
1347775200 614 0 624 0
1347768000 611 0 622 0
1347760800 584 0 602 0
1347753600 506 0 587 0
1347746400 585 0 587 0
1347739200 586 0 594 0
1347732000 603 0 614 0
1347724800 631 0 640 0
1347717600 631 0 643 0
1347710400 619 0 625 0
1347703200 617 0 626 0
1347696000 620 0 630 0
1347688800 619 0 629 0
1347681600 375 0 619 0
1347674400 0 0 0 0
1347667200 0 0 0 0
1347660000 0 0 0 0
1347652800 0 0 0 0
1347645600 0 0 0 0
1347638400 0 0 0 0
1347631200 0 0 0 0
1347624000 0 0 0 0
1347616800 0 0 0 0
1347609600 0 0 0 0
1347602400 0 0 0 0
1347595200 127 0 615 0
1347588000 601 0 616 0
1347580800 514 0 593 0
1347573600 582 0 588 0
1347566400 588 0 593 0
1347559200 598 0 604 0
1347552000 606 0 615 0
1347544800 626 0 634 0
1347537600 616 0 628 0
1347530400 615 0 615 0
1347523200 609 0 616 0
1347516000 601 0 618 0
1347508800 553 0 626 0
1347501600 588 0 626 0
1347494400 497 0 572 0
1347487200 501 0 576 0
1347480000 297 0 599 0
1347472800 306 0 616 0
1347465600 465 0 626 0
1347458400 621 0 627 0
1347451200 618 0 624 0
1347444000 620 0 625 0
1347436800 602 0 615 0
1347429600 609 0 616 0
1347422400 608 0 613 0
1347415200 603 0 610 0
1347408000 582 0 593 0
1347400800 507 0 582 0
1347393600 582 0 584 0
1347386400 590 0 596 0
1347379200 600 0 607 0
1347372000 610 0 621 0
1347364800 592 0 616 0
1347357600 596 0 604 0
1347350400 603 0 610 0
1347343200 600 0 608 0
1347336000 585 0 593 0
1347328800 567 0 581 0
1347321600 486 0 566 0
1347314400 565 0 569 0
1347307200 569 0 577 0
1347300000 582 0 597 0
1347292800 598 0 608 0
1347285600 607 0 617 0
1347278400 596 0 605 0
1347271200 598 0 604 0
1347264000 592 0 600 0
1347256800 592 0 600 0
1347249600 579 0 590 0
1347242400 567 0 582 0
1347235200 481 0 553 0
1347228000 551 0 555 0
1347220800 557 0 567 0
1347213600 573 0 582 0
1347206400 590 0 599 0
1347199200 602 0 610 0
1347192000 591 0 598 0
1347184800 594 0 603 0
1347177600 594 0 603 0
1347170400 599 0 608 0
1347163200 594 0 601 0
1347156000 579 0 586 0
1347148800 493 0 568 0
1347141600 570 0 573 0
1347134400 574 0 580 0
1347127200 577 0 595 0
1347120000 590 0 595 0
1347112800 594 0 600 0
1347105600 593 0 600 0
1347098400 590 0 599 0
1347091200 589 0 592 0
1347084000 589 0 592 0
1347076800 581 0 589 0
1347069600 560 0 576 0
1347062400 476 0 548 0
1347055200 536 0 546 0
1347048000 543 0 551 0
1347040800 494 0 582 0
1347033600 575 0 590 0
1347026400 473 0 550 0
1347019200 527 0 540 0
1347012000 543 0 565 0
1347004800 561 0 567 0
1346997600 561 0 567 0
1346990400 557 0 565 0
1346983200 524 0 546 0
1346976000 508 0 518 0
1346968800 450 0 525 0
1346961600 526 0 543 0
1346954400 551 0 569 0
1346947200 585 0 608 0
1346940000 596 0 608 0
1346932800 575 0 583 0
1346925600 573 0 585 0
1346918400 568 0 582 0
1346911200 571 0 582 0
1346904000 564 0 570 0
1346896800 539 0 561 0
1346889600 523 0 530 0
1346882400 525 0 529 0
1346875200 534 0 547 0
1346868000 556 0 575 0
1346860800 583 0 590 0
1346853600 578 0 585 0
1346846400 566 0 578 0
1346839200 570 0 581 0
1346832000 573 0 581 0
1346824800 550 0 571 0
1346817600 547 0 552 0
1346810400 528 0 546 0
1346803200 437 0 506 0
1346796000 376 0 517 0
1346788800 324 0 528 0
1346781600 534 0 548 0
1346774400 562 0 579 0
1346767200 574 0 583 0
1346760000 558 0 571 0
1346752800 556 0 565 0
1346745600 547 0 557 0
1346738400 545 0 556 0
1346731200 534 0 549 0
1346724000 514 0 526 0
1346716800 500 0 507 0
1346709600 504 0 507 0
1346702400 503 0 509 0
1346695200 513 0 530 0
1346688000 543 0 552 0
1346680800 525 0 541 0
1346673600 474 0 517 0
1346666400 474 0 490 0
1346659200 458 0 479 0
1346652000 467 0 500 0
1346644800 471 0 486 0
1346637600 446 0 458 0
1346630400 431 0 439 0
1346623200 441 0 453 0
1346616000 400 0 464 0
1346608800 469 0 485 0
1346601600 498 0 507 0
1346594400 504 0 513 0
1346587200 497 0 505 0
1346580000 501 0 505 0
1346572800 499 0 509 0
1346565600 495 0 509 0
1346558400 494 0 501 0
1346551200 480 0 492 0
1346544000 460 0 469 0
1346536800 460 0 462 0
1346529600 465 0 473 0
1346522400 490 0 510 0
1346515200 504 0 513 0
1346508000 504 0 512 0
1346500800 486 0 498 0
1346493600 497 0 503 0
1346486400 499 0 506 0
1346479200 498 0 505 0
1346472000 491 0 505 0
1346464800 455 0 483 0
1346457600 427 0 437 0
1346450400 427 0 430 0
1346443200 432 0 448 0
1346436000 449 0 459 0
1346428800 471 0 480 0
1346421600 396 0 473 0
1346414400 451 0 455 0
1346407200 471 0 479 0
1346400000 483 0 494 0
1346392800 472 0 495 0
1346385600 456 0 467 0
1346378400 439 0 445 0
1346371200 435 0 445 0
1346364000 446 0 456 0
1346356800 461 0 469 0
1346349600 478 0 498 0
1346342400 505 0 513 0
1346335200 507 0 514 0
1346328000 496 0 507 0
1346320800 488 0 492 0
1346313600 421 0 491 0
1346306400 472 0 475 0
1346299200 463 0 472 0
1346292000 438 0 466 0
1346284800 416 0 419 0
1346277600 415 0 418 0
1346270400 424 0 446 0
1346263200 459 0 473 0
1346256000 475 0 482 0
1346248800 455 0 465 0
1346241600 470 0 484 0
1346234400 482 0 490 0
1346227200 482 0 490 0
1346220000 492 0 502 0
1346212800 498 0 505 0
1346205600 479 0 491 0
1346198400 482 0 486 0
1346191200 420 0 484 0
1346184000 422 0 485 0
1346176800 501 0 511 0
1346169600 449 0 528 0
1346162400 489 0 503 0
1346155200 478 0 486 0
1346148000 488 0 499 0
1346140800 477 0 488 0
1346133600 476 0 490 0
1346126400 486 0 494 0
1346119200 457 0 469 0
1346112000 452 0 459 0
1346104800 339 0 458 0
1346097600 458 0 465 0
1346090400 479 0 500 0
1346083200 501 0 519 0
1346076000 493 0 503 0
1346068800 419 0 485 0
1346061600 482 0 490 0
1346054400 425 0 425 0
1346047200 425 0 425 0
1346040000 425 0 425 0
1346032800 423 0 427 0
1346025600 438 0 443 0
1346018400 437 0 439 0
1346011200 441 0 445 0
1346004000 460 0 479 0
1345996800 481 0 489 0
1345989600 426 0 494 0
1345982400 485 0 489 0
1345975200 488 0 493 0
1345968000 483 0 488 0
1345960800 485 0 494 0
1345953600 481 0 487 0
1345946400 467 0 475 0
1345939200 458 0 465 0
1345932000 460 0 467 0
1345924800 478 0 492 0
1345917600 497 0 508 0
1345910400 512 0 526 0
1345903200 509 0 526 0
1345896000 486 0 491 0
1345888800 481 0 486 0
1345881600 477 0 479 0
1345874400 479 0 485 0
1345867200 470 0 495 0
1345860000 475 0 488 0
1345852800 457 0 464 0
1345845600 457 0 467 0
1345838400 468 0 471 0
1345831200 470 0 485 0
1345824000 488 0 495 0
1345816800 495 0 505 0
1345809600 485 0 492 0
1345802400 471 0 478 0
1345795200 474 0 480 0
1345788000 467 0 473 0
1345780800 466 0 471 0
1345773600 447 0 469 0
1345766400 440 0 447 0
1345759200 447 0 457 0
1345752000 461 0 471 0
1345744800 481 0 498 0
1345737600 504 0 517 0
1345730400 507 0 516 0
1345723200 485 0 501 0
1345716000 491 0 512 0
1345708800 502 0 512 0
1345701600 498 0 504 0
1345694400 499 0 504 0
1345687200 475 0 497 0
1345680000 474 0 477 0
1345672800 476 0 478 0
1345665600 481 0 491 0
1345658400 499 0 507 0
1345651200 505 0 511 0
1345644000 499 0 508 0
1345636800 500 0 515 0
1345629600 519 0 533 0
1345622400 529 0 535 0
1345615200 522 0 528 0
1345608000 514 0 518 0
1345600800 492 0 518 0
1345593600 483 0 490 0
1345586400 486 0 492 0
1345579200 496 0 503 0
1345572000 497 0 530 0
1345564800 531 0 540 0
1345557600 533 0 537 0
1345550400 524 0 532 0
1345543200 527 0 535 0
1345536000 508 0 518 0
1345528800 498 0 506 0
1345521600 486 0 497 0
1345514400 470 0 483 0
1345507200 438 0 450 0
1345500000 437 0 441 0
1345492800 445 0 451 0
1345485600 466 0 506 0
1345478400 506 0 517 0
1345471200 518 0 528 0
1345464000 492 0 508 0
1345456800 429 0 494 0
1345449600 491 0 494 0
1345442400 482 0 491 0
1345435200 454 0 460 0
1345428000 430 0 460 0
1345420800 351 0 410 0
1345413600 350 0 403 0
1345406400 402 0 406 0
1345399200 373 0 475 0
1345392000 432 0 513 0
1345384800 507 0 515 0
1345377600 504 0 508 0
1345370400 503 0 509 0
1345363200 500 0 508 0
1345356000 483 0 491 0
1345348800 461 0 481 0
1345341600 453 0 463 0
1345334400 433 0 441 0
1345327200 439 0 446 0
1345320000 450 0 453 0
1345312800 471 0 499 0
1345305600 499 0 502 0
1345298400 494 0 499 0
1345291200 486 0 497 0
1345284000 493 0 497 0
1345276800 483 0 495 0
1345269600 485 0 494 0
1345262400 482 0 489 0
1345255200 444 0 472 0
1345248000 423 0 432 0
1345240800 429 0 434 0
1345233600 462 0 481 0
1345226400 488 0 503 0
1345219200 521 0 540 0
1345212000 514 0 529 0
1345204800 490 0 490 0
1345197600 490 0 490 0
1345190400 459 0 490 0
1345183200 459 0 459 0
1345176000 459 0 459 0
1345168800 459 0 459 0
1345161600 459 0 459 0
1345154400 459 0 459 0
1345147200 459 0 459 0
1345140000 459 0 459 0
1345132800 459 0 459 0
1345125600 459 0 459 0
1345118400 459 0 459 0
1345111200 459 0 459 0
1345104000 459 0 459 0
1345096800 459 0 459 0
1345089600 459 0 459 0
1345082400 459 0 459 0
1345075200 459 0 459 0
1345068000 459 0 459 0
1345060800 459 0 459 0
1345053600 459 0 459 0
1345046400 459 0 459 0
1345039200 459 0 459 0
1345032000 459 0 459 0
1345024800 459 0 459 0
1345017600 459 0 459 0
1345010400 459 0 459 0
1345003200 459 0 459 0
1344996000 459 0 459 0
1344988800 459 0 459 0
1344981600 459 0 459 0
1344974400 459 0 459 0
1344967200 459 0 459 0
1344960000 459 0 459 0
1344952800 459 0 459 0
1344945600 459 0 459 0
1344938400 459 0 459 0
1344931200 459 0 459 0
1344924000 459 0 459 0
1344916800 147 0 459 0
1344909600 0 0 0 0
1344902400 0 0 0 0
1344895200 0 0 0 0
1344888000 0 0 0 0
1344880800 0 0 0 0
1344873600 0 0 0 0
1344866400 0 0 0 0
1344859200 0 0 0 0
1344852000 0 0 0 0
1344844800 0 0 0 0
1344837600 0 0 0 0
1344830400 0 0 0 0
1344823200 0 0 0 0
1344816000 0 0 0 0
1344808800 0 0 0 0
1344801600 0 0 0 0
1344794400 0 0 0 0
1344787200 0 0 0 0
1344780000 0 0 0 0
1344772800 0 0 0 0
1344765600 0 0 0 0
1344758400 0 0 0 0
1344751200 0 0 0 0
1344744000 0 0 0 0
1344736800 0 0 0 0
1344729600 0 0 0 0
1344722400 0 0 0 0
1344715200 0 0 0 0
1344708000 0 0 0 0
1344700800 0 0 0 0
1344693600 0 0 0 0
1344686400 0 0 0 0
1344679200 0 0 0 0
1344672000 0 0 0 0
1344664800 0 0 0 0
1344657600 0 0 0 0
1344650400 0 0 0 0
1344643200 0 0 0 0
1344636000 0 0 0 0
1344628800 0 0 0 0
1344621600 0 0 0 0
1344614400 0 0 0 0
1344607200 0 0 0 0
1344600000 0 0 0 0
1344592800 0 0 0 0
1344585600 0 0 0 0
1344578400 0 0 0 0
1344571200 0 0 0 0
1344564000 0 0 0 0
1344556800 0 0 0 0
1344549600 0 0 0 0
1344542400 0 0 0 0
1344535200 0 0 0 0
1344528000 0 0 0 0
1344520800 0 0 0 0
1344513600 0 0 0 0
1344506400 0 0 0 0
1344499200 0 0 0 0
1344492000 0 0 0 0
1344484800 0 0 0 0
1344477600 0 0 0 0
1344470400 0 0 0 0
1344463200 0 0 0 0
1344456000 0 0 0 0
1344448800 0 0 0 0
1344441600 0 0 0 0
1344434400 0 0 0 0
1344427200 0 0 0 0
1344420000 0 0 0 0
1344412800 0 0 0 0
1344405600 0 0 0 0
1344398400 0 0 0 0
1344391200 0 0 0 0
1344384000 0 0 0 0
1344376800 0 0 0 0
1344369600 0 0 0 0
1344362400 0 0 0 0
1344355200 0 0 0 0
1344348000 0 0 0 0
1344340800 0 0 0 0
1344333600 0 0 0 0
1344326400 0 0 0 0
1344319200 0 0 0 0
1344312000 0 0 0 0
1344304800 0 0 0 0
1344297600 0 0 0 0
1344290400 0 0 0 0
1344283200 0 0 0 0
1344276000 0 0 0 0
1344268800 0 0 0 0
1344261600 0 0 0 0
1344254400 0 0 0 0
1344247200 0 0 0 0
1344240000 0 0 0 0
1344232800 0 0 0 0
1344225600 0 0 0 0
1344218400 0 0 0 0
1344211200 0 0 0 0
1344204000 0 0 0 0
1344196800 0 0 0 0
1344189600 0 0 0 0
1344182400 0 0 0 0
1344175200 0 0 0 0
1344168000 0 0 0 0
1344160800 0 0 0 0
1344153600 0 0 0 0
1344146400 0 0 0 0
1344139200 0 0 0 0
1344132000 0 0 0 0
1344124800 0 0 0 0
1344117600 0 0 0 0
1344110400 0 0 0 0
1344103200 0 0 0 0
1344096000 0 0 0 0
1344088800 0 0 0 0
1344081600 0 0 0 0
1344074400 0 0 0 0
1344067200 0 0 0 0
1344060000 0 0 0 0
1344052800 0 0 0 0
1344045600 0 0 0 0
1344038400 0 0 0 0
1344031200 0 0 0 0
1344024000 0 0 0 0
1344016800 0 0 0 0
1344009600 0 0 0 0
1344002400 0 0 0 0
1343995200 0 0 0 0
1343988000 0 0 0 0
1343980800 0 0 0 0
1343973600 0 0 0 0
1343966400 0 0 0 0
1343959200 0 0 0 0
1343952000 0 0 0 0
1343944800 0 0 0 0
1343937600 0 0 0 0
1343930400 0 0 0 0
1343923200 0 0 0 0
1343916000 0 0 0 0
1343908800 0 0 0 0
1343901600 0 0 0 0
1343894400 0 0 0 0
1343887200 0 0 0 0
1343880000 0 0 0 0
1343872800 0 0 0 0
1343865600 0 0 0 0
1343858400 0 0 0 0
1343851200 0 0 0 0
1343844000 0 0 0 0
1343836800 0 0 0 0
1343829600 0 0 0 0
1343822400 0 0 0 0
1343815200 0 0 0 0
1343808000 0 0 0 0
1343800800 0 0 0 0
1343793600 0 0 0 0
1343786400 0 0 0 0
1343779200 0 0 0 0
1343772000 0 0 0 0
1343764800 0 0 0 0
1343757600 0 0 0 0
1343750400 0 0 0 0
1343743200 0 0 0 0
1343736000 0 0 0 0
1343728800 0 0 0 0
1343721600 0 0 0 0
1343714400 0 0 0 0
1343707200 0 0 0 0
1343700000 0 0 0 0
1343692800 0 0 0 0
1343685600 0 0 0 0
1343678400 0 0 0 0
1343671200 0 0 0 0
1343664000 0 0 0 0
1343656800 0 0 0 0
1343649600 0 0 0 0
1343642400 0 0 0 0
1343635200 0 0 0 0
1343628000 0 0 0 0
1343620800 0 0 0 0
1343613600 0 0 0 0
1343606400 0 0 0 0
1343599200 0 0 0 0
1343592000 0 0 0 0
1343584800 0 0 0 0
1343577600 0 0 0 0
1343570400 0 0 0 0
1343563200 0 0 0 0
1343556000 0 0 0 0
1343548800 0 0 0 0
1343541600 0 0 0 0
1343534400 0 0 0 0
1343527200 0 0 0 0
1343520000 0 0 0 0
1343512800 0 0 0 0
1343505600 0 0 0 0
1343498400 0 0 0 0
1343491200 0 0 0 0
1343484000 0 0 0 0
1343476800 0 0 0 0
1343469600 0 0 0 0
1343462400 0 0 0 0
1343433600 0 0 0 0
1343347200 0 0 0 0
1343260800 0 0 0 0
1343174400 0 0 0 0
1343088000 0 0 0 0
1343001600 0 0 0 0
1342915200 0 0 0 0
1342828800 0 0 0 0
1342742400 0 0 0 0
1342656000 0 0 0 0
1342569600 0 0 0 0
1342483200 0 0 0 0
1342396800 0 0 0 0
1342310400 0 0 0 0
1342224000 0 0 0 0
1342137600 0 0 0 0
1342051200 0 0 0 0
1341964800 0 0 0 0
1341878400 0 0 0 0
1341792000 0 0 0 0
1341705600 0 0 0 0
1341619200 0 0 0 0
1341532800 0 0 0 0
1341446400 0 0 0 0
1341360000 0 0 0 0
1341273600 0 0 0 0
1341187200 0 0 0 0
1341100800 0 0 0 0
1341014400 0 0 0 0
1340928000 0 0 0 0
1340841600 0 0 0 0
1340755200 0 0 0 0
1340668800 0 0 0 0
1340582400 0 0 0 0
1340496000 0 0 0 0
1340409600 0 0 0 0
1340323200 0 0 0 0
1340236800 0 0 0 0
1340150400 0 0 0 0
1340064000 0 0 0 0
1339977600 0 0 0 0
1339891200 0 0 0 0
1339804800 0 0 0 0
1339718400 0 0 0 0
1339632000 0 0 0 0
1339545600 0 0 0 0
1339459200 0 0 0 0
1339372800 0 0 0 0
1339286400 0 0 0 0
1339200000 0 0 0 0
1339113600 0 0 0 0
1339027200 0 0 0 0
1338940800 0 0 0 0
1338854400 0 0 0 0
1338768000 0 0 0 0
1338681600 0 0 0 0
1338595200 0 0 0 0
1338508800 0 0 0 0
1338422400 0 0 0 0
1338336000 0 0 0 0
1338249600 0 0 0 0
1338163200 0 0 0 0
1338076800 0 0 0 0
1337990400 0 0 0 0
1337904000 0 0 0 0
1337817600 0 0 0 0
1337731200 0 0 0 0
1337644800 0 0 0 0
1337558400 0 0 0 0
1337472000 0 0 0 0
1337385600 0 0 0 0
1337299200 0 0 0 0
1337212800 0 0 0 0
1337126400 0 0 0 0
1337040000 0 0 0 0
1336953600 0 0 0 0
1336867200 0 0 0 0
1336780800 0 0 0 0
1336694400 0 0 0 0
1336608000 0 0 0 0
1336521600 0 0 0 0
1336435200 0 0 0 0
1336348800 0 0 0 0
1336262400 0 0 0 0
1336176000 0 0 0 0
1336089600 0 0 0 0
1336003200 0 0 0 0
1335916800 0 0 0 0
1335830400 0 0 0 0
1335744000 0 0 0 0
1335657600 0 0 0 0
1335571200 0 0 0 0
1335484800 0 0 0 0
1335398400 0 0 0 0
1335312000 0 0 0 0
1335225600 0 0 0 0
1335139200 0 0 0 0
1335052800 0 0 0 0
1334966400 0 0 0 0
1334880000 0 0 0 0
1334793600 0 0 0 0
1334707200 0 0 0 0
1334620800 0 0 0 0
1334534400 0 0 0 0
1334448000 0 0 0 0
1334361600 0 0 0 0
1334275200 0 0 0 0
1334188800 0 0 0 0
1334102400 0 0 0 0
1334016000 0 0 0 0
1333929600 0 0 0 0
1333843200 0 0 0 0
1333756800 0 0 0 0
1333670400 0 0 0 0
1333584000 0 0 0 0
1333497600 0 0 0 0
1333411200 0 0 0 0
1333324800 0 0 0 0
1333238400 0 0 0 0
1333152000 0 0 0 0
1333065600 0 0 0 0
1332979200 0 0 0 0
1332892800 0 0 0 0
1332806400 0 0 0 0
1332720000 0 0 0 0
1332633600 0 0 0 0
1332547200 0 0 0 0
1332460800 0 0 0 0
1332374400 0 0 0 0
1332288000 0 0 0 0
1332201600 0 0 0 0
1332115200 0 0 0 0
1332028800 0 0 0 0
1331942400 0 0 0 0
1331856000 0 0 0 0
1331769600 0 0 0 0
1331683200 0 0 0 0
1331596800 0 0 0 0
1331510400 0 0 0 0
1331424000 0 0 0 0
1331337600 0 0 0 0
1331251200 0 0 0 0
1331164800 0 0 0 0
1331078400 0 0 0 0
1330992000 0 0 0 0
1330905600 0 0 0 0
1330819200 0 0 0 0
1330732800 0 0 0 0
1330646400 0 0 0 0
1330560000 0 0 0 0
1330473600 0 0 0 0
1330387200 0 0 0 0
1330300800 0 0 0 0
1330214400 0 0 0 0
1330128000 0 0 0 0
1330041600 0 0 0 0
1329955200 0 0 0 0
1329868800 0 0 0 0
1329782400 0 0 0 0
1329696000 0 0 0 0
1329609600 0 0 0 0
1329523200 0 0 0 0
1329436800 0 0 0 0
1329350400 0 0 0 0
1329264000 0 0 0 0
1329177600 0 0 0 0
1329091200 0 0 0 0
1329004800 0 0 0 0
1328918400 0 0 0 0
1328832000 0 0 0 0
1328745600 0 0 0 0
1328659200 0 0 0 0
1328572800 0 0 0 0
1328486400 0 0 0 0
1328400000 0 0 0 0
1328313600 0 0 0 0
1328227200 0 0 0 0
1328140800 0 0 0 0
1328054400 0 0 0 0
1327968000 0 0 0 0
1327881600 0 0 0 0
1327795200 0 0 0 0
1327708800 0 0 0 0
1327622400 0 0 0 0
1327536000 0 0 0 0
1327449600 0 0 0 0
1327363200 0 0 0 0
1327276800 0 0 0 0
1327190400 0 0 0 0
1327104000 0 0 0 0
1327017600 0 0 0 0
1326931200 0 0 0 0
1326844800 0 0 0 0
1326758400 0 0 0 0
1326672000 0 0 0 0
1326585600 0 0 0 0
1326499200 0 0 0 0
1326412800 0 0 0 0
1326326400 0 0 0 0
1326240000 0 0 0 0
1326153600 0 0 0 0
1326067200 0 0 0 0
1325980800 0 0 0 0
1325894400 0 0 0 0
1325808000 0 0 0 0
1325721600 0 0 0 0
1325635200 0 0 0 0
1325548800 0 0 0 0
1325462400 0 0 0 0
1325376000 0 0 0 0
1325289600 0 0 0 0
1325203200 0 0 0 0
1325116800 0 0 0 0
1325030400 0 0 0 0
1324944000 0 0 0 0
1324857600 0 0 0 0
1324771200 0 0 0 0
1324684800 0 0 0 0
1324598400 0 0 0 0
1324512000 0 0 0 0
1324425600 0 0 0 0
1324339200 0 0 0 0
1324252800 0 0 0 0
1324166400 0 0 0 0
1324080000 0 0 0 0
1323993600 0 0 0 0
1323907200 0 0 0 0
1323820800 0 0 0 0
1323734400 0 0 0 0
1323648000 0 0 0 0
1323561600 0 0 0 0
1323475200 0 0 0 0
1323388800 0 0 0 0
1323302400 0 0 0 0
1323216000 0 0 0 0
1323129600 0 0 0 0
1323043200 0 0 0 0
1322956800 0 0 0 0
1322870400 0 0 0 0
1322784000 0 0 0 0
1322697600 0 0 0 0
1322611200 0 0 0 0
1322524800 0 0 0 0
1322438400 0 0 0 0
1322352000 0 0 0 0
1322265600 0 0 0 0
1322179200 0 0 0 0
1322092800 0 0 0 0
1322006400 0 0 0 0
1321920000 0 0 0 0
1321833600 0 0 0 0
1321747200 0 0 0 0
1321660800 0 0 0 0
1321574400 0 0 0 0
1321488000 0 0 0 0
1321401600 0 0 0 0
1321315200 0 0 0 0
1321228800 0 0 0 0
1321142400 0 0 0 0
1321056000 0 0 0 0
1320969600 0 0 0 0
1320883200 0 0 0 0
1320796800 0 0 0 0
1320710400 0 0 0 0
1320624000 0 0 0 0
1320537600 0 0 0 0
1320451200 0 0 0 0
1320364800 0 0 0 0
1320278400 0 0 0 0
1320192000 0 0 0 0
1320105600 0 0 0 0
1320019200 0 0 0 0
1319932800 0 0 0 0
1319846400 0 0 0 0
1319760000 0 0 0 0
1319673600 0 0 0 0
1319587200 0 0 0 0
1319500800 0 0 0 0
1319414400 0 0 0 0
1319328000 0 0 0 0
1319241600 0 0 0 0
1319155200 0 0 0 0
1319068800 0 0 0 0
1318982400 0 0 0 0
1318896000 0 0 0 0
1318809600 0 0 0 0
1318723200 0 0 0 0
1318636800 0 0 0 0
1318550400 0 0 0 0
1318464000 0 0 0 0
1318377600 0 0 0 0
1318291200 0 0 0 0
1318204800 0 0 0 0
1318118400 0 0 0 0
1318032000 0 0 0 0
1317945600 0 0 0 0
1317859200 0 0 0 0
1317772800 0 0 0 0
1317686400 0 0 0 0
1317600000 0 0 0 0
1317513600 0 0 0 0
1317427200 0 0 0 0
1317340800 0 0 0 0
1317254400 0 0 0 0
1317168000 0 0 0 0
1317081600 0 0 0 0
1316995200 0 0 0 0
1316908800 0 0 0 0
1316822400 0 0 0 0
1316736000 0 0 0 0
1316649600 0 0 0 0
1316563200 0 0 0 0
1316476800 0 0 0 0
1316390400 0 0 0 0
1316304000 0 0 0 0
1316217600 0 0 0 0
1316131200 0 0 0 0
1316044800 0 0 0 0
1315958400 0 0 0 0
1315872000 0 0 0 0
1315785600 0 0 0 0
1315699200 0 0 0 0
1315612800 0 0 0 0
1315526400 0 0 0 0
1315440000 0 0 0 0
1315353600 0 0 0 0
1315267200 0 0 0 0
1315180800 0 0 0 0
1315094400 0 0 0 0
1315008000 0 0 0 0
1314921600 0 0 0 0
1314835200 0 0 0 0
1314748800 0 0 0 0
1314662400 0 0 0 0
1314576000 0 0 0 0
1314489600 0 0 0 0
1314403200 0 0 0 0
1314316800 0 0 0 0
1314230400 0 0 0 0
1314144000 0 0 0 0
1314057600 0 0 0 0
1313971200 0 0 0 0
1313884800 0 0 0 0
1313798400 0 0 0 0
1313712000 0 0 0 0
1313625600 0 0 0 0
1313539200 0 0 0 0
1313452800 0 0 0 0
1313366400 0 0 0 0
1313280000 0 0 0 0
1313193600 0 0 0 0
1313107200 0 0 0 0
1313020800 0 0 0 0
1312934400 0 0 0 0
1312848000 0 0 0 0
1312761600 0 0 0 0
1312675200 0 0 0 0
1312588800 0 0 0 0
1312502400 0 0 0 0
1312416000 0 0 0 0
1312329600 0 0 0 0
1312243200 0 0 0 0
1312156800 0 0 0 0
1312070400 0 0 0 0
1311984000 0 0 0 0
1311897600 0 0 0 0
1311811200 0 0 0 0
1311724800 0 0 0 0
1311638400 0 0 0 0
1311552000 0 0 0 0
1311465600 0 0 0 0
1311379200 0 0 0 0
1311292800 0 0 0 0
1311206400 0 0 0 0
1311120000 0 0 0 0
1311033600 0 0 0 0
1310947200 0 0 0 0
1310860800 0 0 0 0
1310774400 0 0 0 0
1310688000 0 0 0 0
1310601600 0 0 0 0
1310515200 0 0 0 0
1310428800 0 0 0 0
1310342400 0 0 0 0
1310256000 0 0 0 0
1310169600 0 0 0 0
1310083200 0 0 0 0
1309996800 0 0 0 0
1309910400 0 0 0 0
1309824000 0 0 0 0
1309737600 0 0 0 0
1309651200 0 0 0 0
1309564800 0 0 0 0
1309478400 0 0 0 0
1309392000 0 0 0 0
1309305600 0 0 0 0
1309219200 0 0 0 0
1309132800 0 0 0 0
1309046400 0 0 0 0
1308960000 0 0 0 0
1308873600 0 0 0 0
1308787200 0 0 0 0
1308700800 0 0 0 0
1308614400 0 0 0 0
1308528000 0 0 0 0
1308441600 0 0 0 0
1308355200 0 0 0 0
1308268800 0 0 0 0
1308182400 0 0 0 0
1308096000 0 0 0 0
1308009600 0 0 0 0
1307923200 0 0 0 0
1307836800 0 0 0 0
1307750400 0 0 0 0
1307664000 0 0 0 0
1307577600 0 0 0 0
1307491200 0 0 0 0
1307404800 0 0 0 0
1307318400 0 0 0 0
1307232000 0 0 0 0
1307145600 0 0 0 0
1307059200 0 0 0 0
1306972800 0 0 0 0
1306886400 0 0 0 0
1306800000 0 0 0 0
1306713600 0 0 0 0
1306627200 0 0 0 0
1306540800 0 0 0 0
1306454400 0 0 0 0
1306368000 0 0 0 0
1306281600 0 0 0 0
1306195200 0 0 0 0
1306108800 0 0 0 0
1306022400 0 0 0 0
1305936000 0 0 0 0
1305849600 0 0 0 0
1305763200 0 0 0 0
1305676800 0 0 0 0
1305590400 0 0 0 0
1305504000 0 0 0 0
1305417600 0 0 0 0
1305331200 0 0 0 0
1305244800 0 0 0 0
1305158400 0 0 0 0
1305072000 0 0 0 0
1304985600 0 0 0 0
1304899200 0 0 0 0
1304812800 0 0 0 0
1304726400 0 0 0 0
1304640000 0 0 0 0
1304553600 0 0 0 0
1304467200 0 0 0 0
1304380800 0 0 0 0
1304294400 0 0 0 0
1304208000 0 0 0 0
1304121600 0 0 0 0
1304035200 0 0 0 0
1303948800 0 0 0 0
1303862400 0 0 0 0
1303776000 0 0 0 0
1303689600 0 0 0 0
1303603200 0 0 0 0
1303516800 0 0 0 0
1303430400 0 0 0 0
1303344000 0 0 0 0
1303257600 0 0 0 0
1303171200 0 0 0 0
1303084800 0 0 0 0
1302998400 0 0 0 0
1302912000 0 0 0 0
1302825600 0 0 0 0
1302739200 0 0 0 0
1302652800 0 0 0 0
1302566400 0 0 0 0
1302480000 0 0 0 0
1302393600 0 0 0 0
1302307200 0 0 0 0
1302220800 0 0 0 0
1302134400 0 0 0 0
1302048000 0 0 0 0
1301961600 0 0 0 0
1301875200 0 0 0 0
1301788800 0 0 0 0
1301702400 0 0 0 0
1301616000 0 0 0 0
1301529600 0 0 0 0
1301443200 0 0 0 0
1301356800 0 0 0 0
1301270400 0 0 0 0
1301184000 0 0 0 0
1301097600 0 0 0 0
1301011200 0 0 0 0
1300924800 0 0 0 0
1300838400 0 0 0 0
1300752000 0 0 0 0
1300665600 0 0 0 0
1300579200 0 0 0 0
1300492800 0 0 0 0
1300406400 0 0 0 0
1300320000 0 0 0 0
1300233600 0 0 0 0
1300147200 0 0 0 0
1300060800 0 0 0 0
1299974400 0 0 0 0
1299888000 0 0 0 0
1299801600 0 0 0 0
1299715200 0 0 0 0
1299628800 0 0 0 0
1299542400 0 0 0 0
1299456000 0 0 0 0
1299369600 0 0 0 0
1299283200 0 0 0 0
1299196800 0 0 0 0
1299110400 0 0 0 0
1299024000 0 0 0 0
1298937600 0 0 0 0
1298851200 0 0 0 0
1298764800 0 0 0 0
1298678400 0 0 0 0
1298592000 0 0 0 0
1298505600 0 0 0 0
1298419200 0 0 0 0
1298332800 0 0 0 0
1298246400 0 0 0 0
1298160000 0 0 0 0
1298073600 0 0 0 0
1297987200 0 0 0 0
1297900800 0 0 0 0
1297814400 0 0 0 0
1297728000 0 0 0 0
1297641600 0 0 0 0
1297555200 0 0 0 0
1297468800 0 0 0 0
1297382400 0 0 0 0
1297296000 0 0 0 0
1297209600 0 0 0 0
1297123200 0 0 0 0
1297036800 0 0 0 0
1296950400 0 0 0 0
1296864000 0 0 0 0
1296777600 0 0 0 0
1296691200 0 0 0 0
1296604800 0 0 0 0
1296518400 0 0 0 0
1296432000 0 0 0 0
1296345600 0 0 0 0
1296259200 0 0 0 0
1296172800 0 0 0 0
1296086400 0 0 0 0
1296000000 0 0 0 0
1295913600 0 0 0 0
1295827200 0 0 0 0
1295740800 0 0 0 0
1295654400 0 0 0 0
1295568000 0 0 0 0
1295481600 0 0 0 0
1295395200 0 0 0 0
1295308800 0 0 0 0
1295222400 0 0 0 0
1295136000 0 0 0 0
1295049600 0 0 0 0
1294963200 0 0 0 0
1294876800 0 0 0 0
1294790400 0 0 0 0
1294704000 0 0 0 0
1294617600 0 0 0 0
1294531200 0 0 0 0
1294444800 0 0 0 0
1294358400 0 0 0 0
1294272000 0 0 0 0
1294185600 0 0 0 0
1294099200 0 0 0 0
1294012800 0 0 0 0
1293926400 0 0 0 0
1293840000 0 0 0 0
1293753600 0 0 0 0
1293667200 0 0 0 0
1293580800 0 0 0 0
1293494400 0 0 0 0
1293408000 0 0 0 0
1293321600 0 0 0 0
1293235200 0 0 0 0
1293148800 0 0 0 0
1293062400 0 0 0 0
1292976000 0 0 0 0
1292889600 0 0 0 0
1292803200 0 0 0 0
1292716800 0 0 0 0
1292630400 0 0 0 0
1292544000 0 0 0 0
1292457600 0 0 0 0
1292371200 0 0 0 0
1292284800 0 0 0 0
1292198400 0 0 0 0
1292112000 0 0 0 0
1292025600 0 0 0 0
1291939200 0 0 0 0
1291852800 0 0 0 0
1291766400 0 0 0 0
1291680000 0 0 0 0
1291593600 0 0 0 0
1291507200 0 0 0 0
1291420800 0 0 0 0
1291334400 0 0 0 0
1291248000 0 0 0 0
1291161600 0 0 0 0
1291075200 0 0 0 0
1290988800 0 0 0 0
1290902400 0 0 0 0
1290816000 0 0 0 0
1290729600 0 0 0 0
1290643200 0 0 0 0
1290556800 0 0 0 0
1290470400 0 0 0 0
1290384000 0 0 0 0
1290297600 0 0 0 0
1290211200 0 0 0 0
1290124800 0 0 0 0
1290038400 0 0 0 0
1289952000 0 0 0 0
1289865600 0 0 0 0
1289779200 0 0 0 0
1289692800 0 0 0 0
1289606400 0 0 0 0
1289520000 0 0 0 0
1289433600 0 0 0 0
1289347200 0 0 0 0
1289260800 0 0 0 0
1289174400 0 0 0 0
1289088000 0 0 0 0
1289001600 0 0 0 0
1288915200 0 0 0 0
1288828800 0 0 0 0
1288742400 0 0 0 0
1288656000 0 0 0 0
1288569600 0 0 0 0
1288483200 0 0 0 0
1288396800 0 0 0 0
1288310400 0 0 0 0
1288224000 0 0 0 0
1288137600 0 0 0 0
1288051200 0 0 0 0
1287964800 0 0 0 0
1287878400 0 0 0 0
1287792000 0 0 0 0
1287705600 0 0 0 0
1287619200 0 0 0 0
1287532800 0 0 0 0
1287446400 0 0 0 0
1287360000 0 0 0 0
1287273600 0 0 0 0
1287187200 0 0 0 0
1287100800 0 0 0 0
1287014400 0 0 0 0
1286928000 0 0 0 0
1286841600 0 0 0 0
1286755200 0 0 0 0
1286668800 0 0 0 0
1286582400 0 0 0 0
1286496000 0 0 0 0
1286409600 0 0 0 0
1286323200 0 0 0 0
1286236800 0 0 0 0
1286150400 0 0 0 0
1286064000 0 0 0 0
1285977600 0 0 0 0
1285891200 0 0 0 0
1285804800 0 0 0 0
1285718400 0 0 0 0
1285632000 0 0 0 0
1285545600 0 0 0 0
1285459200 0 0 0 0
1285372800 0 0 0 0
1285286400 0 0 0 0
1285200000 0 0 0 0
1285113600 0 0 0 0
1285027200 0 0 0 0
1284940800 0 0 0 0
1284854400 0 0 0 0
1284768000 0 0 0 0
1284681600 0 0 0 0
1284595200 0 0 0 0
1284508800 0 0 0 0
1284422400 0 0 0 0
1284336000 0 0 0 0
1284249600 0 0 0 0
1284163200 0 0 0 0
1284076800 0 0 0 0
1283990400 0 0 0 0
1283904000 0 0 0 0
1283817600 0 0 0 0
1283731200 0 0 0 0
1283644800 0 0 0 0
1283558400 0 0 0 0
1283472000 0 0 0 0
1283385600 0 0 0 0
1283299200 0 0 0 0
1283212800 0 0 0 0
1283126400 0 0 0 0
1283040000 0 0 0 0
1282953600 0 0 0 0
1282867200 0 0 0 0
1282780800 0 0 0 0
1282694400 0 0 0 0
1282608000 0 0 0 0
1282521600 0 0 0 0
1282435200 0 0 0 0
1282348800 0 0 0 0
1282262400 0 0 0 0
1282176000 0 0 0 0
1282089600 0 0 0 0
1282003200 0 0 0 0
1281916800 0 0 0 0
1281830400 0 0 0 0
1281744000 0 0 0 0
1281657600 0 0 0 0
1281571200 0 0 0 0
1281484800 0 0 0 0
1281398400 0 0 0 0
1281312000 0 0 0 0
1281225600 0 0 0 0
1281139200 0 0 0 0
1281052800 0 0 0 0
1280966400 0 0 0 0
1280880000 0 0 0 0
1280793600 0 0 0 0
1280707200 0 0 0 0
1280620800 0 0 0 0
1280534400 0 0 0 0
1280448000 0 0 0 0
1280361600 0 0 0 0
1280275200 0 0 0 0
