1349043001 0 0
1349043001 0 0 0 0
1349042701 0 0 0 0
1349042700 1 0 378 0
1349042400 378 0 378 0
1349042100 378 0 378 0
1349041800 378 0 383 0
1349041500 383 0 383 0
1349041200 383 0 383 0
1349040900 382 0 383 0
1349040600 382 0 382 0
1349040300 382 0 382 0
1349040000 381 0 382 0
1349039700 375 0 375 0
1349039400 375 0 375 0
1349039100 373 0 375 0
1349038800 0 0 0 0
1349038500 0 0 0 0
1349038200 1 0 380 0
1349037900 380 0 380 0
1349037600 380 0 380 0
1349037300 379 0 380 0
1349037000 377 0 377 0
1349036700 377 0 377 0
1349036400 376 0 377 0
1349036100 372 0 372 0
1349035800 372 0 372 0
1349035500 371 0 372 0
1349035200 370 0 370 0
1349034900 370 0 370 0
1349034600 368 0 370 0
1349034300 0 0 0 0
1349034000 0 0 0 0
1349033700 1 0 383 0
1349033400 383 0 383 0
1349033100 383 0 383 0
1349032800 382 0 383 0
1349032500 375 0 375 0
1349032200 375 0 375 0
1349031900 375 0 376 0
1349031600 376 0 376 0
1349031300 376 0 376 0
1349031000 376 0 381 0
1349030700 381 0 381 0
1349030400 381 0 381 0
1349030100 379 0 381 0
1349029800 0 0 0 0
1349029500 0 0 0 0
1349029200 0 0 0 0
1349028900 0 0 0 0
1349028600 0 0 0 0
1349028300 1 0 377 0
1349028000 377 0 377 0
1349027700 377 0 377 0
1349027400 377 0 391 0
1349027100 391 0 391 0
1349026800 391 0 391 0
1349026500 390 0 391 0
1349026200 390 0 390 0
1349025900 390 0 390 0
1349025600 389 0 390 0
1349025300 381 0 381 0
1349025000 381 0 381 0
1349024700 381 0 386 0
1349024400 386 0 386 0
1349024100 386 0 386 0
1349023800 384 0 386 0
1349023500 0 0 0 0
1349023200 0 0 0 0
1349022900 2 0 384 0
1349022600 384 0 384 0
1349022300 384 0 384 0
1349022000 384 0 387 0
1349021700 387 0 387 0
1349021400 387 0 387 0
1349021100 386 0 387 0
1349020800 385 0 385 0
1349020500 385 0 385 0
1349020200 385 0 387 0
1349019900 387 0 387 0
1349019600 387 0 387 0
1349019300 387 0 394 0
1349019000 394 0 394 0
1349018700 394 0 394 0
1349018400 392 0 394 0
1349018100 0 0 0 0
1349017800 0 0 0 0
1349017500 0 0 0 0
1349017200 0 0 0 0
1349016900 0 0 0 0
1349016600 1 0 394 0
1349016300 394 0 394 0
1349016000 394 0 394 0
1349015700 394 0 394 0
1349015400 394 0 394 0
1349015100 394 0 394 0
1349014800 392 0 394 0
1349014500 0 0 0 0
1349014200 0 0 0 0
1349013900 2 0 405 0
1349013600 405 0 405 0
1349013300 405 0 405 0
1349013000 403 0 405 0
1349012700 0 0 0 0
1349012400 0 0 0 0
1349012100 0 0 0 0
1349011800 0 0 0 0
1349011500 0 0 0 0
1349011200 0 0 0 0
1349010900 0 0 0 0
1349010600 0 0 0 0
1349010300 1 0 401 0
1349010000 401 0 401 0
1349009700 401 0 401 0
1349009400 398 0 401 0
1349009100 0 0 0 0
1349008800 0 0 0 0
1349008500 0 0 0 0
1349008200 0 0 0 0
1349007900 0 0 0 0
1349007600 0 0 0 0
1349007300 0 0 0 0
1349007000 0 0 0 0
1349006700 2 0 398 0
1349006400 398 0 398 0
1349006100 398 0 398 0
1349005800 396 0 398 0
1349005500 0 0 0 0
1349005200 0 0 0 0
1349004900 0 0 0 0
1349004600 0 0 0 0
1349004300 0 0 0 0
1349004000 1 0 376 0
1349003700 376 0 376 0
1349003400 376 0 376 0
1349003100 375 0 376 0
1349002800 374 0 374 0
1349002500 374 0 374 0
1349002200 372 0 374 0
1349001900 0 0 0 0
1349001600 0 0 0 0
1349001300 0 0 0 0
1349001000 0 0 0 0
1349000700 0 0 0 0
1349000400 1 0 375 0
1349000100 375 0 375 0
1348999800 375 0 375 0
1348999500 373 0 375 0
1348999200 0 0 0 0
1348998900 0 0 0 0
1348998600 1 0 374 0
1348998300 374 0 374 0
1348998000 374 0 374 0
1348997700 373 0 374 0
1348997400 365 0 365 0
1348997100 365 0 365 0
1348996800 365 0 373 0
1348996500 373 0 373 0
1348996200 373 0 373 0
1348995900 373 0 373 0
1348995600 373 0 373 0
1348995300 373 0 373 0
1348995000 372 0 373 0
1348994700 369 0 369 0
1348994400 369 0 369 0
1348994100 369 0 376 0
1348993800 376 0 376 0
1348993500 376 0 376 0
1348993200 375 0 376 0
1348992900 369 0 369 0
1348992600 369 0 369 0
1348992300 368 0 369 0
1348992000 365 0 365 0
1348991700 365 0 365 0
1348991400 365 0 378 0
1348991100 378 0 378 0
1348990800 378 0 378 0
1348990500 377 0 378 0
1348990200 369 0 369 0
1348989900 369 0 369 0
1348989600 369 0 372 0
1348989300 372 0 372 0
1348989000 372 0 372 0
1348988700 372 0 372 0
1348988400 372 0 372 0
1348988100 372 0 372 0
1348987800 372 0 375 0
1348987500 375 0 375 0
1348987200 375 0 375 0
1348986900 374 0 375 0
1348986600 369 0 369 0
1348986300 369 0 369 0
1348986000 369 0 370 0
1348985700 370 0 370 0
1348985400 370 0 370 0
1348985100 369 0 370 0
1348984800 365 0 365 0
1348984500 365 0 365 0
1348984200 364 0 365 0
1348983900 363 0 363 0
1348983600 363 0 363 0
1348983300 362 0 363 0
1348983000 356 0 356 0
1348982700 356 0 356 0
1348982400 354 0 356 0
1348982100 0 0 0 0
1348981800 0 0 0 0
1348981500 2 0 359 0
1348981200 359 0 359 0
1348980900 359 0 359 0
1348980600 359 0 359 0
1348980300 359 0 359 0
1348980000 359 0 359 0
1348979700 358 0 359 0
1348979400 356 0 356 0
1348979100 356 0 356 0
1348978800 356 0 363 0
1348978500 363 0 363 0
1348978200 363 0 363 0
1348977900 362 0 363 0
1348977600 359 0 359 0
1348977300 359 0 359 0
1348977000 358 0 359 0
1348976700 346 0 346 0
1348976400 346 0 346 0
1348976100 346 0 364 0
1348975800 364 0 364 0
1348975500 364 0 364 0
1348975200 364 0 364 0
1348974900 364 0 364 0
1348974600 364 0 364 0
1348974300 363 0 364 0
1348974000 353 0 353 0
1348973700 353 0 353 0
1348973400 353 0 360 0
1348973100 360 0 360 0
1348972800 360 0 360 0
1348972500 359 0 360 0
1348972200 357 0 357 0
1348971900 357 0 357 0
1348971600 357 0 364 0
1348971300 364 0 364 0
1348971000 364 0 364 0
1348970700 364 0 403 0
1348970400 403 0 403 0
1348970100 403 0 403 0
1348969800 402 0 403 0
1348969500 347 0 347 0
1348969200 347 0 347 0
1348968900 347 0 347 0
1348968600 347 0 347 0
1348968300 347 0 347 0
1348968000 346 0 347 0
1348967700 337 0 337 0
1348967400 337 0 337 0
1348967100 337 0 347 0
1348966800 347 0 347 0
1348966500 347 0 347 0
1348966200 346 0 347 0
1348965900 342 0 342 0
1348965600 342 0 342 0
1348965300 341 0 342 0
1348965000 337 0 337 0
1348964700 337 0 337 0
1348964400 336 0 337 0
1348964100 335 0 335 0
1348963800 335 0 335 0
1348963500 335 0 335 0
1348963200 335 0 335 0
1348962900 335 0 335 0
1348962600 334 0 335 0
1348962300 327 0 327 0
1348962000 327 0 327 0
1348961700 327 0 342 0
1348961400 342 0 342 0
1348961100 342 0 342 0
1348960800 342 0 342 0
1348960500 342 0 342 0
1348960200 342 0 342 0
1348959900 340 0 342 0
1348959600 0 0 0 0
1348959300 0 0 0 0
1348959000 1 0 336 0
1348958700 336 0 336 0
1348958400 336 0 336 0
1348958100 336 0 336 0
1348957800 336 0 336 0
1348957500 336 0 336 0
1348957200 334 0 336 0
1348956900 0 0 0 0
1348956600 0 0 0 0
1348956300 1 0 347 0
1348956000 347 0 347 0
1348955700 347 0 347 0
1348955400 347 0 355 0
1348955100 355 0 355 0
1348954800 355 0 355 0
1348954500 355 0 355 0
1348954200 355 0 355 0
1348953900 355 0 355 0
1348953600 354 0 355 0
1348953300 348 0 348 0
1348953000 348 0 348 0
1348952700 347 0 348 0
1348952400 341 0 341 0
1348952100 341 0 341 0
1348951800 339 0 341 0
1348951500 0 0 0 0
1348951200 0 0 0 0
1348950900 0 0 0 0
1348950600 0 0 0 0
1348950300 0 0 0 0
1348950000 0 0 0 0
1348949700 0 0 0 0
1348949400 0 0 0 0
1348949100 1 0 355 0
1348948800 355 0 355 0
1348948500 355 0 355 0
1348948200 355 0 357 0
1348947900 357 0 357 0
1348947600 357 0 357 0
1348947300 357 0 357 0
1348947000 357 0 357 0
1348946700 357 0 357 0
1348946400 357 0 358 0
1348946100 358 0 358 0
1348945800 358 0 358 0
1348945500 358 0 359 0
1348945200 359 0 359 0
1348944900 359 0 359 0
1348944600 358 0 359 0
1348944300 350 0 350 0
1348944000 350 0 350 0
1348943700 350 0 355 0
1348943400 355 0 355 0
1348943100 355 0 355 0
1348942800 354 0 355 0
1348942500 352 0 352 0
1348942200 352 0 352 0
1348941900 351 0 352 0
1348941600 349 0 349 0
1348941300 349 0 349 0
1348941000 349 0 349 0
1348940700 349 0 349 0
1348940400 349 0 349 0
1348940100 348 0 349 0
1348939800 346 0 346 0
1348939500 346 0 346 0
1348939200 346 0 352 0
1348938900 352 0 352 0
1348938600 352 0 352 0
1348938300 352 0 352 0
1348938000 352 0 352 0
1348937700 352 0 352 0
1348937400 352 0 354 0
1348937100 354 0 354 0
1348936800 354 0 354 0
1348936500 354 0 355 0
1348936200 355 0 355 0
1348935900 355 0 355 0
1348935600 354 0 355 0
1348935300 354 0 354 0
1348935000 354 0 354 0
1348934700 354 0 360 0
1348934400 360 0 360 0
1348934100 360 0 360 0
1348933800 359 0 360 0
1348933500 356 0 356 0
1348933200 356 0 356 0
1348932900 355 0 356 0
1348932600 353 0 353 0
1348932300 353 0 353 0
1348932000 352 0 353 0
1348931700 347 0 347 0
1348931400 347 0 347 0
1348931100 347 0 347 0
1348930800 347 0 347 0
1348930500 347 0 347 0
1348930200 347 0 360 0
1348929900 360 0 360 0
1348929600 360 0 360 0
1348929300 359 0 360 0
1348929000 343 0 343 0
1348928700 343 0 343 0
1348928400 342 0 343 0
1348928100 338 0 338 0
1348927800 338 0 338 0
1348927500 338 0 338 0
1348927200 338 0 338 0
1348926900 338 0 338 0
1348926600 337 0 338 0
1348926300 326 0 326 0
1348926000 326 0 326 0
1348925700 326 0 326 0
1348925400 326 0 326 0
1348925100 326 0 326 0
1348924800 325 0 326 0
1348924500 313 0 313 0
1348924200 313 0 313 0
1348923900 312 0 313 0
1348923600 307 0 307 0
1348923300 307 0 307 0
1348923000 306 0 307 0
1348922700 289 0 289 0
1348922400 289 0 289 0
1348922100 288 0 289 0
1348921800 283 0 283 0
1348921500 283 0 283 0
1348921200 282 0 283 0
1348920900 269 0 269 0
1348920600 269 0 269 0
1348920300 268 0 269 0
1348920000 259 0 259 0
1348919700 259 0 259 0
1348919400 258 0 259 0
1348919100 254 0 254 0
1348918800 254 0 254 0
1348918500 253 0 254 0
1348918200 246 0 246 0
1348917900 246 0 246 0
1348917600 245 0 246 0
1348917300 237 0 237 0
1348917000 237 0 237 0
1348916700 236 0 237 0
1348916400 208 0 208 0
1348916100 208 0 208 0
1348915800 207 0 208 0
1348915500 182 0 182 0
1348915200 182 0 182 0
1348914900 181 0 182 0
1348914600 160 0 160 0
1348914300 160 0 160 0
1348914000 159 0 160 0
1348913700 25 0 25 0
1348913400 25 0 25 0
1348913100 24 0 25 0
1348912800 0 0 0 0
1348912500 0 0 0 0
1348912200 0 0 0 0
1348911900 0 0 0 0
1348911600 0 0 0 0
1348911300 0 0 0 0
1348911000 0 0 0 0
1348910700 0 0 0 0
1348910400 0 0 0 0
1348910100 0 0 0 0
1348909800 0 0 0 0
1348909500 0 0 0 0
1348909200 0 0 0 0
1348908900 0 0 0 0
1348908600 1 0 443 0
1348908300 443 0 443 0
1348908000 443 0 443 0
1348907700 443 0 445 0
1348907400 445 0 445 0
1348907100 445 0 445 0
1348906800 445 0 445 0
1348906500 444 0 445 0
1348906200 435 0 435 0
1348905900 435 0 435 0
1348905600 435 0 435 0
1348905300 435 0 435 0
1348905000 435 0 443 0
1348904700 443 0 443 0
1348904400 443 0 443 0
1348904100 442 0 443 0
1348903800 433 0 433 0
1348903500 433 0 433 0
1348903200 433 0 433 0
1348902900 433 0 433 0
1348902600 433 0 433 0
1348902300 432 0 433 0
1348902000 429 0 429 0
1348901700 429 0 429 0
1348901400 429 0 429 0
1348901100 429 0 429 0
1348900800 429 0 429 0
1348900500 428 0 429 0
1348900200 426 0 426 0
1348899900 426 0 426 0
1348899600 425 0 426 0
1348899300 423 0 423 0
1348899000 423 0 423 0
1348898700 423 0 426 0
1348898400 426 0 426 0
1348898100 426 0 426 0
1348897800 425 0 426 0
1348897500 425 0 425 0
1348897200 425 0 425 0
1348896900 424 0 425 0
1348896600 421 0 421 0
1348896300 421 0 421 0
1348896000 421 0 424 0
1348895700 424 0 424 0
1348895400 424 0 424 0
1348895100 424 0 439 0
1348894800 439 0 439 0
1348894500 439 0 439 0
1348894200 438 0 439 0
1348893900 434 0 434 0
1348893600 434 0 434 0
1348893300 433 0 434 0
1348893000 433 0 433 0
1348892700 433 0 433 0
1348892400 433 0 434 0
1348892100 434 0 434 0
1348891800 434 0 434 0
1348891500 434 0 435 0
1348891200 435 0 435 0
1348890900 435 0 435 0
1348890600 434 0 435 0
1348890300 434 0 434 0
1348890000 434 0 434 0
1348889700 433 0 434 0
1348889400 419 0 419 0
1348889100 419 0 419 0
1348888800 419 0 426 0
1348888500 426 0 426 0
1348888200 426 0 426 0
1348887900 425 0 426 0
1348887600 422 0 422 0
1348887300 422 0 422 0
1348887000 421 0 422 0
1348886700 419 0 419 0
1348886400 419 0 419 0
1348886100 419 0 425 0
1348885800 425 0 425 0
1348885500 425 0 425 0
1348885200 425 0 425 0
1348884900 425 0 425 0
1348884600 425 0 425 0
1348884300 424 0 425 0
1348884000 419 0 419 0
1348883700 419 0 419 0
1348883400 419 0 419 0
1348883100 419 0 419 0
1348882800 419 0 419 0
1348882500 419 0 459 0
1348882200 459 0 459 0
1348881900 459 0 459 0
1348881600 458 0 459 0
1348881300 452 0 452 0
1348881000 452 0 452 0
1348880700 451 0 452 0
1348880400 414 0 414 0
1348880100 414 0 414 0
1348879800 413 0 414 0
1348879500 410 0 410 0
1348879200 410 0 410 0
1348878900 410 0 414 0
1348878600 414 0 414 0
1348878300 414 0 414 0
1348878000 413 0 414 0
1348877700 405 0 405 0
1348877400 405 0 405 0
1348877100 405 0 409 0
1348876800 409 0 409 0
1348876500 409 0 409 0
1348876200 408 0 409 0
1348875900 403 0 403 0
1348875600 403 0 403 0
1348875300 403 0 413 0
1348875000 413 0 413 0
1348874700 413 0 413 0
1348874400 412 0 413 0
1348874100 402 0 402 0
1348873800 402 0 402 0
1348873500 402 0 406 0
1348873200 406 0 406 0
1348872900 406 0 406 0
1348872600 406 0 408 0
1348872300 408 0 408 0
1348872000 408 0 408 0
1348871700 408 0 408 0
1348871400 408 0 408 0
1348871100 408 0 408 0
1348870800 406 0 408 0
1348870500 0 0 0 0
1348870200 0 0 0 0
1348869900 1 0 411 0
1348869600 411 0 411 0
1348869300 411 0 411 0
1348869000 410 0 411 0
1348868700 400 0 400 0
1348868400 400 0 400 0
1348868100 400 0 401 0
1348867800 401 0 401 0
1348867500 401 0 401 0
1348867200 401 0 404 0
1348866900 404 0 404 0
1348866600 404 0 404 0
1348866300 404 0 404 0
1348866000 404 0 404 0
1348865700 404 0 404 0
1348865400 404 0 407 0
1348865100 407 0 407 0
1348864800 407 0 407 0
1348864500 404 0 407 0
1348864200 0 0 0 0
1348863900 0 0 0 0
1348863600 1 0 415 0
1348863300 415 0 415 0
1348863000 415 0 415 0
1348862400 411 0 415 0
1348860600 404 0 408 0
1348858800 206 0 413 0
1348857000 205 0 413 0
1348855200 406 0 416 0
1348853400 412 0 426 0
1348851600 422 0 426 0
1348849800 423 0 434 0
1348848000 435 0 440 0
1348846200 438 0 443 0
1348844400 437 0 448 0
1348842600 441 0 448 0
1348840800 433 0 443 0
1348839000 443 0 445 0
1348837200 443 0 447 0
1348835400 428 0 432 0
1348833600 430 0 432 0
1348831800 426 0 430 0
1348830000 430 0 438 0
1348828200 437 0 438 0
1348826400 424 0 437 0
1348824600 429 0 437 0
1348822800 426 0 426 0
1348821000 426 0 433 0
1348819200 428 0 433 0
1348817400 419 0 424 0
1348815600 424 0 426 0
1348813800 420 0 425 0
1348812000 419 0 420 0
1348810200 418 0 429 0
1348808400 430 0 434 0
1348806600 421 0 426 0
1348804800 416 0 420 0
1348803000 416 0 429 0
1348801200 426 0 429 0
1348799400 419 0 428 0
1348797600 427 0 428 0
1348795800 447 0 473 0
1348794000 408 0 410 0
1348792200 413 0 418 0
1348790400 412 0 416 0
1348788600 411 0 416 0
1348786800 406 0 418 0
1348785000 208 0 418 0
1348783200 410 0 413 0
1348781400 410 0 412 0
1348779600 206 0 415 0
1348777800 405 0 418 0
1348776000 417 0 418 0
1348774200 417 0 418 0
1348772400 419 0 426 0
1348770600 422 0 426 0
1348768800 424 0 426 0
1348767000 419 0 432 0
1348765200 431 0 432 0
1348763400 424 0 428 0
1348761600 429 0 433 0
1348759800 427 0 433 0
1348758000 426 0 433 0
1348756200 423 0 426 0
1348754400 420 0 427 0
1348752600 424 0 438 0
1348750800 433 0 438 0
1348749000 428 0 432 0
1348747200 425 0 426 0
1348745400 419 0 431 0
1348743600 427 0 431 0
1348741800 427 0 430 0
1348740000 424 0 425 0
1348738200 424 0 428 0
1348736400 424 0 435 0
1348734600 431 0 435 0
1348732800 422 0 424 0
1348731000 424 0 426 0
1348729200 426 0 433 0
1348727400 431 0 433 0
1348725600 425 0 432 0
1348723800 424 0 429 0
1348722000 421 0 423 0
1348720200 419 0 423 0
1348718400 407 0 418 0
1348716600 413 0 418 0
1348714800 406 0 413 0
1348713000 406 0 412 0
1348711200 398 0 403 0
1348709400 416 0 445 0
1348707600 395 0 395 0
1348705800 391 0 395 0
1348704000 386 0 390 0
1348702200 376 0 380 0
1348700400 378 0 386 0
1348698600 192 0 386 0
1348696800 374 0 375 0
1348695000 375 0 381 0
1348693200 381 0 384 0
1348691400 376 0 382 0
1348689600 383 0 387 0
1348687800 379 0 386 0
1348686000 379 0 381 0
1348684200 384 0 400 0
1348682400 394 0 400 0
1348680600 392 0 397 0
1348678800 395 0 407 0
1348677000 402 0 407 0
1348675200 395 0 399 0
1348673400 378 0 390 0
1348671600 380 0 390 0
1348669800 350 0 357 0
1348668000 341 0 341 0
1348666200 338 0 341 0
1348664400 334 0 352 0
1348662600 345 0 352 0
1348660800 325 0 326 0
1348659000 313 0 322 0
1348657200 309 0 310 0
1348655400 305 0 313 0
1348653600 306 0 313 0
1348651800 293 0 298 0
1348650000 292 0 300 0
1348648200 301 0 311 0
1348646400 305 0 311 0
1348644600 309 0 311 0
1348642800 300 0 313 0
1348641000 312 0 313 0
1348639200 301 0 303 0
1348637400 290 0 299 0
1348635600 260 0 265 0
1348633800 246 0 250 0
1348632000 235 0 239 0
1348630200 232 0 236 0
1348628400 217 0 230 0
1348626600 158 0 162 0
1348624800 10 0 23 0
1348623000 0 0 0 0
1348621200 0 0 0 0
1348619400 0 0 0 0
1348617600 0 0 0 0
1348615800 0 0 0 0
1348614000 0 0 0 0
1348612200 0 0 0 0
1348610400 0 0 0 0
1348608600 0 0 0 0
1348606800 0 0 0 0
1348605000 0 0 0 0
1348603200 0 0 0 0
1348601400 0 0 0 0
1348599600 0 0 0 0
1348597800 0 0 0 0
1348596000 0 0 0 0
1348594200 0 0 0 0
1348592400 0 0 0 0
1348590600 0 0 491 0
1348588800 486 0 491 0
1348587000 487 0 491 0
1348585200 483 0 487 0
1348583400 487 0 487 0
1348581600 483 0 494 0
1348579800 493 0 494 0
1348578000 487 0 491 0
1348576200 487 0 489 0
1348574400 488 0 493 0
1348572600 519 0 550 0
1348570800 485 0 489 0
1348569000 486 0 493 0
1348567200 493 0 493 0
1348565400 495 0 500 0
1348563600 491 0 493 0
1348561800 494 0 498 0
1348560000 488 0 489 0
1348558200 488 0 493 0
1348556400 486 0 493 0
1348554600 488 0 492 0
1348552800 496 0 502 0
1348551000 503 0 507 0
1348549200 500 0 507 0
1348547400 491 0 499 0
1348545600 495 0 499 0
1348543800 490 0 497 0
1348542000 492 0 497 0
1348540200 491 0 495 0
1348538400 495 0 496 0
1348536600 484 0 491 0
1348534800 484 0 498 0
1348533000 488 0 498 0
1348531200 479 0 481 0
1348529400 476 0 480 0
1348527600 479 0 480 0
1348525800 239 0 488 0
1348524000 482 0 488 0
1348522200 481 0 487 0
1348520400 484 0 488 0
1348518600 477 0 478 0
1348516800 483 0 490 0
1348515000 477 0 479 0
1348513200 482 0 489 0
1348511400 481 0 487 0
1348509600 487 0 490 0
1348507800 485 0 495 0
1348506000 490 0 495 0
1348504200 495 0 499 0
1348502400 493 0 499 0
1348500600 252 0 506 0
1348498800 497 0 507 0
1348497000 503 0 507 0
1348495200 502 0 503 0
1348493400 503 0 505 0
1348491600 510 0 517 0
1348489800 508 0 517 0
1348488000 519 0 525 0
1348486200 504 0 512 0
1348484400 511 0 515 0
1348482600 509 0 516 0
1348480800 516 0 517 0
1348479000 508 0 517 0
1348477200 516 0 517 0
1348475400 512 0 518 0
1348473600 517 0 521 0
1348471800 513 0 518 0
1348470000 512 0 513 0
1348468200 508 0 511 0
1348466400 510 0 512 0
1348464600 507 0 507 0
1348462800 505 0 514 0
1348461000 507 0 514 0
1348459200 501 0 504 0
1348457400 497 0 510 0
1348455600 502 0 510 0
1348453800 498 0 507 0
1348452000 506 0 511 0
1348450200 501 0 505 0
1348448400 498 0 502 0
1348446600 494 0 502 0
1348444800 493 0 502 0
1348443000 501 0 502 0
1348441200 494 0 497 0
1348439400 243 0 492 0
1348437600 495 0 502 0
1348435800 495 0 502 0
1348434000 496 0 501 0
1348432200 497 0 500 0
1348430400 495 0 497 0
1348428600 486 0 490 0
1348426800 485 0 486 0
1348425000 484 0 485 0
1348423200 489 0 496 0
1348421400 492 0 496 0
1348419600 496 0 505 0
1348417800 500 0 505 0
1348416000 497 0 503 0
1348414200 508 0 519 0
1348412400 518 0 519 0
1348410600 502 0 512 0
1348408800 507 0 508 0
1348407000 500 0 502 0
1348405200 501 0 505 0
1348403400 506 0 513 0
1348401600 511 0 513 0
1348399800 501 0 513 0
1348398000 513 0 514 0
1348396200 505 0 506 0
1348394400 498 0 499 0
1348392600 493 0 510 0
1348390800 254 0 510 0
1348389000 505 0 516 0
1348387200 516 0 517 0
1348385400 511 0 515 0
1348383600 506 0 512 0
1348381800 509 0 512 0
1348380000 512 0 517 0
1348378200 511 0 514 0
1348376400 513 0 515 0
1348374600 510 0 515 0
1348372800 513 0 515 0
1348371000 505 0 506 0
1348369200 506 0 514 0
1348367400 511 0 518 0
1348365600 521 0 527 0
1348363800 506 0 512 0
1348362000 501 0 503 0
1348360200 500 0 501 0
1348358400 487 0 495 0
1348356600 495 0 522 0
1348354800 521 0 522 0
1348353000 239 0 479 0
1348351200 482 0 488 0
1348349400 482 0 488 0
1348347600 485 0 495 0
1348345800 495 0 499 0
1348344000 495 0 499 0
1348342200 494 0 496 0
1348340400 495 0 503 0
1348338600 499 0 510 0
1348336800 537 0 566 0
1348335000 565 0 569 0
1348333200 574 0 581 0
1348331400 581 0 591 0
1348329600 577 0 581 0
1348327800 584 0 591 0
1348326000 579 0 593 0
1348324200 588 0 593 0
1348322400 583 0 589 0
1348320600 589 0 591 0
1348318800 577 0 582 0
1348317000 558 0 561 0
1348315200 557 0 561 0
1348313400 565 0 576 0
1348311600 555 0 557 0
1348309800 557 0 562 0
1348308000 551 0 551 0
1348306200 552 0 559 0
1348304400 559 0 563 0
1348302600 550 0 551 0
1348300800 551 0 555 0
1348299000 547 0 555 0
1348297200 534 0 540 0
1348295400 535 0 540 0
1348293600 266 0 534 0
1348291800 536 0 541 0
1348290000 531 0 539 0
1348288200 533 0 537 0
1348286400 534 0 544 0
1348284600 538 0 542 0
1348282800 529 0 534 0
1348281000 525 0 530 0
1348279200 525 0 528 0
1348277400 533 0 540 0
1348275600 534 0 538 0
1348273800 523 0 528 0
1348272000 518 0 524 0
1348270200 524 0 527 0
1348268400 523 0 527 0
1348266600 256 0 522 0
1348264800 522 0 524 0
1348263000 526 0 532 0
1348261200 525 0 532 0
1348259400 521 0 525 0
1348257600 524 0 529 0
1348255800 528 0 534 0
1348254000 530 0 534 0
1348252200 536 0 542 0
1348250400 533 0 538 0
1348248600 539 0 545 0
1348246800 538 0 545 0
1348245000 531 0 534 0
1348243200 531 0 546 0
1348241400 539 0 546 0
1348239600 532 0 537 0
1348237800 526 0 532 0
1348236000 531 0 537 0
1348234200 536 0 537 0
1348232400 526 0 530 0
1348230600 523 0 527 0
1348228800 516 0 522 0
1348227000 521 0 533 0
1348225200 527 0 533 0
1348223400 512 0 518 0
1348221600 508 0 519 0
1348219800 513 0 521 0
1348218000 516 0 522 0
1348216200 516 0 522 0
1348214400 511 0 517 0
1348212600 511 0 519 0
1348210800 515 0 516 0
1348209000 515 0 520 0
1348207200 510 0 516 0
1348205400 507 0 511 0
1348203600 509 0 515 0
1348201800 503 0 513 0
1348200000 508 0 513 0
1348198200 508 0 510 0
1348196400 498 0 500 0
1348194600 320 0 482 0
1348192800 0 0 0 0
1348191000 0 0 0 0
1348189200 0 0 0 0
1348187400 0 0 0 0
1348185600 0 0 0 0
1348183800 0 0 0 0
1348182000 0 0 0 0
1348180200 0 0 0 0
1348178400 0 0 0 0
1348176600 0 0 0 0
1348174800 0 0 0 0
1348173000 0 0 0 0
1348171200 0 0 0 0
1348169400 0 0 0 0
1348167600 0 0 0 0
1348165800 0 0 0 0
1348164000 0 0 0 0
1348162200 0 0 0 0
1348160400 0 0 0 0
1348158600 0 0 0 0
1348156800 0 0 0 0
1348155000 0 0 0 0
1348153200 0 0 0 0
1348151400 0 0 0 0
1348149600 0 0 0 0
1348147800 0 0 0 0
1348146000 0 0 0 0
1348144200 0 0 0 0
1348142400 0 0 0 0
1348140600 0 0 0 0
1348138800 0 0 0 0
1348137000 0 0 0 0
1348135200 0 0 0 0
1348133400 0 0 0 0
1348131600 0 0 0 0
1348129800 0 0 0 0
1348128000 0 0 0 0
1348126200 0 0 0 0
1348124400 0 0 0 0
1348122600 0 0 0 0
1348120800 0 0 0 0
1348119000 0 0 0 0
1348117200 0 0 0 0
1348115400 0 0 0 0
1348113600 0 0 0 0
1348111800 0 0 0 0
1348110000 0 0 0 0
1348108200 0 0 0 0
1348106400 0 0 0 0
1348104600 0 0 0 0
1348102800 0 0 0 0
1348101000 0 0 0 0
1348099200 0 0 0 0
1348097400 0 0 0 0
1348095600 0 0 0 0
1348093800 0 0 0 0
1348092000 0 0 0 0
1348090200 0 0 0 0
1348088400 0 0 0 0
1348086600 0 0 0 0
1348084800 0 0 0 0
1348083000 0 0 0 0
1348081200 0 0 0 0
1348079400 0 0 0 0
1348077600 0 0 0 0
1348075800 0 0 0 0
1348074000 0 0 0 0
1348072200 0 0 0 0
1348070400 0 0 0 0
1348068600 0 0 0 0
1348066800 0 0 0 0
1348065000 0 0 0 0
1348063200 0 0 0 0
1348061400 0 0 0 0
1348059600 0 0 0 0
1348057800 0 0 0 0
1348056000 0 0 0 0
1348054200 0 0 0 0
1348052400 0 0 0 0
1348050600 0 0 0 0
1348048800 0 0 0 0
1348047000 0 0 0 0
1348045200 0 0 0 0
1348043400 0 0 0 0
1348041600 0 0 0 0
1348039800 0 0 0 0
1348038000 0 0 0 0
1348036200 0 0 0 0
1348034400 0 0 0 0
1348032600 0 0 0 0
1348030800 0 0 0 0
1348029000 0 0 0 0
1348027200 0 0 0 0
1348025400 0 0 0 0
1348023600 0 0 0 0
1348021800 0 0 0 0
1348020000 0 0 0 0
1348018200 0 0 0 0
1348016400 0 0 0 0
1348014600 0 0 0 0
1348012800 0 0 0 0
1348011000 0 0 0 0
1348009200 0 0 0 0
1348007400 0 0 0 0
1348005600 0 0 0 0
1348003800 0 0 0 0
1348002000 0 0 0 0
1348000200 0 0 0 0
1347998400 0 0 0 0
1347996600 0 0 0 0
1347994800 0 0 0 0
1347993000 0 0 0 0
1347991200 0 0 0 0
1347989400 0 0 0 0
1347987600 0 0 0 0
1347985800 0 0 0 0
1347984000 0 0 0 0
1347982200 0 0 0 0
1347980400 0 0 0 0
1347978600 0 0 0 0
1347976800 0 0 0 0
1347975000 0 0 0 0
1347973200 0 0 0 0
1347971400 0 0 0 0
1347969600 0 0 0 0
1347967800 0 0 0 0
1347966000 0 0 0 0
1347964200 0 0 0 0
1347962400 0 0 0 0
1347960600 0 0 0 0
1347958800 0 0 0 0
1347957000 0 0 0 0
1347955200 0 0 0 0
1347953400 0 0 0 0
1347951600 0 0 0 0
1347949800 0 0 0 0
1347948000 0 0 0 0
1347946200 0 0 0 0
1347944400 0 0 0 0
1347942600 0 0 0 0
1347940800 0 0 0 0
1347939000 0 0 0 0
1347937200 0 0 0 0
1347935400 0 0 0 0
1347933600 0 0 0 0
1347931800 0 0 0 0
1347930000 0 0 0 0
1347928200 0 0 0 0
1347926400 0 0 0 0
1347924600 0 0 0 0
1347922800 0 0 0 0
1347921000 0 0 0 0
1347919200 0 0 0 0
1347917400 0 0 0 0
1347915600 0 0 0 0
1347913800 0 0 0 0
1347912000 0 0 0 0
1347910200 0 0 0 0
1347908400 0 0 0 0
1347906600 0 0 0 0
1347904800 0 0 0 0
1347903000 0 0 0 0
1347901200 0 0 0 0
1347899400 0 0 0 0
1347897600 0 0 0 0
1347895800 0 0 0 0
1347894000 0 0 0 0
1347892200 0 0 0 0
1347890400 0 0 0 0
1347888600 0 0 0 0
1347886800 0 0 0 0
1347885000 0 0 0 0
1347883200 0 0 0 0
1347881400 0 0 0 0
1347879600 0 0 0 0
1347877800 0 0 0 0
1347876000 0 0 0 0
1347874200 0 0 0 0
1347872400 0 0 0 0
1347870600 0 0 0 0
1347868800 0 0 0 0
1347867000 0 0 0 0
1347865200 0 0 0 0
1347863400 0 0 0 0
1347861600 0 0 0 0
1347859800 0 0 0 0
1347858000 0 0 0 0
1347856200 0 0 0 0
1347854400 0 0 0 0
1347852600 0 0 0 0
1347850800 0 0 0 0
1347849000 0 0 0 0
1347847200 0 0 0 0
1347845400 0 0 0 0
1347843600 0 0 0 0
1347841800 0 0 0 0
1347840000 0 0 0 0
1347838200 0 0 0 0
1347836400 0 0 0 0
1347834600 0 0 0 0
1347832800 0 0 0 0
1347831000 0 0 0 0
1347829200 0 0 0 0
1347827400 0 0 0 0
1347825600 0 0 0 0
1347823800 0 0 0 0
1347822000 0 0 0 0
1347820200 0 0 0 0
1347818400 0 0 0 0
1347816600 0 0 0 0
1347814800 0 0 0 0
1347813000 0 0 0 0
1347811200 0 0 0 0
1347809400 0 0 0 0
1347807600 0 0 0 0
1347805800 0 0 0 0
1347804000 0 0 0 0
1347802200 0 0 0 0
1347800400 0 0 0 0
1347798600 0 0 0 0
1347796800 0 0 0 0
1347795000 0 0 0 0
1347793200 0 0 0 0
1347791400 0 0 0 0
1347789600 0 0 0 0
1347787800 0 0 0 0
1347786000 0 0 0 0
1347784200 0 0 0 0
1347782400 0 0 0 0
1347775200 0 0 0 0
1347768000 0 0 0 0
1347760800 0 0 0 0
1347753600 0 0 0 0
1347746400 0 0 0 0
1347739200 0 0 0 0
1347732000 0 0 0 0
1347724800 0 0 0 0
1347717600 0 0 0 0
1347710400 0 0 0 0
1347703200 0 0 0 0
1347696000 0 0 0 0
1347688800 0 0 0 0
1347681600 0 0 0 0
1347674400 0 0 0 0
1347667200 0 0 0 0
1347660000 0 0 0 0
1347652800 0 0 0 0
1347645600 0 0 0 0
1347638400 0 0 0 0
1347631200 0 0 0 0
1347624000 0 0 0 0
1347616800 0 0 0 0
1347609600 0 0 0 0
1347602400 0 0 0 0
1347595200 0 0 0 0
1347588000 0 0 0 0
1347580800 0 0 0 0
1347573600 0 0 0 0
1347566400 0 0 0 0
1347559200 0 0 0 0
1347552000 0 0 0 0
1347544800 0 0 0 0
1347537600 0 0 0 0
1347530400 0 0 0 0
1347523200 0 0 0 0
1347516000 0 0 0 0
1347508800 0 0 0 0
1347501600 0 0 0 0
1347494400 0 0 0 0
1347487200 0 0 0 0
1347480000 0 0 0 0
1347472800 0 0 0 0
1347465600 0 0 0 0
1347458400 0 0 0 0
1347451200 0 0 0 0
1347444000 0 0 0 0
1347436800 0 0 0 0
1347429600 0 0 0 0
1347422400 0 0 0 0
1347415200 0 0 0 0
1347408000 0 0 0 0
1347400800 0 0 0 0
1347393600 0 0 0 0
1347386400 0 0 0 0
1347379200 0 0 0 0
1347372000 0 0 0 0
1347364800 0 0 0 0
1347357600 0 0 0 0
1347350400 0 0 0 0
1347343200 0 0 0 0
1347336000 0 0 0 0
1347328800 0 0 0 0
1347321600 0 0 0 0
1347314400 0 0 0 0
1347307200 0 0 0 0
1347300000 0 0 0 0
1347292800 0 0 0 0
1347285600 0 0 0 0
1347278400 0 0 0 0
1347271200 0 0 0 0
1347264000 0 0 0 0
1347256800 0 0 0 0
1347249600 0 0 0 0
1347242400 0 0 0 0
1347235200 0 0 0 0
1347228000 0 0 0 0
1347220800 0 0 0 0
1347213600 0 0 0 0
1347206400 0 0 0 0
1347199200 0 0 0 0
1347192000 0 0 0 0
1347184800 0 0 0 0
1347177600 0 0 0 0
1347170400 0 0 0 0
1347163200 0 0 0 0
1347156000 0 0 0 0
1347148800 0 0 0 0
1347141600 0 0 0 0
1347134400 0 0 0 0
1347127200 0 0 0 0
1347120000 0 0 0 0
1347112800 0 0 0 0
1347105600 0 0 0 0
1347098400 0 0 0 0
1347091200 0 0 0 0
1347084000 0 0 0 0
1347076800 0 0 0 0
1347069600 0 0 0 0
1347062400 0 0 0 0
1347055200 0 0 0 0
1347048000 0 0 0 0
1347040800 0 0 0 0
1347033600 0 0 0 0
1347026400 0 0 0 0
1347019200 0 0 0 0
1347012000 0 0 0 0
1347004800 0 0 0 0
1346997600 0 0 0 0
1346990400 0 0 0 0
1346983200 0 0 0 0
1346976000 0 0 0 0
1346968800 0 0 0 0
1346961600 0 0 0 0
1346954400 0 0 0 0
1346947200 0 0 0 0
1346940000 0 0 0 0
1346932800 0 0 0 0
1346925600 0 0 0 0
1346918400 0 0 0 0
1346911200 0 0 0 0
1346904000 0 0 0 0
1346896800 0 0 0 0
1346889600 0 0 0 0
1346882400 0 0 0 0
1346875200 0 0 0 0
1346868000 0 0 0 0
1346860800 0 0 0 0
1346853600 0 0 0 0
1346846400 0 0 0 0
1346839200 0 0 0 0
1346832000 0 0 0 0
1346824800 0 0 0 0
1346817600 0 0 0 0
1346810400 0 0 0 0
1346803200 0 0 0 0
1346796000 0 0 0 0
1346788800 0 0 0 0
1346781600 0 0 0 0
1346774400 0 0 0 0
1346767200 0 0 0 0
1346760000 0 0 0 0
1346752800 0 0 0 0
1346745600 0 0 0 0
1346738400 0 0 0 0
1346731200 0 0 0 0
1346724000 0 0 0 0
1346716800 0 0 0 0
1346709600 0 0 0 0
1346702400 0 0 0 0
1346695200 0 0 0 0
1346688000 0 0 0 0
1346680800 0 0 0 0
1346673600 0 0 0 0
1346666400 0 0 0 0
1346659200 0 0 0 0
1346652000 0 0 0 0
1346644800 0 0 0 0
1346637600 0 0 0 0
1346630400 0 0 0 0
1346623200 0 0 0 0
1346616000 0 0 0 0
1346608800 0 0 0 0
1346601600 0 0 0 0
1346594400 0 0 0 0
1346587200 0 0 0 0
1346580000 0 0 0 0
1346572800 0 0 0 0
1346565600 0 0 0 0
1346558400 0 0 0 0
1346551200 0 0 0 0
1346544000 0 0 0 0
1346536800 0 0 0 0
1346529600 0 0 0 0
1346522400 0 0 0 0
1346515200 0 0 0 0
1346508000 0 0 0 0
1346500800 0 0 0 0
1346493600 0 0 0 0
1346486400 0 0 0 0
1346479200 0 0 0 0
1346472000 0 0 0 0
1346464800 0 0 0 0
1346457600 0 0 0 0
1346450400 0 0 0 0
1346443200 0 0 0 0
1346436000 0 0 0 0
1346428800 0 0 0 0
1346421600 0 0 0 0
1346414400 0 0 0 0
1346407200 0 0 0 0
1346400000 0 0 0 0
1346392800 0 0 0 0
1346385600 0 0 0 0
1346378400 0 0 0 0
1346371200 0 0 0 0
1346364000 0 0 0 0
1346356800 0 0 0 0
1346349600 0 0 0 0
1346342400 0 0 0 0
1346335200 0 0 0 0
1346328000 0 0 0 0
1346320800 0 0 0 0
1346313600 0 0 0 0
1346306400 0 0 0 0
1346299200 0 0 0 0
1346292000 0 0 0 0
1346284800 0 0 0 0
1346277600 0 0 0 0
1346270400 0 0 0 0
1346263200 0 0 0 0
1346256000 0 0 0 0
1346248800 0 0 0 0
1346241600 0 0 0 0
1346234400 0 0 0 0
1346227200 0 0 0 0
1346220000 0 0 0 0
1346212800 0 0 0 0
1346205600 0 0 0 0
1346198400 0 0 0 0
1346191200 0 0 0 0
1346184000 0 0 0 0
1346176800 0 0 0 0
1346169600 0 0 0 0
1346162400 0 0 0 0
1346155200 0 0 0 0
1346148000 0 0 0 0
1346140800 0 0 0 0
1346133600 0 0 0 0
1346126400 0 0 0 0
1346119200 0 0 0 0
1346112000 0 0 0 0
1346104800 0 0 0 0
1346097600 0 0 0 0
1346090400 0 0 0 0
1346083200 0 0 0 0
1346076000 0 0 0 0
1346068800 0 0 0 0
1346061600 0 0 0 0
1346054400 0 0 0 0
1346047200 0 0 0 0
1346040000 0 0 0 0
1346032800 0 0 0 0
1346025600 0 0 0 0
1346018400 0 0 0 0
1346011200 0 0 0 0
1346004000 0 0 0 0
1345996800 0 0 0 0
1345989600 0 0 0 0
1345982400 0 0 0 0
1345975200 0 0 0 0
1345968000 0 0 0 0
1345960800 0 0 0 0
1345953600 0 0 0 0
1345946400 0 0 0 0
1345939200 0 0 0 0
1345932000 0 0 0 0
1345924800 0 0 0 0
1345917600 0 0 0 0
1345910400 0 0 0 0
1345903200 0 0 0 0
1345896000 0 0 0 0
1345888800 0 0 0 0
1345881600 0 0 0 0
1345874400 0 0 0 0
1345867200 0 0 0 0
1345860000 0 0 0 0
1345852800 0 0 0 0
1345845600 0 0 0 0
1345838400 0 0 0 0
1345831200 0 0 0 0
1345824000 0 0 0 0
1345816800 0 0 0 0
1345809600 0 0 0 0
1345802400 0 0 0 0
1345795200 0 0 0 0
1345788000 0 0 0 0
1345780800 0 0 0 0
1345773600 0 0 0 0
1345766400 0 0 0 0
1345759200 0 0 0 0
1345752000 0 0 0 0
1345744800 0 0 0 0
1345737600 0 0 0 0
1345730400 0 0 0 0
1345723200 0 0 0 0
1345716000 0 0 0 0
1345708800 0 0 0 0
1345701600 0 0 0 0
1345694400 0 0 0 0
1345687200 0 0 0 0
1345680000 0 0 0 0
1345672800 0 0 0 0
1345665600 0 0 0 0
1345658400 0 0 0 0
1345651200 0 0 0 0
1345644000 0 0 0 0
1345636800 0 0 0 0
1345629600 0 0 0 0
1345622400 0 0 0 0
1345615200 0 0 0 0
1345608000 0 0 0 0
1345600800 0 0 0 0
1345593600 0 0 0 0
1345586400 0 0 0 0
1345579200 0 0 0 0
1345572000 0 0 0 0
1345564800 0 0 0 0
1345557600 0 0 0 0
1345550400 0 0 0 0
1345543200 0 0 0 0
1345536000 0 0 0 0
1345528800 0 0 0 0
1345521600 0 0 0 0
1345514400 0 0 0 0
1345507200 0 0 0 0
1345500000 0 0 0 0
1345492800 0 0 0 0
1345485600 0 0 0 0
1345478400 0 0 0 0
1345471200 0 0 0 0
1345464000 0 0 0 0
1345456800 0 0 0 0
1345449600 0 0 0 0
1345442400 0 0 0 0
1345435200 0 0 0 0
1345428000 0 0 0 0
1345420800 0 0 0 0
1345413600 0 0 0 0
1345406400 0 0 0 0
1345399200 0 0 0 0
1345392000 0 0 0 0
1345384800 0 0 0 0
1345377600 0 0 0 0
1345370400 0 0 0 0
1345363200 0 0 0 0
1345356000 0 0 0 0
1345348800 0 0 0 0
1345341600 0 0 0 0
1345334400 0 0 0 0
1345327200 0 0 0 0
1345320000 0 0 0 0
1345312800 0 0 0 0
1345305600 0 0 0 0
1345298400 0 0 0 0
1345291200 0 0 0 0
1345284000 0 0 0 0
1345276800 0 0 0 0
1345269600 0 0 0 0
1345262400 0 0 0 0
1345255200 0 0 0 0
1345248000 0 0 0 0
1345240800 0 0 0 0
1345233600 0 0 0 0
1345226400 0 0 0 0
1345219200 0 0 0 0
1345212000 0 0 0 0
1345204800 0 0 0 0
1345197600 0 0 0 0
1345190400 0 0 0 0
1345183200 0 0 0 0
1345176000 0 0 0 0
1345168800 0 0 0 0
1345161600 0 0 0 0
1345154400 0 0 0 0
1345147200 0 0 0 0
1345140000 0 0 0 0
1345132800 0 0 0 0
1345125600 0 0 0 0
1345118400 0 0 0 0
1345111200 0 0 0 0
1345104000 0 0 0 0
1345096800 0 0 0 0
1345089600 0 0 0 0
1345082400 0 0 0 0
1345075200 0 0 0 0
1345068000 0 0 0 0
1345060800 0 0 0 0
1345053600 0 0 0 0
1345046400 0 0 0 0
1345039200 0 0 0 0
1345032000 0 0 0 0
1345024800 0 0 0 0
1345017600 0 0 0 0
1345010400 0 0 0 0
1345003200 0 0 0 0
1344996000 0 0 0 0
1344988800 0 0 0 0
1344981600 0 0 0 0
1344974400 0 0 0 0
1344967200 0 0 0 0
1344960000 0 0 0 0
1344952800 0 0 0 0
1344945600 0 0 0 0
1344938400 0 0 0 0
1344931200 0 0 0 0
1344924000 0 0 0 0
1344916800 0 0 0 0
1344909600 0 0 0 0
1344902400 0 0 0 0
1344895200 0 0 0 0
1344888000 0 0 0 0
1344880800 0 0 0 0
1344873600 0 0 0 0
1344866400 0 0 0 0
1344859200 0 0 0 0
1344852000 0 0 0 0
1344844800 0 0 0 0
1344837600 0 0 0 0
1344830400 0 0 0 0
1344823200 0 0 0 0
1344816000 0 0 0 0
1344808800 0 0 0 0
1344801600 0 0 0 0
1344794400 0 0 0 0
1344787200 0 0 0 0
1344780000 0 0 0 0
1344772800 0 0 0 0
1344765600 0 0 0 0
1344758400 0 0 0 0
1344751200 0 0 0 0
1344744000 0 0 0 0
1344736800 0 0 0 0
1344729600 0 0 0 0
1344722400 0 0 0 0
1344715200 0 0 0 0
1344708000 0 0 0 0
1344700800 0 0 0 0
1344693600 0 0 0 0
1344686400 0 0 0 0
1344679200 0 0 0 0
1344672000 0 0 0 0
1344664800 0 0 0 0
1344657600 0 0 0 0
1344650400 0 0 0 0
1344643200 0 0 0 0
1344636000 0 0 0 0
1344628800 0 0 0 0
1344621600 0 0 0 0
1344614400 0 0 0 0
1344607200 0 0 0 0
1344600000 0 0 0 0
1344592800 0 0 0 0
1344585600 0 0 0 0
1344578400 0 0 0 0
1344571200 0 0 0 0
1344564000 0 0 0 0
1344556800 0 0 0 0
1344549600 0 0 0 0
1344542400 0 0 0 0
1344535200 0 0 0 0
1344528000 0 0 0 0
1344520800 0 0 0 0
1344513600 0 0 0 0
1344506400 0 0 0 0
1344499200 0 0 0 0
1344492000 0 0 0 0
1344484800 0 0 0 0
1344477600 0 0 0 0
1344470400 0 0 0 0
1344463200 0 0 0 0
1344456000 0 0 0 0
1344448800 0 0 0 0
1344441600 0 0 0 0
1344434400 0 0 0 0
1344427200 0 0 0 0
1344420000 0 0 0 0
1344412800 0 0 0 0
1344405600 0 0 0 0
1344398400 0 0 0 0
1344391200 0 0 0 0
1344384000 0 0 0 0
1344376800 0 0 0 0
1344369600 0 0 0 0
1344362400 0 0 0 0
1344355200 0 0 0 0
1344348000 0 0 0 0
1344340800 0 0 0 0
1344333600 0 0 0 0
1344326400 0 0 0 0
1344319200 0 0 0 0
1344312000 0 0 0 0
1344304800 0 0 0 0
1344297600 0 0 0 0
1344290400 0 0 0 0
1344283200 0 0 0 0
1344276000 0 0 0 0
1344268800 0 0 0 0
1344261600 0 0 0 0
1344254400 0 0 0 0
1344247200 0 0 0 0
1344240000 0 0 0 0
1344232800 0 0 0 0
1344225600 0 0 0 0
1344218400 0 0 0 0
1344211200 0 0 0 0
1344204000 0 0 0 0
1344196800 0 0 0 0
1344189600 0 0 0 0
1344182400 0 0 0 0
1344175200 0 0 0 0
1344168000 0 0 0 0
1344160800 0 0 0 0
1344153600 0 0 0 0
1344146400 0 0 0 0
1344139200 0 0 0 0
1344132000 0 0 0 0
1344124800 0 0 0 0
1344117600 0 0 0 0
1344110400 0 0 0 0
1344103200 0 0 0 0
1344096000 0 0 0 0
1344088800 0 0 0 0
1344081600 0 0 0 0
1344074400 0 0 0 0
1344067200 0 0 0 0
1344060000 0 0 0 0
1344052800 0 0 0 0
1344045600 0 0 0 0
1344038400 0 0 0 0
1344031200 0 0 0 0
1344024000 0 0 0 0
1344016800 0 0 0 0
1344009600 0 0 0 0
1344002400 0 0 0 0
1343995200 0 0 0 0
1343988000 0 0 0 0
1343980800 0 0 0 0
1343973600 0 0 0 0
1343966400 0 0 0 0
1343959200 0 0 0 0
1343952000 0 0 0 0
1343944800 0 0 0 0
1343937600 0 0 0 0
1343930400 0 0 0 0
1343923200 0 0 0 0
1343916000 0 0 0 0
1343908800 0 0 0 0
1343901600 0 0 0 0
1343894400 0 0 0 0
1343887200 0 0 0 0
1343880000 0 0 0 0
1343872800 0 0 0 0
1343865600 0 0 0 0
1343858400 0 0 0 0
1343851200 0 0 0 0
1343844000 0 0 0 0
1343836800 0 0 0 0
1343829600 0 0 0 0
1343822400 0 0 0 0
1343815200 0 0 0 0
1343808000 0 0 0 0
1343800800 0 0 0 0
1343793600 0 0 0 0
1343786400 0 0 0 0
1343779200 0 0 0 0
1343772000 0 0 0 0
1343764800 0 0 0 0
1343757600 0 0 0 0
1343750400 0 0 0 0
1343743200 0 0 0 0
1343736000 0 0 0 0
1343728800 0 0 0 0
1343721600 0 0 0 0
1343714400 0 0 0 0
1343707200 0 0 0 0
1343700000 0 0 0 0
1343692800 0 0 0 0
1343685600 0 0 0 0
1343678400 0 0 0 0
1343671200 0 0 0 0
1343664000 0 0 0 0
1343656800 0 0 0 0
1343649600 0 0 0 0
1343642400 0 0 0 0
1343635200 0 0 0 0
1343628000 0 0 0 0
1343620800 0 0 0 0
1343613600 0 0 0 0
1343606400 0 0 0 0
1343599200 0 0 0 0
1343592000 0 0 0 0
1343584800 0 0 0 0
1343577600 0 0 0 0
1343570400 0 0 0 0
1343563200 0 0 0 0
1343556000 0 0 0 0
1343548800 0 0 0 0
1343541600 0 0 0 0
1343534400 0 0 0 0
1343527200 0 0 0 0
1343520000 0 0 0 0
1343512800 0 0 0 0
1343505600 0 0 0 0
1343498400 0 0 0 0
1343491200 0 0 0 0
1343484000 0 0 0 0
1343476800 0 0 0 0
1343469600 0 0 0 0
1343462400 0 0 0 0
1343433600 0 0 0 0
1343347200 0 0 0 0
1343260800 0 0 0 0
1343174400 0 0 0 0
1343088000 0 0 0 0
1343001600 0 0 0 0
1342915200 0 0 0 0
1342828800 0 0 0 0
1342742400 0 0 0 0
1342656000 0 0 0 0
1342569600 0 0 0 0
1342483200 0 0 0 0
1342396800 0 0 0 0
1342310400 0 0 0 0
1342224000 0 0 0 0
1342137600 0 0 0 0
1342051200 0 0 0 0
1341964800 0 0 0 0
1341878400 0 0 0 0
1341792000 0 0 0 0
1341705600 0 0 0 0
1341619200 0 0 0 0
1341532800 0 0 0 0
1341446400 0 0 0 0
1341360000 0 0 0 0
1341273600 0 0 0 0
1341187200 0 0 0 0
1341100800 0 0 0 0
1341014400 0 0 0 0
1340928000 0 0 0 0
1340841600 0 0 0 0
1340755200 0 0 0 0
1340668800 0 0 0 0
1340582400 0 0 0 0
1340496000 0 0 0 0
1340409600 0 0 0 0
1340323200 0 0 0 0
1340236800 0 0 0 0
1340150400 0 0 0 0
1340064000 0 0 0 0
1339977600 0 0 0 0
1339891200 0 0 0 0
1339804800 0 0 0 0
1339718400 0 0 0 0
1339632000 0 0 0 0
1339545600 0 0 0 0
1339459200 0 0 0 0
1339372800 0 0 0 0
1339286400 0 0 0 0
1339200000 0 0 0 0
1339113600 0 0 0 0
1339027200 0 0 0 0
1338940800 0 0 0 0
1338854400 0 0 0 0
1338768000 0 0 0 0
1338681600 0 0 0 0
1338595200 0 0 0 0
1338508800 0 0 0 0
1338422400 0 0 0 0
1338336000 0 0 0 0
1338249600 0 0 0 0
1338163200 0 0 0 0
1338076800 0 0 0 0
1337990400 0 0 0 0
1337904000 0 0 0 0
1337817600 0 0 0 0
1337731200 0 0 0 0
1337644800 0 0 0 0
1337558400 0 0 0 0
1337472000 0 0 0 0
1337385600 0 0 0 0
1337299200 0 0 0 0
1337212800 0 0 0 0
1337126400 0 0 0 0
1337040000 0 0 0 0
1336953600 0 0 0 0
1336867200 0 0 0 0
1336780800 0 0 0 0
1336694400 0 0 0 0
1336608000 0 0 0 0
1336521600 0 0 0 0
1336435200 0 0 0 0
1336348800 0 0 0 0
1336262400 0 0 0 0
1336176000 0 0 0 0
1336089600 0 0 0 0
1336003200 0 0 0 0
1335916800 0 0 0 0
1335830400 0 0 0 0
1335744000 0 0 0 0
1335657600 0 0 0 0
1335571200 0 0 0 0
1335484800 0 0 0 0
1335398400 0 0 0 0
1335312000 0 0 0 0
1335225600 0 0 0 0
1335139200 0 0 0 0
1335052800 0 0 0 0
1334966400 0 0 0 0
1334880000 0 0 0 0
1334793600 0 0 0 0
1334707200 0 0 0 0
1334620800 0 0 0 0
1334534400 0 0 0 0
1334448000 0 0 0 0
1334361600 0 0 0 0
1334275200 0 0 0 0
1334188800 0 0 0 0
1334102400 0 0 0 0
1334016000 0 0 0 0
1333929600 0 0 0 0
1333843200 0 0 0 0
1333756800 0 0 0 0
1333670400 0 0 0 0
1333584000 0 0 0 0
1333497600 0 0 0 0
1333411200 0 0 0 0
1333324800 0 0 0 0
1333238400 0 0 0 0
1333152000 0 0 0 0
1333065600 0 0 0 0
1332979200 0 0 0 0
1332892800 0 0 0 0
1332806400 0 0 0 0
1332720000 0 0 0 0
1332633600 0 0 0 0
1332547200 0 0 0 0
1332460800 0 0 0 0
1332374400 0 0 0 0
1332288000 0 0 0 0
1332201600 0 0 0 0
1332115200 0 0 0 0
1332028800 0 0 0 0
1331942400 0 0 0 0
1331856000 0 0 0 0
1331769600 0 0 0 0
1331683200 0 0 0 0
1331596800 0 0 0 0
1331510400 0 0 0 0
1331424000 0 0 0 0
1331337600 0 0 0 0
1331251200 0 0 0 0
1331164800 0 0 0 0
1331078400 0 0 0 0
1330992000 0 0 0 0
1330905600 0 0 0 0
1330819200 0 0 0 0
1330732800 0 0 0 0
1330646400 0 0 0 0
1330560000 0 0 0 0
1330473600 0 0 0 0
1330387200 0 0 0 0
1330300800 0 0 0 0
1330214400 0 0 0 0
1330128000 0 0 0 0
1330041600 0 0 0 0
1329955200 0 0 0 0
1329868800 0 0 0 0
1329782400 0 0 0 0
1329696000 0 0 0 0
1329609600 0 0 0 0
1329523200 0 0 0 0
1329436800 0 0 0 0
1329350400 0 0 0 0
1329264000 0 0 0 0
1329177600 0 0 0 0
1329091200 0 0 0 0
1329004800 0 0 0 0
1328918400 0 0 0 0
1328832000 0 0 0 0
1328745600 0 0 0 0
1328659200 0 0 0 0
1328572800 0 0 0 0
1328486400 0 0 0 0
1328400000 0 0 0 0
1328313600 0 0 0 0
1328227200 0 0 0 0
1328140800 0 0 0 0
1328054400 0 0 0 0
1327968000 0 0 0 0
1327881600 0 0 0 0
1327795200 0 0 0 0
1327708800 0 0 0 0
1327622400 0 0 0 0
1327536000 0 0 0 0
1327449600 0 0 0 0
1327363200 0 0 0 0
1327276800 0 0 0 0
1327190400 0 0 0 0
1327104000 0 0 0 0
1327017600 0 0 0 0
1326931200 0 0 0 0
1326844800 0 0 0 0
1326758400 0 0 0 0
1326672000 0 0 0 0
1326585600 0 0 0 0
1326499200 0 0 0 0
1326412800 0 0 0 0
1326326400 0 0 0 0
1326240000 0 0 0 0
1326153600 0 0 0 0
1326067200 0 0 0 0
1325980800 0 0 0 0
1325894400 0 0 0 0
1325808000 0 0 0 0
1325721600 0 0 0 0
1325635200 0 0 0 0
1325548800 0 0 0 0
1325462400 0 0 0 0
1325376000 0 0 0 0
1325289600 0 0 0 0
1325203200 0 0 0 0
1325116800 0 0 0 0
1325030400 0 0 0 0
1324944000 0 0 0 0
1324857600 0 0 0 0
1324771200 0 0 0 0
1324684800 0 0 0 0
1324598400 0 0 0 0
1324512000 0 0 0 0
1324425600 0 0 0 0
1324339200 0 0 0 0
1324252800 0 0 0 0
1324166400 0 0 0 0
1324080000 0 0 0 0
1323993600 0 0 0 0
1323907200 0 0 0 0
1323820800 0 0 0 0
1323734400 0 0 0 0
1323648000 0 0 0 0
1323561600 0 0 0 0
1323475200 0 0 0 0
1323388800 0 0 0 0
1323302400 0 0 0 0
1323216000 0 0 0 0
1323129600 0 0 0 0
1323043200 0 0 0 0
1322956800 0 0 0 0
1322870400 0 0 0 0
1322784000 0 0 0 0
1322697600 0 0 0 0
1322611200 0 0 0 0
1322524800 0 0 0 0
1322438400 0 0 0 0
1322352000 0 0 0 0
1322265600 0 0 0 0
1322179200 0 0 0 0
1322092800 0 0 0 0
1322006400 0 0 0 0
1321920000 0 0 0 0
1321833600 0 0 0 0
1321747200 0 0 0 0
1321660800 0 0 0 0
1321574400 0 0 0 0
1321488000 0 0 0 0
1321401600 0 0 0 0
1321315200 0 0 0 0
1321228800 0 0 0 0
1321142400 0 0 0 0
1321056000 0 0 0 0
1320969600 0 0 0 0
1320883200 0 0 0 0
1320796800 0 0 0 0
1320710400 0 0 0 0
1320624000 0 0 0 0
1320537600 0 0 0 0
1320451200 0 0 0 0
1320364800 0 0 0 0
1320278400 0 0 0 0
1320192000 0 0 0 0
1320105600 0 0 0 0
1320019200 0 0 0 0
1319932800 0 0 0 0
1319846400 0 0 0 0
1319760000 0 0 0 0
1319673600 0 0 0 0
1319587200 0 0 0 0
1319500800 0 0 0 0
1319414400 0 0 0 0
1319328000 0 0 0 0
1319241600 0 0 0 0
1319155200 0 0 0 0
1319068800 0 0 0 0
1318982400 0 0 0 0
1318896000 0 0 0 0
1318809600 0 0 0 0
1318723200 0 0 0 0
1318636800 0 0 0 0
1318550400 0 0 0 0
1318464000 0 0 0 0
1318377600 0 0 0 0
1318291200 0 0 0 0
1318204800 0 0 0 0
1318118400 0 0 0 0
1318032000 0 0 0 0
1317945600 0 0 0 0
1317859200 0 0 0 0
1317772800 0 0 0 0
1317686400 0 0 0 0
1317600000 0 0 0 0
1317513600 0 0 0 0
1317427200 0 0 0 0
1317340800 0 0 0 0
1317254400 0 0 0 0
1317168000 0 0 0 0
1317081600 0 0 0 0
1316995200 0 0 0 0
1316908800 0 0 0 0
1316822400 0 0 0 0
1316736000 0 0 0 0
1316649600 0 0 0 0
1316563200 0 0 0 0
1316476800 0 0 0 0
1316390400 0 0 0 0
1316304000 0 0 0 0
1316217600 0 0 0 0
1316131200 0 0 0 0
1316044800 0 0 0 0
1315958400 0 0 0 0
1315872000 0 0 0 0
1315785600 0 0 0 0
1315699200 0 0 0 0
1315612800 0 0 0 0
1315526400 0 0 0 0
1315440000 0 0 0 0
1315353600 0 0 0 0
1315267200 0 0 0 0
1315180800 0 0 0 0
1315094400 0 0 0 0
1315008000 0 0 0 0
1314921600 0 0 0 0
1314835200 0 0 0 0
1314748800 0 0 0 0
1314662400 0 0 0 0
1314576000 0 0 0 0
1314489600 0 0 0 0
1314403200 0 0 0 0
1314316800 0 0 0 0
1314230400 0 0 0 0
1314144000 0 0 0 0
1314057600 0 0 0 0
1313971200 0 0 0 0
1313884800 0 0 0 0
1313798400 0 0 0 0
1313712000 0 0 0 0
1313625600 0 0 0 0
1313539200 0 0 0 0
1313452800 0 0 0 0
1313366400 0 0 0 0
1313280000 0 0 0 0
1313193600 0 0 0 0
1313107200 0 0 0 0
1313020800 0 0 0 0
1312934400 0 0 0 0
1312848000 0 0 0 0
1312761600 0 0 0 0
1312675200 0 0 0 0
1312588800 0 0 0 0
1312502400 0 0 0 0
1312416000 0 0 0 0
1312329600 0 0 0 0
1312243200 0 0 0 0
1312156800 0 0 0 0
1312070400 0 0 0 0
1311984000 0 0 0 0
1311897600 0 0 0 0
1311811200 0 0 0 0
1311724800 0 0 0 0
1311638400 0 0 0 0
1311552000 0 0 0 0
1311465600 0 0 0 0
1311379200 0 0 0 0
1311292800 0 0 0 0
1311206400 0 0 0 0
1311120000 0 0 0 0
1311033600 0 0 0 0
1310947200 0 0 0 0
1310860800 0 0 0 0
1310774400 0 0 0 0
1310688000 0 0 0 0
1310601600 0 0 0 0
1310515200 0 0 0 0
1310428800 0 0 0 0
1310342400 0 0 0 0
1310256000 0 0 0 0
1310169600 0 0 0 0
1310083200 0 0 0 0
1309996800 0 0 0 0
1309910400 0 0 0 0
1309824000 0 0 0 0
1309737600 0 0 0 0
1309651200 0 0 0 0
1309564800 0 0 0 0
1309478400 0 0 0 0
1309392000 0 0 0 0
1309305600 0 0 0 0
1309219200 0 0 0 0
1309132800 0 0 0 0
1309046400 0 0 0 0
1308960000 0 0 0 0
1308873600 0 0 0 0
1308787200 0 0 0 0
1308700800 0 0 0 0
1308614400 0 0 0 0
1308528000 0 0 0 0
1308441600 0 0 0 0
1308355200 0 0 0 0
1308268800 0 0 0 0
1308182400 0 0 0 0
1308096000 0 0 0 0
1308009600 0 0 0 0
1307923200 0 0 0 0
1307836800 0 0 0 0
1307750400 0 0 0 0
1307664000 0 0 0 0
1307577600 0 0 0 0
1307491200 0 0 0 0
1307404800 0 0 0 0
1307318400 0 0 0 0
1307232000 0 0 0 0
1307145600 0 0 0 0
1307059200 0 0 0 0
1306972800 0 0 0 0
1306886400 0 0 0 0
1306800000 0 0 0 0
1306713600 0 0 0 0
1306627200 0 0 0 0
1306540800 0 0 0 0
1306454400 0 0 0 0
1306368000 0 0 0 0
1306281600 0 0 0 0
1306195200 0 0 0 0
1306108800 0 0 0 0
1306022400 0 0 0 0
1305936000 0 0 0 0
1305849600 0 0 0 0
1305763200 0 0 0 0
1305676800 0 0 0 0
1305590400 0 0 0 0
1305504000 0 0 0 0
1305417600 0 0 0 0
1305331200 0 0 0 0
1305244800 0 0 0 0
1305158400 0 0 0 0
1305072000 0 0 0 0
1304985600 0 0 0 0
1304899200 0 0 0 0
1304812800 0 0 0 0
1304726400 0 0 0 0
1304640000 0 0 0 0
1304553600 0 0 0 0
1304467200 0 0 0 0
1304380800 0 0 0 0
1304294400 0 0 0 0
1304208000 0 0 0 0
1304121600 0 0 0 0
1304035200 0 0 0 0
1303948800 0 0 0 0
1303862400 0 0 0 0
1303776000 0 0 0 0
1303689600 0 0 0 0
1303603200 0 0 0 0
1303516800 0 0 0 0
1303430400 0 0 0 0
1303344000 0 0 0 0
1303257600 0 0 0 0
1303171200 0 0 0 0
1303084800 0 0 0 0
1302998400 0 0 0 0
1302912000 0 0 0 0
1302825600 0 0 0 0
1302739200 0 0 0 0
1302652800 0 0 0 0
1302566400 0 0 0 0
1302480000 0 0 0 0
1302393600 0 0 0 0
1302307200 0 0 0 0
1302220800 0 0 0 0
1302134400 0 0 0 0
1302048000 0 0 0 0
1301961600 0 0 0 0
1301875200 0 0 0 0
1301788800 0 0 0 0
1301702400 0 0 0 0
1301616000 0 0 0 0
1301529600 0 0 0 0
1301443200 0 0 0 0
1301356800 0 0 0 0
1301270400 0 0 0 0
1301184000 0 0 0 0
1301097600 0 0 0 0
1301011200 0 0 0 0
1300924800 0 0 0 0
1300838400 0 0 0 0
1300752000 0 0 0 0
1300665600 0 0 0 0
1300579200 0 0 0 0
1300492800 0 0 0 0
1300406400 0 0 0 0
1300320000 0 0 0 0
1300233600 0 0 0 0
1300147200 0 0 0 0
1300060800 0 0 0 0
1299974400 0 0 0 0
1299888000 0 0 0 0
1299801600 0 0 0 0
1299715200 0 0 0 0
1299628800 0 0 0 0
1299542400 0 0 0 0
1299456000 0 0 0 0
1299369600 0 0 0 0
1299283200 0 0 0 0
1299196800 0 0 0 0
1299110400 0 0 0 0
1299024000 0 0 0 0
1298937600 0 0 0 0
1298851200 0 0 0 0
1298764800 0 0 0 0
1298678400 0 0 0 0
1298592000 0 0 0 0
1298505600 0 0 0 0
1298419200 0 0 0 0
1298332800 0 0 0 0
1298246400 0 0 0 0
1298160000 0 0 0 0
1298073600 0 0 0 0
1297987200 0 0 0 0
1297900800 0 0 0 0
1297814400 0 0 0 0
1297728000 0 0 0 0
1297641600 0 0 0 0
1297555200 0 0 0 0
1297468800 0 0 0 0
1297382400 0 0 0 0
1297296000 0 0 0 0
1297209600 0 0 0 0
1297123200 0 0 0 0
1297036800 0 0 0 0
1296950400 0 0 0 0
1296864000 0 0 0 0
1296777600 0 0 0 0
1296691200 0 0 0 0
1296604800 0 0 0 0
1296518400 0 0 0 0
1296432000 0 0 0 0
1296345600 0 0 0 0
1296259200 0 0 0 0
1296172800 0 0 0 0
1296086400 0 0 0 0
1296000000 0 0 0 0
1295913600 0 0 0 0
1295827200 0 0 0 0
1295740800 0 0 0 0
1295654400 0 0 0 0
1295568000 0 0 0 0
1295481600 0 0 0 0
1295395200 0 0 0 0
1295308800 0 0 0 0
1295222400 0 0 0 0
1295136000 0 0 0 0
1295049600 0 0 0 0
1294963200 0 0 0 0
1294876800 0 0 0 0
1294790400 0 0 0 0
1294704000 0 0 0 0
1294617600 0 0 0 0
1294531200 0 0 0 0
1294444800 0 0 0 0
1294358400 0 0 0 0
1294272000 0 0 0 0
1294185600 0 0 0 0
1294099200 0 0 0 0
1294012800 0 0 0 0
1293926400 0 0 0 0
1293840000 0 0 0 0
1293753600 0 0 0 0
1293667200 0 0 0 0
1293580800 0 0 0 0
1293494400 0 0 0 0
1293408000 0 0 0 0
1293321600 0 0 0 0
1293235200 0 0 0 0
1293148800 0 0 0 0
1293062400 0 0 0 0
1292976000 0 0 0 0
1292889600 0 0 0 0
1292803200 0 0 0 0
1292716800 0 0 0 0
1292630400 0 0 0 0
1292544000 0 0 0 0
1292457600 0 0 0 0
1292371200 0 0 0 0
1292284800 0 0 0 0
1292198400 0 0 0 0
1292112000 0 0 0 0
1292025600 0 0 0 0
1291939200 0 0 0 0
1291852800 0 0 0 0
1291766400 0 0 0 0
1291680000 0 0 0 0
1291593600 0 0 0 0
1291507200 0 0 0 0
1291420800 0 0 0 0
1291334400 0 0 0 0
1291248000 0 0 0 0
1291161600 0 0 0 0
1291075200 0 0 0 0
1290988800 0 0 0 0
1290902400 0 0 0 0
1290816000 0 0 0 0
1290729600 0 0 0 0
1290643200 0 0 0 0
1290556800 0 0 0 0
1290470400 0 0 0 0
1290384000 0 0 0 0
1290297600 0 0 0 0
1290211200 0 0 0 0
1290124800 0 0 0 0
1290038400 0 0 0 0
1289952000 0 0 0 0
1289865600 0 0 0 0
1289779200 0 0 0 0
1289692800 0 0 0 0
1289606400 0 0 0 0
1289520000 0 0 0 0
1289433600 0 0 0 0
1289347200 0 0 0 0
1289260800 0 0 0 0
1289174400 0 0 0 0
1289088000 0 0 0 0
1289001600 0 0 0 0
1288915200 0 0 0 0
1288828800 0 0 0 0
1288742400 0 0 0 0
1288656000 0 0 0 0
1288569600 0 0 0 0
1288483200 0 0 0 0
1288396800 0 0 0 0
1288310400 0 0 0 0
1288224000 0 0 0 0
1288137600 0 0 0 0
1288051200 0 0 0 0
1287964800 0 0 0 0
1287878400 0 0 0 0
1287792000 0 0 0 0
1287705600 0 0 0 0
1287619200 0 0 0 0
1287532800 0 0 0 0
1287446400 0 0 0 0
1287360000 0 0 0 0
1287273600 0 0 0 0
1287187200 0 0 0 0
1287100800 0 0 0 0
1287014400 0 0 0 0
1286928000 0 0 0 0
1286841600 0 0 0 0
1286755200 0 0 0 0
1286668800 0 0 0 0
1286582400 0 0 0 0
1286496000 0 0 0 0
1286409600 0 0 0 0
1286323200 0 0 0 0
1286236800 0 0 0 0
1286150400 0 0 0 0
1286064000 0 0 0 0
1285977600 0 0 0 0
1285891200 0 0 0 0
1285804800 0 0 0 0
1285718400 0 0 0 0
1285632000 0 0 0 0
1285545600 0 0 0 0
1285459200 0 0 0 0
1285372800 0 0 0 0
1285286400 0 0 0 0
1285200000 0 0 0 0
1285113600 0 0 0 0
1285027200 0 0 0 0
1284940800 0 0 0 0
1284854400 0 0 0 0
1284768000 0 0 0 0
1284681600 0 0 0 0
1284595200 0 0 0 0
1284508800 0 0 0 0
1284422400 0 0 0 0
1284336000 0 0 0 0
1284249600 0 0 0 0
1284163200 0 0 0 0
1284076800 0 0 0 0
1283990400 0 0 0 0
1283904000 0 0 0 0
1283817600 0 0 0 0
1283731200 0 0 0 0
1283644800 0 0 0 0
1283558400 0 0 0 0
1283472000 0 0 0 0
1283385600 0 0 0 0
1283299200 0 0 0 0
1283212800 0 0 0 0
1283126400 0 0 0 0
1283040000 0 0 0 0
1282953600 0 0 0 0
1282867200 0 0 0 0
1282780800 0 0 0 0
1282694400 0 0 0 0
1282608000 0 0 0 0
1282521600 0 0 0 0
1282435200 0 0 0 0
1282348800 0 0 0 0
1282262400 0 0 0 0
1282176000 0 0 0 0
1282089600 0 0 0 0
1282003200 0 0 0 0
1281916800 0 0 0 0
1281830400 0 0 0 0
1281744000 0 0 0 0
1281657600 0 0 0 0
1281571200 0 0 0 0
1281484800 0 0 0 0
1281398400 0 0 0 0
1281312000 0 0 0 0
1281225600 0 0 0 0
1281139200 0 0 0 0
1281052800 0 0 0 0
1280966400 0 0 0 0
1280880000 0 0 0 0
1280793600 0 0 0 0
1280707200 0 0 0 0
1280620800 0 0 0 0
1280534400 0 0 0 0
1280448000 0 0 0 0
1280361600 0 0 0 0
1280275200 0 0 0 0
