1349043001 355 0
1349043001 355 0 355 0
1349042701 355 0 355 0
1349042700 355 0 355 0
1349042400 355 0 355 0
1349042100 355 0 355 0
1349041800 355 0 356 0
1349041500 356 0 356 0
1349041200 356 0 356 0
1349040900 355 0 356 0
1349040600 354 0 354 0
1349040300 354 0 354 0
1349040000 354 0 354 0
1349039700 354 0 354 0
1349039400 354 0 354 0
1349039100 354 0 355 0
1349038800 355 0 355 0
1349038500 355 0 355 0
1349038200 355 0 357 0
1349037900 357 0 357 0
1349037600 357 0 357 0
1349037300 357 0 357 0
1349037000 357 0 357 0
1349036700 357 0 357 0
1349036400 357 0 358 0
1349036100 358 0 358 0
1349035800 358 0 358 0
1349035500 358 0 359 0
1349035200 359 0 359 0
1349034900 359 0 359 0
1349034600 359 0 362 0
1349034300 362 0 362 0
1349034000 362 0 362 0
1349033700 361 0 362 0
1349033400 359 0 359 0
1349033100 359 0 359 0
1349032800 359 0 361 0
1349032500 361 0 361 0
1349032200 361 0 361 0
1349031900 361 0 365 0
1349031600 365 0 365 0
1349031300 365 0 365 0
1349031000 364 0 365 0
1349030700 364 0 364 0
1349030400 364 0 364 0
1349030100 364 0 372 0
1349029800 372 0 372 0
1349029500 372 0 372 0
1349029200 371 0 372 0
1349028900 371 0 371 0
1349028600 371 0 371 0
1349028300 371 0 373 0
1349028000 373 0 373 0
1349027700 373 0 373 0
1349027400 373 0 378 0
1349027100 378 0 378 0
1349026800 378 0 378 0
1349026500 378 0 385 0
1349026200 385 0 385 0
1349025900 385 0 385 0
1349025600 384 0 385 0
1349025300 384 0 384 0
1349025000 384 0 384 0
1349024700 384 0 384 0
1349024400 384 0 384 0
1349024100 384 0 384 0
1349023800 384 0 387 0
1349023500 387 0 387 0
1349023200 387 0 387 0
1349022900 387 0 388 0
1349022600 388 0 388 0
1349022300 388 0 388 0
1349022000 388 0 388 0
1349021700 388 0 388 0
1349021400 388 0 388 0
1349021100 387 0 388 0
1349020800 387 0 387 0
1349020500 387 0 387 0
1349020200 387 0 389 0
1349019900 389 0 389 0
1349019600 389 0 389 0
1349019300 389 0 392 0
1349019000 392 0 392 0
1349018700 392 0 392 0
1349018400 392 0 395 0
1349018100 395 0 395 0
1349017800 395 0 395 0
1349017500 395 0 395 0
1349017200 395 0 395 0
1349016900 395 0 395 0
1349016600 395 0 396 0
1349016300 396 0 396 0
1349016000 396 0 396 0
1349015700 396 0 398 0
1349015400 398 0 398 0
1349015100 398 0 398 0
1349014800 398 0 401 0
1349014500 401 0 401 0
1349014200 401 0 401 0
1349013900 398 0 401 0
1349013600 4 0 4 0
1349013300 4 0 4 0
1349013000 5 0 392 0
1349012700 392 0 392 0
1349012400 392 0 392 0
1349012100 392 0 396 0
1349011800 396 0 396 0
1349011500 396 0 396 0
1349011200 396 0 396 0
1349010900 396 0 396 0
1349010600 396 0 396 0
1349010300 396 0 399 0
1349010000 399 0 399 0
1349009700 399 0 399 0
1349009400 398 0 399 0
1349009100 393 0 393 0
1349008800 393 0 393 0
1349008500 392 0 393 0
1349008200 386 0 386 0
1349007900 386 0 386 0
1349007600 386 0 393 0
1349007300 393 0 393 0
1349007000 393 0 393 0
1349006700 393 0 395 0
1349006400 395 0 395 0
1349006100 395 0 395 0
1349005800 395 0 395 0
1349005500 395 0 395 0
1349005200 395 0 395 0
1349004900 395 0 395 0
1349004600 395 0 395 0
1349004300 395 0 395 0
1349004000 394 0 395 0
1349003700 388 0 388 0
1349003400 388 0 388 0
1349003100 387 0 388 0
1349002800 376 0 376 0
1349002500 376 0 376 0
1349002200 376 0 379 0
1349001900 379 0 379 0
1349001600 379 0 379 0
1349001300 378 0 379 0
1349001000 372 0 372 0
1349000700 372 0 372 0
1349000400 372 0 373 0
1349000100 373 0 373 0
1348999800 373 0 373 0
1348999500 373 0 375 0
1348999200 375 0 375 0
1348998900 375 0 375 0
1348998600 374 0 375 0
1348998300 372 0 372 0
1348998000 372 0 372 0
1348997700 372 0 375 0
1348997400 375 0 375 0
1348997100 375 0 375 0
1348996800 375 0 384 0
1348996500 384 0 384 0
1348996200 384 0 384 0
1348995900 384 0 384 0
1348995600 384 0 384 0
1348995300 384 0 384 0
1348995000 383 0 384 0
1348994700 381 0 381 0
1348994400 381 0 381 0
1348994100 381 0 381 0
1348993800 381 0 381 0
1348993500 381 0 381 0
1348993200 381 0 387 0
1348992900 387 0 387 0
1348992600 387 0 387 0
1348992300 386 0 387 0
1348992000 384 0 384 0
1348991700 384 0 384 0
1348991400 382 0 384 0
1348991100 38 0 38 0
1348990800 38 0 38 0
1348990500 40 0 377 0
1348990200 377 0 377 0
1348989900 377 0 377 0
1348989600 376 0 377 0
1348989300 371 0 371 0
1348989000 371 0 371 0
1348988700 371 0 374 0
1348988400 374 0 374 0
1348988100 374 0 374 0
1348987800 373 0 374 0
1348987500 369 0 369 0
1348987200 369 0 369 0
1348986900 369 0 374 0
1348986600 374 0 374 0
1348986300 374 0 374 0
1348986000 374 0 374 0
1348985700 374 0 374 0
1348985400 374 0 374 0
1348985100 373 0 374 0
1348984800 372 0 372 0
1348984500 372 0 372 0
1348984200 372 0 373 0
1348983900 373 0 373 0
1348983600 373 0 373 0
1348983300 373 0 375 0
1348983000 375 0 375 0
1348982700 375 0 375 0
1348982400 374 0 375 0
1348982100 371 0 371 0
1348981800 371 0 371 0
1348981500 368 0 371 0
1348981200 36 0 36 0
1348980900 36 0 36 0
1348980600 36 0 36 0
1348980300 36 0 36 0
1348980000 36 0 36 0
1348979700 37 0 363 0
1348979400 363 0 363 0
1348979100 363 0 363 0
1348978800 363 0 364 0
1348978500 364 0 364 0
1348978200 364 0 364 0
1348977900 364 0 368 0
1348977600 368 0 368 0
1348977300 368 0 368 0
1348977000 368 0 368 0
1348976700 368 0 368 0
1348976400 368 0 368 0
1348976100 366 0 368 0
1348975800 37 0 37 0
1348975500 37 0 37 0
1348975200 37 0 37 0
1348974900 37 0 37 0
1348974600 37 0 37 0
1348974300 37 0 37 0
1348974000 37 0 37 0
1348973700 37 0 37 0
1348973400 38 0 372 0
1348973100 372 0 372 0
1348972800 372 0 372 0
1348972500 371 0 372 0
1348972200 364 0 364 0
1348971900 364 0 364 0
1348971600 363 0 364 0
1348971300 344 0 344 0
1348971000 344 0 344 0
1348970700 343 0 344 0
1348970400 309 0 309 0
1348970100 309 0 309 0
1348969800 308 0 309 0
1348969500 291 0 291 0
1348969200 291 0 291 0
1348968900 291 0 291 0
1348968600 291 0 291 0
1348968300 291 0 291 0
1348968000 290 0 291 0
1348967700 287 0 287 0
1348967400 287 0 287 0
1348967100 287 0 287 0
1348966800 287 0 287 0
1348966500 287 0 287 0
1348966200 287 0 291 0
1348965900 291 0 291 0
1348965600 291 0 291 0
1348965300 290 0 291 0
1348965000 28 0 28 0
1348964700 28 0 28 0
1348964400 28 0 282 0
1348964100 282 0 282 0
1348963800 282 0 282 0
1348963500 282 0 282 0
1348963200 282 0 282 0
1348962900 282 0 282 0
1348962600 281 0 282 0
1348962300 273 0 273 0
1348962000 273 0 273 0
1348961700 272 0 273 0
1348961400 271 0 271 0
1348961100 271 0 271 0
1348960800 270 0 271 0
1348960500 268 0 268 0
1348960200 268 0 268 0
1348959900 267 0 268 0
1348959600 267 0 267 0
1348959300 267 0 267 0
1348959000 267 0 267 0
1348958700 267 0 267 0
1348958400 267 0 267 0
1348958100 266 0 267 0
1348957800 266 0 266 0
1348957500 266 0 266 0
1348957200 266 0 267 0
1348956900 267 0 267 0
1348956600 267 0 267 0
1348956300 267 0 267 0
1348956000 267 0 267 0
1348955700 267 0 267 0
1348955400 267 0 271 0
1348955100 271 0 271 0
1348954800 271 0 271 0
1348954500 271 0 271 0
1348954200 271 0 271 0
1348953900 271 0 271 0
1348953600 270 0 271 0
1348953300 269 0 269 0
1348953000 269 0 269 0
1348952700 268 0 269 0
1348952400 268 0 268 0
1348952100 268 0 268 0
1348951800 267 0 268 0
1348951500 267 0 267 0
1348951200 267 0 267 0
1348950900 267 0 268 0
1348950600 268 0 268 0
1348950300 268 0 268 0
1348950000 268 0 269 0
1348949700 269 0 269 0
1348949400 269 0 269 0
1348949100 269 0 269 0
1348948800 269 0 269 0
1348948500 269 0 269 0
1348948200 269 0 279 0
1348947900 279 0 279 0
1348947600 279 0 279 0
1348947300 279 0 279 0
1348947000 279 0 279 0
1348946700 279 0 279 0
1348946400 277 0 279 0
1348946100 28 0 28 0
1348945800 28 0 28 0
1348945500 28 0 281 0
1348945200 281 0 281 0
1348944900 281 0 281 0
1348944600 280 0 281 0
1348944300 28 0 28 0
1348944000 28 0 28 0
1348943700 28 0 282 0
1348943400 282 0 282 0
1348943100 282 0 282 0
1348942800 282 0 286 0
1348942500 286 0 286 0
1348942200 286 0 286 0
1348941900 285 0 286 0
1348941600 284 0 284 0
1348941300 284 0 284 0
1348941000 284 0 284 0
1348940700 284 0 284 0
1348940400 284 0 284 0
1348940100 282 0 284 0
1348939800 29 0 29 0
1348939500 29 0 29 0
1348939200 29 0 293 0
1348938900 293 0 293 0
1348938600 293 0 293 0
1348938300 293 0 297 0
1348938000 297 0 297 0
1348937700 297 0 297 0
1348937400 295 0 297 0
1348937100 3 0 3 0
1348936800 3 0 3 0
1348936500 4 0 307 0
1348936200 307 0 307 0
1348935900 307 0 307 0
1348935600 306 0 307 0
1348935300 304 0 304 0
1348935000 303 0 304 0
1348934700 298 0 299 0
1348934400 287 0 287 0
1348934100 287 0 288 0
1348933800 287 0 288 0
1348933500 278 0 278 0
1348933200 278 0 278 0
1348932900 277 0 278 0
1348932600 263 0 263 0
1348932300 263 0 263 0
1348932000 263 0 276 0
1348931700 276 0 276 0
1348931400 276 0 276 0
1348931100 276 0 276 0
1348930800 276 0 276 0
1348930500 276 0 276 0
1348930200 276 0 282 0
1348929900 282 0 282 0
1348929600 282 0 282 0
1348929300 282 0 298 0
1348929000 298 0 298 0
1348928700 298 0 298 0
1348928400 298 0 298 0
1348928100 298 0 298 0
1348927800 298 0 298 0
1348927500 298 0 298 0
1348927200 298 0 298 0
1348926900 298 0 298 0
1348926600 297 0 298 0
1348926300 295 0 295 0
1348926000 295 0 295 0
1348925700 295 0 295 0
1348925400 295 0 295 0
1348925100 295 0 295 0
1348924800 294 0 295 0
1348924500 289 0 289 0
1348924200 289 0 289 0
1348923900 288 0 289 0
1348923600 283 0 283 0
1348923300 283 0 283 0
1348923000 282 0 283 0
1348922700 262 0 262 0
1348922400 262 0 262 0
1348922100 261 0 262 0
1348921800 255 0 255 0
1348921500 255 0 255 0
1348921200 255 0 255 0
1348920900 255 0 255 0
1348920600 255 0 255 0
1348920300 255 0 257 0
1348920000 257 0 257 0
1348919700 257 0 257 0
1348919400 257 0 262 0
1348919100 262 0 262 0
1348918800 262 0 262 0
1348918500 261 0 262 0
1348918200 239 0 239 0
1348917900 239 0 239 0
1348917600 238 0 239 0
1348917300 224 0 224 0
1348917000 224 0 224 0
1348916700 223 0 224 0
1348916400 212 0 212 0
1348916100 212 0 212 0
1348915800 212 0 233 0
1348915500 233 0 233 0
1348915200 233 0 233 0
1348914900 232 0 233 0
1348914600 228 0 228 0
1348914300 228 0 228 0
1348914000 226 0 228 0
1348913700 23 0 23 0
1348913400 23 0 23 0
1348913100 23 0 229 0
1348912800 229 0 229 0
1348912500 229 0 229 0
1348912200 229 0 234 0
1348911900 234 0 234 0
1348911600 234 0 234 0
1348911300 233 0 234 0
1348911000 226 0 226 0
1348910700 226 0 226 0
1348910400 226 0 236 0
1348910100 236 0 236 0
1348909800 236 0 236 0
1348909500 236 0 261 0
1348909200 261 0 261 0
1348908900 261 0 261 0
1348908600 260 0 261 0
1348908300 27 0 27 0
1348908000 27 0 27 0
1348907700 27 0 279 0
1348907400 279 0 279 0
1348907100 279 0 279 0
1348906800 279 0 279 0
1348906500 279 0 279 0
1348906200 279 0 279 0
1348905900 278 0 279 0
1348905600 28 0 28 0
1348905300 28 0 28 0
1348905000 28 0 277 0
1348904700 277 0 277 0
1348904400 277 0 277 0
1348904100 276 0 277 0
1348903800 275 0 275 0
1348903500 275 0 275 0
1348903200 275 0 285 0
1348902900 285 0 285 0
1348902600 285 0 285 0
1348902300 285 0 287 0
1348902000 287 0 287 0
1348901700 287 0 287 0
1348901400 287 0 287 0
1348901100 287 0 287 0
1348900800 287 0 287 0
1348900500 286 0 287 0
1348900200 29 0 29 0
1348899900 29 0 29 0
1348899600 30 0 287 0
1348899300 287 0 287 0
1348899000 287 0 287 0
1348898700 286 0 287 0
1348898400 29 0 29 0
1348898100 29 0 29 0
1348897800 30 0 287 0
1348897500 287 0 287 0
1348897200 287 0 287 0
1348896900 287 0 288 0
1348896600 288 0 288 0
1348896300 288 0 288 0
1348896000 288 0 289 0
1348895700 289 0 289 0
1348895400 289 0 289 0
1348895100 288 0 289 0
1348894800 29 0 29 0
1348894500 29 0 29 0
1348894200 30 0 283 0
1348893900 283 0 283 0
1348893600 283 0 283 0
1348893300 282 0 283 0
1348893000 281 0 281 0
1348892700 281 0 281 0
1348892400 280 0 281 0
1348892100 266 0 266 0
1348891800 266 0 266 0
1348891500 265 0 266 0
1348891200 258 0 258 0
1348890900 258 0 258 0
1348890600 257 0 258 0
1348890300 257 0 257 0
1348890000 257 0 257 0
1348889700 255 0 257 0
1348889400 25 0 25 0
1348889100 25 0 25 0
1348888800 25 0 258 0
1348888500 258 0 258 0
1348888200 258 0 258 0
1348887900 256 0 258 0
1348887600 28 0 28 0
1348887300 28 0 28 0
1348887000 28 0 28 0
1348886700 28 0 28 0
1348886400 28 0 28 0
1348886100 29 0 293 0
1348885800 293 0 293 0
1348885500 293 0 293 0
1348885200 293 0 293 0
1348884900 293 0 293 0
1348884600 293 0 293 0
1348884300 292 0 293 0
1348884000 287 0 287 0
1348883700 287 0 287 0
1348883400 287 0 287 0
1348883100 287 0 287 0
1348882800 287 0 287 0
1348882500 286 0 287 0
1348882200 27 0 27 0
1348881900 27 0 27 0
1348881600 27 0 264 0
1348881300 264 0 264 0
1348881000 264 0 264 0
1348880700 263 0 264 0
1348880400 261 0 261 0
1348880100 261 0 261 0
1348879800 260 0 261 0
1348879500 252 0 252 0
1348879200 252 0 252 0
1348878900 251 0 252 0
1348878600 249 0 249 0
1348878300 249 0 249 0
1348878000 248 0 249 0
1348877700 246 0 246 0
1348877400 246 0 246 0
1348877100 246 0 262 0
1348876800 262 0 262 0
1348876500 262 0 262 0
1348876200 261 0 262 0
1348875900 246 0 246 0
1348875600 246 0 246 0
1348875300 245 0 246 0
1348875000 245 0 245 0
1348874700 245 0 245 0
1348874400 245 0 269 0
1348874100 269 0 269 0
1348873800 269 0 269 0
1348873500 269 0 269 0
1348873200 269 0 269 0
1348872900 269 0 269 0
1348872600 268 0 269 0
1348872300 27 0 27 0
1348872000 27 0 27 0
1348871700 28 0 269 0
1348871400 269 0 269 0
1348871100 269 0 269 0
1348870800 269 0 272 0
1348870500 272 0 272 0
1348870200 272 0 272 0
1348869900 272 0 272 0
1348869600 272 0 272 0
1348869300 272 0 272 0
1348869000 272 0 274 0
1348868700 274 0 274 0
1348868400 274 0 274 0
1348868100 274 0 276 0
1348867800 276 0 276 0
1348867500 276 0 276 0
1348867200 275 0 276 0
1348866900 272 0 272 0
1348866600 272 0 272 0
1348866300 272 0 272 0
1348866000 272 0 272 0
1348865700 272 0 272 0
1348865400 272 0 273 0
1348865100 273 0 273 0
1348864800 273 0 273 0
1348864500 273 0 274 0
1348864200 274 0 274 0
1348863900 274 0 274 0
1348863600 274 0 277 0
1348863300 277 0 277 0
1348863000 277 0 282 0
1348862400 282 0 291 0
1348860600 291 0 292 0
1348858800 292 0 294 0
1348857000 294 0 301 0
1348855200 299 0 304 0
1348853400 301 0 304 0
1348851600 303 0 304 0
1348849800 308 0 319 0
1348848000 319 0 321 0
1348846200 311 0 323 0
1348844400 176 0 323 0
1348842600 32 0 315 0
1348840800 313 0 315 0
1348839000 309 0 313 0
1348837200 304 0 308 0
1348835400 298 0 299 0
1348833600 295 0 299 0
1348831800 290 0 294 0
1348830000 285 0 292 0
1348828200 275 0 277 0
1348826400 268 0 276 0
1348824600 281 0 326 0
1348822800 325 0 326 0
1348821000 325 0 332 0
1348819200 333 0 341 0
1348817400 348 0 366 0
1348815600 370 0 376 0
1348813800 375 0 376 0
1348812000 374 0 375 0
1348810200 203 0 373 0
1348808400 354 0 356 0
1348806600 356 0 358 0
1348804800 342 0 348 0
1348803000 341 0 342 0
1348801200 328 0 342 0
1348799400 173 0 317 0
1348797600 313 0 317 0
1348795800 309 0 314 0
1348794000 305 0 309 0
1348792200 159 0 292 0
1348790400 275 0 283 0
1348788600 273 0 294 0
1348786800 295 0 304 0
1348785000 309 0 316 0
1348783200 313 0 314 0
1348781400 311 0 312 0
1348779600 312 0 313 0
1348777800 314 0 319 0
1348776000 316 0 319 0
1348774200 32 0 313 0
1348772400 311 0 313 0
1348770600 31 0 31 0
1348768800 172 0 321 0
1348767000 321 0 333 0
1348765200 333 0 343 0
1348763400 343 0 347 0
1348761600 190 0 356 0
1348759800 356 0 359 0
1348758000 359 0 361 0
1348756200 357 0 361 0
1348754400 205 0 375 0
1348752600 369 0 373 0
1348750800 364 0 368 0
1348749000 347 0 361 0
1348747200 331 0 338 0
1348745400 338 0 338 0
1348743600 338 0 342 0
1348741800 330 0 342 0
1348740000 347 0 353 0
1348738200 353 0 354 0
1348736400 192 0 352 0
1348734600 346 0 349 0
1348732800 341 0 346 0
1348731000 352 0 369 0
1348729200 358 0 362 0
1348727400 351 0 355 0
1348725600 347 0 351 0
1348723800 345 0 347 0
1348722000 335 0 339 0
1348720200 335 0 336 0
1348718400 328 0 333 0
1348716600 322 0 328 0
1348714800 328 0 329 0
1348713000 181 0 342 0
1348711200 338 0 342 0
1348709400 330 0 335 0
1348707600 176 0 321 0
1348705800 176 0 322 0
1348704000 301 0 311 0
1348702200 300 0 317 0
1348700400 321 0 328 0
1348698600 327 0 328 0
1348696800 326 0 327 0
1348695000 322 0 327 0
1348693200 319 0 328 0
1348691400 331 0 337 0
1348689600 337 0 338 0
1348687800 187 0 348 0
1348686000 348 0 351 0
1348684200 351 0 352 0
1348682400 352 0 352 0
1348680600 351 0 352 0
1348678800 346 0 351 0
1348677000 345 0 356 0
1348675200 359 0 373 0
1348673400 373 0 376 0
1348671600 203 0 373 0
1348669800 185 0 372 0
1348668000 356 0 357 0
1348666200 355 0 358 0
1348664400 346 0 352 0
1348662600 334 0 341 0
1348660800 324 0 327 0
1348659000 309 0 316 0
1348657200 305 0 306 0
1348655400 289 0 296 0
1348653600 294 0 303 0
1348651800 304 0 308 0
1348650000 308 0 308 0
1348648200 309 0 316 0
1348646400 321 0 328 0
1348644600 325 0 337 0
1348642800 334 0 336 0
1348641000 313 0 324 0
1348639200 159 0 293 0
1348637400 306 0 327 0
1348635600 295 0 315 0
1348633800 305 0 309 0
1348632000 299 0 302 0
1348630200 302 0 306 0
1348628400 152 0 304 0
1348626600 286 0 303 0
1348624800 241 0 244 0
1348623000 256 0 277 0
1348621200 262 0 274 0
1348619400 269 0 274 0
1348617600 247 0 257 0
1348615800 241 0 262 0
1348614000 143 0 267 0
1348612200 271 0 278 0
1348610400 275 0 278 0
1348608600 269 0 275 0
1348606800 262 0 266 0
1348605000 262 0 267 0
1348603200 269 0 284 0
1348601400 284 0 286 0
1348599600 284 0 286 0
1348597800 284 0 284 0
1348596000 283 0 284 0
1348594200 282 0 296 0
1348592400 162 0 325 0
1348590600 325 0 331 0
1348588800 331 0 342 0
1348587000 342 0 348 0
1348585200 348 0 352 0
1348583400 348 0 352 0
1348581600 344 0 348 0
1348579800 332 0 333 0
1348578000 320 0 323 0
1348576200 306 0 307 0
1348574400 294 0 298 0
1348572600 157 0 289 0
1348570800 290 0 295 0
1348569000 295 0 302 0
1348567200 302 0 304 0
1348565400 300 0 304 0
1348563600 295 0 295 0
1348561800 290 0 295 0
1348560000 286 0 293 0
1348558200 298 0 305 0
1348556400 299 0 313 0
1348554600 312 0 313 0
1348552800 173 0 318 0
1348551000 315 0 317 0
1348549200 311 0 315 0
1348547400 308 0 309 0
1348545600 306 0 308 0
1348543800 305 0 306 0
1348542000 305 0 308 0
1348540200 301 0 308 0
1348538400 290 0 295 0
1348536600 285 0 289 0
1348534800 281 0 289 0
1348533000 271 0 275 0
1348531200 251 0 261 0
1348529400 252 0 257 0
1348527600 141 0 259 0
1348525800 264 0 272 0
1348524000 272 0 273 0
1348522200 273 0 276 0
1348520400 274 0 276 0
1348518600 28 0 284 0
1348516800 284 0 287 0
1348515000 286 0 288 0
1348513200 288 0 288 0
1348511400 288 0 294 0
1348509600 294 0 297 0
1348507800 298 0 302 0
1348506000 302 0 311 0
1348504200 311 0 314 0
1348502400 311 0 324 0
1348500600 317 0 324 0
1348498800 308 0 311 0
1348497000 307 0 312 0
1348495200 31 0 315 0
1348493400 311 0 315 0
1348491600 303 0 308 0
1348489800 297 0 301 0
1348488000 292 0 294 0
1348486200 275 0 284 0
1348484400 269 0 274 0
1348482600 273 0 274 0
1348480800 267 0 278 0
1348479000 277 0 278 0
1348477200 28 0 282 0
1348475400 282 0 284 0
1348473600 284 0 289 0
1348471800 294 0 305 0
1348470000 303 0 309 0
1348468200 309 0 313 0
1348466400 169 0 309 0
1348464600 308 0 313 0
1348462800 171 0 313 0
1348461000 301 0 305 0
1348459200 297 0 305 0
1348457400 307 0 313 0
1348455600 309 0 313 0
1348453800 298 0 299 0
1348452000 283 0 288 0
1348450200 277 0 281 0
1348448400 269 0 273 0
1348446600 272 0 273 0
1348444800 136 0 257 0
1348443000 257 0 269 0
1348441200 269 0 274 0
1348439400 270 0 277 0
1348437600 278 0 282 0
1348435800 281 0 282 0
1348434000 281 0 282 0
1348432200 281 0 282 0
1348430400 281 0 284 0
1348428600 284 0 288 0
1348426800 288 0 291 0
1348425000 291 0 291 0
1348423200 291 0 295 0
1348421400 293 0 295 0
1348419600 295 0 302 0
1348417800 302 0 314 0
1348416000 311 0 314 0
1348414200 312 0 317 0
1348412400 318 0 322 0
1348410600 321 0 328 0
1348408800 323 0 324 0
1348407000 178 0 325 0
1348405200 171 0 311 0
1348403400 170 0 313 0
1348401600 308 0 313 0
1348399800 303 0 304 0
1348398000 302 0 303 0
1348396200 295 0 299 0
1348394400 283 0 284 0
1348392600 278 0 289 0
1348390800 158 0 289 0
1348389000 279 0 294 0
1348387200 294 0 295 0
1348385400 153 0 306 0
1348383600 302 0 306 0
1348381800 297 0 301 0
1348380000 294 0 298 0
1348378200 295 0 296 0
1348376400 291 0 292 0
1348374600 150 0 301 0
1348372800 301 0 304 0
1348371000 297 0 304 0
1348369200 288 0 289 0
1348367400 159 0 293 0
1348365600 276 0 291 0
1348363800 142 0 261 0
1348362000 257 0 267 0
1348360200 270 0 277 0
1348358400 263 0 268 0
1348356600 263 0 266 0
1348354800 259 0 267 0
1348353000 266 0 267 0
1348351200 267 0 269 0
1348349400 269 0 269 0
1348347600 147 0 269 0
1348345800 148 0 271 0
1348344000 147 0 271 0
1348342200 153 0 305 0
1348340400 305 0 306 0
1348338600 307 0 316 0
1348336800 172 0 321 0
1348335000 323 0 329 0
1348333200 332 0 338 0
1348331400 333 0 335 0
1348329600 331 0 341 0
1348327800 340 0 341 0
1348326000 183 0 334 0
1348324200 188 0 345 0
1348322400 35 0 339 0
1348320600 339 0 343 0
1348318800 337 0 342 0
1348317000 329 0 332 0
1348315200 325 0 329 0
1348313400 314 0 318 0
1348311600 314 0 316 0
1348309800 312 0 313 0
1348308000 299 0 305 0
1348306200 306 0 313 0
1348304400 312 0 313 0
1348302600 306 0 309 0
1348300800 307 0 318 0
1348299000 314 0 318 0
1348297200 313 0 315 0
1348295400 309 0 313 0
1348293600 166 0 304 0
1348291800 304 0 306 0
1348290000 299 0 305 0
1348288200 297 0 306 0
1348286400 305 0 306 0
1348284600 309 0 315 0
1348282800 315 0 316 0
1348281000 289 0 314 0
1348279200 246 0 247 0
1348277400 245 0 251 0
1348275600 236 0 241 0
1348273800 234 0 238 0
1348272000 234 0 235 0
1348270200 240 0 249 0
1348268400 25 0 251 0
1348266600 251 0 252 0
1348264800 251 0 252 0
1348263000 252 0 252 0
1348261200 251 0 252 0
1348259400 252 0 257 0
1348257600 256 0 262 0
1348255800 262 0 264 0
1348254000 264 0 269 0
1348252200 269 0 273 0
1348250400 273 0 276 0
1348248600 275 0 276 0
1348246800 277 0 281 0
1348245000 282 0 287 0
1348243200 286 0 294 0
1348241400 293 0 294 0
1348239600 153 0 303 0
1348237800 303 0 306 0
1348236000 314 0 336 0
1348234200 334 0 335 0
1348232400 319 0 324 0
1348230600 171 0 311 0
1348228800 301 0 311 0
1348227000 257 0 266 0
1348225200 229 0 233 0
1348223400 223 0 226 0
1348221600 226 0 234 0
1348219800 239 0 248 0
1348218000 244 0 253 0
1348216200 253 0 254 0
1348214400 271 0 305 0
1348212600 308 0 313 0
1348210800 307 0 308 0
1348209000 305 0 308 0
1348207200 172 0 317 0
1348205400 168 0 308 0
1348203600 304 0 306 0
1348201800 299 0 303 0
1348200000 303 0 312 0
1348198200 306 0 312 0
1348196400 301 0 302 0
1348194600 151 0 301 0
1348192800 296 0 297 0
1348191000 290 0 297 0
1348189200 284 0 293 0
1348187400 273 0 284 0
1348185600 253 0 264 0
1348183800 245 0 252 0
1348182000 251 0 252 0
1348180200 250 0 251 0
1348178400 138 0 253 0
1348176600 253 0 255 0
1348174800 254 0 257 0
1348173000 257 0 258 0
1348171200 142 0 262 0
1348169400 263 0 269 0
1348167600 269 0 274 0
1348165800 272 0 274 0
1348164000 273 0 276 0
1348162200 276 0 278 0
1348160400 278 0 281 0
1348158600 282 0 296 0
1348156800 295 0 296 0
1348155000 148 0 308 0
1348153200 304 0 308 0
1348151400 301 0 316 0
1348149600 172 0 316 0
1348147800 314 0 318 0
1348146000 313 0 318 0
1348144200 305 0 306 0
1348142400 296 0 298 0
1348140600 148 0 295 0
1348138800 292 0 295 0
1348137000 279 0 283 0
1348135200 275 0 279 0
1348133400 268 0 279 0
1348131600 279 0 298 0
1348129800 298 0 301 0
1348128000 294 0 301 0
1348126200 161 0 321 0
1348124400 324 0 331 0
1348122600 326 0 327 0
1348120800 321 0 323 0
1348119000 31 0 311 0
1348117200 311 0 313 0
1348115400 307 0 311 0
1348113600 170 0 313 0
1348111800 313 0 316 0
1348110000 312 0 316 0
1348108200 313 0 314 0
1348106400 296 0 303 0
1348104600 273 0 274 0
1348102800 263 0 272 0
1348101000 243 0 251 0
1348099200 121 0 221 0
1348097400 211 0 215 0
1348095600 122 0 225 0
1348093800 223 0 224 0
1348092000 223 0 226 0
1348090200 226 0 227 0
1348088400 227 0 229 0
1348086600 227 0 229 0
1348084800 232 0 236 0
1348083000 235 0 237 0
1348081200 235 0 237 0
1348079400 238 0 255 0
1348077600 260 0 266 0
1348075800 270 0 276 0
1348074000 274 0 276 0
1348072200 273 0 276 0
1348070400 272 0 285 0
1348068600 286 0 289 0
1348066800 286 0 289 0
1348065000 285 0 286 0
1348063200 282 0 285 0
1348061400 278 0 285 0
1348059600 274 0 275 0
1348057800 27 0 264 0
1348056000 244 0 264 0
1348054200 220 0 227 0
1348052400 203 0 207 0
1348050600 194 0 199 0
1348048800 187 0 196 0
1348047000 199 0 205 0
1348045200 188 0 194 0
1348043400 92 0 169 0
1348041600 85 0 158 0
1348039800 132 0 133 0
1348038000 91 0 118 0
1348036200 36 0 67 0
1348034400 0 0 0 0
1348032600 0 0 0 0
1348030800 0 0 0 0
1348029000 0 0 0 0
1348027200 0 0 0 0
1348025400 0 0 0 0
1348023600 0 0 0 0
1348021800 0 0 0 0
1348020000 0 0 0 0
1348018200 0 0 0 0
1348016400 0 0 0 0
1348014600 0 0 0 0
1348012800 0 0 0 0
1348011000 0 0 0 0
1348009200 0 0 0 0
1348007400 0 0 0 0
1348005600 0 0 0 0
1348003800 0 0 0 0
1348002000 0 0 0 0
1348000200 0 0 0 0
1347998400 0 0 0 0
1347996600 0 0 0 0
1347994800 0 0 0 0
1347993000 0 0 0 0
1347991200 140 0 282 0
1347989400 281 0 286 0
1347987600 286 0 297 0
1347985800 298 0 303 0
1347984000 301 0 301 0
1347982200 308 0 323 0
1347980400 321 0 323 0
1347978600 32 0 315 0
1347976800 311 0 315 0
1347975000 304 0 305 0
1347973200 297 0 301 0
1347971400 160 0 294 0
1347969600 269 0 273 0
1347967800 259 0 268 0
1347966000 249 0 256 0
1347964200 245 0 259 0
1347962400 259 0 265 0
1347960600 265 0 265 0
1347958800 263 0 265 0
1347957000 145 0 268 0
1347955200 147 0 296 0
1347953400 297 0 303 0
1347951600 301 0 303 0
1347949800 152 0 302 0
1347948000 150 0 301 0
1347946200 299 0 305 0
1347944400 298 0 305 0
1347942600 286 0 293 0
1347940800 261 0 276 0
1347939000 275 0 284 0
1347937200 281 0 284 0
1347935400 277 0 284 0
1347933600 284 0 286 0
1347931800 276 0 281 0
1347930000 140 0 257 0
1347928200 233 0 234 0
1347926400 184 0 185 0
1347924600 185 0 194 0
1347922800 194 0 203 0
1347921000 209 0 217 0
1347919200 217 0 217 0
1347917400 217 0 218 0
1347915600 217 0 217 0
1347913800 213 0 217 0
1347912000 214 0 215 0
1347910200 122 0 224 0
1347908400 221 0 222 0
1347906600 135 0 276 0
1347904800 276 0 276 0
1347903000 276 0 283 0
1347901200 283 0 289 0
1347899400 290 0 302 0
1347897600 152 0 302 0
1347895800 3 0 309 0
1347894000 305 0 309 0
1347892200 302 0 304 0
1347890400 304 0 307 0
1347888600 294 0 298 0
1347886800 275 0 279 0
1347885000 265 0 275 0
1347883200 26 0 246 0
1347881400 245 0 246 0
1347879600 237 0 247 0
1347877800 250 0 255 0
1347876000 255 0 260 0
1347874200 254 0 258 0
1347872400 247 0 252 0
1347870600 249 0 252 0
1347868800 252 0 268 0
1347867000 270 0 274 0
1347865200 274 0 277 0
1347863400 252 0 254 0
1347861600 250 0 254 0
1347859800 262 0 273 0
1347858000 265 0 267 0
1347856200 232 0 236 0
1347854400 127 0 254 0
1347852600 237 0 254 0
1347850800 232 0 249 0
1347849000 242 0 245 0
1347847200 241 0 246 0
1347845400 239 0 239 0
1347843600 228 0 239 0
1347841800 199 0 219 0
1347840000 190 0 200 0
1347838200 203 0 208 0
1347836400 208 0 212 0
1347834600 212 0 214 0
1347832800 214 0 216 0
1347831000 216 0 217 0
1347829200 217 0 217 0
1347827400 217 0 217 0
1347825600 216 0 217 0
1347823800 123 0 225 0
1347822000 225 0 225 0
1347820200 224 0 225 0
1347818400 225 0 226 0
1347816600 124 0 232 0
1347814800 232 0 233 0
1347813000 128 0 237 0
1347811200 242 0 248 0
1347809400 251 0 259 0
1347807600 260 0 268 0
1347805800 273 0 280 0
1347804000 29 0 278 0
1347802200 271 0 278 0
1347800400 273 0 280 0
1347798600 274 0 277 0
1347796800 275 0 285 0
1347795000 285 0 289 0
1347793200 153 0 279 0
1347791400 272 0 276 0
1347789600 275 0 276 0
1347787800 28 0 269 0
1347786000 267 0 269 0
1347784200 268 0 272 0
1347782400 237 0 278 0
1347775200 259 0 267 0
1347768000 259 0 269 0
1347760800 180 0 242 0
1347753600 218 0 225 0
1347746400 122 0 237 0
1347739200 185 0 252 0
1347732000 194 0 279 0
1347724800 285 0 295 0
1347717600 251 0 289 0
1347710400 249 0 289 0
1347703200 271 0 274 0
1347696000 232 0 272 0
1347688800 227 0 265 0
1347681600 236 0 255 0
1347674400 241 0 258 0
1347667200 258 0 258 0
1347660000 258 0 258 0
1347652800 258 0 258 0
1347645600 258 0 258 0
1347638400 258 0 258 0
1347631200 252 0 258 0
1347624000 247 0 247 0
1347616800 247 0 250 0
1347609600 188 0 279 0
1347602400 255 0 296 0
1347595200 271 0 286 0
1347588000 253 0 277 0
1347580800 169 0 239 0
1347573600 241 0 244 0
1347566400 249 0 259 0
1347559200 230 0 274 0
1347552000 243 0 279 0
1347544800 271 0 279 0
1347537600 277 0 279 0
1347530400 277 0 277 0
1347523200 276 0 284 0
1347516000 281 0 289 0
1347508800 272 0 284 0
1347501600 204 0 242 0
1347494400 182 0 226 0
1347487200 225 0 227 0
1347480000 125 0 232 0
1347472800 235 0 253 0
1347465600 247 0 256 0
1347458400 228 0 260 0
1347451200 240 0 260 0
1347444000 207 0 248 0
1347436800 263 0 272 0
1347429600 256 0 270 0
1347422400 204 0 238 0
1347415200 211 0 234 0
1347408000 186 0 208 0
1347400800 208 0 212 0
1347393600 211 0 218 0
1347386400 220 0 238 0
1347379200 218 0 258 0
1347372000 202 0 267 0
1347364800 158 0 254 0
1347357600 142 0 220 0
1347350400 208 0 256 0
1347343200 255 0 263 0
1347336000 255 0 263 0
1347328800 255 0 262 0
1347321600 209 0 229 0
1347314400 229 0 233 0
1347307200 232 0 239 0
1347300000 242 0 257 0
1347292800 233 0 268 0
1347285600 254 0 258 0
1347278400 239 0 258 0
1347271200 243 0 253 0
1347264000 217 0 250 0
1347256800 216 0 252 0
1347249600 178 0 235 0
1347242400 136 0 222 0
1347235200 176 0 186 0
1347228000 186 0 188 0
1347220800 146 0 198 0
1347213600 206 0 224 0
1347206400 204 0 239 0
1347199200 214 0 248 0
1347192000 188 0 247 0
1347184800 213 0 259 0
1347177600 231 0 265 0
1347170400 221 0 263 0
1347163200 243 0 247 0
1347156000 210 0 235 0
1347148800 161 0 213 0
1347141600 200 0 233 0
1347134400 187 0 249 0
1347127200 216 0 258 0
1347120000 263 0 278 0
1347112800 243 0 279 0
1347105600 226 0 270 0
1347098400 186 0 247 0
1347091200 213 0 245 0
1347084000 229 0 244 0
1347076800 231 0 239 0
1347069600 222 0 238 0
1347062400 186 0 199 0
1347055200 152 0 204 0
1347048000 176 0 205 0
1347040800 211 0 239 0
1347033600 203 0 236 0
1347026400 179 0 239 0
1347019200 203 0 237 0
1347012000 218 0 263 0
1347004800 265 0 283 0
1346997600 221 0 290 0
1346990400 243 0 280 0
1346983200 199 0 274 0
1346976000 187 0 227 0
1346968800 191 0 227 0
1346961600 230 0 233 0
1346954400 236 0 253 0
1346947200 269 0 286 0
1346940000 254 0 295 0
1346932800 230 0 280 0
1346925600 223 0 255 0
1346918400 197 0 267 0
1346911200 251 0 262 0
1346904000 262 0 268 0
1346896800 227 0 278 0
1346889600 201 0 238 0
1346882400 223 0 256 0
1346875200 228 0 263 0
1346868000 267 0 275 0
1346860800 281 0 295 0
1346853600 274 0 288 0
1346846400 224 0 262 0
1346839200 263 0 279 0
1346832000 255 0 299 0
1346824800 292 0 300 0
1346817600 245 0 285 0
1346810400 184 0 276 0
1346803200 195 0 215 0
1346796000 215 0 217 0
1346788800 215 0 219 0
1346781600 227 0 245 0
1346774400 175 0 273 0
1346767200 265 0 273 0
1346760000 230 0 267 0
1346752800 225 0 262 0
1346745600 224 0 262 0
1346738400 253 0 263 0
1346731200 257 0 260 0
1346724000 182 0 260 0
1346716800 157 0 230 0
1346709600 204 0 235 0
1346702400 232 0 239 0
1346695200 217 0 266 0
1346688000 209 0 275 0
1346680800 236 0 250 0
1346673600 201 0 234 0
1346666400 233 0 249 0
1346659200 197 0 267 0
1346652000 198 0 262 0
1346644800 193 0 257 0
1346637600 197 0 245 0
1346630400 175 0 189 0
1346623200 192 0 199 0
1346616000 199 0 203 0
1346608800 216 0 240 0
1346601600 259 0 275 0
1346594400 270 0 275 0
1346587200 227 0 269 0
1346580000 222 0 257 0
1346572800 219 0 252 0
1346565600 218 0 258 0
1346558400 233 0 245 0
1346551200 159 0 220 0
1346544000 204 0 222 0
1346536800 153 0 236 0
1346529600 236 0 244 0
1346522400 213 0 248 0
1346515200 235 0 279 0
1346508000 279 0 290 0
1346500800 229 0 266 0
1346493600 228 0 270 0
1346486400 273 0 278 0
1346479200 251 0 274 0
1346472000 207 0 242 0
1346464800 186 0 236 0
1346457600 193 0 198 0
1346450400 198 0 203 0
1346443200 182 0 212 0
1346436000 198 0 236 0
1346428800 185 0 246 0
1346421600 206 0 239 0
1346414400 196 0 209 0
1346407200 177 0 224 0
1346400000 179 0 239 0
1346392800 211 0 247 0
1346385600 237 0 246 0
1346378400 206 0 244 0
1346371200 180 0 216 0
1346364000 215 0 219 0
1346356800 122 0 229 0
1346349600 234 0 257 0
1346342400 239 0 280 0
1346335200 260 0 280 0
1346328000 238 0 248 0
1346320800 216 0 229 0
1346313600 218 0 233 0
1346306400 233 0 241 0
1346299200 234 0 238 0
1346292000 200 0 237 0
1346284800 177 0 214 0
1346277600 221 0 227 0
1346270400 228 0 240 0
1346263200 245 0 255 0
1346256000 267 0 282 0
1346248800 267 0 279 0
1346241600 229 0 267 0
1346234400 249 0 260 0
1346227200 246 0 257 0
1346220000 251 0 257 0
1346212800 241 0 250 0
1346205600 223 0 239 0
1346198400 154 0 223 0
1346191200 197 0 226 0
1346184000 202 0 234 0
1346176800 246 0 262 0
1346169600 271 0 285 0
1346162400 210 0 279 0
1346155200 247 0 258 0
1346148000 245 0 268 0
1346140800 262 0 278 0
1346133600 233 0 278 0
1346126400 258 0 266 0
1346119200 244 0 264 0
1346112000 209 0 228 0
1346104800 224 0 228 0
1346097600 150 0 230 0
1346090400 186 0 253 0
1346083200 266 0 276 0
1346076000 221 0 255 0
1346068800 197 0 239 0
1346061600 202 0 239 0
1346054400 175 0 175 0
1346047200 175 0 175 0
1346040000 175 0 175 0
1346032800 174 0 175 0
1346025600 148 0 195 0
1346018400 153 0 210 0
1346011200 195 0 227 0
1346004000 239 0 256 0
1345996800 265 0 286 0
1345989600 273 0 295 0
1345982400 212 0 256 0
1345975200 248 0 257 0
1345968000 244 0 252 0
1345960800 184 0 245 0
1345953600 234 0 239 0
1345946400 174 0 213 0
1345939200 196 0 206 0
1345932000 205 0 206 0
1345924800 162 0 222 0
1345917600 177 0 240 0
1345910400 235 0 250 0
1345903200 238 0 256 0
1345896000 253 0 262 0
1345888800 143 0 267 0
1345881600 255 0 263 0
1345874400 239 0 252 0
1345867200 233 0 240 0
1345860000 197 0 233 0
1345852800 201 0 216 0
1345845600 216 0 222 0
1345838400 172 0 232 0
1345831200 210 0 248 0
1345824000 166 0 259 0
1345816800 216 0 259 0
1345809600 220 0 236 0
1345802400 216 0 225 0
1345795200 219 0 226 0
1345788000 209 0 224 0
1345780800 97 0 257 0
1345773600 195 0 263 0
1345766400 245 0 259 0
1345759200 256 0 258 0
1345752000 258 0 261 0
1345744800 268 0 284 0
1345737600 257 0 301 0
1345730400 224 0 299 0
1345723200 227 0 281 0
1345716000 274 0 284 0
1345708800 267 0 282 0
1345701600 249 0 262 0
1345694400 215 0 251 0
1345687200 243 0 259 0
1345680000 179 0 251 0
1345672800 195 0 261 0
1345665600 201 0 262 0
1345658400 271 0 303 0
1345651200 306 0 316 0
1345644000 271 0 316 0
1345636800 206 0 292 0
1345629600 226 0 274 0
1345622400 212 0 284 0
1345615200 221 0 296 0
1345608000 285 0 296 0
1345600800 242 0 289 0
1345593600 248 0 267 0
1345586400 207 0 272 0
1345579200 278 0 285 0
1345572000 255 0 312 0
1345564800 283 0 327 0
1345557600 274 0 328 0
1345550400 283 0 295 0
1345543200 224 0 298 0
1345536000 188 0 308 0
1345528800 289 0 302 0
1345521600 267 0 287 0
1345514400 275 0 292 0
1345507200 197 0 269 0
1345500000 242 0 278 0
1345492800 276 0 284 0
1345485600 290 0 304 0
1345478400 277 0 319 0
1345471200 262 0 319 0
1345464000 297 0 319 0
1345456800 245 0 294 0
1345449600 228 0 272 0
1345442400 200 0 275 0
1345435200 262 0 274 0
1345428000 151 0 255 0
1345420800 235 0 254 0
1345413600 227 0 261 0
1345406400 261 0 267 0
1345399200 277 0 299 0
1345392000 307 0 322 0
1345384800 267 0 315 0
1345377600 273 0 318 0
1345370400 277 0 321 0
1345363200 280 0 324 0
1345356000 303 0 308 0
1345348800 297 0 308 0
1345341600 213 0 283 0
1345334400 240 0 253 0
1345327200 229 0 262 0
1345320000 263 0 267 0
1345312800 270 0 279 0
1345305600 213 0 295 0
1345298400 241 0 288 0
1345291200 161 0 268 0
1345284000 263 0 276 0
1345276800 242 0 284 0
1345269600 182 0 283 0
1345262400 236 0 279 0
1345255200 227 0 253 0
1345248000 189 0 253 0
1345240800 253 0 258 0
1345233600 227 0 259 0
1345226400 236 0 272 0
1345219200 215 0 291 0
1345212000 267 0 294 0
1345204800 294 0 294 0
1345197600 294 0 294 0
1345190400 248 0 294 0
1345183200 248 0 248 0
1345176000 248 0 248 0
1345168800 248 0 248 0
1345161600 248 0 248 0
1345154400 248 0 248 0
1345147200 248 0 248 0
1345140000 248 0 248 0
1345132800 248 0 248 0
1345125600 248 0 248 0
1345118400 248 0 248 0
1345111200 248 0 248 0
1345104000 248 0 248 0
1345096800 248 0 248 0
1345089600 248 0 248 0
1345082400 248 0 248 0
1345075200 248 0 248 0
1345068000 248 0 248 0
1345060800 248 0 248 0
1345053600 248 0 248 0
1345046400 248 0 248 0
1345039200 248 0 248 0
1345032000 248 0 248 0
1345024800 248 0 248 0
1345017600 248 0 248 0
1345010400 248 0 248 0
1345003200 248 0 248 0
1344996000 248 0 248 0
1344988800 248 0 248 0
1344981600 248 0 248 0
1344974400 248 0 248 0
1344967200 248 0 248 0
1344960000 248 0 248 0
1344952800 248 0 248 0
1344945600 248 0 248 0
1344938400 248 0 248 0
1344931200 248 0 248 0
1344924000 248 0 248 0
1344916800 79 0 248 0
1344909600 0 0 0 0
1344902400 0 0 0 0
1344895200 0 0 0 0
1344888000 0 0 0 0
1344880800 0 0 0 0
1344873600 0 0 0 0
1344866400 0 0 0 0
1344859200 0 0 0 0
1344852000 0 0 0 0
1344844800 0 0 0 0
1344837600 0 0 0 0
1344830400 0 0 0 0
1344823200 0 0 0 0
1344816000 0 0 0 0
1344808800 0 0 0 0
1344801600 0 0 0 0
1344794400 0 0 0 0
1344787200 0 0 0 0
1344780000 0 0 0 0
1344772800 0 0 0 0
1344765600 0 0 0 0
1344758400 0 0 0 0
1344751200 0 0 0 0
1344744000 0 0 0 0
1344736800 0 0 0 0
1344729600 0 0 0 0
1344722400 0 0 0 0
1344715200 0 0 0 0
1344708000 0 0 0 0
1344700800 0 0 0 0
1344693600 0 0 0 0
1344686400 0 0 0 0
1344679200 0 0 0 0
1344672000 0 0 0 0
1344664800 0 0 0 0
1344657600 0 0 0 0
1344650400 0 0 0 0
1344643200 0 0 0 0
1344636000 0 0 0 0
1344628800 0 0 0 0
1344621600 0 0 0 0
1344614400 0 0 0 0
1344607200 0 0 0 0
1344600000 0 0 0 0
1344592800 0 0 0 0
1344585600 0 0 0 0
1344578400 0 0 0 0
1344571200 0 0 0 0
1344564000 0 0 0 0
1344556800 0 0 0 0
1344549600 0 0 0 0
1344542400 0 0 0 0
1344535200 0 0 0 0
1344528000 0 0 0 0
1344520800 0 0 0 0
1344513600 0 0 0 0
1344506400 0 0 0 0
1344499200 0 0 0 0
1344492000 0 0 0 0
1344484800 0 0 0 0
1344477600 0 0 0 0
1344470400 0 0 0 0
1344463200 0 0 0 0
1344456000 0 0 0 0
1344448800 0 0 0 0
1344441600 0 0 0 0
1344434400 0 0 0 0
1344427200 0 0 0 0
1344420000 0 0 0 0
1344412800 0 0 0 0
1344405600 0 0 0 0
1344398400 0 0 0 0
1344391200 0 0 0 0
1344384000 0 0 0 0
1344376800 0 0 0 0
1344369600 0 0 0 0
1344362400 0 0 0 0
1344355200 0 0 0 0
1344348000 0 0 0 0
1344340800 0 0 0 0
1344333600 0 0 0 0
1344326400 0 0 0 0
1344319200 0 0 0 0
1344312000 0 0 0 0
1344304800 0 0 0 0
1344297600 0 0 0 0
1344290400 0 0 0 0
1344283200 0 0 0 0
1344276000 0 0 0 0
1344268800 0 0 0 0
1344261600 0 0 0 0
1344254400 0 0 0 0
1344247200 0 0 0 0
1344240000 0 0 0 0
1344232800 0 0 0 0
1344225600 0 0 0 0
1344218400 0 0 0 0
1344211200 0 0 0 0
1344204000 0 0 0 0
1344196800 0 0 0 0
1344189600 0 0 0 0
1344182400 0 0 0 0
1344175200 0 0 0 0
1344168000 0 0 0 0
1344160800 0 0 0 0
1344153600 0 0 0 0
1344146400 0 0 0 0
1344139200 0 0 0 0
1344132000 0 0 0 0
1344124800 0 0 0 0
1344117600 0 0 0 0
1344110400 0 0 0 0
1344103200 0 0 0 0
1344096000 0 0 0 0
1344088800 0 0 0 0
1344081600 0 0 0 0
1344074400 0 0 0 0
1344067200 0 0 0 0
1344060000 0 0 0 0
1344052800 0 0 0 0
1344045600 0 0 0 0
1344038400 0 0 0 0
1344031200 0 0 0 0
1344024000 0 0 0 0
1344016800 0 0 0 0
1344009600 0 0 0 0
1344002400 0 0 0 0
1343995200 0 0 0 0
1343988000 0 0 0 0
1343980800 0 0 0 0
1343973600 0 0 0 0
1343966400 0 0 0 0
1343959200 0 0 0 0
1343952000 0 0 0 0
1343944800 0 0 0 0
1343937600 0 0 0 0
1343930400 0 0 0 0
1343923200 0 0 0 0
1343916000 0 0 0 0
1343908800 0 0 0 0
1343901600 0 0 0 0
1343894400 0 0 0 0
1343887200 0 0 0 0
1343880000 0 0 0 0
1343872800 0 0 0 0
1343865600 0 0 0 0
1343858400 0 0 0 0
1343851200 0 0 0 0
1343844000 0 0 0 0
1343836800 0 0 0 0
1343829600 0 0 0 0
1343822400 0 0 0 0
1343815200 0 0 0 0
1343808000 0 0 0 0
1343800800 0 0 0 0
1343793600 0 0 0 0
1343786400 0 0 0 0
1343779200 0 0 0 0
1343772000 0 0 0 0
1343764800 0 0 0 0
1343757600 0 0 0 0
1343750400 0 0 0 0
1343743200 0 0 0 0
1343736000 0 0 0 0
1343728800 0 0 0 0
1343721600 0 0 0 0
1343714400 0 0 0 0
1343707200 0 0 0 0
1343700000 0 0 0 0
1343692800 0 0 0 0
1343685600 0 0 0 0
1343678400 0 0 0 0
1343671200 0 0 0 0
1343664000 0 0 0 0
1343656800 0 0 0 0
1343649600 0 0 0 0
1343642400 0 0 0 0
1343635200 0 0 0 0
1343628000 0 0 0 0
1343620800 0 0 0 0
1343613600 0 0 0 0
1343606400 0 0 0 0
1343599200 0 0 0 0
1343592000 0 0 0 0
1343584800 0 0 0 0
1343577600 0 0 0 0
1343570400 0 0 0 0
1343563200 0 0 0 0
1343556000 0 0 0 0
1343548800 0 0 0 0
1343541600 0 0 0 0
1343534400 0 0 0 0
1343527200 0 0 0 0
1343520000 0 0 0 0
1343512800 0 0 0 0
1343505600 0 0 0 0
1343498400 0 0 0 0
1343491200 0 0 0 0
1343484000 0 0 0 0
1343476800 0 0 0 0
1343469600 0 0 0 0
1343462400 0 0 0 0
1343433600 0 0 0 0
1343347200 0 0 0 0
1343260800 0 0 0 0
1343174400 0 0 0 0
1343088000 0 0 0 0
1343001600 0 0 0 0
1342915200 0 0 0 0
1342828800 0 0 0 0
1342742400 0 0 0 0
1342656000 0 0 0 0
1342569600 0 0 0 0
1342483200 0 0 0 0
1342396800 0 0 0 0
1342310400 0 0 0 0
1342224000 0 0 0 0
1342137600 0 0 0 0
1342051200 0 0 0 0
1341964800 0 0 0 0
1341878400 0 0 0 0
1341792000 0 0 0 0
1341705600 0 0 0 0
1341619200 0 0 0 0
1341532800 0 0 0 0
1341446400 0 0 0 0
1341360000 0 0 0 0
1341273600 0 0 0 0
1341187200 0 0 0 0
1341100800 0 0 0 0
1341014400 0 0 0 0
1340928000 0 0 0 0
1340841600 0 0 0 0
1340755200 0 0 0 0
1340668800 0 0 0 0
1340582400 0 0 0 0
1340496000 0 0 0 0
1340409600 0 0 0 0
1340323200 0 0 0 0
1340236800 0 0 0 0
1340150400 0 0 0 0
1340064000 0 0 0 0
1339977600 0 0 0 0
1339891200 0 0 0 0
1339804800 0 0 0 0
1339718400 0 0 0 0
1339632000 0 0 0 0
1339545600 0 0 0 0
1339459200 0 0 0 0
1339372800 0 0 0 0
1339286400 0 0 0 0
1339200000 0 0 0 0
1339113600 0 0 0 0
1339027200 0 0 0 0
1338940800 0 0 0 0
1338854400 0 0 0 0
1338768000 0 0 0 0
1338681600 0 0 0 0
1338595200 0 0 0 0
1338508800 0 0 0 0
1338422400 0 0 0 0
1338336000 0 0 0 0
1338249600 0 0 0 0
1338163200 0 0 0 0
1338076800 0 0 0 0
1337990400 0 0 0 0
1337904000 0 0 0 0
1337817600 0 0 0 0
1337731200 0 0 0 0
1337644800 0 0 0 0
1337558400 0 0 0 0
1337472000 0 0 0 0
1337385600 0 0 0 0
1337299200 0 0 0 0
1337212800 0 0 0 0
1337126400 0 0 0 0
1337040000 0 0 0 0
1336953600 0 0 0 0
1336867200 0 0 0 0
1336780800 0 0 0 0
1336694400 0 0 0 0
1336608000 0 0 0 0
1336521600 0 0 0 0
1336435200 0 0 0 0
1336348800 0 0 0 0
1336262400 0 0 0 0
1336176000 0 0 0 0
1336089600 0 0 0 0
1336003200 0 0 0 0
1335916800 0 0 0 0
1335830400 0 0 0 0
1335744000 0 0 0 0
1335657600 0 0 0 0
1335571200 0 0 0 0
1335484800 0 0 0 0
1335398400 0 0 0 0
1335312000 0 0 0 0
1335225600 0 0 0 0
1335139200 0 0 0 0
1335052800 0 0 0 0
1334966400 0 0 0 0
1334880000 0 0 0 0
1334793600 0 0 0 0
1334707200 0 0 0 0
1334620800 0 0 0 0
1334534400 0 0 0 0
1334448000 0 0 0 0
1334361600 0 0 0 0
1334275200 0 0 0 0
1334188800 0 0 0 0
1334102400 0 0 0 0
1334016000 0 0 0 0
1333929600 0 0 0 0
1333843200 0 0 0 0
1333756800 0 0 0 0
1333670400 0 0 0 0
1333584000 0 0 0 0
1333497600 0 0 0 0
1333411200 0 0 0 0
1333324800 0 0 0 0
1333238400 0 0 0 0
1333152000 0 0 0 0
1333065600 0 0 0 0
1332979200 0 0 0 0
1332892800 0 0 0 0
1332806400 0 0 0 0
1332720000 0 0 0 0
1332633600 0 0 0 0
1332547200 0 0 0 0
1332460800 0 0 0 0
1332374400 0 0 0 0
1332288000 0 0 0 0
1332201600 0 0 0 0
1332115200 0 0 0 0
1332028800 0 0 0 0
1331942400 0 0 0 0
1331856000 0 0 0 0
1331769600 0 0 0 0
1331683200 0 0 0 0
1331596800 0 0 0 0
1331510400 0 0 0 0
1331424000 0 0 0 0
1331337600 0 0 0 0
1331251200 0 0 0 0
1331164800 0 0 0 0
1331078400 0 0 0 0
1330992000 0 0 0 0
1330905600 0 0 0 0
1330819200 0 0 0 0
1330732800 0 0 0 0
1330646400 0 0 0 0
1330560000 0 0 0 0
1330473600 0 0 0 0
1330387200 0 0 0 0
1330300800 0 0 0 0
1330214400 0 0 0 0
1330128000 0 0 0 0
1330041600 0 0 0 0
1329955200 0 0 0 0
1329868800 0 0 0 0
1329782400 0 0 0 0
1329696000 0 0 0 0
1329609600 0 0 0 0
1329523200 0 0 0 0
1329436800 0 0 0 0
1329350400 0 0 0 0
1329264000 0 0 0 0
1329177600 0 0 0 0
1329091200 0 0 0 0
1329004800 0 0 0 0
1328918400 0 0 0 0
1328832000 0 0 0 0
1328745600 0 0 0 0
1328659200 0 0 0 0
1328572800 0 0 0 0
1328486400 0 0 0 0
1328400000 0 0 0 0
1328313600 0 0 0 0
1328227200 0 0 0 0
1328140800 0 0 0 0
1328054400 0 0 0 0
1327968000 0 0 0 0
1327881600 0 0 0 0
1327795200 0 0 0 0
1327708800 0 0 0 0
1327622400 0 0 0 0
1327536000 0 0 0 0
1327449600 0 0 0 0
1327363200 0 0 0 0
1327276800 0 0 0 0
1327190400 0 0 0 0
1327104000 0 0 0 0
1327017600 0 0 0 0
1326931200 0 0 0 0
1326844800 0 0 0 0
1326758400 0 0 0 0
1326672000 0 0 0 0
1326585600 0 0 0 0
1326499200 0 0 0 0
1326412800 0 0 0 0
1326326400 0 0 0 0
1326240000 0 0 0 0
1326153600 0 0 0 0
1326067200 0 0 0 0
1325980800 0 0 0 0
1325894400 0 0 0 0
1325808000 0 0 0 0
1325721600 0 0 0 0
1325635200 0 0 0 0
1325548800 0 0 0 0
1325462400 0 0 0 0
1325376000 0 0 0 0
1325289600 0 0 0 0
1325203200 0 0 0 0
1325116800 0 0 0 0
1325030400 0 0 0 0
1324944000 0 0 0 0
1324857600 0 0 0 0
1324771200 0 0 0 0
1324684800 0 0 0 0
1324598400 0 0 0 0
1324512000 0 0 0 0
1324425600 0 0 0 0
1324339200 0 0 0 0
1324252800 0 0 0 0
1324166400 0 0 0 0
1324080000 0 0 0 0
1323993600 0 0 0 0
1323907200 0 0 0 0
1323820800 0 0 0 0
1323734400 0 0 0 0
1323648000 0 0 0 0
1323561600 0 0 0 0
1323475200 0 0 0 0
1323388800 0 0 0 0
1323302400 0 0 0 0
1323216000 0 0 0 0
1323129600 0 0 0 0
1323043200 0 0 0 0
1322956800 0 0 0 0
1322870400 0 0 0 0
1322784000 0 0 0 0
1322697600 0 0 0 0
1322611200 0 0 0 0
1322524800 0 0 0 0
1322438400 0 0 0 0
1322352000 0 0 0 0
1322265600 0 0 0 0
1322179200 0 0 0 0
1322092800 0 0 0 0
1322006400 0 0 0 0
1321920000 0 0 0 0
1321833600 0 0 0 0
1321747200 0 0 0 0
1321660800 0 0 0 0
1321574400 0 0 0 0
1321488000 0 0 0 0
1321401600 0 0 0 0
1321315200 0 0 0 0
1321228800 0 0 0 0
1321142400 0 0 0 0
1321056000 0 0 0 0
1320969600 0 0 0 0
1320883200 0 0 0 0
1320796800 0 0 0 0
1320710400 0 0 0 0
1320624000 0 0 0 0
1320537600 0 0 0 0
1320451200 0 0 0 0
1320364800 0 0 0 0
1320278400 0 0 0 0
1320192000 0 0 0 0
1320105600 0 0 0 0
1320019200 0 0 0 0
1319932800 0 0 0 0
1319846400 0 0 0 0
1319760000 0 0 0 0
1319673600 0 0 0 0
1319587200 0 0 0 0
1319500800 0 0 0 0
1319414400 0 0 0 0
1319328000 0 0 0 0
1319241600 0 0 0 0
1319155200 0 0 0 0
1319068800 0 0 0 0
1318982400 0 0 0 0
1318896000 0 0 0 0
1318809600 0 0 0 0
1318723200 0 0 0 0
1318636800 0 0 0 0
1318550400 0 0 0 0
1318464000 0 0 0 0
1318377600 0 0 0 0
1318291200 0 0 0 0
1318204800 0 0 0 0
1318118400 0 0 0 0
1318032000 0 0 0 0
1317945600 0 0 0 0
1317859200 0 0 0 0
1317772800 0 0 0 0
1317686400 0 0 0 0
1317600000 0 0 0 0
1317513600 0 0 0 0
1317427200 0 0 0 0
1317340800 0 0 0 0
1317254400 0 0 0 0
1317168000 0 0 0 0
1317081600 0 0 0 0
1316995200 0 0 0 0
1316908800 0 0 0 0
1316822400 0 0 0 0
1316736000 0 0 0 0
1316649600 0 0 0 0
1316563200 0 0 0 0
1316476800 0 0 0 0
1316390400 0 0 0 0
1316304000 0 0 0 0
1316217600 0 0 0 0
1316131200 0 0 0 0
1316044800 0 0 0 0
1315958400 0 0 0 0
1315872000 0 0 0 0
1315785600 0 0 0 0
1315699200 0 0 0 0
1315612800 0 0 0 0
1315526400 0 0 0 0
1315440000 0 0 0 0
1315353600 0 0 0 0
1315267200 0 0 0 0
1315180800 0 0 0 0
1315094400 0 0 0 0
1315008000 0 0 0 0
1314921600 0 0 0 0
1314835200 0 0 0 0
1314748800 0 0 0 0
1314662400 0 0 0 0
1314576000 0 0 0 0
1314489600 0 0 0 0
1314403200 0 0 0 0
1314316800 0 0 0 0
1314230400 0 0 0 0
1314144000 0 0 0 0
1314057600 0 0 0 0
1313971200 0 0 0 0
1313884800 0 0 0 0
1313798400 0 0 0 0
1313712000 0 0 0 0
1313625600 0 0 0 0
1313539200 0 0 0 0
1313452800 0 0 0 0
1313366400 0 0 0 0
1313280000 0 0 0 0
1313193600 0 0 0 0
1313107200 0 0 0 0
1313020800 0 0 0 0
1312934400 0 0 0 0
1312848000 0 0 0 0
1312761600 0 0 0 0
1312675200 0 0 0 0
1312588800 0 0 0 0
1312502400 0 0 0 0
1312416000 0 0 0 0
1312329600 0 0 0 0
1312243200 0 0 0 0
1312156800 0 0 0 0
1312070400 0 0 0 0
1311984000 0 0 0 0
1311897600 0 0 0 0
1311811200 0 0 0 0
1311724800 0 0 0 0
1311638400 0 0 0 0
1311552000 0 0 0 0
1311465600 0 0 0 0
1311379200 0 0 0 0
1311292800 0 0 0 0
1311206400 0 0 0 0
1311120000 0 0 0 0
1311033600 0 0 0 0
1310947200 0 0 0 0
1310860800 0 0 0 0
1310774400 0 0 0 0
1310688000 0 0 0 0
1310601600 0 0 0 0
1310515200 0 0 0 0
1310428800 0 0 0 0
1310342400 0 0 0 0
1310256000 0 0 0 0
1310169600 0 0 0 0
1310083200 0 0 0 0
1309996800 0 0 0 0
1309910400 0 0 0 0
1309824000 0 0 0 0
1309737600 0 0 0 0
1309651200 0 0 0 0
1309564800 0 0 0 0
1309478400 0 0 0 0
1309392000 0 0 0 0
1309305600 0 0 0 0
1309219200 0 0 0 0
1309132800 0 0 0 0
1309046400 0 0 0 0
1308960000 0 0 0 0
1308873600 0 0 0 0
1308787200 0 0 0 0
1308700800 0 0 0 0
1308614400 0 0 0 0
1308528000 0 0 0 0
1308441600 0 0 0 0
1308355200 0 0 0 0
1308268800 0 0 0 0
1308182400 0 0 0 0
1308096000 0 0 0 0
1308009600 0 0 0 0
1307923200 0 0 0 0
1307836800 0 0 0 0
1307750400 0 0 0 0
1307664000 0 0 0 0
1307577600 0 0 0 0
1307491200 0 0 0 0
1307404800 0 0 0 0
1307318400 0 0 0 0
1307232000 0 0 0 0
1307145600 0 0 0 0
1307059200 0 0 0 0
1306972800 0 0 0 0
1306886400 0 0 0 0
1306800000 0 0 0 0
1306713600 0 0 0 0
1306627200 0 0 0 0
1306540800 0 0 0 0
1306454400 0 0 0 0
1306368000 0 0 0 0
1306281600 0 0 0 0
1306195200 0 0 0 0
1306108800 0 0 0 0
1306022400 0 0 0 0
1305936000 0 0 0 0
1305849600 0 0 0 0
1305763200 0 0 0 0
1305676800 0 0 0 0
1305590400 0 0 0 0
1305504000 0 0 0 0
1305417600 0 0 0 0
1305331200 0 0 0 0
1305244800 0 0 0 0
1305158400 0 0 0 0
1305072000 0 0 0 0
1304985600 0 0 0 0
1304899200 0 0 0 0
1304812800 0 0 0 0
1304726400 0 0 0 0
1304640000 0 0 0 0
1304553600 0 0 0 0
1304467200 0 0 0 0
1304380800 0 0 0 0
1304294400 0 0 0 0
1304208000 0 0 0 0
1304121600 0 0 0 0
1304035200 0 0 0 0
1303948800 0 0 0 0
1303862400 0 0 0 0
1303776000 0 0 0 0
1303689600 0 0 0 0
1303603200 0 0 0 0
1303516800 0 0 0 0
1303430400 0 0 0 0
1303344000 0 0 0 0
1303257600 0 0 0 0
1303171200 0 0 0 0
1303084800 0 0 0 0
1302998400 0 0 0 0
1302912000 0 0 0 0
1302825600 0 0 0 0
1302739200 0 0 0 0
1302652800 0 0 0 0
1302566400 0 0 0 0
1302480000 0 0 0 0
1302393600 0 0 0 0
1302307200 0 0 0 0
1302220800 0 0 0 0
1302134400 0 0 0 0
1302048000 0 0 0 0
1301961600 0 0 0 0
1301875200 0 0 0 0
1301788800 0 0 0 0
1301702400 0 0 0 0
1301616000 0 0 0 0
1301529600 0 0 0 0
1301443200 0 0 0 0
1301356800 0 0 0 0
1301270400 0 0 0 0
1301184000 0 0 0 0
1301097600 0 0 0 0
1301011200 0 0 0 0
1300924800 0 0 0 0
1300838400 0 0 0 0
1300752000 0 0 0 0
1300665600 0 0 0 0
1300579200 0 0 0 0
1300492800 0 0 0 0
1300406400 0 0 0 0
1300320000 0 0 0 0
1300233600 0 0 0 0
1300147200 0 0 0 0
1300060800 0 0 0 0
1299974400 0 0 0 0
1299888000 0 0 0 0
1299801600 0 0 0 0
1299715200 0 0 0 0
1299628800 0 0 0 0
1299542400 0 0 0 0
1299456000 0 0 0 0
1299369600 0 0 0 0
1299283200 0 0 0 0
1299196800 0 0 0 0
1299110400 0 0 0 0
1299024000 0 0 0 0
1298937600 0 0 0 0
1298851200 0 0 0 0
1298764800 0 0 0 0
1298678400 0 0 0 0
1298592000 0 0 0 0
1298505600 0 0 0 0
1298419200 0 0 0 0
1298332800 0 0 0 0
1298246400 0 0 0 0
1298160000 0 0 0 0
1298073600 0 0 0 0
1297987200 0 0 0 0
1297900800 0 0 0 0
1297814400 0 0 0 0
1297728000 0 0 0 0
1297641600 0 0 0 0
1297555200 0 0 0 0
1297468800 0 0 0 0
1297382400 0 0 0 0
1297296000 0 0 0 0
1297209600 0 0 0 0
1297123200 0 0 0 0
1297036800 0 0 0 0
1296950400 0 0 0 0
1296864000 0 0 0 0
1296777600 0 0 0 0
1296691200 0 0 0 0
1296604800 0 0 0 0
1296518400 0 0 0 0
1296432000 0 0 0 0
1296345600 0 0 0 0
1296259200 0 0 0 0
1296172800 0 0 0 0
1296086400 0 0 0 0
1296000000 0 0 0 0
1295913600 0 0 0 0
1295827200 0 0 0 0
1295740800 0 0 0 0
1295654400 0 0 0 0
1295568000 0 0 0 0
1295481600 0 0 0 0
1295395200 0 0 0 0
1295308800 0 0 0 0
1295222400 0 0 0 0
1295136000 0 0 0 0
1295049600 0 0 0 0
1294963200 0 0 0 0
1294876800 0 0 0 0
1294790400 0 0 0 0
1294704000 0 0 0 0
1294617600 0 0 0 0
1294531200 0 0 0 0
1294444800 0 0 0 0
1294358400 0 0 0 0
1294272000 0 0 0 0
1294185600 0 0 0 0
1294099200 0 0 0 0
1294012800 0 0 0 0
1293926400 0 0 0 0
1293840000 0 0 0 0
1293753600 0 0 0 0
1293667200 0 0 0 0
1293580800 0 0 0 0
1293494400 0 0 0 0
1293408000 0 0 0 0
1293321600 0 0 0 0
1293235200 0 0 0 0
1293148800 0 0 0 0
1293062400 0 0 0 0
1292976000 0 0 0 0
1292889600 0 0 0 0
1292803200 0 0 0 0
1292716800 0 0 0 0
1292630400 0 0 0 0
1292544000 0 0 0 0
1292457600 0 0 0 0
1292371200 0 0 0 0
1292284800 0 0 0 0
1292198400 0 0 0 0
1292112000 0 0 0 0
1292025600 0 0 0 0
1291939200 0 0 0 0
1291852800 0 0 0 0
1291766400 0 0 0 0
1291680000 0 0 0 0
1291593600 0 0 0 0
1291507200 0 0 0 0
1291420800 0 0 0 0
1291334400 0 0 0 0
1291248000 0 0 0 0
1291161600 0 0 0 0
1291075200 0 0 0 0
1290988800 0 0 0 0
1290902400 0 0 0 0
1290816000 0 0 0 0
1290729600 0 0 0 0
1290643200 0 0 0 0
1290556800 0 0 0 0
1290470400 0 0 0 0
1290384000 0 0 0 0
1290297600 0 0 0 0
1290211200 0 0 0 0
1290124800 0 0 0 0
1290038400 0 0 0 0
1289952000 0 0 0 0
1289865600 0 0 0 0
1289779200 0 0 0 0
1289692800 0 0 0 0
1289606400 0 0 0 0
1289520000 0 0 0 0
1289433600 0 0 0 0
1289347200 0 0 0 0
1289260800 0 0 0 0
1289174400 0 0 0 0
1289088000 0 0 0 0
1289001600 0 0 0 0
1288915200 0 0 0 0
1288828800 0 0 0 0
1288742400 0 0 0 0
1288656000 0 0 0 0
1288569600 0 0 0 0
1288483200 0 0 0 0
1288396800 0 0 0 0
1288310400 0 0 0 0
1288224000 0 0 0 0
1288137600 0 0 0 0
1288051200 0 0 0 0
1287964800 0 0 0 0
1287878400 0 0 0 0
1287792000 0 0 0 0
1287705600 0 0 0 0
1287619200 0 0 0 0
1287532800 0 0 0 0
1287446400 0 0 0 0
1287360000 0 0 0 0
1287273600 0 0 0 0
1287187200 0 0 0 0
1287100800 0 0 0 0
1287014400 0 0 0 0
1286928000 0 0 0 0
1286841600 0 0 0 0
1286755200 0 0 0 0
1286668800 0 0 0 0
1286582400 0 0 0 0
1286496000 0 0 0 0
1286409600 0 0 0 0
1286323200 0 0 0 0
1286236800 0 0 0 0
1286150400 0 0 0 0
1286064000 0 0 0 0
1285977600 0 0 0 0
1285891200 0 0 0 0
1285804800 0 0 0 0
1285718400 0 0 0 0
1285632000 0 0 0 0
1285545600 0 0 0 0
1285459200 0 0 0 0
1285372800 0 0 0 0
1285286400 0 0 0 0
1285200000 0 0 0 0
1285113600 0 0 0 0
1285027200 0 0 0 0
1284940800 0 0 0 0
1284854400 0 0 0 0
1284768000 0 0 0 0
1284681600 0 0 0 0
1284595200 0 0 0 0
1284508800 0 0 0 0
1284422400 0 0 0 0
1284336000 0 0 0 0
1284249600 0 0 0 0
1284163200 0 0 0 0
1284076800 0 0 0 0
1283990400 0 0 0 0
1283904000 0 0 0 0
1283817600 0 0 0 0
1283731200 0 0 0 0
1283644800 0 0 0 0
1283558400 0 0 0 0
1283472000 0 0 0 0
1283385600 0 0 0 0
1283299200 0 0 0 0
1283212800 0 0 0 0
1283126400 0 0 0 0
1283040000 0 0 0 0
1282953600 0 0 0 0
1282867200 0 0 0 0
1282780800 0 0 0 0
1282694400 0 0 0 0
1282608000 0 0 0 0
1282521600 0 0 0 0
1282435200 0 0 0 0
1282348800 0 0 0 0
1282262400 0 0 0 0
1282176000 0 0 0 0
1282089600 0 0 0 0
1282003200 0 0 0 0
1281916800 0 0 0 0
1281830400 0 0 0 0
1281744000 0 0 0 0
1281657600 0 0 0 0
1281571200 0 0 0 0
1281484800 0 0 0 0
1281398400 0 0 0 0
1281312000 0 0 0 0
1281225600 0 0 0 0
1281139200 0 0 0 0
1281052800 0 0 0 0
1280966400 0 0 0 0
1280880000 0 0 0 0
1280793600 0 0 0 0
1280707200 0 0 0 0
1280620800 0 0 0 0
1280534400 0 0 0 0
1280448000 0 0 0 0
1280361600 0 0 0 0
1280275200 0 0 0 0
