1349043001 5109 36
1349043001 5109 36 5109 36
1349042701 5109 36 5109 36
1349042700 5107 36 5109 36
1349042400 4763 36 4763 36
1349042100 4763 36 4763 36
1349041800 4763 36 4763 36
1349041500 4763 36 5029 36
1349041200 5029 36 5029 36
1349040900 5029 36 5029 36
1349040600 5029 36 5077 36
1349040300 5077 36 5077 36
1349040000 5077 36 5077 36
1349039700 5071 36 5077 36
1349039400 4301 36 4301 36
1349039100 4301 36 4301 36
1349038800 4303 36 5109 36
1349038500 5109 36 5109 36
1349038200 5109 36 5109 36
1349037900 5109 36 5246 36
1349037600 5246 36 5246 36
1349037300 5246 36 5246 36
1349037000 5245 36 5246 36
1349036700 5056 36 5056 36
1349036400 5056 36 5056 36
1349036100 5057 36 5274 36
1349035800 5274 36 5274 36
1349035500 5274 36 5274 36
1349035200 5272 36 5274 36
1349034900 4924 36 4924 36
1349034600 4924 36 4924 36
1349034300 4925 36 5329 36
1349034000 5329 36 5329 36
1349033700 5329 36 5329 36
1349033400 5327 36 5329 36
1349033100 4866 36 4866 36
1349032800 4866 36 4866 36
1349032500 4869 36 5390 36
1349032200 5390 36 5390 36
1349031900 5390 36 5390 36
1349031600 5387 36 5390 36
1349031300 4623 36 4623 36
1349031000 4623 36 4623 36
1349030700 4624 36 5005 36
1349030400 5005 36 5005 36
1349030100 5005 36 5005 36
1349029800 5003 36 5005 36
1349029500 4544 36 4544 36
1349029200 4544 36 4544 36
1349028900 4549 36 5294 36
1349028600 5294 36 5294 36
1349028300 5294 36 5294 36
1349028000 5294 36 5560 36
1349027700 5560 36 5560 36
1349027400 5560 36 5560 36
1349027100 5558 36 5560 36
1349026800 5018 36 5018 36
1349026500 5018 36 5018 36
1349026200 5022 36 5637 36
1349025900 5637 36 5637 36
1349025600 5637 36 5637 36
1349025300 5632 36 5637 36
1349025000 4137 36 4137 36
1349024700 4137 36 4137 36
1349024400 4136 36 4137 36
1349024100 4103 36 4103 36
1349023800 4103 36 4103 36
1349023500 4105 36 4959 36
1349023200 4959 36 4959 36
1349022900 4959 36 4959 36
1349022600 4960 36 5433 36
1349022300 5433 36 5433 36
1349022000 5433 36 5433 36
1349021700 5432 36 5433 36
1349021400 5190 36 5190 36
1349021100 5190 36 5190 36
1349020800 5193 36 5698 36
1349020500 5698 36 5698 36
1349020200 5698 36 5698 36
1349019900 5697 36 5698 36
1349019600 5399 36 5399 36
1349019300 5399 36 5399 36
1349019000 5397 36 5399 36
1349018700 4958 36 4958 36
1349018400 4958 36 4958 36
1349018100 4959 36 5471 36
1349017800 5471 36 5471 36
1349017500 5471 36 5471 36
1349017200 5473 36 5800 36
1349016900 5800 36 5800 36
1349016600 5800 36 5800 36
1349016300 5799 36 5800 36
1349016000 5622 36 5622 36
1349015700 5622 36 5622 36
1349015400 5619 36 5622 36
1349015100 4807 36 4807 36
1349014800 4807 36 4807 36
1349014500 4807 36 4875 36
1349014200 4875 36 4875 36
1349013900 4875 36 4875 36
1349013600 4875 36 4937 36
1349013300 4937 36 4937 36
1349013000 4937 36 4937 36
1349012700 4937 36 4997 36
1349012400 4997 36 4997 36
1349012100 4997 36 4997 36
1349011800 4994 36 4997 36
1349011500 4592 36 4592 36
1349011200 4592 36 4592 36
1349010900 4595 36 5750 36
1349010600 5750 36 5750 36
1349010300 5750 36 5750 36
1349010000 5747 36 5750 36
1349009700 4979 36 4979 36
1349009400 4979 36 4979 36
1349009100 4978 36 4979 36
1349008800 4937 36 4937 36
1349008500 4937 36 4937 36
1349008200 4936 36 4937 36
1349007900 4861 36 4861 36
1349007600 4861 36 4861 36
1349007300 4863 36 5474 36
1349007000 5474 36 5474 36
1349006700 5474 36 5474 36
1349006400 5464 36 5474 36
1349006100 4118 36 4118 36
1349005800 4118 36 4118 36
1349005500 4119 36 4524 36
1349005200 4524 36 4524 36
1349004900 4524 36 4524 36
1349004600 4523 36 4524 36
1349004300 4426 36 4426 36
1349004000 4426 36 4426 36
1349003700 4429 36 5580 36
1349003400 5580 36 5580 36
1349003100 5580 36 5580 36
1349002800 5577 36 5580 36
1349002500 4783 36 4783 36
1349002200 4783 36 4783 36
1349001900 4782 36 4783 36
1349001600 4683 36 4683 36
1349001300 4683 36 4683 36
1349001000 4686 36 5854 36
1349000700 5854 36 5854 36
1349000400 5854 36 5854 36
1349000100 5849 36 5854 36
1348999800 4357 36 4357 36
1348999500 4357 36 4357 36
1348999200 4361 36 5679 36
1348998900 5679 36 5679 36
1348998600 5679 36 5679 36
1348998300 5678 36 5679 36
1348998000 5547 36 5547 36
1348997700 5547 36 5547 36
1348997400 5540 36 5547 36
1348997100 4544 36 4544 36
1348996800 4544 36 4544 36
1348996500 4547 36 5027 36
1348996200 5027 36 5027 36
1348995900 5027 36 5027 36
1348995600 5026 36 5027 36
1348995300 4792 36 4792 36
1348995000 4792 36 4792 36
1348994700 4792 36 4916 36
1348994400 4916 36 4916 36
1348994100 4916 36 4916 36
1348993800 4921 36 5758 36
1348993500 5758 36 5758 36
1348993200 5758 36 5758 36
1348992900 5757 36 5758 36
1348992600 5756 36 5756 36
1348992300 5756 36 5756 36
1348992000 5754 36 5756 36
1348991700 5447 36 5447 36
1348991400 5447 36 5447 36
1348991100 5448 36 5785 36
1348990800 5785 36 5785 36
1348990500 5785 36 5785 36
1348990200 5784 36 5785 36
1348989900 5778 36 5778 36
1348989600 5778 36 5778 36
1348989300 5777 36 5778 36
1348989000 5777 36 5777 36
1348988700 5777 36 5777 36
1348988400 5776 36 5777 36
1348988100 5576 36 5576 36
1348987800 5576 36 5576 36
1348987500 5576 36 5655 36
1348987200 5655 36 5655 36
1348986900 5655 36 5655 36
1348986600 5654 36 5655 36
1348986300 5562 36 5562 36
1348986000 5562 36 5562 36
1348985700 5561 36 5562 36
1348985400 5557 36 5557 36
1348985100 5557 36 5557 36
1348984800 5556 36 5557 36
1348984500 5469 36 5469 36
1348984200 5469 36 5469 36
1348983900 5467 36 5469 36
1348983600 5136 36 5136 36
1348983300 5136 36 5136 36
1348983000 5136 36 5221 36
1348982700 5221 36 5221 36
1348982400 5221 36 5221 36
1348982100 5218 36 5221 36
1348981800 4807 36 4807 36
1348981500 4807 36 4807 36
1348981200 4810 36 5331 36
1348980900 5331 36 5331 36
1348980600 5331 36 5331 36
1348980300 5331 36 5586 36
1348980000 5586 36 5586 36
1348979700 5586 36 5586 36
1348979400 5584 36 5586 36
1348979100 5120 36 5120 36
1348978800 5120 36 5120 36
1348978500 5115 36 5120 36
1348978200 4402 36 4402 36
1348977900 4402 36 4402 36
1348977600 4404 36 5224 36
1348977300 5224 36 5224 36
1348977000 5224 36 5224 36
1348976700 5224 36 5305 36
1348976400 5305 36 5305 36
1348976100 5305 36 5305 36
1348975800 5302 36 5305 36
1348975500 4685 36 4685 36
1348975200 4685 36 4685 36
1348974900 4687 36 5326 36
1348974600 5326 36 5326 36
1348974300 5326 36 5326 36
1348974000 5326 36 5622 36
1348973700 5622 36 5622 36
1348973400 5622 36 5622 36
1348973100 5619 36 5622 36
1348972800 4971 36 4971 36
1348972500 4971 36 4971 36
1348972200 4971 36 5087 36
1348971900 5087 36 5087 36
1348971600 5087 36 5087 36
1348971300 5087 36 5217 36
1348971000 5217 36 5217 36
1348970700 5217 36 5217 36
1348970400 5215 36 5217 36
1348970100 4791 36 4791 36
1348969800 4791 36 4791 36
1348969500 4793 36 5609 36
1348969200 5609 36 5609 36
1348968900 5609 36 5609 36
1348968600 5608 36 5609 36
1348968300 5492 36 5492 36
1348968000 5492 36 5492 36
1348967700 5490 36 5492 36
1348967400 4898 36 4898 36
1348967100 4898 36 4898 36
1348966800 4898 36 5167 36
1348966500 5167 36 5167 36
1348966200 5167 36 5167 36
1348965900 5167 36 5220 36
1348965600 5220 36 5220 36
1348965300 5220 36 5220 36
1348965000 5217 36 5220 36
1348964700 4490 36 4490 36
1348964400 4490 36 4490 36
1348964100 4495 36 5349 36
1348963800 5349 36 5349 36
1348963500 5349 36 5349 36
1348963200 5348 36 5349 36
1348962900 5184 36 5184 36
1348962600 5184 36 5184 36
1348962300 5183 36 5184 36
1348962000 4996 36 4996 36
1348961700 4996 36 4996 36
1348961400 4997 36 5294 36
1348961100 5294 36 5294 36
1348960800 5294 36 5294 36
1348960500 5292 36 5294 36
1348960200 4896 36 4896 36
1348959900 4896 36 4896 36
1348959600 4896 36 5168 36
1348959300 5168 36 5168 36
1348959000 5168 36 5168 36
1348958700 5167 36 5168 36
1348958400 5138 36 5138 36
1348958100 5138 36 5138 36
1348957800 5135 36 5138 36
1348957500 4747 36 4747 36
1348957200 4747 36 4747 36
1348956900 4747 36 4925 36
1348956600 4925 36 4925 36
1348956300 4925 36 4925 36
1348956000 4924 36 4925 36
1348955700 4844 36 4844 36
1348955400 4844 36 4844 36
1348955100 4844 36 4891 36
1348954800 4891 36 4891 36
1348954500 4891 36 4891 36
1348954200 4891 36 5175 36
1348953900 5175 36 5175 36
1348953600 5175 36 5175 36
1348953300 5174 36 5175 36
1348953000 5063 36 5063 36
1348952700 5063 36 5063 36
1348952400 5062 36 5063 36
1348952100 4850 36 4850 36
1348951800 4850 36 4850 36
1348951500 4849 36 4850 36
1348951200 4634 36 4634 36
1348950900 4634 36 4634 36
1348950600 4632 36 4634 36
1348950300 4341 36 4341 36
1348950000 4341 36 4341 36
1348949700 4343 36 5046 36
1348949400 5046 36 5046 36
1348949100 5046 36 5046 36
1348948800 5044 36 5046 36
1348948500 4475 36 4475 36
1348948200 4475 36 4475 36
1348947900 4478 36 4985 36
1348947600 4985 36 4985 36
1348947300 4985 36 4985 36
1348947000 4985 36 5014 36
1348946700 5014 36 5014 36
1348946400 5014 36 5014 36
1348946100 5013 36 5014 36
1348945800 4869 36 4869 36
1348945500 4869 36 4869 36
1348945200 4865 36 4869 36
1348944900 3903 36 3903 36
1348944600 3903 36 3903 36
1348944300 3907 36 5147 36
1348944000 5147 36 5147 36
1348943700 5147 36 5147 36
1348943400 5145 36 5147 36
1348943100 4645 36 4645 36
1348942800 4645 36 4645 36
1348942500 4646 36 4803 36
1348942200 4803 36 4803 36
1348941900 4803 36 4803 36
1348941600 4804 36 5206 36
1348941300 5206 36 5206 36
1348941000 5206 36 5206 36
1348940700 5204 36 5206 36
1348940400 4740 36 4740 36
1348940100 4740 36 4740 36
1348939800 4738 36 4740 36
1348939500 4569 36 4569 36
1348939200 4569 36 4569 36
1348938900 4571 36 5222 36
1348938600 5222 36 5222 36
1348938300 5222 36 5222 36
1348938000 5221 36 5222 36
1348937700 5043 36 5043 36
1348937400 5043 36 5043 36
1348937100 5046 36 5496 36
1348936800 5496 36 5496 36
1348936500 5496 36 5496 36
1348936200 5494 36 5496 36
1348935900 5127 36 5127 36
1348935600 5127 36 5127 36
1348935300 5130 36 5623 36
1348935000 5622 36 5623 36
1348934700 5513 36 5513 36
1348934400 5512 36 5513 36
1348934100 5251 36 5370 36
1348933800 5370 36 5370 36
1348933500 5364 36 5370 36
1348933200 4609 36 4609 36
1348932900 4609 36 4609 36
1348932600 4608 36 4609 36
1348932300 4556 36 4556 36
1348932000 4556 36 4556 36
1348931700 4559 36 5723 36
1348931400 5723 36 5723 36
1348931100 5723 36 5723 36
1348930800 5723 36 5822 36
1348930500 5822 36 5822 36
1348930200 5822 36 5822 36
1348929900 5822 36 5951 36
1348929600 5951 36 5951 36
1348929300 5951 36 5951 36
1348929000 5950 36 5951 36
1348928700 5834 36 5834 36
1348928400 5834 36 5834 36
1348928100 5833 36 5834 36
1348927800 5569 36 5569 36
1348927500 5569 36 5569 36
1348927200 5563 36 5569 36
1348926900 4009 36 4009 36
1348926600 4009 36 4009 36
1348926300 4014 36 5732 36
1348926000 5732 36 5732 36
1348925700 5732 36 5732 36
1348925400 5728 36 5732 36
1348925100 5274 36 5274 36
1348924800 5274 36 5274 36
1348924500 5274 36 5475 36
1348924200 5475 36 5475 36
1348923900 5475 36 5475 36
1348923600 5474 36 5475 36
1348923300 5294 36 5294 36
1348923000 5294 36 5294 36
1348922700 5294 36 5294 36
1348922400 5294 36 5294 36
1348922100 5294 36 5294 36
1348921800 5292 36 5294 36
1348921500 4888 36 4888 36
1348921200 4888 36 4888 36
1348920900 4890 36 5559 36
1348920600 5559 36 5559 36
1348920300 5559 36 5559 36
1348920000 5558 36 5559 36
1348919700 5443 36 5443 36
1348919400 5443 36 5443 36
1348919100 5443 36 5653 36
1348918800 5653 36 5653 36
1348918500 5653 36 5653 36
1348918200 5648 36 5653 36
1348917900 5012 36 5012 36
1348917600 5012 36 5012 36
1348917300 5011 36 5012 36
1348917000 4760 36 4760 36
1348916700 4760 36 4760 36
1348916400 4761 36 5154 36
1348916100 5154 36 5154 36
1348915800 5154 36 5154 36
1348915500 5152 36 5154 36
1348915200 4631 36 4631 36
1348914900 4631 36 4631 36
1348914600 4632 36 4997 36
1348914300 4997 36 4997 36
1348914000 4997 36 4997 36
1348913700 4997 36 5241 36
1348913400 5241 36 5241 36
1348913100 5241 36 5241 36
1348912800 5241 36 5408 36
1348912500 5408 36 5408 36
1348912200 5408 36 5408 36
1348911900 5407 36 5408 36
1348911600 5277 36 5277 36
1348911300 5277 36 5277 36
1348911000 5276 36 5277 36
1348910700 5258 36 5258 36
1348910400 5258 36 5258 36
1348910100 5257 36 5258 36
1348909800 5115 36 5115 36
1348909500 5115 36 5115 36
1348909200 5116 36 5543 36
1348908900 5543 36 5543 36
1348908600 5543 36 5543 36
1348908300 5539 36 5543 36
1348908000 4957 36 4957 36
1348907700 4957 36 4957 36
1348907400 4956 36 4957 36
1348907100 4919 36 4919 36
1348906800 4919 36 4919 36
1348906500 4920 36 5204 36
1348906200 5204 36 5204 36
1348905900 5204 36 5204 36
1348905600 5206 36 5883 36
1348905300 5883 36 5883 36
1348905000 5883 36 5883 36
1348904700 5882 36 5883 36
1348904400 5626 36 5626 36
1348904100 5626 36 5626 36
1348903800 5627 36 6017 36
1348903500 6017 36 6017 36
1348903200 6017 36 6017 36
1348902900 6013 36 6017 36
1348902600 5504 36 5504 36
1348902300 5504 36 5504 36
1348902000 5503 36 5504 36
1348901700 5451 36 5451 36
1348901400 5451 36 5451 36
1348901100 5452 36 5622 36
1348900800 5622 36 5622 36
1348900500 5622 36 5622 36
1348900200 5621 36 5622 36
1348899900 5395 36 5395 36
1348899600 5395 36 5395 36
1348899300 5395 36 5632 36
1348899000 5632 36 5632 36
1348898700 5632 36 5632 36
1348898400 5632 36 5881 36
1348898100 5881 36 5881 36
1348897800 5881 36 5881 36
1348897500 5880 36 5881 36
1348897200 5701 36 5701 36
1348896900 5701 36 5701 36
1348896600 5701 36 5713 36
1348896300 5713 36 5713 36
1348896000 5713 36 5713 36
1348895700 5712 36 5713 36
1348895400 5465 36 5465 36
1348895100 5465 36 5465 36
1348894800 5464 36 5465 36
1348894500 5420 36 5420 36
1348894200 5420 36 5420 36
1348893900 5420 36 5620 36
1348893600 5620 36 5620 36
1348893300 5620 36 5620 36
1348893000 5619 36 5620 36
1348892700 5390 36 5390 36
1348892400 5390 36 5390 36
1348892100 5389 36 5390 36
1348891800 5148 36 5148 36
1348891500 5148 36 5148 36
1348891200 5148 36 5442 36
1348890900 5442 36 5442 36
1348890600 5442 36 5442 36
1348890300 5440 36 5442 36
1348890000 5092 36 5092 36
1348889700 5092 36 5092 36
1348889400 5091 36 5092 36
1348889100 4946 36 4946 36
1348888800 4946 36 4946 36
1348888500 4942 36 4946 36
1348888200 4042 36 4042 36
1348887900 4042 36 4042 36
1348887600 4043 36 4370 36
1348887300 4370 36 4370 36
1348887000 4370 36 4370 36
1348886700 4370 36 4614 36
1348886400 4614 36 4614 36
1348886100 4614 36 4614 36
1348885800 4614 36 4767 36
1348885500 4767 36 4767 36
1348885200 4767 36 4767 36
1348884900 4769 36 5446 36
1348884600 5446 36 5446 36
1348884300 5443 35 5446 36
1348884000 4637 35 4873 35
1348883700 4873 35 4873 35
1348883400 4873 35 4873 35
1348883100 4871 35 4873 35
1348882800 4636 35 4636 35
1348882500 4636 35 4636 35
1348882200 4636 35 4873 35
1348881900 4873 35 4873 35
1348881600 4873 35 4873 35
1348881300 4872 35 4873 35
1348881000 4591 35 4591 35
1348880700 4591 35 4591 35
1348880400 4592 35 5037 35
1348880100 5037 35 5037 35
1348879800 5037 35 5037 35
1348879500 5036 35 5037 35
1348879200 4959 35 4959 35
1348878900 4959 35 4959 35
1348878600 4956 35 4959 35
1348878300 4548 35 4548 35
1348878000 4548 35 4548 35
1348877700 4548 35 4830 35
1348877400 4830 35 4830 35
1348877100 4830 35 4830 35
1348876800 4828 35 4830 35
1348876500 4374 35 4374 35
1348876200 4374 35 4374 35
1348875900 4375 35 4833 35
1348875600 4833 35 4833 35
1348875300 4833 35 4833 35
1348875000 4832 35 4833 35
1348874700 4561 35 4561 35
1348874400 4561 35 4561 35
1348874100 4561 35 4859 35
1348873800 4859 35 4859 35
1348873500 4859 35 4859 35
1348873200 4858 35 4859 35
1348872900 4754 35 4754 35
1348872600 4754 35 4754 35
1348872300 4754 35 4785 35
1348872000 4785 35 4785 35
1348871700 4785 35 4785 35
1348871400 4784 35 4785 35
1348871100 4488 35 4488 35
1348870800 4488 35 4488 35
1348870500 4490 35 4890 35
1348870200 4890 35 4890 35
1348869900 4890 35 4890 35
1348869600 4889 35 4890 35
1348869300 4765 35 4765 35
1348869000 4765 35 4765 35
1348868700 4765 35 4960 35
1348868400 4960 35 4960 35
1348868100 4960 35 4960 35
1348867800 4956 35 4960 35
1348867500 3922 35 3922 35
1348867200 3922 35 3922 35
1348866900 3927 35 4787 35
1348866600 4787 35 4787 35
1348866300 4787 35 4787 35
1348866000 4786 35 4787 35
1348865700 4625 35 4625 35
1348865400 4625 35 4625 35
1348865100 4622 35 4625 35
1348864800 3867 35 3867 35
1348864500 3867 35 3867 35
1348864200 3873 35 4768 35
1348863900 4768 35 4768 35
1348863600 4768 35 4768 35
1348863300 4767 35 4768 35
1348863000 4756 35 4756 35
1348862400 4745 35 4844 35
1348860600 4515 35 4882 35
1348858800 4550 35 4932 35
1348857000 4484 35 4932 35
1348855200 4591 35 4741 35
1348853400 4555 35 4892 35
1348851600 4965 35 5286 35
1348849800 5296 35 5323 35
1348848000 5547 35 5669 35
1348846200 5416 35 5553 35
1348844400 5301 35 5553 35
1348842600 5203 35 5601 35
1348840800 5326 35 5601 35
1348839000 5465 35 5541 35
1348837200 5446 35 5467 35
1348835400 5100 35 5431 35
1348833600 5030 35 5344 35
1348831800 5131 35 5337 35
1348830000 5048 35 5337 35
1348828200 4927 35 5095 35
1348826400 5133 35 5235 35
1348824600 4997 35 5235 35
1348822800 4905 35 5244 35
1348821000 5293 35 5469 35
1348819200 5344 35 5480 35
1348817400 5251 35 5382 35
1348815600 5276 35 5316 35
1348813800 5123 35 5316 35
1348812000 5371 35 5530 35
1348810200 4919 35 5171 35
1348808400 5414 35 5532 35
1348806600 5516 35 5532 35
1348804800 5194 35 5491 35
1348803000 4854 35 4937 35
1348801200 4924 35 5047 35
1348799400 5084 35 5150 35
1348797600 5084 35 5220 35
1348795800 5019 35 5220 35
1348794000 4933 35 5121 35
1348792200 4878 35 5030 35
1348790400 4620 35 4704 35
1348788600 4973 35 5051 35
1348786800 5117 35 5143 35
1348785000 4886 35 5143 35
1348783200 5117 35 5123 35
1348781400 4953 35 5123 35
1348779600 5043 35 5123 35
1348777800 5197 35 5242 35
1348776000 4952 35 5260 35
1348774200 4750 35 5321 35
1348772400 5161 35 5321 35
1348770600 4653 35 4949 35
1348768800 4774 35 5073 35
1348767000 5079 35 5087 35
1348765200 5305 35 5432 35
1348763400 5433 35 5487 35
1348761600 5241 35 5654 35
1348759800 5487 35 5677 35
1348758000 5715 35 5760 35
1348756200 5324 35 5670 35
1348754400 5673 35 5813 35
1348752600 5727 35 5813 35
1348750800 5418 35 5747 35
1348749000 5580 35 5705 35
1348747200 5208 35 5490 35
1348745400 5375 35 5542 35
1348743600 5277 35 5443 35
1348741800 4883 35 5128 35
1348740000 4722 35 4771 35
1348738200 5029 35 5576 35
1348736400 5314 35 5576 35
1348734600 5138 35 5241 35
1348732800 5296 35 5601 35
1348731000 5271 35 5451 35
1348729200 5348 35 5568 35
1348727400 5381 35 5585 35
1348725600 5312 35 5585 35
1348723800 5380 35 5611 35
1348722000 5395 35 5611 35
1348720200 5915 35 6185 35
1348718400 6253 35 6346 35
1348716600 6111 35 6346 35
1348714800 5786 35 6317 35
1348713000 5975 35 6081 35
1348711200 5799 35 5951 35
1348709400 5556 35 5748 35
1348707600 5290 35 5748 35
1348705800 5123 35 5185 35
1348704000 5146 35 5310 35
1348702200 5427 35 5581 35
1348700400 5677 35 5765 35
1348698600 4629 35 5755 35
1348696800 5262 35 5540 35
1348695000 5479 35 5738 35
1348693200 5527 35 5738 35
1348691400 5439 35 5467 35
1348689600 5465 35 5582 35
1348687800 5431 35 5672 35
1348686000 5690 35 5846 35
1348684200 5499 35 5779 35
1348682400 4638 35 5703 35
1348680600 5969 35 6049 35
1348678800 6024 35 6075 35
1348677000 6108 35 6362 35
1348675200 6493 35 6569 35
1348673400 6068 35 6569 35
1348671600 6059 35 6230 35
1348669800 6061 35 6130 35
1348668000 6021 35 6243 35
1348666200 6233 35 6260 35
1348664400 5982 35 6191 35
1348662600 5749 35 6136 35
1348660800 5567 35 5857 35
1348659000 5653 35 5860 35
1348657200 5395 35 5528 35
1348655400 5899 35 6017 35
1348653600 5947 35 6017 35
1348651800 5654 35 5916 35
1348650000 6031 35 6225 35
1348648200 5772 35 6225 35
1348646400 5995 35 6182 35
1348644600 5975 35 6189 35
1348642800 6258 35 6411 35
1348641000 6206 35 6411 35
1348639200 5961 35 6270 35
1348637400 6161 35 6270 35
1348635600 6330 35 6374 35
1348633800 6248 35 6323 35
1348632000 6260 35 6281 35
1348630200 5787 35 6262 35
1348628400 5431 35 5586 35
1348626600 5708 35 5827 35
1348624800 5501 35 5827 35
1348623000 4599 35 5067 35
1348621200 5110 35 5301 35
1348619400 4771 35 5301 35
1348617600 5077 35 5309 35
1348615800 5157 35 5309 35
1348614000 5075 35 5135 35
1348612200 5154 35 5429 35
1348610400 5372 35 5429 35
1348608600 5065 35 5305 35
1348606800 5017 35 5029 35
1348605000 5284 35 5352 35
1348603200 5450 35 5482 35
1348601400 5526 35 5555 35
1348599600 5286 35 5567 35
1348597800 5562 35 5611 35
1348596000 5550 35 5611 35
1348594200 5553 35 5592 35
1348592400 5433 35 5592 35
1348590600 5409 35 6141 35
1348588800 6047 35 6190 35
1348587000 5876 35 6206 35
1348585200 5763 35 5861 35
1348583400 6117 35 6481 35
1348581600 6227 35 6481 35
1348579800 6055 35 6315 35
1348578000 5921 35 6182 35
1348576200 5942 35 6134 35
1348574400 5656 35 5840 35
1348572600 5962 35 6106 35
1348570800 5439 35 6106 35
1348569000 5244 35 5778 35
1348567200 5771 35 6054 35
1348565400 5607 35 6259 35
1348563600 5586 35 6085 35
1348561800 5914 35 6085 35
1348560000 5534 35 6112 35
1348558200 6268 35 6322 35
1348556400 5814 35 6270 35
1348554600 5981 35 6155 35
1348552800 6016 35 6200 35
1348551000 5978 35 6144 35
1348549200 5684 35 5844 35
1348547400 6053 35 6199 35
1348545600 5560 35 6199 35
1348543800 5928 35 6081 35
1348542000 5705 35 5931 35
1348540200 5799 35 5993 35
1348538400 5326 35 5993 35
1348536600 5400 35 5580 35
1348534800 5291 35 5580 35
1348533000 4982 35 5329 35
1348531200 5134 35 5329 35
1348529400 4697 35 4965 35
1348527600 4640 35 4809 35
1348525800 4327 35 4757 35
1348524000 4711 35 4757 35
1348522200 4717 35 4791 35
1348520400 4809 35 4830 35
1348518600 4148 35 4790 35
1348516800 4966 35 5108 35
1348515000 4995 35 5074 35
1348513200 5208 35 5437 35
1348511400 5316 35 5437 35
1348509600 5450 35 5714 35
1348507800 5038 35 5162 35
1348506000 5658 35 5823 35
1348504200 5585 35 5693 35
1348502400 6035 35 6154 35
1348500600 5616 35 6154 35
1348498800 5602 35 5796 35
1348497000 6133 35 6227 35
1348495200 5767 35 6164 35
1348493400 5773 35 5995 35
1348491600 5954 35 6318 35
1348489800 6011 35 6318 35
1348488000 6107 35 6332 35
1348486200 5272 35 6003 35
1348484400 5020 35 6003 35
1348482600 5861 35 6007 35
1348480800 5969 35 6218 35
1348479000 5752 35 6161 35
1348477200 5769 35 6161 35
1348475400 5905 35 6115 35
1348473600 5980 35 6099 35
1348471800 6053 35 6215 35
1348470000 6302 35 6417 35
1348468200 6175 35 6417 35
1348466400 6194 35 6298 35
1348464600 5818 35 6298 35
1348462800 5665 35 5686 35
1348461000 5986 35 6237 35
1348459200 6023 35 6076 35
1348457400 5954 35 6076 35
1348455600 5550 35 6012 35
1348453800 5904 35 6025 35
1348452000 5849 35 6024 35
1348450200 5180 35 5576 35
1348448400 4959 35 5545 35
1348446600 5246 35 5546 35
1348444800 5193 35 5423 35
1348443000 5360 35 5488 35
1348441200 5342 35 5433 35
1348439400 5180 35 5480 35
1348437600 5490 35 5549 35
1348435800 5488 35 5549 35
1348434000 5550 35 5568 35
1348432200 5452 35 5577 35
1348430400 5270 35 5377 35
1348428600 4906 35 5377 35
1348426800 4944 35 5327 35
1348425000 5305 35 5501 35
1348423200 5394 35 5686 35
1348421400 5367 35 5907 35
1348419600 5330 35 5907 35
1348417800 5901 35 6178 35
1348416000 5779 35 5812 35
1348414200 5600 35 6384 35
1348412400 6169 35 6384 35
1348410600 6071 35 6354 35
1348408800 6268 35 6447 35
1348407000 6344 35 6580 35
1348405200 5873 35 6559 35
1348403400 5991 35 6559 35
1348401600 6345 35 6456 35
1348399800 6337 35 6454 35
1348398000 5701 35 6227 35
1348396200 6119 35 6286 35
1348394400 5921 35 6256 35
1348392600 5632 35 5695 35
1348390800 5499 35 5727 35
1348389000 5772 35 6051 35
1348387200 5890 35 6051 35
1348385400 6281 35 6372 35
1348383600 6023 35 6372 35
1348381800 6209 35 6278 35
1348380000 6036 35 6256 35
1348378200 5833 35 5891 35
1348376400 5768 35 5841 35
1348374600 5949 35 6142 35
1348372800 6150 35 6313 35
1348371000 5956 35 6156 35
1348369200 5691 35 6156 35
1348367400 5976 35 6126 35
1348365600 5789 35 6126 35
1348363800 5991 35 6074 35
1348362000 5460 35 5978 35
1348360200 5657 35 5734 35
1348358400 5593 35 5734 35
1348356600 4957 35 5471 35
1348354800 5541 35 5603 35
1348353000 5180 35 5603 35
1348351200 5280 35 5651 35
1348349400 4918 35 5651 35
1348347600 4958 35 5392 35
1348345800 5432 35 5585 35
1348344000 5455 35 5525 35
1348342200 5594 35 5769 35
1348340400 5687 35 5779 35
1348338600 5737 35 5855 35
1348336800 5673 35 6260 35
1348335000 6250 35 6317 35
1348333200 6239 35 6337 35
1348331400 6362 35 6403 35
1348329600 6537 35 6596 35
1348327800 6340 35 6521 35
1348326000 6562 35 6656 35
1348324200 5904 35 6652 35
1348322400 6219 35 6427 35
1348320600 6406 35 6689 35
1348318800 6284 35 6555 35
1348317000 6091 35 6172 35
1348315200 6182 35 6555 35
1348313400 5993 35 6079 35
1348311600 6138 35 6353 35
1348309800 6131 35 6191 35
1348308000 6516 35 6619 35
1348306200 6575 35 6628 35
1348304400 6330 35 6628 35
1348302600 6024 35 6320 35
1348300800 6275 35 6330 35
1348299000 6126 35 6173 35
1348297200 5740 35 6128 35
1348295400 6039 35 6178 35
1348293600 5518 35 6557 35
1348291800 6111 35 6615 35
1348290000 6305 35 6543 35
1348288200 6058 35 6530 35
1348286400 5800 35 6263 35
1348284600 5605 35 6200 35
1348282800 5788 35 6200 35
1348281000 5781 35 6187 35
1348279200 5936 35 6187 35
1348277400 6094 35 6202 35
1348275600 5967 35 6084 35
1348273800 5730 35 5958 35
1348272000 5385 35 5881 35
1348270200 5374 35 5541 35
1348268400 5359 35 5608 35
1348266600 5312 35 5608 35
1348264800 5468 35 5776 35
1348263000 5035 35 5311 35
1348261200 5785 35 5887 35
1348259400 5862 35 5955 35
1348257600 5955 35 5986 35
1348255800 6060 35 6099 35
1348254000 6037 35 6092 35
1348252200 6038 35 6115 35
1348250400 5667 35 5965 35
1348248600 6022 35 6326 35
1348246800 6083 35 6326 35
1348245000 6113 35 6349 35
1348243200 6076 35 6500 35
1348241400 6281 35 6500 35
1348239600 5855 35 6141 35
1348237800 6193 35 6394 35
1348236000 6075 35 6299 35
1348234200 6224 35 6465 35
1348232400 6254 35 6465 35
1348230600 5974 35 6041 35
1348228800 6066 35 6259 35
1348227000 5523 35 5902 35
1348225200 5959 35 6029 35
1348223400 5459 35 6024 35
1348221600 5709 35 6024 35
1348219800 5505 35 5692 35
1348218000 6068 35 6249 35
1348216200 5878 35 6249 35
1348214400 6208 35 6336 35
1348212600 5860 35 6336 35
1348210800 5830 35 6041 35
1348209000 5465 35 5896 35
1348207200 6232 35 6308 35
1348205400 5655 35 6308 35
1348203600 6194 35 6228 35
1348201800 6189 35 6314 35
1348200000 5942 35 6314 35
1348198200 6041 35 6185 35
1348196400 5866 35 6074 35
1348194600 5429 35 5981 35
1348192800 4909 35 5145 35
1348191000 4756 35 5112 35
1348189200 5034 35 5181 35
1348187400 4833 35 5263 35
1348185600 5153 35 5263 35
1348183800 4961 35 5173 35
1348182000 4708 35 5173 35
1348180200 4375 35 4806 35
1348178400 4935 35 5240 35
1348176600 4895 35 5240 35
1348174800 4698 35 4776 35
1348173000 4778 35 4895 35
1348171200 4822 35 4939 35
1348169400 4595 35 4939 35
1348167600 4783 35 4886 35
1348165800 4592 35 4860 35
1348164000 4845 35 5166 35
1348162200 4741 35 5166 35
1348160400 4913 35 5233 35
1348158600 5258 35 5429 35
1348156800 5017 35 5463 35
1348155000 4774 35 5123 35
1348153200 5432 35 5754 35
1348151400 5440 35 5754 35
1348149600 5613 35 5794 35
1348147800 5673 35 5838 35
1348146000 5549 35 5838 35
1348144200 5508 35 5720 35
1348142400 5454 35 5705 35
1348140600 5446 35 5604 35
1348138800 5254 35 5446 35
1348137000 5204 35 5651 35
1348135200 5035 35 5345 35
1348133400 5403 35 5871 35
1348131600 5643 35 5904 35
1348129800 5678 35 5904 35
1348128000 5578 35 5868 35
1348126200 5525 35 5714 35
1348124400 5378 35 5390 35
1348122600 5365 35 5372 35
1348120800 5099 35 5613 35
1348119000 5619 35 5866 35
1348117200 5374 35 5866 35
1348115400 5290 35 5549 35
1348113600 5585 35 5757 35
1348111800 5401 35 5757 35
1348110000 5039 33 5275 35
1348108200 4786 33 4818 33
1348106400 4782 33 4818 33
1348104600 4718 33 4809 33
1348102800 4412 33 4618 33
1348101000 4226 33 4396 33
1348099200 3896 33 4294 33
1348097400 3973 33 4294 33
1348095600 4252 33 4321 33
1348093800 4398 33 4462 33
1348092000 4440 33 4482 33
1348090200 4285 33 4482 33
1348088400 4369 33 4503 33
1348086600 4296 33 4503 33
1348084800 4195 33 4460 33
1348083000 4256 33 4598 33
1348081200 4467 33 4598 33
1348079400 4387 33 4514 33
1348077600 4418 33 4514 33
1348075800 3439 33 4434 33
1348074000 4440 33 4531 33
1348072200 4388 33 4613 33
1348070400 4582 33 4837 34
1348068600 5055 34 5254 34
1348066800 5264 34 5352 34
1348065000 5551 34 5611 34
1348063200 5450 34 5566 34
1348061400 5214 34 5288 34
1348059600 4853 34 5182 34
1348057800 4582 34 5182 34
1348056000 4967 34 5107 34
1348054200 4829 34 5066 34
1348052400 4920 34 5027 34
1348050600 4839 34 5055 34
1348048800 5010 34 5176 34
1348047000 5110 34 5211 34
1348045200 5155 34 5211 34
1348043400 5115 34 5173 34
1348041600 5024 34 5077 34
1348039800 4454 34 5077 34
1348038000 4485 34 5094 34
1348036200 4637 34 5094 34
1348034400 4767 34 5083 34
1348032600 4620 34 5083 34
1348030800 4575 34 4750 34
1348029000 4904 34 4964 34
1348027200 4833 34 4964 34
1348025400 4738 34 4899 34
1348023600 4803 34 4899 34
1348021800 4678 34 4853 34
1348020000 4712 34 4853 34
1348018200 4363 34 4590 34
1348016400 4534 34 4590 34
1348014600 4387 34 4528 34
1348012800 4028 34 4252 34
1348011000 4222 34 4475 34
1348009200 4166 34 4469 34
1348007400 4317 34 4520 34
1348005600 4488 34 4533 34
1348003800 4459 34 4558 34
1348002000 4350 34 4565 34
1348000200 4379 34 4612 34
1347998400 4421 34 4612 34
1347996600 4617 34 4669 34
1347994800 4280 34 4669 34
1347993000 4479 34 4637 34
1347991200 4976 34 5080 34
1347989400 5023 34 5063 34
1347987600 4042 34 5063 34
1347985800 3812 34 4033 34
1347984000 4322 34 4989 34
1347982200 4302 34 4989 34
1347980400 4919 34 5379 34
1347978600 5076 34 5379 34
1347976800 5253 34 5519 34
1347975000 5052 34 5566 34
1347973200 5141 34 5534 34
1347971400 4688 34 4979 34
1347969600 5033 34 5276 34
1347967800 4796 34 5257 34
1347966000 4830 34 5033 34
1347964200 4846 34 5241 34
1347962400 5058 34 5241 34
1347960600 5166 34 5243 34
1347958800 4911 34 5243 34
1347957000 5011 34 5096 34
1347955200 4405 34 4899 34
1347953400 4169 34 5048 34
1347951600 3365 34 4389 34
1347949800 4520 34 4614 34
1347948000 4945 34 5169 34
1347946200 5190 34 5239 34
1347944400 5176 34 5281 34
1347942600 5325 34 5353 34
1347940800 4837 34 5309 34
1347939000 5135 34 5259 34
1347937200 5040 34 5243 34
1347935400 4862 34 5194 34
1347933600 4976 34 5110 34
1347931800 4497 34 5110 34
1347930000 4639 34 4806 34
1347928200 4674 34 4806 34
1347926400 4562 34 4650 34
1347924600 4442 34 4545 34
1347922800 4464 34 4570 34
1347921000 4116 34 4570 34
1347919200 4245 34 4666 34
1347917400 4430 34 4666 34
1347915600 4594 34 4651 34
1347913800 4765 34 4880 34
1347912000 4681 34 4880 34
1347910200 4880 34 4950 34
1347908400 4770 34 4950 34
1347906600 4842 34 4930 34
1347904800 4922 34 4957 34
1347903000 4997 34 5062 34
1347901200 5119 34 5249 34
1347899400 5086 34 5249 34
1347897600 4494 34 5082 34
1347895800 5055 34 5301 34
1347894000 4867 34 5301 34
1347892200 4336 34 4783 34
1347890400 3949 34 4161 34
1347888600 3899 34 4246 34
1347886800 3148 34 4246 34
1347885000 4049 34 5184 34
1347883200 4531 34 5184 34
1347881400 4747 34 5065 34
1347879600 4929 34 5070 34
1347877800 4402 34 5059 34
1347876000 3874 34 4314 34
1347874200 3700 34 4314 34
1347872400 4429 34 4844 34
1347870600 4034 34 4817 34
1347868800 3825 34 4817 34
1347867000 3378 34 4460 34
1347865200 4303 34 5123 34
1347863400 4717 34 5123 34
1347861600 4602 34 4875 34
1347859800 3741 34 4344 34
1347858000 4239 34 4460 34
1347856200 4387 34 5089 34
1347854400 4250 34 5089 34
1347852600 3688 34 3739 34
1347850800 4331 34 4495 34
1347849000 4370 34 4587 34
1347847200 4675 34 5282 34
1347845400 5302 34 5337 34
1347843600 5069 34 5265 34
1347841800 5040 34 5071 34
1347840000 4844 34 5071 34
1347838200 4955 34 5084 34
1347836400 4565 34 5043 34
1347834600 4693 34 4813 34
1347832800 4447 34 4935 34
1347831000 5147 34 5219 34
1347829200 4846 34 5219 34
1347827400 5125 34 5272 34
1347825600 5209 34 5272 34
1347823800 5118 34 5268 34
1347822000 5129 34 5342 34
1347820200 5017 34 5210 34
1347818400 5204 34 5210 34
1347816600 5198 34 5352 34
1347814800 5422 34 5502 34
1347813000 5442 34 5572 34
1347811200 5652 34 5703 34
1347809400 5480 34 5703 34
1347807600 5679 34 5785 34
1347805800 5553 34 5798 34
1347804000 5437 34 5837 34
1347802200 5859 34 5925 34
1347800400 5852 34 5965 34
1347798600 5196 34 5725 34
1347796800 5326 34 5697 34
1347795000 5380 34 5833 34
1347793200 5614 34 5833 34
1347791400 5645 34 5763 34
1347789600 5361 34 5754 34
1347787800 4832 34 4971 34
1347786000 5714 34 5883 34
1347784200 5701 34 5837 34
1347782400 5522 34 5847 34
1347775200 5477 34 5847 34
1347768000 5131 34 5420 34
1347760800 5237 34 5630 34
1347753600 5156 34 5383 34
1347746400 5179 34 5393 34
1347739200 5343 34 5627 34
1347732000 5555 34 5860 34
1347724800 5872 34 6034 34
1347717600 5797 34 6034 34
1347710400 5605 34 5846 34
1347703200 5314 34 5608 34
1347696000 5462 34 5763 34
1347688800 5374 34 5722 34
1347681600 4625 34 5540 34
1347674400 2309 34 2449 34
1347667200 2295 34 2295 34
1347660000 2295 34 2295 34
1347652800 2295 34 2295 34
1347645600 2295 34 2295 34
1347638400 2295 34 2295 34
1347631200 2199 34 2295 34
1347624000 2105 34 2105 34
1347616800 2103 34 2105 34
1347609600 2084 34 2321 34
1347602400 2143 34 2341 34
1347595200 2712 34 5283 34
1347588000 4963 34 5293 34
1347580800 4893 34 5118 34
1347573600 5018 34 5228 34
1347566400 5033 34 5330 34
1347559200 5036 34 5584 34
1347552000 5682 34 5889 34
1347544800 5462 34 5835 34
1347537600 5623 34 5680 34
1347530400 5680 34 5680 34
1347523200 5603 34 5765 34
1347516000 5377 34 5656 34
1347508800 5255 34 5532 34
1347501600 4841 34 5267 34
1347494400 4576 34 4889 34
1347487200 3472 34 4889 34
1347480000 3091 34 3968 34
1347472800 3652 34 5217 34
1347465600 4939 34 5806 34
1347458400 5471 34 5761 34
1347451200 5252 34 5643 34
1347444000 5230 34 5481 34
1347436800 5266 34 5692 34
1347429600 5299 34 5692 34
1347422400 4968 34 5409 34
1347415200 4783 34 5161 34
1347408000 4693 34 4774 34
1347400800 4574 34 4956 34
1347393600 4792 34 5121 34
1347386400 5095 34 5419 34
1347379200 5462 34 5626 34
1347372000 5402 34 5690 34
1347364800 5066 34 5265 34
1347357600 5386 34 5999 34
1347350400 5289 34 5575 34
1347343200 5321 34 5577 34
1347336000 5443 34 5627 34
1347328800 5058 34 5380 34
1347321600 4873 34 4997 34
1347314400 4887 34 5028 34
1347307200 4910 34 5195 34
1347300000 5237 34 5452 34
1347292800 5389 34 5864 34
1347285600 5518 34 5765 34
1347278400 5292 34 5539 34
1347271200 5278 34 5649 34
1347264000 5437 34 5577 34
1347256800 5232 34 5596 34
1347249600 5057 34 5646 34
1347242400 5008 34 5277 34
1347235200 4797 34 4982 34
1347228000 4816 34 5059 34
1347220800 4844 34 5251 34
1347213600 5239 34 5407 34
1347206400 5380 34 5715 34
1347199200 5392 34 5692 34
1347192000 5480 34 5725 34
1347184800 5525 34 5822 34
1347177600 5570 34 5893 34
1347170400 5465 33 5784 34
1347163200 5452 33 5680 33
1347156000 5048 33 5505 33
1347148800 4631 33 5039 33
1347141600 4927 33 5040 33
1347134400 4792 33 5210 33
1347127200 5131 33 5466 33
1347120000 5531 33 5697 33
1347112800 5336 33 5650 33
1347105600 5479 33 5671 33
1347098400 5143 33 5574 33
1347091200 5302 33 5578 33
1347084000 5393 33 5662 33
1347076800 5251 33 5569 33
1347069600 5211 33 5448 33
1347062400 4716 33 4988 33
1347055200 4736 33 4925 33
1347048000 4872 33 5064 33
1347040800 4940 33 5303 33
1347033600 5395 33 5592 33
1347026400 5300 33 5538 33
1347019200 4970 33 5245 33
1347012000 5005 32 5267 33
1347004800 5066 32 5362 32
1346997600 4881 32 5255 32
1346990400 4993 32 5249 32
1346983200 4515 32 4943 32
1346976000 4330 32 4595 32
1346968800 4464 32 4639 32
1346961600 4713 32 4917 32
1346954400 4879 32 5322 32
1346947200 5038 32 5499 32
1346940000 5288 32 5499 32
1346932800 4727 32 5263 32
1346925600 4909 32 5329 32
1346918400 5028 32 5416 32
1346911200 5028 32 5438 32
1346904000 5020 32 5334 32
1346896800 4663 32 5104 32
1346889600 4392 32 4632 32
1346882400 4475 32 4845 32
1346875200 4598 32 4899 32
1346868000 4930 32 5194 32
1346860800 5071 32 5320 32
1346853600 4967 32 5231 32
1346846400 4492 32 4871 32
1346839200 4820 32 5149 32
1346832000 4954 32 5199 32
1346824800 4771 32 5114 32
1346817600 4697 32 5024 32
1346810400 4601 32 5082 32
1346803200 4098 32 4676 32
1346796000 3684 32 4397 32
1346788800 3988 32 4699 32
1346781600 4742 32 5054 32
1346774400 5141 32 5395 32
1346767200 5285 32 5541 32
1346760000 4920 32 5161 32
1346752800 4900 32 5230 32
1346745600 5150 32 5444 32
1346738400 5024 32 5479 32
1346731200 4968 32 5177 32
1346724000 4620 31 5130 32
1346716800 4284 31 4591 31
1346709600 4472 31 4727 31
1346702400 4687 31 4904 31
1346695200 4661 31 5128 31
1346688000 4951 31 5501 31
1346680800 5107 31 5404 31
1346673600 4879 31 5169 31
1346666400 4930 31 5162 31
1346659200 4779 31 5157 31
1346652000 4811 31 5164 31
1346644800 4881 31 5089 31
1346637600 4362 31 4847 31
1346630400 4269 31 4441 31
1346623200 4207 31 4375 31
1346616000 4364 31 4547 31
1346608800 4448 31 4635 31
1346601600 4738 31 5085 31
1346594400 4993 31 5168 31
1346587200 4737 31 5093 31
1346580000 4987 31 5141 31
1346572800 5014 31 5409 31
1346565600 5091 31 5290 31
1346558400 5129 31 5381 31
1346551200 4578 31 5090 31
1346544000 4312 31 4497 31
1346536800 4442 31 4626 31
1346529600 4662 31 4782 31
1346522400 4807 31 5156 31
1346515200 4902 31 5295 31
1346508000 5198 31 5361 31
1346500800 5213 31 5286 31
1346493600 5220 31 5309 31
1346486400 4861 31 5302 31
1346479200 4963 31 5324 31
1346472000 4857 31 5167 31
1346464800 4766 31 5024 31
1346457600 4462 31 4674 31
1346450400 4472 31 4615 31
1346443200 4433 31 4570 31
1346436000 4650 31 4854 31
1346428800 4889 31 5115 31
1346421600 4732 31 5251 31
1346414400 4628 31 4818 31
1346407200 4696 31 4913 31
1346400000 4846 31 5094 31
1346392800 4924 31 5346 31
1346385600 4894 31 5105 31
1346378400 4541 31 4861 31
1346371200 4436 31 4613 31
1346364000 4568 31 4788 31
1346356800 4415 31 4671 31
1346349600 4632 31 4944 31
1346342400 5091 31 5334 31
1346335200 4996 31 5353 31
1346328000 4814 31 5102 31
1346320800 4941 31 5146 31
1346313600 5075 31 5244 31
1346306400 4921 31 5201 31
1346299200 4876 31 5054 31
1346292000 4528 31 5172 31
1346284800 4167 31 4456 31
1346277600 4437 31 4594 31
1346270400 4345 31 4652 31
1346263200 4744 31 4902 31
1346256000 5059 31 5327 31
1346248800 4975 31 5282 31
1346241600 4743 31 5039 31
1346234400 4491 31 4969 31
1346227200 4249 31 4373 31
1346220000 4186 31 4633 31
1346212800 4230 31 4633 31
1346205600 4076 31 4337 31
1346198400 3991 31 4178 31
1346191200 3430 31 4078 31
1346184000 3871 31 4328 31
1346176800 4127 31 4380 31
1346169600 3672 31 4647 31
1346162400 4246 31 4731 31
1346155200 4164 31 4421 31
1346148000 4499 31 4753 31
1346140800 4271 31 4753 31
1346133600 4414 31 4670 31
1346126400 4145 31 4640 31
1346119200 4100 31 4528 31
1346112000 3790 31 4067 31
1346104800 3668 31 4046 31
1346097600 3814 31 4254 31
1346090400 4269 31 4598 31
1346083200 4563 31 4951 31
1346076000 4549 31 4922 31
1346068800 3831 31 4399 31
1346061600 4337 31 4511 31
1346054400 3823 31 3823 31
1346047200 3823 31 3823 31
1346040000 3823 31 3823 31
1346032800 3797 31 3823 31
1346025600 3687 31 3834 31
1346018400 3725 31 3834 31
1346011200 3840 31 3980 31
1346004000 3912 31 4273 31
1345996800 4436 31 4599 31
1345989600 4152 31 4688 31
1345982400 4151 31 4449 31
1345975200 4259 31 4487 31
1345968000 4257 31 4460 31
1345960800 4077 31 4414 31
1345953600 4250 31 4414 31
1345946400 3906 31 4174 31
1345939200 3714 31 3890 31
1345932000 3807 31 4101 31
1345924800 3892 31 4103 31
1345917600 3963 31 4255 31
1345910400 4196 31 4600 31
1345903200 4315 31 4572 31
1345896000 4449 31 4652 31
1345888800 4391 31 4679 31
1345881600 4495 31 4677 31
1345874400 4202 31 4552 31
1345867200 4331 31 4500 31
1345860000 3970 31 4354 31
1345852800 3828 31 4162 31
1345845600 3925 31 4202 31
1345838400 3979 31 4378 31
1345831200 4338 31 4576 31
1345824000 4321 30 4703 31
1345816800 4286 30 4639 30
1345809600 4089 30 4273 30
1345802400 4152 30 4424 30
1345795200 4130 30 4401 30
1345788000 4143 30 4407 30
1345780800 3917 30 4252 30
1345773600 3805 30 3942 30
1345766400 3784 30 3994 30
1345759200 3991 30 4151 30
1345752000 4028 30 4291 30
1345744800 4310 30 4560 30
1345737600 4494 30 4767 30
1345730400 4384 30 4785 30
1345723200 4172 30 4477 30
1345716000 4374 30 4642 30
1345708800 4416 30 4701 30
1345701600 4537 30 4615 30
1345694400 4043 30 4581 30
1345687200 3954 30 4273 30
1345680000 3741 30 3982 30
1345672800 3939 30 4134 30
1345665600 3955 30 4135 30
1345658400 4168 30 4610 30
1345651200 4476 30 4647 30
1345644000 4462 30 4834 30
1345636800 4353 30 4619 30
1345629600 4410 30 4624 30
1345622400 4618 30 4808 30
1345615200 4478 30 4808 30
1345608000 4311 30 4564 30
1345600800 3985 30 4346 30
1345593600 3892 30 4076 30
1345586400 3830 30 4191 30
1345579200 4256 30 4355 30
1345572000 4344 30 4696 30
1345564800 4573 30 4768 30
1345557600 4608 30 4882 30
1345550400 4245 30 4547 30
1345543200 4456 30 4721 30
1345536000 4596 30 4784 30
1345528800 4559 30 4762 30
1345521600 4601 30 4750 30
1345514400 4193 30 4512 30
1345507200 3759 30 4038 30
1345500000 3970 30 4357 30
1345492800 3914 30 4368 30
1345485600 4428 30 4847 30
1345478400 4434 30 4756 30
1345471200 4584 30 4834 30
1345464000 4380 30 4772 30
1345456800 4196 30 4694 30
1345449600 4213 30 4717 30
1345442400 4469 30 4787 30
1345435200 4250 29 4566 30
1345428000 4135 29 4401 29
1345420800 3275 29 4204 29
1345413600 3347 29 4163 29
1345406400 3951 29 4197 29
1345399200 4371 29 5201 29
1345392000 5196 29 5298 29
1345384800 5273 29 5471 29
1345377600 5147 29 5575 29
1345370400 5216 29 5515 29
1345363200 5103 29 5463 29
1345356000 5131 29 5460 29
1345348800 5045 29 5380 29
1345341600 4890 29 5139 29
1345334400 4714 29 4834 29
1345327200 4694 29 4987 29
1345320000 4989 29 5103 29
1345312800 5103 29 5250 29
1345305600 5011 29 5521 29
1345298400 4990 29 5446 29
1345291200 4374 28 4820 29
1345284000 4722 28 4987 28
1345276800 4824 28 4990 28
1345269600 4516 28 4781 28
1345262400 4362 28 4668 28
1345255200 4118 28 4610 28
1345248000 4134 28 4347 28
1345240800 4018 28 4347 28
1345233600 4340 28 4511 28
1345226400 4466 28 4821 28
1345219200 4683 28 4984 28
1345212000 4399 26 4984 28
1345204800 3938 22 3938 22
1345197600 3938 22 3938 22
1345190400 3927 21 3938 22
1345183200 3927 21 3927 21
1345176000 3927 21 3927 21
1345168800 3927 21 3927 21
1345161600 3927 21 3927 21
1345154400 3927 21 3927 21
1345147200 3927 21 3927 21
1345140000 3927 21 3927 21
1345132800 3927 21 3927 21
1345125600 3927 21 3927 21
1345118400 3927 21 3927 21
1345111200 3927 21 3927 21
1345104000 3927 21 3927 21
1345096800 3927 21 3927 21
1345089600 3927 21 3927 21
1345082400 3927 21 3927 21
1345075200 3927 21 3927 21
1345068000 3927 21 3927 21
1345060800 3927 21 3927 21
1345053600 3927 21 3927 21
1345046400 3927 21 3927 21
1345039200 3927 21 3927 21
1345032000 3927 21 3927 21
1345024800 3927 21 3927 21
1345017600 3927 21 3927 21
1345010400 3927 21 3927 21
1345003200 3927 21 3927 21
1344996000 3927 21 3927 21
1344988800 3927 21 3927 21
1344981600 3927 21 3927 21
1344974400 3927 21 3927 21
1344967200 3927 21 3927 21
1344960000 3927 21 3927 21
1344952800 3927 21 3927 21
1344945600 3927 21 3927 21
1344938400 3927 21 3927 21
1344931200 3927 21 3927 21
1344924000 3927 21 3927 21
1344916800 1265 6 3927 21
1344909600 0 0 0 0
1344902400 0 0 0 0
1344895200 0 0 0 0
1344888000 0 0 0 0
1344880800 0 0 0 0
1344873600 0 0 0 0
1344866400 0 0 0 0
1344859200 0 0 0 0
1344852000 0 0 0 0
1344844800 0 0 0 0
1344837600 0 0 0 0
1344830400 0 0 0 0
1344823200 0 0 0 0
1344816000 0 0 0 0
1344808800 0 0 0 0
1344801600 0 0 0 0
1344794400 0 0 0 0
1344787200 0 0 0 0
1344780000 0 0 0 0
1344772800 0 0 0 0
1344765600 0 0 0 0
1344758400 0 0 0 0
1344751200 0 0 0 0
1344744000 0 0 0 0
1344736800 0 0 0 0
1344729600 0 0 0 0
1344722400 0 0 0 0
1344715200 0 0 0 0
1344708000 0 0 0 0
1344700800 0 0 0 0
1344693600 0 0 0 0
1344686400 0 0 0 0
1344679200 0 0 0 0
1344672000 0 0 0 0
1344664800 0 0 0 0
1344657600 0 0 0 0
1344650400 0 0 0 0
1344643200 0 0 0 0
1344636000 0 0 0 0
1344628800 0 0 0 0
1344621600 0 0 0 0
1344614400 0 0 0 0
1344607200 0 0 0 0
1344600000 0 0 0 0
1344592800 0 0 0 0
1344585600 0 0 0 0
1344578400 0 0 0 0
1344571200 0 0 0 0
1344564000 0 0 0 0
1344556800 0 0 0 0
1344549600 0 0 0 0
1344542400 0 0 0 0
1344535200 0 0 0 0
1344528000 0 0 0 0
1344520800 0 0 0 0
1344513600 0 0 0 0
1344506400 0 0 0 0
1344499200 0 0 0 0
1344492000 0 0 0 0
1344484800 0 0 0 0
1344477600 0 0 0 0
1344470400 0 0 0 0
1344463200 0 0 0 0
1344456000 0 0 0 0
1344448800 0 0 0 0
1344441600 0 0 0 0
1344434400 0 0 0 0
1344427200 0 0 0 0
1344420000 0 0 0 0
1344412800 0 0 0 0
1344405600 0 0 0 0
1344398400 0 0 0 0
1344391200 0 0 0 0
1344384000 0 0 0 0
1344376800 0 0 0 0
1344369600 0 0 0 0
1344362400 0 0 0 0
1344355200 0 0 0 0
1344348000 0 0 0 0
1344340800 0 0 0 0
1344333600 0 0 0 0
1344326400 0 0 0 0
1344319200 0 0 0 0
1344312000 0 0 0 0
1344304800 0 0 0 0
1344297600 0 0 0 0
1344290400 0 0 0 0
1344283200 0 0 0 0
1344276000 0 0 0 0
1344268800 0 0 0 0
1344261600 0 0 0 0
1344254400 0 0 0 0
1344247200 0 0 0 0
1344240000 0 0 0 0
1344232800 0 0 0 0
1344225600 0 0 0 0
1344218400 0 0 0 0
1344211200 0 0 0 0
1344204000 0 0 0 0
1344196800 0 0 0 0
1344189600 0 0 0 0
1344182400 0 0 0 0
1344175200 0 0 0 0
1344168000 0 0 0 0
1344160800 0 0 0 0
1344153600 0 0 0 0
1344146400 0 0 0 0
1344139200 0 0 0 0
1344132000 0 0 0 0
1344124800 0 0 0 0
1344117600 0 0 0 0
1344110400 0 0 0 0
1344103200 0 0 0 0
1344096000 0 0 0 0
1344088800 0 0 0 0
1344081600 0 0 0 0
1344074400 0 0 0 0
1344067200 0 0 0 0
1344060000 0 0 0 0
1344052800 0 0 0 0
1344045600 0 0 0 0
1344038400 0 0 0 0
1344031200 0 0 0 0
1344024000 0 0 0 0
1344016800 0 0 0 0
1344009600 0 0 0 0
1344002400 0 0 0 0
1343995200 0 0 0 0
1343988000 0 0 0 0
1343980800 0 0 0 0
1343973600 0 0 0 0
1343966400 0 0 0 0
1343959200 0 0 0 0
1343952000 0 0 0 0
1343944800 0 0 0 0
1343937600 0 0 0 0
1343930400 0 0 0 0
1343923200 0 0 0 0
1343916000 0 0 0 0
1343908800 0 0 0 0
1343901600 0 0 0 0
1343894400 0 0 0 0
1343887200 0 0 0 0
1343880000 0 0 0 0
1343872800 0 0 0 0
1343865600 0 0 0 0
1343858400 0 0 0 0
1343851200 0 0 0 0
1343844000 0 0 0 0
1343836800 0 0 0 0
1343829600 0 0 0 0
1343822400 0 0 0 0
1343815200 0 0 0 0
1343808000 0 0 0 0
1343800800 0 0 0 0
1343793600 0 0 0 0
1343786400 0 0 0 0
1343779200 0 0 0 0
1343772000 0 0 0 0
1343764800 0 0 0 0
1343757600 0 0 0 0
1343750400 0 0 0 0
1343743200 0 0 0 0
1343736000 0 0 0 0
1343728800 0 0 0 0
1343721600 0 0 0 0
1343714400 0 0 0 0
1343707200 0 0 0 0
1343700000 0 0 0 0
1343692800 0 0 0 0
1343685600 0 0 0 0
1343678400 0 0 0 0
1343671200 0 0 0 0
1343664000 0 0 0 0
1343656800 0 0 0 0
1343649600 0 0 0 0
1343642400 0 0 0 0
1343635200 0 0 0 0
1343628000 0 0 0 0
1343620800 0 0 0 0
1343613600 0 0 0 0
1343606400 0 0 0 0
1343599200 0 0 0 0
1343592000 0 0 0 0
1343584800 0 0 0 0
1343577600 0 0 0 0
1343570400 0 0 0 0
1343563200 0 0 0 0
1343556000 0 0 0 0
1343548800 0 0 0 0
1343541600 0 0 0 0
1343534400 0 0 0 0
1343527200 0 0 0 0
1343520000 0 0 0 0
1343512800 0 0 0 0
1343505600 0 0 0 0
1343498400 0 0 0 0
1343491200 0 0 0 0
1343484000 0 0 0 0
1343476800 0 0 0 0
1343469600 0 0 0 0
1343462400 0 0 0 0
1343433600 0 0 0 0
1343347200 0 0 0 0
1343260800 0 0 0 0
1343174400 0 0 0 0
1343088000 0 0 0 0
1343001600 0 0 0 0
1342915200 0 0 0 0
1342828800 0 0 0 0
1342742400 0 0 0 0
1342656000 0 0 0 0
1342569600 0 0 0 0
1342483200 0 0 0 0
1342396800 0 0 0 0
1342310400 0 0 0 0
1342224000 0 0 0 0
1342137600 0 0 0 0
1342051200 0 0 0 0
1341964800 0 0 0 0
1341878400 0 0 0 0
1341792000 0 0 0 0
1341705600 0 0 0 0
1341619200 0 0 0 0
1341532800 0 0 0 0
1341446400 0 0 0 0
1341360000 0 0 0 0
1341273600 0 0 0 0
1341187200 0 0 0 0
1341100800 0 0 0 0
1341014400 0 0 0 0
1340928000 0 0 0 0
1340841600 0 0 0 0
1340755200 0 0 0 0
1340668800 0 0 0 0
1340582400 0 0 0 0
1340496000 0 0 0 0
1340409600 0 0 0 0
1340323200 0 0 0 0
1340236800 0 0 0 0
1340150400 0 0 0 0
1340064000 0 0 0 0
1339977600 0 0 0 0
1339891200 0 0 0 0
1339804800 0 0 0 0
1339718400 0 0 0 0
1339632000 0 0 0 0
1339545600 0 0 0 0
1339459200 0 0 0 0
1339372800 0 0 0 0
1339286400 0 0 0 0
1339200000 0 0 0 0
1339113600 0 0 0 0
1339027200 0 0 0 0
1338940800 0 0 0 0
1338854400 0 0 0 0
1338768000 0 0 0 0
1338681600 0 0 0 0
1338595200 0 0 0 0
1338508800 0 0 0 0
1338422400 0 0 0 0
1338336000 0 0 0 0
1338249600 0 0 0 0
1338163200 0 0 0 0
1338076800 0 0 0 0
1337990400 0 0 0 0
1337904000 0 0 0 0
1337817600 0 0 0 0
1337731200 0 0 0 0
1337644800 0 0 0 0
1337558400 0 0 0 0
1337472000 0 0 0 0
1337385600 0 0 0 0
1337299200 0 0 0 0
1337212800 0 0 0 0
1337126400 0 0 0 0
1337040000 0 0 0 0
1336953600 0 0 0 0
1336867200 0 0 0 0
1336780800 0 0 0 0
1336694400 0 0 0 0
1336608000 0 0 0 0
1336521600 0 0 0 0
1336435200 0 0 0 0
1336348800 0 0 0 0
1336262400 0 0 0 0
1336176000 0 0 0 0
1336089600 0 0 0 0
1336003200 0 0 0 0
1335916800 0 0 0 0
1335830400 0 0 0 0
1335744000 0 0 0 0
1335657600 0 0 0 0
1335571200 0 0 0 0
1335484800 0 0 0 0
1335398400 0 0 0 0
1335312000 0 0 0 0
1335225600 0 0 0 0
1335139200 0 0 0 0
1335052800 0 0 0 0
1334966400 0 0 0 0
1334880000 0 0 0 0
1334793600 0 0 0 0
1334707200 0 0 0 0
1334620800 0 0 0 0
1334534400 0 0 0 0
1334448000 0 0 0 0
1334361600 0 0 0 0
1334275200 0 0 0 0
1334188800 0 0 0 0
1334102400 0 0 0 0
1334016000 0 0 0 0
1333929600 0 0 0 0
1333843200 0 0 0 0
1333756800 0 0 0 0
1333670400 0 0 0 0
1333584000 0 0 0 0
1333497600 0 0 0 0
1333411200 0 0 0 0
1333324800 0 0 0 0
1333238400 0 0 0 0
1333152000 0 0 0 0
1333065600 0 0 0 0
1332979200 0 0 0 0
1332892800 0 0 0 0
1332806400 0 0 0 0
1332720000 0 0 0 0
1332633600 0 0 0 0
1332547200 0 0 0 0
1332460800 0 0 0 0
1332374400 0 0 0 0
1332288000 0 0 0 0
1332201600 0 0 0 0
1332115200 0 0 0 0
1332028800 0 0 0 0
1331942400 0 0 0 0
1331856000 0 0 0 0
1331769600 0 0 0 0
1331683200 0 0 0 0
1331596800 0 0 0 0
1331510400 0 0 0 0
1331424000 0 0 0 0
1331337600 0 0 0 0
1331251200 0 0 0 0
1331164800 0 0 0 0
1331078400 0 0 0 0
1330992000 0 0 0 0
1330905600 0 0 0 0
1330819200 0 0 0 0
1330732800 0 0 0 0
1330646400 0 0 0 0
1330560000 0 0 0 0
1330473600 0 0 0 0
1330387200 0 0 0 0
1330300800 0 0 0 0
1330214400 0 0 0 0
1330128000 0 0 0 0
1330041600 0 0 0 0
1329955200 0 0 0 0
1329868800 0 0 0 0
1329782400 0 0 0 0
1329696000 0 0 0 0
1329609600 0 0 0 0
1329523200 0 0 0 0
1329436800 0 0 0 0
1329350400 0 0 0 0
1329264000 0 0 0 0
1329177600 0 0 0 0
1329091200 0 0 0 0
1329004800 0 0 0 0
1328918400 0 0 0 0
1328832000 0 0 0 0
1328745600 0 0 0 0
1328659200 0 0 0 0
1328572800 0 0 0 0
1328486400 0 0 0 0
1328400000 0 0 0 0
1328313600 0 0 0 0
1328227200 0 0 0 0
1328140800 0 0 0 0
1328054400 0 0 0 0
1327968000 0 0 0 0
1327881600 0 0 0 0
1327795200 0 0 0 0
1327708800 0 0 0 0
1327622400 0 0 0 0
1327536000 0 0 0 0
1327449600 0 0 0 0
1327363200 0 0 0 0
1327276800 0 0 0 0
1327190400 0 0 0 0
1327104000 0 0 0 0
1327017600 0 0 0 0
1326931200 0 0 0 0
1326844800 0 0 0 0
1326758400 0 0 0 0
1326672000 0 0 0 0
1326585600 0 0 0 0
1326499200 0 0 0 0
1326412800 0 0 0 0
1326326400 0 0 0 0
1326240000 0 0 0 0
1326153600 0 0 0 0
1326067200 0 0 0 0
1325980800 0 0 0 0
1325894400 0 0 0 0
1325808000 0 0 0 0
1325721600 0 0 0 0
1325635200 0 0 0 0
1325548800 0 0 0 0
1325462400 0 0 0 0
1325376000 0 0 0 0
1325289600 0 0 0 0
1325203200 0 0 0 0
1325116800 0 0 0 0
1325030400 0 0 0 0
1324944000 0 0 0 0
1324857600 0 0 0 0
1324771200 0 0 0 0
1324684800 0 0 0 0
1324598400 0 0 0 0
1324512000 0 0 0 0
1324425600 0 0 0 0
1324339200 0 0 0 0
1324252800 0 0 0 0
1324166400 0 0 0 0
1324080000 0 0 0 0
1323993600 0 0 0 0
1323907200 0 0 0 0
1323820800 0 0 0 0
1323734400 0 0 0 0
1323648000 0 0 0 0
1323561600 0 0 0 0
1323475200 0 0 0 0
1323388800 0 0 0 0
1323302400 0 0 0 0
1323216000 0 0 0 0
1323129600 0 0 0 0
1323043200 0 0 0 0
1322956800 0 0 0 0
1322870400 0 0 0 0
1322784000 0 0 0 0
1322697600 0 0 0 0
1322611200 0 0 0 0
1322524800 0 0 0 0
1322438400 0 0 0 0
1322352000 0 0 0 0
1322265600 0 0 0 0
1322179200 0 0 0 0
1322092800 0 0 0 0
1322006400 0 0 0 0
1321920000 0 0 0 0
1321833600 0 0 0 0
1321747200 0 0 0 0
1321660800 0 0 0 0
1321574400 0 0 0 0
1321488000 0 0 0 0
1321401600 0 0 0 0
1321315200 0 0 0 0
1321228800 0 0 0 0
1321142400 0 0 0 0
1321056000 0 0 0 0
1320969600 0 0 0 0
1320883200 0 0 0 0
1320796800 0 0 0 0
1320710400 0 0 0 0
1320624000 0 0 0 0
1320537600 0 0 0 0
1320451200 0 0 0 0
1320364800 0 0 0 0
1320278400 0 0 0 0
1320192000 0 0 0 0
1320105600 0 0 0 0
1320019200 0 0 0 0
1319932800 0 0 0 0
1319846400 0 0 0 0
1319760000 0 0 0 0
1319673600 0 0 0 0
1319587200 0 0 0 0
1319500800 0 0 0 0
1319414400 0 0 0 0
1319328000 0 0 0 0
1319241600 0 0 0 0
1319155200 0 0 0 0
1319068800 0 0 0 0
1318982400 0 0 0 0
1318896000 0 0 0 0
1318809600 0 0 0 0
1318723200 0 0 0 0
1318636800 0 0 0 0
1318550400 0 0 0 0
1318464000 0 0 0 0
1318377600 0 0 0 0
1318291200 0 0 0 0
1318204800 0 0 0 0
1318118400 0 0 0 0
1318032000 0 0 0 0
1317945600 0 0 0 0
1317859200 0 0 0 0
1317772800 0 0 0 0
1317686400 0 0 0 0
1317600000 0 0 0 0
1317513600 0 0 0 0
1317427200 0 0 0 0
1317340800 0 0 0 0
1317254400 0 0 0 0
1317168000 0 0 0 0
1317081600 0 0 0 0
1316995200 0 0 0 0
1316908800 0 0 0 0
1316822400 0 0 0 0
1316736000 0 0 0 0
1316649600 0 0 0 0
1316563200 0 0 0 0
1316476800 0 0 0 0
1316390400 0 0 0 0
1316304000 0 0 0 0
1316217600 0 0 0 0
1316131200 0 0 0 0
1316044800 0 0 0 0
1315958400 0 0 0 0
1315872000 0 0 0 0
1315785600 0 0 0 0
1315699200 0 0 0 0
1315612800 0 0 0 0
1315526400 0 0 0 0
1315440000 0 0 0 0
1315353600 0 0 0 0
1315267200 0 0 0 0
1315180800 0 0 0 0
1315094400 0 0 0 0
1315008000 0 0 0 0
1314921600 0 0 0 0
1314835200 0 0 0 0
1314748800 0 0 0 0
1314662400 0 0 0 0
1314576000 0 0 0 0
1314489600 0 0 0 0
1314403200 0 0 0 0
1314316800 0 0 0 0
1314230400 0 0 0 0
1314144000 0 0 0 0
1314057600 0 0 0 0
1313971200 0 0 0 0
1313884800 0 0 0 0
1313798400 0 0 0 0
1313712000 0 0 0 0
1313625600 0 0 0 0
1313539200 0 0 0 0
1313452800 0 0 0 0
1313366400 0 0 0 0
1313280000 0 0 0 0
1313193600 0 0 0 0
1313107200 0 0 0 0
1313020800 0 0 0 0
1312934400 0 0 0 0
1312848000 0 0 0 0
1312761600 0 0 0 0
1312675200 0 0 0 0
1312588800 0 0 0 0
1312502400 0 0 0 0
1312416000 0 0 0 0
1312329600 0 0 0 0
1312243200 0 0 0 0
1312156800 0 0 0 0
1312070400 0 0 0 0
1311984000 0 0 0 0
1311897600 0 0 0 0
1311811200 0 0 0 0
1311724800 0 0 0 0
1311638400 0 0 0 0
1311552000 0 0 0 0
1311465600 0 0 0 0
1311379200 0 0 0 0
1311292800 0 0 0 0
1311206400 0 0 0 0
1311120000 0 0 0 0
1311033600 0 0 0 0
1310947200 0 0 0 0
1310860800 0 0 0 0
1310774400 0 0 0 0
1310688000 0 0 0 0
1310601600 0 0 0 0
1310515200 0 0 0 0
1310428800 0 0 0 0
1310342400 0 0 0 0
1310256000 0 0 0 0
1310169600 0 0 0 0
1310083200 0 0 0 0
1309996800 0 0 0 0
1309910400 0 0 0 0
1309824000 0 0 0 0
1309737600 0 0 0 0
1309651200 0 0 0 0
1309564800 0 0 0 0
1309478400 0 0 0 0
1309392000 0 0 0 0
1309305600 0 0 0 0
1309219200 0 0 0 0
1309132800 0 0 0 0
1309046400 0 0 0 0
1308960000 0 0 0 0
1308873600 0 0 0 0
1308787200 0 0 0 0
1308700800 0 0 0 0
1308614400 0 0 0 0
1308528000 0 0 0 0
1308441600 0 0 0 0
1308355200 0 0 0 0
1308268800 0 0 0 0
1308182400 0 0 0 0
1308096000 0 0 0 0
1308009600 0 0 0 0
1307923200 0 0 0 0
1307836800 0 0 0 0
1307750400 0 0 0 0
1307664000 0 0 0 0
1307577600 0 0 0 0
1307491200 0 0 0 0
1307404800 0 0 0 0
1307318400 0 0 0 0
1307232000 0 0 0 0
1307145600 0 0 0 0
1307059200 0 0 0 0
1306972800 0 0 0 0
1306886400 0 0 0 0
1306800000 0 0 0 0
1306713600 0 0 0 0
1306627200 0 0 0 0
1306540800 0 0 0 0
1306454400 0 0 0 0
1306368000 0 0 0 0
1306281600 0 0 0 0
1306195200 0 0 0 0
1306108800 0 0 0 0
1306022400 0 0 0 0
1305936000 0 0 0 0
1305849600 0 0 0 0
1305763200 0 0 0 0
1305676800 0 0 0 0
1305590400 0 0 0 0
1305504000 0 0 0 0
1305417600 0 0 0 0
1305331200 0 0 0 0
1305244800 0 0 0 0
1305158400 0 0 0 0
1305072000 0 0 0 0
1304985600 0 0 0 0
1304899200 0 0 0 0
1304812800 0 0 0 0
1304726400 0 0 0 0
1304640000 0 0 0 0
1304553600 0 0 0 0
1304467200 0 0 0 0
1304380800 0 0 0 0
1304294400 0 0 0 0
1304208000 0 0 0 0
1304121600 0 0 0 0
1304035200 0 0 0 0
1303948800 0 0 0 0
1303862400 0 0 0 0
1303776000 0 0 0 0
1303689600 0 0 0 0
1303603200 0 0 0 0
1303516800 0 0 0 0
1303430400 0 0 0 0
1303344000 0 0 0 0
1303257600 0 0 0 0
1303171200 0 0 0 0
1303084800 0 0 0 0
1302998400 0 0 0 0
1302912000 0 0 0 0
1302825600 0 0 0 0
1302739200 0 0 0 0
1302652800 0 0 0 0
1302566400 0 0 0 0
1302480000 0 0 0 0
1302393600 0 0 0 0
1302307200 0 0 0 0
1302220800 0 0 0 0
1302134400 0 0 0 0
1302048000 0 0 0 0
1301961600 0 0 0 0
1301875200 0 0 0 0
1301788800 0 0 0 0
1301702400 0 0 0 0
1301616000 0 0 0 0
1301529600 0 0 0 0
1301443200 0 0 0 0
1301356800 0 0 0 0
1301270400 0 0 0 0
1301184000 0 0 0 0
1301097600 0 0 0 0
1301011200 0 0 0 0
1300924800 0 0 0 0
1300838400 0 0 0 0
1300752000 0 0 0 0
1300665600 0 0 0 0
1300579200 0 0 0 0
1300492800 0 0 0 0
1300406400 0 0 0 0
1300320000 0 0 0 0
1300233600 0 0 0 0
1300147200 0 0 0 0
1300060800 0 0 0 0
1299974400 0 0 0 0
1299888000 0 0 0 0
1299801600 0 0 0 0
1299715200 0 0 0 0
1299628800 0 0 0 0
1299542400 0 0 0 0
1299456000 0 0 0 0
1299369600 0 0 0 0
1299283200 0 0 0 0
1299196800 0 0 0 0
1299110400 0 0 0 0
1299024000 0 0 0 0
1298937600 0 0 0 0
1298851200 0 0 0 0
1298764800 0 0 0 0
1298678400 0 0 0 0
1298592000 0 0 0 0
1298505600 0 0 0 0
1298419200 0 0 0 0
1298332800 0 0 0 0
1298246400 0 0 0 0
1298160000 0 0 0 0
1298073600 0 0 0 0
1297987200 0 0 0 0
1297900800 0 0 0 0
1297814400 0 0 0 0
1297728000 0 0 0 0
1297641600 0 0 0 0
1297555200 0 0 0 0
1297468800 0 0 0 0
1297382400 0 0 0 0
1297296000 0 0 0 0
1297209600 0 0 0 0
1297123200 0 0 0 0
1297036800 0 0 0 0
1296950400 0 0 0 0
1296864000 0 0 0 0
1296777600 0 0 0 0
1296691200 0 0 0 0
1296604800 0 0 0 0
1296518400 0 0 0 0
1296432000 0 0 0 0
1296345600 0 0 0 0
1296259200 0 0 0 0
1296172800 0 0 0 0
1296086400 0 0 0 0
1296000000 0 0 0 0
1295913600 0 0 0 0
1295827200 0 0 0 0
1295740800 0 0 0 0
1295654400 0 0 0 0
1295568000 0 0 0 0
1295481600 0 0 0 0
1295395200 0 0 0 0
1295308800 0 0 0 0
1295222400 0 0 0 0
1295136000 0 0 0 0
1295049600 0 0 0 0
1294963200 0 0 0 0
1294876800 0 0 0 0
1294790400 0 0 0 0
1294704000 0 0 0 0
1294617600 0 0 0 0
1294531200 0 0 0 0
1294444800 0 0 0 0
1294358400 0 0 0 0
1294272000 0 0 0 0
1294185600 0 0 0 0
1294099200 0 0 0 0
1294012800 0 0 0 0
1293926400 0 0 0 0
1293840000 0 0 0 0
1293753600 0 0 0 0
1293667200 0 0 0 0
1293580800 0 0 0 0
1293494400 0 0 0 0
1293408000 0 0 0 0
1293321600 0 0 0 0
1293235200 0 0 0 0
1293148800 0 0 0 0
1293062400 0 0 0 0
1292976000 0 0 0 0
1292889600 0 0 0 0
1292803200 0 0 0 0
1292716800 0 0 0 0
1292630400 0 0 0 0
1292544000 0 0 0 0
1292457600 0 0 0 0
1292371200 0 0 0 0
1292284800 0 0 0 0
1292198400 0 0 0 0
1292112000 0 0 0 0
1292025600 0 0 0 0
1291939200 0 0 0 0
1291852800 0 0 0 0
1291766400 0 0 0 0
1291680000 0 0 0 0
1291593600 0 0 0 0
1291507200 0 0 0 0
1291420800 0 0 0 0
1291334400 0 0 0 0
1291248000 0 0 0 0
1291161600 0 0 0 0
1291075200 0 0 0 0
1290988800 0 0 0 0
1290902400 0 0 0 0
1290816000 0 0 0 0
1290729600 0 0 0 0
1290643200 0 0 0 0
1290556800 0 0 0 0
1290470400 0 0 0 0
1290384000 0 0 0 0
1290297600 0 0 0 0
1290211200 0 0 0 0
1290124800 0 0 0 0
1290038400 0 0 0 0
1289952000 0 0 0 0
1289865600 0 0 0 0
1289779200 0 0 0 0
1289692800 0 0 0 0
1289606400 0 0 0 0
1289520000 0 0 0 0
1289433600 0 0 0 0
1289347200 0 0 0 0
1289260800 0 0 0 0
1289174400 0 0 0 0
1289088000 0 0 0 0
1289001600 0 0 0 0
1288915200 0 0 0 0
1288828800 0 0 0 0
1288742400 0 0 0 0
1288656000 0 0 0 0
1288569600 0 0 0 0
1288483200 0 0 0 0
1288396800 0 0 0 0
1288310400 0 0 0 0
1288224000 0 0 0 0
1288137600 0 0 0 0
1288051200 0 0 0 0
1287964800 0 0 0 0
1287878400 0 0 0 0
1287792000 0 0 0 0
1287705600 0 0 0 0
1287619200 0 0 0 0
1287532800 0 0 0 0
1287446400 0 0 0 0
1287360000 0 0 0 0
1287273600 0 0 0 0
1287187200 0 0 0 0
1287100800 0 0 0 0
1287014400 0 0 0 0
1286928000 0 0 0 0
1286841600 0 0 0 0
1286755200 0 0 0 0
1286668800 0 0 0 0
1286582400 0 0 0 0
1286496000 0 0 0 0
1286409600 0 0 0 0
1286323200 0 0 0 0
1286236800 0 0 0 0
1286150400 0 0 0 0
1286064000 0 0 0 0
1285977600 0 0 0 0
1285891200 0 0 0 0
1285804800 0 0 0 0
1285718400 0 0 0 0
1285632000 0 0 0 0
1285545600 0 0 0 0
1285459200 0 0 0 0
1285372800 0 0 0 0
1285286400 0 0 0 0
1285200000 0 0 0 0
1285113600 0 0 0 0
1285027200 0 0 0 0
1284940800 0 0 0 0
1284854400 0 0 0 0
1284768000 0 0 0 0
1284681600 0 0 0 0
1284595200 0 0 0 0
1284508800 0 0 0 0
1284422400 0 0 0 0
1284336000 0 0 0 0
1284249600 0 0 0 0
1284163200 0 0 0 0
1284076800 0 0 0 0
1283990400 0 0 0 0
1283904000 0 0 0 0
1283817600 0 0 0 0
1283731200 0 0 0 0
1283644800 0 0 0 0
1283558400 0 0 0 0
1283472000 0 0 0 0
1283385600 0 0 0 0
1283299200 0 0 0 0
1283212800 0 0 0 0
1283126400 0 0 0 0
1283040000 0 0 0 0
1282953600 0 0 0 0
1282867200 0 0 0 0
1282780800 0 0 0 0
1282694400 0 0 0 0
1282608000 0 0 0 0
1282521600 0 0 0 0
1282435200 0 0 0 0
1282348800 0 0 0 0
1282262400 0 0 0 0
1282176000 0 0 0 0
1282089600 0 0 0 0
1282003200 0 0 0 0
1281916800 0 0 0 0
1281830400 0 0 0 0
1281744000 0 0 0 0
1281657600 0 0 0 0
1281571200 0 0 0 0
1281484800 0 0 0 0
1281398400 0 0 0 0
1281312000 0 0 0 0
1281225600 0 0 0 0
1281139200 0 0 0 0
1281052800 0 0 0 0
1280966400 0 0 0 0
1280880000 0 0 0 0
1280793600 0 0 0 0
1280707200 0 0 0 0
1280620800 0 0 0 0
1280534400 0 0 0 0
1280448000 0 0 0 0
1280361600 0 0 0 0
1280275200 0 0 0 0
