1349043301 967229849 666273575
1349043301 36927 118081 36927 118081
1349043001 38255 119207 38255 119207
1349043000 38259 119212 39542 120986
1349042700 39537 120987 39542 121303
1349042400 38093 121304 38544 121626
1349042100 38550 121637 40524 124942
1349041800 40512 124905 40524 124942
1349041500 37004 114133 37031 114136
1349041200 37045 113548 39268 117568
1349040900 39262 117588 39268 120614
1349040600 38450 120589 38454 120614
1349040300 37913 116953 40348 121112
1349040000 40334 121089 40348 121112
1349039700 36394 114302 38050 121145
1349039400 38055 121157 39658 124905
1349039100 39661 124910 40856 126473
1349038800 40846 126460 40856 126473
1349038500 38110 122582 40280 123513
1349038200 40276 123508 40280 123513
1349037900 39330 122015 39335 122869
1349037600 38074 122858 39682 122869
1349037300 39677 119777 39682 119780
1349037000 38290 119089 38300 119096
1349036700 35543 117214 37416 117256
1349036400 37414 111062 37416 119239
1349036100 36989 119238 36991 119239
1349035800 36610 119204 39127 119205
1349035500 39120 119050 39127 119056
1349035200 37177 117377 37182 117379
1349034900 35707 116841 38671 116856
1349034600 38679 112628 41118 117241
1349034300 41119 117258 41671 122376
1349034000 41670 122342 41671 122376
1349033700 41379 112432 41384 112437
1349033400 40031 111236 40032 116433
1349033100 39981 116441 42068 119037
1349032800 42054 119011 42068 119037
1349032500 40084 115228 40473 115497
1349032200 40476 115490 41627 115497
1349031900 41623 113581 41627 113594
1349031600 40497 109890 40502 113330
1349031300 39105 113324 40764 113330
1349031000 40761 111578 40764 111581
1349030700 40053 110721 40396 115592
1349030400 40398 115573 41176 115592
1349030100 41174 109950 41176 110624
1349029800 40677 110637 40678 114612
1349029500 40680 114618 42730 116586
1349029200 42722 116589 42730 117550
1349028900 40485 117522 40486 117550
1349028600 40365 113470 42382 122908
1349028300 42375 122899 42382 122908
1349028000 40572 120248 40947 120255
1349027700 40950 118349 41875 121752
1349027400 41875 121740 41999 121752
1349027100 41992 118350 41999 118366
1349026800 40169 113773 41898 116899
1349026500 41893 116951 41898 124795
1349026200 41171 124778 41175 124795
1349025900 40668 122246 43525 122247
1349025600 43513 121986 43525 122007
1349025300 39976 115854 39979 118616
1349025000 39354 118603 40467 118616
1349024700 40467 114779 40700 116726
1349024400 40702 116735 41556 119485
1349024100 41560 119479 42977 119485
1349023800 42968 117965 42977 117982
1349023500 40340 113054 40342 113436
1349023200 39763 113530 42888 127679
1349022900 42888 127693 42915 132052
1349022600 42913 132034 42915 132052
1349022300 42415 126906 43667 134941
1349022000 43663 134954 43667 139038
1349021700 42598 138976 42605 139038
1349021400 40512 120617 41798 130281
1349021100 41804 130314 43857 140359
1349020800 43854 140314 43857 140359
1349020500 43521 133764 45300 136510
1349020200 45296 136498 45300 136510
1349019900 44391 133070 44397 133084
1349019600 42658 129086 43908 135151
1349019300 43901 135131 43908 135151
1349019000 41881 129249 42331 134664
1349018700 42335 134653 43664 134664
1349018400 43664 131626 43855 131633
1349018100 43866 129636 47219 139958
1349017800 47224 139949 48979 139958
1349017500 48974 137533 48979 145835
1349017200 48278 145849 48289 148080
1349016900 46786 148066 49413 148080
1349016600 49407 143848 49413 143886
1349016300 47658 132638 47662 137332
1349016000 46631 137322 46632 137332
1349015700 46598 134429 46602 137927
1349015400 45461 137905 45465 137927
1349015100 44511 131499 47347 140130
1349014800 47344 140127 47347 140130
1349014500 46636 139259 46640 139283
1349014200 45594 132149 45972 133244
1349013900 45963 133189 45972 133244
1349013600 44700 125113 44701 125119
1349013300 44567 123576 46923 131987
1349013000 46926 131988 47882 132398
1349012700 47879 132398 47882 132578
1349012400 47027 132579 47031 133135
1349012100 46014 133108 46019 133135
1349011800 44731 125343 44735 130225
1349011500 44250 130217 46226 130225
1349011200 46225 127966 46226 129980
1349010900 45949 129976 45953 129980
1349010600 44792 129003 46387 129011
1349010300 46384 126833 46387 131376
1349010000 45544 131394 49529 137056
1349009700 49538 137091 52241 147670
1349009400 52208 147604 52241 147670
1349009100 47382 137815 50237 139167
1349008800 50227 139152 50237 139167
1349008500 47391 134700 48732 141248
1349008200 48724 141204 48732 141248
1349007900 46589 128283 49609 135127
1349007600 49600 135131 49609 136414
1349007300 46984 136410 48185 136414
1349007000 48185 135441 48399 137849
1349006700 48397 137859 48399 139485
1349006400 48224 139481 49169 139485
1349006100 49164 138544 49169 138561
1349005800 47916 133570 47922 137941
1349005500 46138 137931 47003 137941
1349005200 47002 135063 47003 135072
1349004900 46931 132572 46943 132594
1349004600 43623 126192 44497 126202
1349004300 44508 123408 46238 125840
1349004000 46234 125843 46238 126783
1349003700 45124 126802 45192 132587
1349003400 45199 132577 47376 132587
1349003100 47366 129666 47376 130732
1349002800 44523 130726 44805 130732
1349002500 44796 129181 44805 129204
1349002200 42116 122441 45196 123425
1349001900 45191 123418 45196 123425
1349001600 43788 121522 47197 126442
1349001300 47185 126422 47197 126442
1349001000 43720 120453 44050 122718
1349000700 44057 122722 46429 123953
1349000400 46424 123946 46429 123953
1349000100 45006 122045 45008 122058
1348999800 44679 118257 45536 121901
1348999500 45523 121882 45536 121901
1348999200 41668 116268 41676 116286
1348998900 39321 110926 41458 114149
1348998600 41451 114173 41458 121523
1348998300 39561 121517 39562 121523
1348998000 39309 119777 42040 119784
1348997700 42037 117727 42040 117730
1348997400 41356 116879 41366 116919
1348997100 39940 111063 43365 117937
1348996800 43361 117942 43365 119735
1348996500 42250 119713 42258 119735
1348996200 40107 113351 42914 115634
1348995900 42912 115631 42914 115634
1348995600 42351 114948 42354 114952
1348995300 41492 113891 43057 119251
1348995000 43050 119237 43057 119251
1348994700 41230 115102 41333 123076
1348994400 41333 123062 41628 123076
1348994100 41627 118924 41628 118928
1348993800 41330 118035 41340 120147
1348993500 39964 120181 42665 125337
1348993200 42648 125282 42665 125337
1348992900 40177 117133 41689 123208
1348992600 41697 123232 44244 130597
1348992300 44244 130593 44526 130597
1348992000 44511 129525 44526 129572
1348991700 40129 115784 42535 127132
1348991400 42527 127112 42535 127132
1348991100 40432 121176 40434 121186
1348990800 40025 118332 42077 125895
1348990500 42080 125934 42534 131877
1348990200 42529 131849 42534 131877
1348989900 41127 123766 42087 123771
1348989600 42085 122565 42087 125260
1348989300 41575 125237 41583 125260
1348989000 39404 118546 41838 118559
1348988700 41843 114854 43474 124851
1348988400 43473 124855 43474 126274
1348988100 43201 126292 43865 131680
1348987800 43857 131644 43865 131680
1348987500 42693 126397 42694 126402
1348987200 42648 124954 43863 124957
1348986900 43864 124113 44191 128267
1348986600 44190 128254 44191 128267
1348986300 44002 124440 44733 129500
1348986000 44724 129491 44733 129500
1348985700 42299 127118 42816 137663
1348985400 42817 137630 43330 137663
1348985100 43343 127831 45351 133883
1348984800 45349 133890 45351 136056
1348984500 44748 136025 44754 136056
1348984200 43115 127313 45033 249522
1348983900 45027 249187 45033 249522
1348983600 43308 148991 43389 149035
1348983300 43385 135980 43389 136018
1348983000 42233 124781 44544 134242
1348982700 44534 134160 44544 134242
1348982400 41744 109810 41745 143498
1348982100 41513 143288 41529 143498
1348981800 39230 112072 41296 116472
1348981500 41296 116701 41533 185279
1348981200 41535 185097 42203 185279
1348980900 42201 130840 42203 130875
1348980600 41766 120558 42645 127122
1348980300 42650 127112 44197 127122
1348980000 44191 124216 44197 124248
1348979700 42652 114863 42657 120262
1348979400 41369 120336 43716 142678
1348979100 43722 142660 45607 142678
1348978800 45586 137493 45607 137506
1348978500 42495 135679 43677 137089
1348978200 43682 137293 45180 198549
1348977900 45171 198597 45180 213186
1348977600 42486 212894 42489 213186
1348977300 41874 125786 46275 135615
1348977000 46262 135571 46275 135615
1348976700 42397 122724 43370 131204
1348976400 43372 131180 43975 131204
1348976100 43957 124050 43975 124086
1348975800 38789 113411 40132 121655
1348975500 40149 121667 45345 125401
1348975200 45330 125401 45345 125677
1348974900 41135 125661 41137 125677
1348974600 40825 121031 41238 121042
1348974300 41227 117789 41238 117822
1348974000 37955 108021 40299 118372
1348973700 40306 118367 42416 118372
1348973400 42400 117062 42416 117080
1348973100 37851 111774 37861 112176
1348972800 35124 112186 39219 115276
1348972500 39204 115256 39219 115276
1348972200 34837 109413 35075 110155
1348971900 35096 110211 41455 127239
1348971600 41440 127186 41455 127239
1348971300 36985 111363 36993 111387
1348971000 34671 104443 38155 108740
1348970700 38143 108739 38155 108740
1348970400 34836 108538 36075 111305
1348970100 36098 111333 39657 115574
1348969800 39651 115579 39657 117208
1348969500 37865 117203 37867 117208
1348969200 37275 115988 39007 117346
1348968900 38993 117319 39007 117346
1348968600 34993 109312 35087 115038
1348968300 35096 115026 38014 115038
1348968000 38008 111710 38014 111722
1348967700 36255 108283 36259 108292
1348967400 35067 105691 37067 105695
1348967100 37056 104611 37067 106441
1348966800 34026 106426 34031 106441
1348966500 32744 102186 35799 103535
1348966200 35794 103546 35799 106895
1348965900 34323 106873 34328 106895
1348965600 32954 100507 35851 101113
1348965300 35849 101122 35851 104047
1348965000 35445 104045 35453 104047
1348964700 33314 103458 36824 106724
1348964400 36823 106745 36824 113122
1348964100 36797 113065 36809 113122
1348963800 35131 104719 37443 105152
1348963500 37436 105140 37443 105152
1348963200 35563 101839 35565 101843
1348962900 35129 100912 36881 105262
1348962600 36878 105276 36881 109504
1348962300 36133 109505 36997 109919
1348962000 36996 109907 36997 109919
1348961700 36842 106487 36858 106504
1348961400 34586 104059 34590 104073
1348961100 33504 99977 36182 99980
1348960800 36179 99219 36182 106676
1348960500 35288 106665 35792 106676
1348960200 35793 103510 36273 103514
1348959900 36270 102545 36273 102862
1348959600 35419 102854 35422 102862
1348959300 34568 100487 36145 100494
1348959000 36140 98492 36145 100645
1348958700 34801 100637 34802 100645
1348958400 34576 98538 35988 101777
1348958100 35978 101762 35988 101777
1348957800 33133 97373 35788 103628
1348957500 35786 103610 35788 103628
1348957200 35381 98405 37706 104146
1348956900 37709 104159 38875 108198
1348956600 38880 108195 40400 108198
1348956300 40396 107420 40400 113158
1348956000 39207 113128 39213 113158
1348955700 37552 104264 37554 104281
1348955400 37208 99347 37209 104569
1348955100 37143 104583 38557 109021
1348954800 38565 109008 41149 109021
1348954500 41135 105296 41149 106492
1348954200 37086 106494 38156 107292
1348953900 38162 107282 40019 107292
1348953600 40017 104466 40019 109799
1348953300 39677 109781 39684 109799
1348953000 37679 104523 41523 109877
1348952700 41519 109891 41523 114351
1348952400 40496 114340 40497 114351
1348952100 40449 111064 41651 111731
1348951800 41644 111721 41651 111731
1348951500 39771 108985 43031 122959
1348951200 43035 122945 44480 122959
1348950900 44472 118861 44480 118881
1348950600 42084 113145 42739 118802
1348950300 42747 118812 45149 121954
1348950000 45140 121950 45149 121954
1348949700 42745 120828 43259 122172
1348949400 43267 122176 45734 123503
1348949100 45729 123529 45734 131528
1348948800 44289 131590 45732 150358
1348948500 45742 150278 47355 150358
1348948200 47344 138405 47355 138430
1348947900 44248 131013 45223 131710
1348947600 45231 131727 47681 136900
1348947300 47667 136879 47681 136900
1348947000 43695 130748 44215 131526
1348946700 44218 131524 45281 131526
1348946400 45266 131172 45281 131208
1348946100 43067 125908 43069 125910
1348945800 42869 125721 47121 132129
1348945500 47113 132127 47121 132129
1348945200 44991 131649 44993 131963
1348944900 44692 131984 48128 138372
1348944600 48116 138506 48128 178807
1348944300 44767 178863 44974 195640
1348944000 44980 195477 46819 195640
1348943700 46811 146766 46819 146777
1348943400 44630 143529 45175 143540
1348943100 45181 140482 47033 142142
1348942800 46997 142468 47033 191128
1348942500 41783 191120 43742 191128
1348942200 43755 189835 47667 189961
1348941900 47666 152382 47667 152456
1348941600 47501 130570 57764 139886
1348941300 57732 139849 57764 139886
1348941000 48266 128917 48287 128936
1348940700 42139 123338 42623 137442
1348940400 42632 137417 45526 137442
1348940100 45502 129993 45526 130152
1348939800 42036 106315 42039 106337
1348939500 41238 99904 44092 100122
1348939200 44083 100114 44092 100122
1348938900 41676 97880 41683 97888
1348938600 39650 95769 43071 127753
1348938300 43073 127804 43756 143217
1348938000 43746 143129 43756 143217
1348937700 40815 116868 43950 122276
1348937400 43938 122264 43950 122276
1348937100 40511 118742 40515 118746
1348936800 39587 117690 41222 117700
1348936500 41216 114745 41222 114752
1348936200 39642 112770 39647 112775
1348935900 38342 111386 40832 111435
1348935600 40803 96915 40832 97002
1348935300 36548 84049 36565 84095
1348935000 31608 70496 39198 112344
1348934700 39199 112354 39541 115508
1348934400 39527 115408 39541 115508
1348934100 35457 85661 41248 121485
1348933800 41239 121467 41248 121485
1348933500 39958 118890 39975 118912
1348933200 37536 115597 38527 115612
1348932900 38517 111103 38527 111144
1348932600 35650 99029 35656 99096
1348932300 33948 79180 34104 91277
1348932000 34115 91269 37440 91277
1348931700 37463 89143 44519 94536
1348931400 44478 94489 44519 94536
1348931100 32486 80432 32498 80448
1348930800 29100 75776 41820 86370
1348930500 41786 86372 41820 86799
1348930200 36749 86903 40694 118251
1348929900 40701 118231 42854 118251
1348929600 42850 112546 42854 113746
1348929300 42310 113751 42312 115295
1348929000 41769 115289 41775 115295
1348928700 40031 113771 42569 119701
1348928400 42558 119681 42569 119701
1348928100 39376 113966 40417 117809
1348927800 40418 117810 40875 118299
1348927500 40860 118277 40875 118299
1348927200 38752 115094 39842 115106
1348926900 39852 115078 43061 115106
1348926600 43045 106979 43061 106991
1348926300 38474 103423 41247 106524
1348926000 41256 106563 44116 118346
1348925700 44119 118360 45104 122710
1348925400 45084 122681 45104 122710
1348925100 42233 118394 43620 118418
1348924800 43606 111432 43620 111454
1348924500 39435 104993 39443 105020
1348924200 37191 96990 37196 97023
1348923900 35732 87237 35737 87325
1348923600 34464 87348 35811 94232
1348923300 35822 94225 37473 94232
1348923000 37465 93284 37473 94481
1348922700 35319 94473 35320 94481
1348922400 35234 92158 36887 92169
1348922100 36878 88895 36887 88900
1348921800 34240 87586 37468 98078
1348921500 37465 98066 37468 98078
1348921200 36833 94658 36841 94668
1348920900 34632 91754 36840 97222
1348920600 36843 97229 37800 99564
1348920300 37793 99547 37800 99564
1348920000 35933 94698 37209 97808
1348919700 37208 97797 37209 97808
1348919400 37192 94670 37204 94684
1348919100 33804 90648 33805 90655
1348918800 33671 88855 36933 91894
1348918500 36923 91882 36933 91894
1348918200 34186 88428 36303 95397
1348917900 36310 95407 38630 98621
1348917600 38616 98620 38630 98621
1348917300 34646 98324 34650 98374
1348917000 33750 83673 36847 86808
1348916700 36833 86794 36847 86808
1348916400 32896 82655 36291 93489
1348916100 36312 93490 39502 93685
1348915800 39485 93652 39502 93685
1348915500 34596 84081 35557 84647
1348915200 35565 84643 38056 84647
1348914900 38048 83564 38056 83573
1348914600 35819 80979 35832 80997
1348914300 32100 75803 37186 83365
1348914000 37153 83336 37186 83365
1348913700 32339 79120 32503 79130
1348913400 32516 76375 36588 85110
1348913100 36587 85115 36588 86858
1348912800 36521 86827 36526 86858
1348912500 35306 77866 37471 83285
1348912200 37465 83244 37471 83285
1348911900 36672 77247 36688 77277
1348911600 31924 68337 35901 75977
1348911300 35895 75983 35901 77778
1348911000 34254 77763 34264 77778
1348910700 31562 73572 36072 77982
1348910400 36062 77974 36072 77982
1348910100 34607 76893 34621 76922
1348909800 30606 68410 33214 68982
1348909500 33211 68991 33214 71822
1348909200 32308 71809 32319 71822
1348908900 29031 67969 32736 69439
1348908600 32737 69453 33299 73849
1348908300 33276 73795 33299 73849
1348908000 29903 65840 30132 65850
1348907700 30131 63036 30132 70807
1348907400 29954 70810 30254 71731
1348907100 30252 71710 30254 71731
1348906800 29949 65518 30097 70692
1348906500 30105 70692 31438 70780
1348906200 31432 70762 31438 70780
1348905900 29788 65655 32215 73220
1348905600 32220 73249 33766 82009
1348905300 33765 81993 33766 82009
1348905000 33521 77265 35018 82387
1348904700 35020 82395 35809 84811
1348904400 35802 84788 35809 84811
1348904100 34832 81465 35616 90231
1348903800 35614 90238 35616 92493
1348903500 35183 92493 38100 92760
1348903200 38099 92775 38100 97274
1348902900 37821 97261 37910 97274
1348902600 37905 95441 37910 95473
1348902300 36528 86037 36531 86038
1348902000 35827 85778 37413 89943
1348901700 37416 89937 38571 89943
1348901400 38570 88425 38571 93436
1348901100 38420 93409 38427 93436
1348900800 37430 89515 37431 89527
1348900500 37273 86002 37279 88368
1348900200 35524 88374 36764 90358
1348899900 36761 90352 36764 90358
1348899600 36139 88710 36252 88755
1348899300 36259 88771 38468 93766
1348899000 38462 93739 38468 93766
1348898700 36872 85829 36879 86257
1348898400 34946 86275 36483 91915
1348898100 36490 91916 38822 92377
1348897800 38802 92332 38822 92377
1348897500 35939 85714 36364 85722
1348897200 36361 83593 36364 83612
1348896900 35641 78006 35651 78010
1348896600 32889 77095 32922 77098
1348896300 32925 76464 33914 76471
1348896000 33902 74418 33914 74425
1348895700 32169 73507 32941 77078
1348895400 32940 77065 32941 77078
1348895100 32645 73218 32647 74884
1348894800 32135 74878 32137 74884
1348894500 31789 73224 33177 73226
1348894200 33168 72660 33177 72663
1348893900 31855 72338 31858 72347
1348893600 31260 69807 34334 74583
1348893300 34345 74629 37641 88640
1348893000 37655 88608 41989 88640
1348892700 41979 79224 41989 90059
1348892400 39010 90052 39016 90059
1348892100 37249 88128 37254 88147
1348891800 35822 82539 37961 84082
1348891500 37951 84072 37961 84082
1348891200 35070 81184 35402 83745
1348890900 35413 83758 38884 87761
1348890600 38879 87765 38884 89150
1348890300 37483 89118 50384 89150
1348890000 50301 79825 50384 84156
1348889700 38065 84147 38076 84156
1348889400 34933 81729 34935 81737
1348889100 34568 79360 39200 84824
1348888800 39188 84802 39200 84824
1348888500 35773 78328 35774 78967
1348888200 35783 78966 38534 78967
1348887900 38515 78831 38534 78832
1348887600 35690 78701 35691 82020
1348887300 35483 82044 39945 89513
1348887000 39936 89510 39945 89513
1348886700 37476 88810 37480 88818
1348886400 36325 86640 36784 86644
1348886100 36777 85534 36784 85549
1348885800 34708 81259 36440 81260
1348885500 36449 81151 39236 84963
1348885200 39232 84975 39236 88857
1348884900 38314 88884 39931 97187
1348884600 39931 97180 39961 97187
1348884300 39956 95095 39961 95096
1348884000 38692 95033 40559 100418
1348883700 40579 100450 43690 105269
1348883400 43691 105277 43845 106553
1348883100 43837 106528 43845 106553
1348882800 41622 99117 41627 100150
1348882500 40322 100142 40324 100150
1348882200 39997 98015 40001 98025
1348881900 38923 95042 41151 97172
1348881600 41149 97163 41151 97172
1348881300 40627 94574 42533 99974
1348881000 42532 99958 42533 99974
1348880700 42341 95203 42348 95209
1348880400 40461 93591 40465 93601
1348880100 39321 90871 40227 93929
1348879800 40231 93948 41547 99677
1348879500 41545 99664 41547 99677
1348879200 41064 95861 41068 95866
1348878900 40131 94447 40135 94458
1348878600 39587 92880 39591 92896
1348878300 38639 88362 38871 88604
1348878000 38875 88616 40202 92226
1348877700 40196 92213 40202 92226
1348877400 38624 88396 38813 88399
1348877100 38810 87778 38813 87792
1348876800 37935 83736 37937 84307
1348876500 37607 84264 37617 84307
1348876200 36233 78035 38131 86727
1348875900 38129 86718 38131 86727
1348875600 37788 84200 37792 84202
1348875300 36718 83793 38038 87054
1348875000 38035 87051 38038 87054
1348874700 37304 86161 37607 86164
1348874400 37606 85390 37607 85959
1348874100 37580 85971 38910 89759
1348873800 38907 89750 38910 89759
1348873500 38297 87281 38301 87289
1348873200 37311 84995 37317 85007
1348872900 35522 81539 35525 81565
1348872600 35153 77687 36512 82928
1348872300 36518 82946 38385 88606
1348872000 38389 88608 39707 89244
1348871700 39701 89236 39707 89244
1348871400 37935 86992 37938 88173
1348871100 37099 88158 37102 88173
1348870800 36262 83697 36694 85787
1348870500 36699 85810 37566 89305
1348870200 37560 89296 37566 89305
1348869900 36783 88058 38305 90426
1348869600 38302 90422 38305 90426
1348869300 37466 89489 37471 89513
1348869000 36720 85980 36727 86005
1348868700 34704 78599 37033 86027
1348868400 37036 86031 38169 87228
1348868100 38168 87226 38169 87228
1348867800 37890 86787 38278 86985
1348867500 38275 86971 38278 86985
1348867200 37594 82998 37602 83017
1348866900 36442 80244 37406 83550
1348866600 37409 83558 38429 86181
1348866300 38427 86180 38429 86181
1348866000 38018 85890 38023 85899
1348865700 36656 83257 36657 83264
1348865400 36532 81302 36533 81307
1348865100 36344 79931 38014 85940
1348864800 38017 85950 39017 89058
1348864500 39017 89055 39138 89058
1348864200 39135 88704 39138 88710
1348863900 38522 87025 38525 87034
1348863600 37891 84377 37894 84381
1348863300 38297 87505 40002 95143
1348862400 38688 89881 39926 95143
1348860600 37981 85410 39289 87953
1348858800 37567 86135 38392 89303
1348857000 36592 84429 37647 88119
1348855200 36971 86752 39520 93416
1348853400 41823 88745 57174 95584
1348851600 38060 88979 41263 95863
1348849800 42045 94917 45719 103947
1348848000 42438 100817 44714 108643
1348846200 43237 106918 45491 117738
1348844400 49219 119209 64378 125220
1348842600 44745 117171 46830 122352
1348840800 47358 120094 59241 126152
1348839000 43626 115787 44681 120572
1348837200 43913 115411 46663 119934
1348835400 45061 115911 47615 125215
1348833600 46211 120162 47681 127679
1348831800 46994 122415 47937 127756
1348830000 46243 123800 47872 132207
1348828200 48690 120616 50794 126709
1348826400 47419 114169 50821 119673
1348824600 50899 119935 54176 127046
1348822800 54880 126381 62496 128657
1348821000 50115 115439 53570 123808
1348819200 49359 117847 54821 131724
1348817400 52966 124541 63927 133590
1348815600 53318 127002 55816 134125
1348813800 53535 126438 54791 132578
1348812000 54699 129757 57781 136274
1348810200 52955 126155 54894 134872
1348808400 52180 124993 53808 133668
1348806600 52667 123309 54262 126580
1348804800 52874 122870 54085 126580
1348803000 51344 118058 52513 123744
1348801200 51714 115766 53052 120379
1348799400 54550 126467 55771 133622
1348797600 55904 128535 67275 139974
1348795800 50676 118244 52420 122414
1348794000 50813 120056 52420 124604
1348792200 48606 115234 50469 121904
1348790400 45232 105620 45776 108872
1348788600 45169 106943 45943 109599
1348786800 45382 106230 46371 109183
1348785000 44622 105334 45441 109514
1348783200 45724 108760 46862 111830
1348781400 45833 108723 46798 112656
1348779600 47837 114911 48915 123898
1348777800 47971 118646 48746 123898
1348776000 46596 115912 47408 121208
1348774200 46082 110859 47776 115482
1348772400 45163 110330 46172 112368
1348770600 47152 113382 49179 115503
1348768800 47350 113235 48212 124001
1348767000 47602 113420 48784 120596
1348765200 47089 111278 48450 116427
1348763400 47176 113491 48425 117893
1348761600 46691 110093 47833 113536
1348759800 46207 109173 47235 124779
1348758000 48386 115463 51636 130058
1348756200 50626 125988 53676 130871
1348754400 51306 125148 52357 129557
1348752600 51673 131890 53805 134880
1348750800 48898 128790 49721 132816
1348749000 47065 118295 49409 122351
1348747200 49548 121383 53567 126422
1348745400 52149 128624 53477 131181
1348743600 53044 132059 55087 137522
1348741800 53727 134184 55394 137786
1348740000 55206 133003 58245 140617
1348738200 56232 136758 57451 142416
1348736400 54543 132961 56732 140010
1348734600 52843 123050 54926 135052
1348732800 51783 118356 53873 127363
1348731000 53771 126803 58649 138906
1348729200 57229 138516 58649 141169
1348727400 54840 133952 56231 140328
1348725600 53371 126317 55920 133329
1348723800 49734 121289 51561 127055
1348722000 49274 121589 49902 124999
1348720200 49396 124614 50057 127482
1348718400 50788 126492 52167 128012
1348716600 49951 120092 51506 124579
1348714800 50673 123379 51966 129095
1348713000 51502 124414 54083 131255
1348711200 50716 125105 51591 129902
1348709400 50012 121664 51402 128055
1348707600 49220 113676 50460 117792
1348705800 45470 100155 46835 106961
1348704000 43598 94801 45608 100672
1348702200 41075 86746 41711 90017
1348700400 42021 91331 43291 94569
1348698600 42087 92605 43128 94802
1348696800 42817 93817 43574 97062
1348695000 42391 94638 44638 96284
1348693200 42368 94639 43505 95908
1348691400 41627 93586 42406 95005
1348689600 42802 95419 43508 98657
1348687800 41421 92828 42916 94765
1348686000 43132 93390 44118 96646
1348684200 43448 95034 44109 95750
1348682400 44142 96206 45175 100659
1348680600 45787 100658 48551 104385
1348678800 46556 101155 49038 113965
1348677000 46272 104670 47758 113965
1348675200 45800 111224 46513 114251
1348673400 44738 109365 45511 110543
1348671600 42586 108389 47422 132814
1348669800 44193 113478 47422 132814
1348668000 43005 103616 44372 108571
1348666200 43289 109441 44581 120577
1348664400 45236 117287 46985 126042
1348662600 48523 130856 50019 141280
1348660800 49565 137539 51349 141549
1348659000 49303 134969 53510 145428
1348657200 51709 134260 53443 144247
1348655400 48808 125531 50635 129148
1348653600 50725 126055 53139 135177
1348651800 52002 128540 55178 137212
1348650000 54304 141543 56413 149101
1348648200 52744 136859 54934 144563
1348646400 53214 138997 55957 144809
1348644600 53029 136394 55288 141355
1348642800 53383 137736 55105 144610
1348641000 51531 136654 55105 145638
1348639200 50173 136848 52943 146926
1348637400 50554 135003 53003 145949
1348635600 50427 134480 54445 145949
1348633800 56705 142892 59066 150189
1348632000 57856 144842 58699 147168
1348630200 57491 146293 58343 149524
1348628400 55960 145768 57426 151474
1348626600 56033 141375 57738 146065
1348624800 56637 143810 57738 147133
1348623000 53165 139624 55972 146434
1348621200 50831 135840 51747 140159
1348619400 47925 122889 51644 137669
1348617600 46655 121164 48047 124565
1348615800 45478 119756 47401 128088
1348614000 46289 116836 47632 128088
1348612200 45579 112619 48110 120100
1348610400 46918 120382 49079 130949
1348608600 47421 121990 49079 129818
1348606800 48151 128149 54577 143732
1348605000 52808 135672 56478 143732
1348603200 53103 136072 56801 149258
1348601400 52848 133508 54313 139211
1348599600 52970 136110 54190 139110
1348597800 52663 137041 53566 139863
1348596000 53727 141040 54342 146722
1348594200 52787 135809 53936 138653
1348592400 51745 127616 52390 133905
1348590600 52226 134196 56093 141874
1348588800 55169 149519 58343 156822
1348587000 54479 146767 57937 157927
1348585200 50686 126862 52694 133538
1348583400 52568 135265 55125 143370
1348581600 53653 137046 55534 141297
1348579800 54254 133204 55572 143383
1348578000 52493 129412 55412 137902
1348576200 52539 127061 54090 135252
1348574400 52896 127016 55040 135252
1348572600 52846 126720 53999 131438
1348570800 50516 121824 54204 129576
1348569000 48922 117914 54204 128738
1348567200 48317 118757 50498 128843
1348565400 49834 124914 52913 135624
1348563600 52098 138060 56629 143052
1348561800 55506 132842 57636 138405
1348560000 53951 135825 55275 141854
1348558200 53889 134482 55839 141411
1348556400 54304 132112 56472 139867
1348554600 53784 129324 55501 139867
1348552800 55065 133305 57761 137313
1348551000 56845 131946 59215 137313
1348549200 54373 122243 56448 128637
1348547400 54394 125968 56574 128379
1348545600 51355 119861 53589 123947
1348543800 49794 118708 51297 123278
1348542000 50329 119555 53275 125369
1348540200 49753 121567 51234 126425
1348538400 47827 117860 52194 123434
1348536600 47244 112966 48785 123409
1348534800 46346 108196 47054 110720
1348533000 44143 98402 47287 104765
1348531200 44623 100864 47502 110050
1348529400 43801 101097 45633 105980
1348527600 39418 86368 41835 96810
1348525800 39335 86915 39747 88922
1348524000 39786 87264 40740 89205
1348522200 41848 91213 43196 94689
1348520400 42464 91888 43374 94623
1348518600 42535 91550 42847 94913
1348516800 42495 93140 43445 95181
1348515000 42089 91628 43334 95037
1348513200 43834 103472 44587 106229
1348511400 43022 100841 44100 106210
1348509600 41902 100053 43831 115133
1348507800 45351 117847 48920 130597
1348506000 46167 124427 47899 135465
1348504200 48797 129404 50802 136436
1348502400 48902 129812 52644 137475
1348500600 49893 133844 52125 139914
1348498800 48706 129471 50074 136106
1348497000 51251 136401 53704 144001
1348495200 48590 130025 57212 142119
1348493400 54959 134475 57212 142119
1348491600 54948 133931 56508 141261
1348489800 51535 133638 54237 139108
1348488000 47519 117201 49317 121127
1348486200 45755 106441 48134 115702
1348484400 47318 112332 48985 117896
1348482600 43499 99742 47981 115921
1348480800 47755 115044 48305 117322
1348479000 48644 119117 50512 124542
1348477200 49671 121348 52355 133307
1348475400 51191 129013 52355 133307
1348473600 51121 129178 52704 131398
1348471800 51087 132063 55300 153109
1348470000 55039 154795 55673 159881
1348468200 54614 150894 55986 159679
1348466400 55150 152557 57046 159679
1348464600 53904 154148 55398 164460
1348462800 52796 152099 54255 160107
1348461000 52571 153334 54079 160524
1348459200 51796 145485 54352 160524
1348457400 51561 142179 53808 146557
1348455600 50555 143009 54175 159726
1348453800 48712 143524 52640 151491
1348452000 44404 133758 48077 146265
1348450200 42772 130611 49429 145605
1348448400 46921 135197 48631 145223
1348446600 44199 118048 45730 130340
1348444800 45448 122012 49570 131013
1348443000 50807 125330 52966 131013
1348441200 52956 121702 54148 125933
1348439400 53360 124680 54426 128736
1348437600 53610 126808 54496 128811
1348435800 53185 127185 54401 128421
1348434000 47831 122957 51091 128165
1348432200 48292 123219 49500 126474
1348430400 48356 121753 49382 126485
1348428600 48583 121830 49661 128012
1348426800 48130 119950 49893 124665
1348425000 52818 129908 55687 134371
1348423200 52428 128290 54004 133726
1348421400 52370 128156 53414 131046
1348419600 51876 125006 53795 129443
1348417800 52202 125448 53901 128655
1348416000 53297 127062 53901 133743
1348414200 52246 128348 53242 132726
1348412400 51972 132252 52959 135373
1348410600 51894 127527 54043 131617
1348408800 51791 128773 53200 134325
1348407000 51307 129470 52729 132996
1348405200 49802 124922 52081 132396
1348403400 52430 125793 53882 133993
1348401600 52517 126945 53818 130597
1348399800 52005 125875 53278 131905
1348398000 50473 121847 52392 127394
1348396200 52701 123971 54909 127286
1348394400 51226 118784 52951 124134
1348392600 52381 124966 54817 130879
1348390800 53127 125952 56064 130940
1348389000 48044 112339 50788 118842
1348387200 48917 111208 49930 115320
1348385400 48529 113201 50927 118205
1348383600 49146 112925 50496 117431
1348381800 49782 116213 51736 120888
1348380000 49802 117891 52365 123565
1348378200 51786 120296 53169 123565
1348376400 50314 117339 53198 126096
1348374600 48291 113451 50158 117853
1348372800 47368 114871 47598 118006
1348371000 48521 117372 51338 129845
1348369200 51349 132585 53393 139079
1348367400 52109 133063 53643 137182
1348365600 50131 129966 52071 132590
1348363800 49136 129450 50589 136432
1348362000 48805 129394 49888 134915
1348360200 46347 118261 48989 132629
1348358400 43935 112227 45720 118750
1348356600 43972 112564 45692 117333
1348354800 44137 110274 45338 117090
1348353000 43752 108138 45345 116034
1348351200 44962 113444 46440 118594
1348349400 45426 115800 46880 121723
1348347600 46760 119448 48135 125228
1348345800 47234 119356 49211 127689
1348344000 46440 120753 48007 125954
1348342200 47279 123232 49298 131715
1348340400 48780 126318 50172 129691
1348338600 49496 128798 51919 136351
1348336800 49230 127940 51103 131770
1348335000 46880 119544 48876 126128
1348333200 47820 121992 49841 128443
1348331400 45603 117936 47955 126452
1348329600 46476 120264 47955 127850
1348327800 48148 127644 49570 137389
1348326000 47720 124304 49993 133861
1348324200 49652 129888 51407 137633
1348322400 46482 124856 48485 137365
1348320600 46771 124429 48019 133852
1348318800 45556 119395 47430 124197
1348317000 47539 121172 49877 131610
1348315200 47834 129855 49726 135116
1348313400 50806 129549 55058 136700
1348311600 52312 131635 55068 136199
1348309800 50696 125626 52521 132613
1348308000 49813 124505 51266 135510
1348306200 49565 125603 52835 137486
1348304400 49664 130342 52568 139954
1348302600 47967 121465 51073 136027
1348300800 49403 132080 53032 146624
1348299000 52898 146442 53968 149399
1348297200 52165 135157 53530 139110
1348295400 50403 132468 52262 138276
1348293600 52019 137021 53976 142733
1348291800 51740 138693 54028 144818
1348290000 51259 133364 53407 138617
1348288200 51270 136961 51998 142979
1348286400 51124 136470 53494 140300
1348284600 49509 136609 50844 146780
1348282800 48469 130144 51131 137540
1348281000 49516 133215 50992 137540
1348279200 49558 130339 50837 138127
1348277400 46539 125487 49273 138127
1348275600 47505 127383 48796 132932
1348273800 45210 120002 48607 132932
1348272000 45337 120404 47111 126042
1348270200 46235 117923 47755 125060
1348268400 47173 125354 48378 133306
1348266600 49204 130551 51084 134253
1348264800 49170 130092 50802 136355
1348263000 48391 126330 50104 131525
1348261200 48022 121439 49321 127662
1348259400 47893 118882 49462 123074
1348257600 48449 119092 51372 126005
1348255800 48456 117311 50189 121964
1348254000 48825 120983 49959 123976
1348252200 49973 125511 51973 132588
1348250400 49377 122579 51427 127878
1348248600 48678 120986 49779 124047
1348246800 48080 121455 49949 127574
1348245000 46731 124509 51761 141195
1348243200 48983 133702 51761 141195
1348241400 48401 129332 51113 141852
1348239600 48364 134065 50489 141852
1348237800 49148 135980 50857 142495
1348236000 48648 141826 50076 147558
1348234200 46761 138432 49371 144558
1348232400 47837 134605 49165 141907
1348230600 49825 143302 51428 151834
1348228800 49018 139442 50757 146135
1348227000 47799 127541 49700 137097
1348225200 47429 127660 49653 133032
1348223400 47313 132258 50365 138727
1348221600 47002 129629 49202 138201
1348219800 50134 139524 52771 144511
1348218000 51302 140320 52771 144511
1348216200 50516 138399 52109 144348
1348214400 50542 133764 52302 137046
1348212600 50894 132211 52102 135691
1348210800 49287 132363 51983 137367
1348209000 47763 128279 48599 132051
1348207200 48195 121674 49176 126740
1348205400 47059 123139 48475 128010
1348203600 47830 123610 48541 130797
1348201800 45422 117863 46153 121916
1348200000 44627 120494 45770 122737
1348198200 44594 117087 45353 121563
1348196400 44921 111983 46428 115065
1348194600 44766 109772 46428 113495
1348192800 44002 108401 45366 116790
1348191000 43429 107500 44682 110176
1348189200 41483 104085 42193 107405
1348187400 40045 97123 41006 101411
1348185600 39925 95391 41097 98643
1348183800 38894 88106 41926 96046
1348182000 43752 98475 46615 100823
1348180200 42082 98013 44115 103476
1348178400 41655 92634 42815 95427
1348176600 42344 96691 43876 101232
1348174800 42559 98712 43734 100530
1348173000 43233 101966 43797 103639
1348171200 41984 98056 43797 103246
1348169400 42152 99236 43713 103067
1348167600 42126 99070 42733 101749
1348165800 39874 95303 41470 99572
1348164000 41751 101602 42984 103657
1348162200 44002 105692 45463 112145
1348160400 43259 105838 44668 108341
1348158600 41143 105826 42407 108341
1348156800 39697 100358 40832 101850
1348155000 40140 101130 41287 102873
1348153200 42011 106274 45067 113834
1348151400 45156 118598 47216 130338
1348149600 45751 119206 47498 122184
1348147800 45306 116645 46634 119996
1348146000 47635 123312 48794 127668
1348144200 46394 120309 47333 125110
1348142400 47334 120720 50997 132047
1348140600 50373 127068 50997 132047
1348138800 50664 128158 51624 130252
1348137000 50235 123497 51689 127031
1348135200 50917 122158 61145 126057
1348133400 49841 130922 50790 136448
1348131600 50541 137676 51551 139358
1348129800 51466 136591 52682 140459
1348128000 50027 130509 51292 133296
1348126200 49427 127741 51830 131553
1348124400 49691 126025 51295 130869
1348122600 49190 126654 51011 131001
1348120800 48176 126174 50043 130946
1348119000 48248 127014 50852 136009
1348117200 48613 121215 50852 128322
1348115400 44219 111405 49094 122577
1348113600 41567 108945 42479 112453
1348111800 41166 108990 42979 114136
1348110000 42326 110713 44647 113425
1348108200 39412 104118 41383 107808
1348106400 41847 108650 42507 111797
1348104600 41280 107128 42758 111797
1348102800 41872 108686 43008 113077
1348101000 39096 97024 39927 101793
1348099200 38645 93471 39594 95572
1348097400 37659 92013 37943 94157
1348095600 37086 93464 37839 94459
1348093800 37979 94919 40077 98081
1348092000 39530 94961 40422 96207
1348090200 39863 94875 40911 98130
1348088400 41122 97720 41845 99138
1348086600 40719 97933 41236 100426
1348084800 40253 94394 41387 95936
1348083000 39269 93302 41387 95538
1348081200 39380 96384 40898 101363
1348079400 41069 98259 42683 99700
1348077600 41530 101176 43293 103576
1348075800 41070 99151 41778 103120
1348074000 40449 100314 41118 102017
1348072200 40536 98444 42461 99993
1348070400 41953 99558 42581 102035
1348068600 43978 104452 45296 108584
1348066800 42111 102243 45111 110851
1348065000 45614 110978 46743 118179
1348063200 46902 118277 48642 123938
1348061400 47978 122098 48989 127238
1348059600 47373 123479 48284 130641
1348057800 47899 126747 50895 136225
1348056000 44576 114743 46053 116647
1348054200 43418 112731 45251 117348
1348052400 45277 115219 46196 118417
1348050600 43570 109689 45745 120059
1348048800 44806 112781 46468 117202
1348047000 48466 118113 50080 126207
1348045200 50770 124462 51595 126697
1348043400 48968 119504 51706 127012
1348041600 47777 116651 50782 125131
1348039800 48339 119538 49742 124295
1348038000 47112 115712 48390 117473
1348036200 45843 111985 47538 116035
1348034400 46468 113153 48329 120966
1348032600 47357 116381 49375 124745
1348030800 45214 113032 48367 120300
1348029000 46990 121858 48137 126005
1348027200 44413 117587 45898 123747
1348025400 48049 121452 48669 127091
1348023600 48162 121707 49342 125067
1348021800 48612 122461 50037 126129
1348020000 47902 118208 49077 120704
1348018200 48246 122332 49629 126765
1348016400 46689 113268 48310 115915
1348014600 45001 107839 46494 114484
1348012800 45425 105476 46103 106873
1348011000 46020 105436 46790 107772
1348009200 44396 103975 45657 106266
1348007400 44158 102894 45956 106338
1348005600 44933 101444 45893 104432
1348003800 49789 105218 60213 109336
1348002000 45629 101718 46689 104762
1348000200 45269 102597 46711 105304
1347998400 44141 100646 45480 105330
1347996600 45344 104311 46266 107556
1347994800 44589 99752 45754 102174
1347993000 44678 101505 46908 107275
1347991200 44935 107992 46178 110960
1347989400 45662 107948 47001 111450
1347987600 46064 110785 48175 113832
1347985800 47817 112595 48689 113832
1347984000 46712 111755 47213 112976
1347982200 44921 107535 46740 109794
1347980400 43574 105088 45875 108576
1347978600 44330 108307 46361 113686
1347976800 45389 112071 47214 118149
1347975000 47454 117885 47966 120660
1347973200 47937 118775 49173 122201
1347971400 46112 120468 47333 124774
1347969600 45906 120410 47261 122518
1347967800 45607 116388 46829 120522
1347966000 43892 112729 45262 118220
1347964200 41881 111094 44057 116991
1347962400 43915 117205 45768 122364
1347960600 45825 123009 47124 127532
1347958800 44113 119341 46777 127532
1347957000 41493 114121 42350 116452
1347955200 43052 117607 43839 121997
1347953400 43830 122073 44810 130859
1347951600 45034 124006 48244 133310
1347949800 47579 128982 49365 135303
1347948000 49827 133155 50604 137091
1347946200 49093 134239 50418 138172
1347944400 49154 136972 50778 143158
1347942600 46891 132947 48853 139290
1347940800 47922 134066 50306 139725
1347939000 47090 135684 47934 141756
1347937200 47943 137699 49271 141756
1347935400 46604 132278 48203 139483
1347933600 44692 121528 47776 139483
1347931800 45348 122580 46837 125950
1347930000 44313 113806 46014 121871
1347928200 42966 106407 44208 113915
1347926400 44044 104488 47331 111085
1347924600 43800 108799 46038 113090
1347922800 43178 108371 43973 109327
1347921000 42317 105567 43156 108512
1347919200 42327 106466 43335 108130
1347917400 42257 108206 44062 112588
1347915600 41378 107628 43417 109998
1347913800 42202 109455 43417 111745
1347912000 42034 109593 43587 113416
1347910200 42838 111569 44216 115597
1347908400 42013 111710 42959 115271
1347906600 43014 113396 44699 117202
1347904800 43263 115312 44364 119130
1347903000 44337 117393 45142 121193
1347901200 43965 115817 45239 119908
1347899400 43710 115097 44281 118051
1347897600 43866 112367 45443 114342
1347895800 43615 109775 45837 119266
1347894000 43674 113173 45828 119032
1347892200 43552 116788 45426 125174
1347890400 44908 117765 46307 125174
1347888600 45578 115888 47968 120264
1347886800 42758 108652 45131 111084
1347885000 43546 111804 45762 118461
1347883200 43313 108329 45854 113465
1347881400 41823 106665 44681 112117
1347879600 44539 110158 45221 112508
1347877800 44116 106471 45353 108537
1347876000 45019 111400 46113 114659
1347874200 46975 118698 58100 127013
1347872400 49141 126884 58100 128981
1347870600 46024 126651 47943 130555
1347868800 43010 119203 44261 120769
1347867000 42797 116731 44084 120139
1347865200 41906 112310 43049 116105
1347863400 42392 110367 43176 114448
1347861600 40974 104294 42614 106787
1347859800 41148 103033 42758 107907
1347858000 39114 95784 40401 99938
1347856200 37730 93285 39228 96335
1347854400 39608 101102 40848 105541
1347852600 40248 104666 42314 108592
1347850800 39359 97483 40174 100475
1347849000 37553 91655 38829 95117
1347847200 35916 87666 37000 89820
1347845400 36103 85738 38833 89684
1347843600 40995 93443 42493 96915
1347841800 38868 83576 41155 90007
1347840000 37696 77758 38543 79140
1347838200 37488 78129 38504 80334
1347836400 37895 79346 41799 86028
1347834600 40790 84238 43142 87456
1347832800 39785 84040 41013 86723
1347831000 40795 85790 41540 88008
1347829200 40556 85885 41486 88802
1347827400 40491 86108 41949 87733
1347825600 39907 85591 41030 89712
1347823800 40556 86817 41742 90993
1347822000 42323 94092 45514 99227
1347820200 44879 99698 47677 102611
1347818400 42195 94360 46026 101442
1347816600 40939 94800 41688 99201
1347814800 40548 93580 42272 97221
1347813000 41139 97123 43977 102550
1347811200 41891 98640 44349 106061
1347809400 42164 100780 43346 108858
1347807600 41975 101335 43145 108858
1347805800 42065 96976 44198 99040
1347804000 41288 96760 43779 102602
1347802200 42000 101441 43455 105581
1347800400 40090 92922 41719 99382
1347798600 40480 93552 41353 98568
1347796800 39878 84315 41573 87851
1347795000 39009 93704 43974 110704
1347793200 44097 109072 46845 115813
1347791400 47384 113317 48544 116527
1347789600 45529 111183 46241 116158
1347787800 47815 117795 51453 125279
1347786000 48519 118649 50616 126906
1347784200 49282 123967 50938 132547
1347782400 47907 125037 50290 133179
1347775200 46295 112294 49428 126906
1347768000 42521 98599 46181 110464
1347760800 39563 92117 42187 102141
1347753600 34040 78349 36299 84641
1347746400 35912 80419 38280 85368
1347739200 36382 83381 37508 88860
1347732000 36427 85609 38729 90724
1347724800 37408 85453 39503 91608
1347717600 40293 96149 42640 103424
1347710400 39050 96323 42484 102925
1347703200 37897 89568 39637 94543
1347696000 38695 91824 40271 95319
1347688800 38443 91363 41231 100744
1347681600 35646 81721 39706 94878
1347674400 35888 79283 38813 83791
1347667200 34112 71185 38400 81922
1347660000 34129 76160 35527 79551
1347652800 34289 83350 36562 209233
1347645600 34082 78847 38145 175165
1347638400 39480 94901 42762 175165
1347631200 40892 93983 58336 101721
1347624000 42064 92846 91280 100894
1347616800 41564 103406 44297 112624
1347609600 43089 108771 46795 124369
1347602400 40543 96925 51590 117588
1347595200 78780 81874 1102986 98667
1347588000 36199 85507 39710 98198
1347580800 31988 69817 35066 80333
1347573600 30939 66662 33317 73818
1347566400 32811 74234 33714 78712
1347559200 34656 79988 36911 87373
1347552000 35660 83386 39626 95081
1347544800 36847 87674 39735 97243
1347537600 38028 91844 43061 103271
1347530400 33884 76486 36939 91186
1347523200 33257 82130 41192 102432
1347516000 38583 93820 41783 103503
1347508800 37579 89859 39754 97226
1347501600 34952 85336 37478 94996
1347494400 32299 72296 33861 78773
1347487200 33300 73545 35419 78271
1347480000 33788 75463 35298 80517
1347472800 34250 79044 36044 86573
1347465600 34625 83945 36344 89249
1347458400 35801 85629 39700 102588
1347451200 36163 89682 39027 99374
1347444000 34311 87595 35708 93665
1347436800 36139 91725 39012 100071
1347429600 38469 99520 41534 107900
1347422400 35393 93532 37771 98284
1347415200 32396 82531 34810 96784
1347408000 29834 68223 32112 80280
1347400800 33585 80758 34957 83976
1347393600 34317 82471 35809 85183
1347386400 34299 86098 37336 103460
1347379200 37888 92193 43274 102236
1347372000 41236 100773 43675 107414
1347364800 39603 97077 41626 104211
1347357600 37900 96975 42175 120688
1347350400 41523 115156 44185 127257
1347343200 44312 122047 46877 133976
1347336000 43931 127083 45572 136335
1347328800 40818 108282 45186 131182
1347321600 36463 86651 38342 94490
1347314400 36282 81089 37718 84553
1347307200 36259 81966 37939 90281
1347300000 37466 91659 39520 98810
1347292800 40734 103370 43879 120506
1347285600 41411 110296 44236 120506
1347278400 38028 98061 41814 108843
1347271200 40145 103299 43286 112347
1347264000 39125 101803 42633 108969
1347256800 41785 112071 46942 127828
1347249600 37936 104604 41451 110078
1347242400 32543 87138 37259 125340
1347235200 27867 61717 29274 66125
1347228000 27797 62664 29789 67778
1347220800 29661 66985 32050 70739
1347213600 30712 70982 34942 81459
1347206400 36958 94396 39586 104864
1347199200 39282 101612 41596 112466
1347192000 37176 100545 41599 108551
1347184800 41379 109366 44146 122708
1347177600 40513 105155 43112 117998
1347170400 40068 101715 43367 114140
1347163200 42958 101851 45211 110737
1347156000 36832 82713 41759 101037
1347148800 36316 83255 37699 87045
1347141600 35224 80592 37407 84477
1347134400 37146 83902 38116 87879
1347127200 35149 83010 39082 89168
1347120000 37820 89769 40694 102708
1347112800 39828 104209 42830 113232
1347105600 39060 100260 41290 109678
1347098400 37914 103866 41068 116179
1347091200 39521 110669 41939 120023
1347084000 36415 96820 40301 109279
1347076800 38929 93549 40741 99808
1347069600 35170 82764 39411 94793
1347062400 33100 75207 34996 82763
1347055200 33951 78152 35157 80464
1347048000 34994 79459 37345 88078
1347040800 36006 77240 38481 88078
1347033600 36686 83412 40562 95792
1347026400 40069 114912 48750 411397
1347019200 42202 101932 44342 107761
1347012000 42131 105712 44819 114054
1347004800 44060 114754 47708 121599
1346997600 44889 117720 51604 121468
1346990400 46838 105859 57662 117007
1346983200 41611 86909 53560 103292
1346976000 36688 78708 51754 87408
1346968800 41273 83222 52070 90478
1346961600 41005 85379 53252 99636
1346954400 41794 90522 54381 103131
1346947200 38235 86544 50831 104596
1346940000 41974 95190 52900 105718
1346932800 43030 97282 52145 108561
1346925600 40449 96912 55120 108681
1346918400 42420 103058 51469 112395
1346911200 41346 99838 53795 107241
1346904000 42185 106581 53587 119896
1346896800 36655 93673 51370 116704
1346889600 35128 82446 49301 92643
1346882400 36012 80077 45449 89946
1346875200 35647 78734 43097 83459
1346868000 34029 75911 41011 80929
1346860800 34041 76509 42625 92474
1346853600 37890 94242 46391 103422
1346846400 38071 95356 47405 106522
1346839200 40633 96734 49441 104221
1346832000 45231 101040 57957 111911
1346824800 48002 110566 60925 122226
1346817600 45075 109439 57641 118430
1346810400 44843 103833 59277 120415
1346803200 34881 71382 52297 84103
1346796000 37828 86838 48355 146157
1346788800 38557 81269 48627 91861
1346781600 38317 85705 52449 96150
1346774400 38140 84601 49363 92256
1346767200 42924 98797 53865 105569
1346760000 44341 103075 58063 114587
1346752800 46134 109598 60812 125345
1346745600 44850 111095 57877 118687
1346738400 44017 107126 60286 114457
1346731200 42529 98594 58049 110007
1346724000 39714 86387 56793 101748
1346716800 31047 63251 46494 75162
1346709600 29883 61711 43692 69835
1346702400 28973 61143 41257 69170
1346695200 30474 69409 41147 86044
1346688000 36005 79422 46357 87044
1346680800 40064 84928 52978 94895
1346673600 40124 79807 55026 87770
1346666400 42862 95118 55266 109307
1346659200 40037 98575 52058 107028
1346652000 43785 97814 55432 106747
1346644800 38922 89027 53556 100009
1346637600 34316 77597 48371 89742
1346630400 31851 64862 48195 75022
1346623200 32639 64031 46626 70433
1346616000 31259 61184 47817 71286
1346608800 33392 66015 48361 72795
1346601600 33205 69247 46796 78909
1346594400 37166 78575 51193 90129
1346587200 35007 80225 48328 88923
1346580000 38839 80677 53091 95147
1346572800 40881 88719 56707 98680
1346565600 41061 90973 54772 101873
1346558400 40295 93449 55230 101217
1346551200 37280 75831 52962 96653
1346544000 31570 57164 45393 64792
1346536800 32468 61420 47628 70099
1346529600 34354 65151 48841 74417
1346522400 35337 69386 50742 77225
1346515200 36671 75510 51053 87026
1346508000 40063 85367 54467 98210
1346500800 40147 84940 51879 95859
1346493600 41921 89396 55568 99024
1346486400 41191 91415 57615 111224
1346479200 41728 100129 55948 109506
1346472000 37919 86958 55395 104362
1346464800 31930 62044 46338 71686
1346457600 32075 62467 46789 69947
1346450400 31062 61782 47109 72174
1346443200 30563 62264 41615 70039
1346436000 32212 69457 42280 82233
1346428800 35641 84053 46656 98850
1346421600 42799 108038 54211 115811
1346414400 41251 102697 55149 111344
1346407200 42285 111986 56098 131668
1346400000 42078 112191 53702 123951
1346392800 47532 125485 60293 132200
1346385600 40793 107035 56167 124606
1346378400 37775 87517 53389 105032
1346371200 30529 66182 48673 76242
1346364000 31828 67132 47948 77293
1346356800 30232 64341 46357 72833
1346349600 31618 69511 46517 84550
1346342400 36146 91457 49147 115833
1346335200 37080 102294 47394 116123
1346328000 38654 100511 47909 111969
1346320800 42763 112262 53624 124350
1346313600 44184 115986 51887 127832
1346306400 44058 115636 57577 131256
1346299200 41682 102913 51362 109479
1346292000 37843 89067 53030 111526
1346284800 32830 67876 45892 77821
1346277600 30816 63578 46610 71990
1346270400 30146 66252 46097 79009
1346263200 31892 72990 48422 86984
1346256000 35106 86545 48363 97515
1346248800 39372 99331 49531 108693
1346241600 37856 88095 49900 98672
1346234400 11363 24756 47836 84766
1346227200 0 0 0 0
1346220000 0 0 0 0
1346212800 0 0 0 0
1346205600 0 0 0 0
1346198400 0 0 0 0
1346191200 0 0 0 0
1346184000 0 0 0 0
1346176800 0 0 0 0
1346169600 0 0 0 0
1346162400 0 0 0 0
1346155200 0 0 0 0
1346148000 0 0 0 0
1346140800 0 0 0 0
1346133600 0 0 0 0
1346126400 0 0 0 0
1346119200 0 0 0 0
1346112000 0 0 0 0
1346104800 0 0 0 0
1346097600 0 0 0 0
1346090400 0 0 0 0
1346083200 0 0 0 0
1346076000 0 0 0 0
1346068800 0 0 0 0
1346061600 0 0 0 0
1346054400 0 0 0 0
1346047200 0 0 0 0
1346040000 0 0 0 0
1346032800 0 0 0 0
1346025600 0 0 0 0
1346018400 0 0 0 0
1346011200 0 0 0 0
1346004000 0 0 0 0
1345996800 0 0 0 0
1345989600 0 0 0 0
1345982400 0 0 0 0
1345975200 0 0 0 0
1345968000 0 0 0 0
1345960800 0 0 0 0
1345953600 0 0 0 0
1345946400 0 0 0 0
1345939200 0 0 0 0
1345932000 0 0 0 0
1345924800 0 0 0 0
1345917600 0 0 0 0
1345910400 0 0 0 0
1345903200 0 0 0 0
1345896000 0 0 0 0
1345888800 0 0 0 0
1345881600 0 0 0 0
1345874400 0 0 0 0
1345867200 0 0 0 0
1345860000 0 0 0 0
1345852800 0 0 0 0
1345845600 0 0 0 0
1345838400 0 0 0 0
1345831200 0 0 0 0
1345824000 0 0 0 0
1345816800 0 0 0 0
1345809600 0 0 0 0
1345802400 0 0 0 0
1345795200 0 0 0 0
1345788000 0 0 0 0
1345780800 0 0 0 0
1345773600 0 0 0 0
1345766400 0 0 0 0
1345759200 0 0 0 0
1345752000 0 0 0 0
1345744800 0 0 0 0
1345737600 0 0 0 0
1345730400 0 0 0 0
1345723200 0 0 0 0
1345716000 0 0 0 0
1345708800 0 0 0 0
1345701600 0 0 0 0
1345694400 0 0 0 0
1345687200 0 0 0 0
1345680000 0 0 0 0
1345672800 0 0 0 0
1345665600 0 0 0 0
1345658400 0 0 0 0
1345651200 0 0 0 0
1345644000 0 0 0 0
1345636800 0 0 0 0
1345629600 0 0 0 0
1345622400 0 0 0 0
1345615200 0 0 0 0
1345608000 0 0 0 0
1345600800 0 0 0 0
1345593600 0 0 0 0
1345586400 0 0 0 0
1345579200 0 0 0 0
1345572000 0 0 0 0
1345564800 0 0 0 0
1345557600 0 0 0 0
1345550400 0 0 0 0
1345543200 0 0 0 0
1345536000 0 0 0 0
1345528800 0 0 0 0
1345521600 0 0 0 0
1345514400 0 0 0 0
1345507200 0 0 0 0
1345500000 0 0 0 0
1345492800 0 0 0 0
1345485600 0 0 0 0
1345478400 0 0 0 0
1345471200 0 0 0 0
1345464000 0 0 0 0
1345456800 0 0 0 0
1345449600 0 0 0 0
1345442400 0 0 0 0
1345435200 0 0 0 0
1345428000 0 0 0 0
1345420800 0 0 0 0
1345413600 0 0 0 0
1345406400 0 0 0 0
1345399200 0 0 0 0
1345392000 0 0 0 0
1345384800 0 0 0 0
1345377600 0 0 0 0
1345370400 0 0 0 0
1345363200 0 0 0 0
1345356000 0 0 0 0
1345348800 0 0 0 0
1345341600 0 0 0 0
1345334400 0 0 0 0
1345327200 0 0 0 0
1345320000 0 0 0 0
1345312800 0 0 0 0
1345305600 0 0 0 0
1345298400 0 0 0 0
1345291200 0 0 0 0
1345284000 0 0 0 0
1345276800 0 0 0 0
1345269600 0 0 0 0
1345262400 0 0 0 0
1345255200 0 0 0 0
1345248000 0 0 0 0
1345240800 0 0 0 0
1345233600 0 0 0 0
1345226400 0 0 0 0
1345219200 0 0 0 0
1345212000 0 0 0 0
1345204800 0 0 0 0
1345197600 0 0 0 0
1345190400 0 0 0 0
1345183200 0 0 0 0
1345176000 0 0 0 0
1345168800 0 0 0 0
1345161600 0 0 0 0
1345154400 0 0 0 0
1345147200 0 0 0 0
1345140000 0 0 0 0
1345132800 0 0 0 0
1345125600 0 0 0 0
1345118400 0 0 0 0
1345111200 0 0 0 0
1345104000 0 0 0 0
1345096800 0 0 0 0
1345089600 0 0 0 0
1345082400 0 0 0 0
1345075200 0 0 0 0
1345068000 0 0 0 0
1345060800 0 0 0 0
1345053600 0 0 0 0
1345046400 0 0 0 0
1345039200 0 0 0 0
1345032000 0 0 0 0
1345024800 0 0 0 0
1345017600 0 0 0 0
1345010400 0 0 0 0
1345003200 0 0 0 0
1344996000 0 0 0 0
1344988800 0 0 0 0
1344981600 0 0 0 0
1344974400 0 0 0 0
1344967200 0 0 0 0
1344960000 0 0 0 0
1344952800 0 0 0 0
1344945600 0 0 0 0
1344938400 0 0 0 0
1344931200 0 0 0 0
1344924000 0 0 0 0
1344916800 0 0 0 0
1344909600 0 0 0 0
1344902400 0 0 0 0
1344895200 0 0 0 0
1344888000 0 0 0 0
1344880800 0 0 0 0
1344873600 0 0 0 0
1344866400 0 0 0 0
1344859200 0 0 0 0
1344852000 0 0 0 0
1344844800 0 0 0 0
1344837600 0 0 0 0
1344830400 0 0 0 0
1344823200 0 0 0 0
1344816000 0 0 0 0
1344808800 0 0 0 0
1344801600 0 0 0 0
1344794400 0 0 0 0
1344787200 0 0 0 0
1344780000 0 0 0 0
1344772800 0 0 0 0
1344765600 0 0 0 0
1344758400 0 0 0 0
1344751200 0 0 0 0
1344744000 0 0 0 0
1344736800 0 0 0 0
1344729600 0 0 0 0
1344722400 0 0 0 0
1344715200 0 0 0 0
1344708000 0 0 0 0
1344700800 0 0 0 0
1344693600 0 0 0 0
1344686400 0 0 0 0
1344679200 0 0 0 0
1344672000 0 0 0 0
1344664800 0 0 0 0
1344657600 0 0 0 0
1344650400 0 0 0 0
1344643200 0 0 0 0
1344636000 0 0 0 0
1344628800 0 0 0 0
1344621600 0 0 0 0
1344614400 0 0 0 0
1344607200 0 0 0 0
1344600000 0 0 0 0
1344592800 0 0 0 0
1344585600 0 0 0 0
1344578400 0 0 0 0
1344571200 0 0 0 0
1344564000 0 0 0 0
1344556800 0 0 0 0
1344549600 0 0 0 0
1344542400 0 0 0 0
1344535200 0 0 0 0
1344528000 0 0 0 0
1344520800 0 0 0 0
1344513600 0 0 0 0
1344506400 0 0 0 0
1344499200 0 0 0 0
1344492000 0 0 0 0
1344484800 0 0 0 0
1344477600 0 0 0 0
1344470400 0 0 0 0
1344463200 0 0 0 0
1344456000 0 0 0 0
1344448800 0 0 0 0
1344441600 0 0 0 0
1344434400 0 0 0 0
1344427200 0 0 0 0
1344420000 0 0 0 0
1344412800 0 0 0 0
1344405600 0 0 0 0
1344398400 0 0 0 0
1344391200 0 0 0 0
1344384000 0 0 0 0
1344376800 0 0 0 0
1344369600 0 0 0 0
1344362400 0 0 0 0
1344355200 0 0 0 0
1344348000 0 0 0 0
1344340800 0 0 0 0
1344333600 0 0 0 0
1344326400 0 0 0 0
1344319200 0 0 0 0
1344312000 0 0 0 0
1344304800 0 0 0 0
1344297600 0 0 0 0
1344290400 0 0 0 0
1344283200 0 0 0 0
1344276000 0 0 0 0
1344268800 0 0 0 0
1344261600 0 0 0 0
1344254400 0 0 0 0
1344247200 0 0 0 0
1344240000 0 0 0 0
1344232800 0 0 0 0
1344225600 0 0 0 0
1344218400 0 0 0 0
1344211200 0 0 0 0
1344204000 0 0 0 0
1344196800 0 0 0 0
1344189600 0 0 0 0
1344182400 0 0 0 0
1344175200 0 0 0 0
1344168000 0 0 0 0
1344160800 0 0 0 0
1344153600 0 0 0 0
1344146400 0 0 0 0
1344139200 0 0 0 0
1344132000 0 0 0 0
1344124800 0 0 0 0
1344117600 0 0 0 0
1344110400 0 0 0 0
1344103200 0 0 0 0
1344096000 0 0 0 0
1344088800 0 0 0 0
1344081600 0 0 0 0
1344074400 0 0 0 0
1344067200 0 0 0 0
1344060000 0 0 0 0
1344052800 0 0 0 0
1344045600 0 0 0 0
1344038400 0 0 0 0
1344031200 0 0 0 0
1344024000 0 0 0 0
1344016800 0 0 0 0
1344009600 0 0 0 0
1344002400 0 0 0 0
1343995200 0 0 0 0
1343988000 0 0 0 0
1343980800 0 0 0 0
1343973600 0 0 0 0
1343966400 0 0 0 0
1343959200 0 0 0 0
1343952000 0 0 0 0
1343944800 0 0 0 0
1343937600 0 0 0 0
1343930400 0 0 0 0
1343923200 0 0 0 0
1343916000 0 0 0 0
1343908800 0 0 0 0
1343901600 0 0 0 0
1343894400 0 0 0 0
1343887200 0 0 0 0
1343880000 0 0 0 0
1343872800 0 0 0 0
1343865600 0 0 0 0
1343858400 0 0 0 0
1343851200 0 0 0 0
1343844000 0 0 0 0
1343836800 0 0 0 0
1343829600 0 0 0 0
1343822400 0 0 0 0
1343815200 0 0 0 0
1343808000 0 0 0 0
1343800800 0 0 0 0
1343793600 0 0 0 0
1343786400 0 0 0 0
1343779200 0 0 0 0
1343772000 0 0 0 0
1343764800 0 0 0 0
1343757600 0 0 0 0
1343750400 0 0 0 0
1343743200 0 0 0 0
1343736000 0 0 0 0
1343728800 0 0 0 0
1343721600 0 0 0 0
1343714400 0 0 0 0
1343707200 0 0 0 0
1343700000 0 0 0 0
1343692800 0 0 0 0
1343685600 0 0 0 0
1343678400 0 0 0 0
1343671200 0 0 0 0
1343664000 0 0 0 0
1343656800 0 0 0 0
1343649600 0 0 0 0
1343642400 0 0 0 0
1343635200 0 0 0 0
1343628000 0 0 0 0
1343620800 0 0 0 0
1343613600 0 0 0 0
1343606400 0 0 0 0
1343599200 0 0 0 0
1343592000 0 0 0 0
1343584800 0 0 0 0
1343577600 0 0 0 0
1343570400 0 0 0 0
1343563200 0 0 0 0
1343556000 0 0 0 0
1343548800 0 0 0 0
1343541600 0 0 0 0
1343534400 0 0 0 0
1343527200 0 0 0 0
1343520000 0 0 0 0
1343512800 0 0 0 0
1343505600 0 0 0 0
1343498400 0 0 0 0
1343491200 0 0 0 0
1343484000 0 0 0 0
1343476800 0 0 0 0
1343469600 0 0 0 0
1343462400 0 0 0 0
1343433600 0 0 0 0
1343347200 0 0 0 0
1343260800 0 0 0 0
1343174400 0 0 0 0
1343088000 0 0 0 0
1343001600 0 0 0 0
1342915200 0 0 0 0
1342828800 0 0 0 0
1342742400 0 0 0 0
1342656000 0 0 0 0
1342569600 0 0 0 0
1342483200 0 0 0 0
1342396800 0 0 0 0
1342310400 0 0 0 0
1342224000 0 0 0 0
1342137600 0 0 0 0
1342051200 0 0 0 0
1341964800 0 0 0 0
1341878400 0 0 0 0
1341792000 0 0 0 0
1341705600 0 0 0 0
1341619200 0 0 0 0
1341532800 0 0 0 0
1341446400 0 0 0 0
1341360000 0 0 0 0
1341273600 0 0 0 0
1341187200 0 0 0 0
1341100800 0 0 0 0
1341014400 0 0 0 0
1340928000 0 0 0 0
1340841600 0 0 0 0
1340755200 0 0 0 0
1340668800 0 0 0 0
1340582400 0 0 0 0
1340496000 0 0 0 0
1340409600 0 0 0 0
1340323200 0 0 0 0
1340236800 0 0 0 0
1340150400 0 0 0 0
1340064000 0 0 0 0
1339977600 0 0 0 0
1339891200 0 0 0 0
1339804800 0 0 0 0
1339718400 0 0 0 0
1339632000 0 0 0 0
1339545600 0 0 0 0
1339459200 0 0 0 0
1339372800 0 0 0 0
1339286400 0 0 0 0
1339200000 0 0 0 0
1339113600 0 0 0 0
1339027200 0 0 0 0
1338940800 0 0 0 0
1338854400 0 0 0 0
1338768000 0 0 0 0
1338681600 0 0 0 0
1338595200 0 0 0 0
1338508800 0 0 0 0
1338422400 0 0 0 0
1338336000 0 0 0 0
1338249600 0 0 0 0
1338163200 0 0 0 0
1338076800 0 0 0 0
1337990400 0 0 0 0
1337904000 0 0 0 0
1337817600 0 0 0 0
1337731200 0 0 0 0
1337644800 0 0 0 0
1337558400 0 0 0 0
1337472000 0 0 0 0
1337385600 0 0 0 0
1337299200 0 0 0 0
1337212800 0 0 0 0
1337126400 0 0 0 0
1337040000 0 0 0 0
1336953600 0 0 0 0
1336867200 0 0 0 0
1336780800 0 0 0 0
1336694400 0 0 0 0
1336608000 0 0 0 0
1336521600 0 0 0 0
1336435200 0 0 0 0
1336348800 0 0 0 0
1336262400 0 0 0 0
1336176000 0 0 0 0
1336089600 0 0 0 0
1336003200 0 0 0 0
1335916800 0 0 0 0
1335830400 0 0 0 0
1335744000 0 0 0 0
1335657600 0 0 0 0
1335571200 0 0 0 0
1335484800 0 0 0 0
1335398400 0 0 0 0
1335312000 0 0 0 0
1335225600 0 0 0 0
1335139200 0 0 0 0
1335052800 0 0 0 0
1334966400 0 0 0 0
1334880000 0 0 0 0
1334793600 0 0 0 0
1334707200 0 0 0 0
1334620800 0 0 0 0
1334534400 0 0 0 0
1334448000 0 0 0 0
1334361600 0 0 0 0
1334275200 0 0 0 0
1334188800 0 0 0 0
1334102400 0 0 0 0
1334016000 0 0 0 0
1333929600 0 0 0 0
1333843200 0 0 0 0
1333756800 0 0 0 0
1333670400 0 0 0 0
1333584000 0 0 0 0
1333497600 0 0 0 0
1333411200 0 0 0 0
1333324800 0 0 0 0
1333238400 0 0 0 0
1333152000 0 0 0 0
1333065600 0 0 0 0
1332979200 0 0 0 0
1332892800 0 0 0 0
1332806400 0 0 0 0
1332720000 0 0 0 0
1332633600 0 0 0 0
1332547200 0 0 0 0
1332460800 0 0 0 0
1332374400 0 0 0 0
1332288000 0 0 0 0
1332201600 0 0 0 0
1332115200 0 0 0 0
1332028800 0 0 0 0
1331942400 0 0 0 0
1331856000 0 0 0 0
1331769600 0 0 0 0
1331683200 0 0 0 0
1331596800 0 0 0 0
1331510400 0 0 0 0
1331424000 0 0 0 0
1331337600 0 0 0 0
1331251200 0 0 0 0
1331164800 0 0 0 0
1331078400 0 0 0 0
1330992000 0 0 0 0
1330905600 0 0 0 0
1330819200 0 0 0 0
1330732800 0 0 0 0
1330646400 0 0 0 0
1330560000 0 0 0 0
1330473600 0 0 0 0
1330387200 0 0 0 0
1330300800 0 0 0 0
1330214400 0 0 0 0
1330128000 0 0 0 0
1330041600 0 0 0 0
1329955200 0 0 0 0
1329868800 0 0 0 0
1329782400 0 0 0 0
1329696000 0 0 0 0
1329609600 0 0 0 0
1329523200 0 0 0 0
1329436800 0 0 0 0
1329350400 0 0 0 0
1329264000 0 0 0 0
1329177600 0 0 0 0
1329091200 0 0 0 0
1329004800 0 0 0 0
1328918400 0 0 0 0
1328832000 0 0 0 0
1328745600 0 0 0 0
1328659200 0 0 0 0
1328572800 0 0 0 0
1328486400 0 0 0 0
1328400000 0 0 0 0
1328313600 0 0 0 0
1328227200 0 0 0 0
1328140800 0 0 0 0
1328054400 0 0 0 0
1327968000 0 0 0 0
1327881600 0 0 0 0
1327795200 0 0 0 0
1327708800 0 0 0 0
1327622400 0 0 0 0
1327536000 0 0 0 0
1327449600 0 0 0 0
1327363200 0 0 0 0
1327276800 0 0 0 0
1327190400 0 0 0 0
1327104000 0 0 0 0
1327017600 0 0 0 0
1326931200 0 0 0 0
1326844800 0 0 0 0
1326758400 0 0 0 0
1326672000 0 0 0 0
1326585600 0 0 0 0
1326499200 0 0 0 0
1326412800 0 0 0 0
1326326400 0 0 0 0
1326240000 0 0 0 0
1326153600 0 0 0 0
1326067200 0 0 0 0
1325980800 0 0 0 0
1325894400 0 0 0 0
1325808000 0 0 0 0
1325721600 0 0 0 0
1325635200 0 0 0 0
1325548800 0 0 0 0
1325462400 0 0 0 0
1325376000 0 0 0 0
1325289600 0 0 0 0
1325203200 0 0 0 0
1325116800 0 0 0 0
1325030400 0 0 0 0
1324944000 0 0 0 0
1324857600 0 0 0 0
1324771200 0 0 0 0
1324684800 0 0 0 0
1324598400 0 0 0 0
1324512000 0 0 0 0
1324425600 0 0 0 0
1324339200 0 0 0 0
1324252800 0 0 0 0
1324166400 0 0 0 0
1324080000 0 0 0 0
1323993600 0 0 0 0
1323907200 0 0 0 0
1323820800 0 0 0 0
1323734400 0 0 0 0
1323648000 0 0 0 0
1323561600 0 0 0 0
1323475200 0 0 0 0
1323388800 0 0 0 0
1323302400 0 0 0 0
1323216000 0 0 0 0
1323129600 0 0 0 0
1323043200 0 0 0 0
1322956800 0 0 0 0
1322870400 0 0 0 0
1322784000 0 0 0 0
1322697600 0 0 0 0
1322611200 0 0 0 0
1322524800 0 0 0 0
1322438400 0 0 0 0
1322352000 0 0 0 0
1322265600 0 0 0 0
1322179200 0 0 0 0
1322092800 0 0 0 0
1322006400 0 0 0 0
1321920000 0 0 0 0
1321833600 0 0 0 0
1321747200 0 0 0 0
1321660800 0 0 0 0
1321574400 0 0 0 0
1321488000 0 0 0 0
1321401600 0 0 0 0
1321315200 0 0 0 0
1321228800 0 0 0 0
1321142400 0 0 0 0
1321056000 0 0 0 0
1320969600 0 0 0 0
1320883200 0 0 0 0
1320796800 0 0 0 0
1320710400 0 0 0 0
1320624000 0 0 0 0
1320537600 0 0 0 0
1320451200 0 0 0 0
1320364800 0 0 0 0
1320278400 0 0 0 0
1320192000 0 0 0 0
1320105600 0 0 0 0
1320019200 0 0 0 0
1319932800 0 0 0 0
1319846400 0 0 0 0
1319760000 0 0 0 0
1319673600 0 0 0 0
1319587200 0 0 0 0
1319500800 0 0 0 0
1319414400 0 0 0 0
1319328000 0 0 0 0
1319241600 0 0 0 0
1319155200 0 0 0 0
1319068800 0 0 0 0
1318982400 0 0 0 0
1318896000 0 0 0 0
1318809600 0 0 0 0
1318723200 0 0 0 0
1318636800 0 0 0 0
1318550400 0 0 0 0
1318464000 0 0 0 0
1318377600 0 0 0 0
1318291200 0 0 0 0
1318204800 0 0 0 0
1318118400 0 0 0 0
1318032000 0 0 0 0
1317945600 0 0 0 0
1317859200 0 0 0 0
1317772800 0 0 0 0
1317686400 0 0 0 0
1317600000 0 0 0 0
1317513600 0 0 0 0
1317427200 0 0 0 0
1317340800 0 0 0 0
1317254400 0 0 0 0
1317168000 0 0 0 0
1317081600 0 0 0 0
1316995200 0 0 0 0
1316908800 0 0 0 0
1316822400 0 0 0 0
1316736000 0 0 0 0
1316649600 0 0 0 0
1316563200 0 0 0 0
1316476800 0 0 0 0
1316390400 0 0 0 0
1316304000 0 0 0 0
1316217600 0 0 0 0
1316131200 0 0 0 0
1316044800 0 0 0 0
1315958400 0 0 0 0
1315872000 0 0 0 0
1315785600 0 0 0 0
1315699200 0 0 0 0
1315612800 0 0 0 0
1315526400 0 0 0 0
1315440000 0 0 0 0
1315353600 0 0 0 0
1315267200 0 0 0 0
1315180800 0 0 0 0
1315094400 0 0 0 0
1315008000 0 0 0 0
1314921600 0 0 0 0
1314835200 0 0 0 0
1314748800 0 0 0 0
1314662400 0 0 0 0
1314576000 0 0 0 0
1314489600 0 0 0 0
1314403200 0 0 0 0
1314316800 0 0 0 0
1314230400 0 0 0 0
1314144000 0 0 0 0
1314057600 0 0 0 0
1313971200 0 0 0 0
1313884800 0 0 0 0
1313798400 0 0 0 0
1313712000 0 0 0 0
1313625600 0 0 0 0
1313539200 0 0 0 0
1313452800 0 0 0 0
1313366400 0 0 0 0
1313280000 0 0 0 0
1313193600 0 0 0 0
1313107200 0 0 0 0
1313020800 0 0 0 0
1312934400 0 0 0 0
1312848000 0 0 0 0
1312761600 0 0 0 0
1312675200 0 0 0 0
1312588800 0 0 0 0
1312502400 0 0 0 0
1312416000 0 0 0 0
1312329600 0 0 0 0
1312243200 0 0 0 0
1312156800 0 0 0 0
1312070400 0 0 0 0
1311984000 0 0 0 0
1311897600 0 0 0 0
1311811200 0 0 0 0
1311724800 0 0 0 0
1311638400 0 0 0 0
1311552000 0 0 0 0
1311465600 0 0 0 0
1311379200 0 0 0 0
1311292800 0 0 0 0
1311206400 0 0 0 0
1311120000 0 0 0 0
1311033600 0 0 0 0
1310947200 0 0 0 0
1310860800 0 0 0 0
1310774400 0 0 0 0
1310688000 0 0 0 0
1310601600 0 0 0 0
1310515200 0 0 0 0
1310428800 0 0 0 0
1310342400 0 0 0 0
1310256000 0 0 0 0
1310169600 0 0 0 0
1310083200 0 0 0 0
1309996800 0 0 0 0
1309910400 0 0 0 0
1309824000 0 0 0 0
1309737600 0 0 0 0
1309651200 0 0 0 0
1309564800 0 0 0 0
1309478400 0 0 0 0
1309392000 0 0 0 0
1309305600 0 0 0 0
1309219200 0 0 0 0
1309132800 0 0 0 0
1309046400 0 0 0 0
1308960000 0 0 0 0
1308873600 0 0 0 0
1308787200 0 0 0 0
1308700800 0 0 0 0
1308614400 0 0 0 0
1308528000 0 0 0 0
1308441600 0 0 0 0
1308355200 0 0 0 0
1308268800 0 0 0 0
1308182400 0 0 0 0
1308096000 0 0 0 0
1308009600 0 0 0 0
1307923200 0 0 0 0
1307836800 0 0 0 0
1307750400 0 0 0 0
1307664000 0 0 0 0
1307577600 0 0 0 0
1307491200 0 0 0 0
1307404800 0 0 0 0
1307318400 0 0 0 0
1307232000 0 0 0 0
1307145600 0 0 0 0
1307059200 0 0 0 0
1306972800 0 0 0 0
1306886400 0 0 0 0
1306800000 0 0 0 0
1306713600 0 0 0 0
1306627200 0 0 0 0
1306540800 0 0 0 0
1306454400 0 0 0 0
1306368000 0 0 0 0
1306281600 0 0 0 0
1306195200 0 0 0 0
1306108800 0 0 0 0
1306022400 0 0 0 0
1305936000 0 0 0 0
1305849600 0 0 0 0
1305763200 0 0 0 0
1305676800 0 0 0 0
1305590400 0 0 0 0
1305504000 0 0 0 0
1305417600 0 0 0 0
1305331200 0 0 0 0
1305244800 0 0 0 0
1305158400 0 0 0 0
1305072000 0 0 0 0
1304985600 0 0 0 0
1304899200 0 0 0 0
1304812800 0 0 0 0
1304726400 0 0 0 0
1304640000 0 0 0 0
1304553600 0 0 0 0
1304467200 0 0 0 0
1304380800 0 0 0 0
1304294400 0 0 0 0
1304208000 0 0 0 0
1304121600 0 0 0 0
1304035200 0 0 0 0
1303948800 0 0 0 0
1303862400 0 0 0 0
1303776000 0 0 0 0
1303689600 0 0 0 0
1303603200 0 0 0 0
1303516800 0 0 0 0
1303430400 0 0 0 0
1303344000 0 0 0 0
1303257600 0 0 0 0
1303171200 0 0 0 0
1303084800 0 0 0 0
1302998400 0 0 0 0
1302912000 0 0 0 0
1302825600 0 0 0 0
1302739200 0 0 0 0
1302652800 0 0 0 0
1302566400 0 0 0 0
1302480000 0 0 0 0
1302393600 0 0 0 0
1302307200 0 0 0 0
1302220800 0 0 0 0
1302134400 0 0 0 0
1302048000 0 0 0 0
1301961600 0 0 0 0
1301875200 0 0 0 0
1301788800 0 0 0 0
1301702400 0 0 0 0
1301616000 0 0 0 0
1301529600 0 0 0 0
1301443200 0 0 0 0
1301356800 0 0 0 0
1301270400 0 0 0 0
1301184000 0 0 0 0
1301097600 0 0 0 0
1301011200 0 0 0 0
1300924800 0 0 0 0
1300838400 0 0 0 0
1300752000 0 0 0 0
1300665600 0 0 0 0
1300579200 0 0 0 0
1300492800 0 0 0 0
1300406400 0 0 0 0
1300320000 0 0 0 0
1300233600 0 0 0 0
1300147200 0 0 0 0
1300060800 0 0 0 0
1299974400 0 0 0 0
1299888000 0 0 0 0
1299801600 0 0 0 0
1299715200 0 0 0 0
1299628800 0 0 0 0
1299542400 0 0 0 0
1299456000 0 0 0 0
1299369600 0 0 0 0
1299283200 0 0 0 0
1299196800 0 0 0 0
1299110400 0 0 0 0
1299024000 0 0 0 0
1298937600 0 0 0 0
1298851200 0 0 0 0
1298764800 0 0 0 0
1298678400 0 0 0 0
1298592000 0 0 0 0
1298505600 0 0 0 0
1298419200 0 0 0 0
1298332800 0 0 0 0
1298246400 0 0 0 0
1298160000 0 0 0 0
1298073600 0 0 0 0
1297987200 0 0 0 0
1297900800 0 0 0 0
1297814400 0 0 0 0
1297728000 0 0 0 0
1297641600 0 0 0 0
1297555200 0 0 0 0
1297468800 0 0 0 0
1297382400 0 0 0 0
1297296000 0 0 0 0
1297209600 0 0 0 0
1297123200 0 0 0 0
1297036800 0 0 0 0
1296950400 0 0 0 0
1296864000 0 0 0 0
1296777600 0 0 0 0
1296691200 0 0 0 0
1296604800 0 0 0 0
1296518400 0 0 0 0
1296432000 0 0 0 0
1296345600 0 0 0 0
1296259200 0 0 0 0
1296172800 0 0 0 0
1296086400 0 0 0 0
1296000000 0 0 0 0
1295913600 0 0 0 0
1295827200 0 0 0 0
1295740800 0 0 0 0
1295654400 0 0 0 0
1295568000 0 0 0 0
1295481600 0 0 0 0
1295395200 0 0 0 0
1295308800 0 0 0 0
1295222400 0 0 0 0
1295136000 0 0 0 0
1295049600 0 0 0 0
1294963200 0 0 0 0
1294876800 0 0 0 0
1294790400 0 0 0 0
1294704000 0 0 0 0
1294617600 0 0 0 0
1294531200 0 0 0 0
1294444800 0 0 0 0
1294358400 0 0 0 0
1294272000 0 0 0 0
1294185600 0 0 0 0
1294099200 0 0 0 0
1294012800 0 0 0 0
1293926400 0 0 0 0
1293840000 0 0 0 0
1293753600 0 0 0 0
1293667200 0 0 0 0
1293580800 0 0 0 0
1293494400 0 0 0 0
1293408000 0 0 0 0
1293321600 0 0 0 0
1293235200 0 0 0 0
1293148800 0 0 0 0
1293062400 0 0 0 0
1292976000 0 0 0 0
1292889600 0 0 0 0
1292803200 0 0 0 0
1292716800 0 0 0 0
1292630400 0 0 0 0
1292544000 0 0 0 0
1292457600 0 0 0 0
1292371200 0 0 0 0
1292284800 0 0 0 0
1292198400 0 0 0 0
1292112000 0 0 0 0
1292025600 0 0 0 0
1291939200 0 0 0 0
1291852800 0 0 0 0
1291766400 0 0 0 0
1291680000 0 0 0 0
1291593600 0 0 0 0
1291507200 0 0 0 0
1291420800 0 0 0 0
1291334400 0 0 0 0
1291248000 0 0 0 0
1291161600 0 0 0 0
1291075200 0 0 0 0
1290988800 0 0 0 0
1290902400 0 0 0 0
1290816000 0 0 0 0
1290729600 0 0 0 0
1290643200 0 0 0 0
1290556800 0 0 0 0
1290470400 0 0 0 0
1290384000 0 0 0 0
1290297600 0 0 0 0
1290211200 0 0 0 0
1290124800 0 0 0 0
1290038400 0 0 0 0
1289952000 0 0 0 0
1289865600 0 0 0 0
1289779200 0 0 0 0
1289692800 0 0 0 0
1289606400 0 0 0 0
1289520000 0 0 0 0
1289433600 0 0 0 0
1289347200 0 0 0 0
1289260800 0 0 0 0
1289174400 0 0 0 0
1289088000 0 0 0 0
1289001600 0 0 0 0
1288915200 0 0 0 0
1288828800 0 0 0 0
1288742400 0 0 0 0
1288656000 0 0 0 0
1288569600 0 0 0 0
1288483200 0 0 0 0
1288396800 0 0 0 0
1288310400 0 0 0 0
1288224000 0 0 0 0
1288137600 0 0 0 0
1288051200 0 0 0 0
1287964800 0 0 0 0
1287878400 0 0 0 0
1287792000 0 0 0 0
1287705600 0 0 0 0
1287619200 0 0 0 0
1287532800 0 0 0 0
1287446400 0 0 0 0
1287360000 0 0 0 0
1287273600 0 0 0 0
1287187200 0 0 0 0
1287100800 0 0 0 0
1287014400 0 0 0 0
1286928000 0 0 0 0
1286841600 0 0 0 0
1286755200 0 0 0 0
1286668800 0 0 0 0
1286582400 0 0 0 0
1286496000 0 0 0 0
1286409600 0 0 0 0
1286323200 0 0 0 0
1286236800 0 0 0 0
1286150400 0 0 0 0
1286064000 0 0 0 0
1285977600 0 0 0 0
1285891200 0 0 0 0
1285804800 0 0 0 0
1285718400 0 0 0 0
1285632000 0 0 0 0
1285545600 0 0 0 0
1285459200 0 0 0 0
1285372800 0 0 0 0
1285286400 0 0 0 0
1285200000 0 0 0 0
1285113600 0 0 0 0
1285027200 0 0 0 0
1284940800 0 0 0 0
1284854400 0 0 0 0
1284768000 0 0 0 0
1284681600 0 0 0 0
1284595200 0 0 0 0
1284508800 0 0 0 0
1284422400 0 0 0 0
1284336000 0 0 0 0
1284249600 0 0 0 0
1284163200 0 0 0 0
1284076800 0 0 0 0
1283990400 0 0 0 0
1283904000 0 0 0 0
1283817600 0 0 0 0
1283731200 0 0 0 0
1283644800 0 0 0 0
1283558400 0 0 0 0
1283472000 0 0 0 0
1283385600 0 0 0 0
1283299200 0 0 0 0
1283212800 0 0 0 0
1283126400 0 0 0 0
1283040000 0 0 0 0
1282953600 0 0 0 0
1282867200 0 0 0 0
1282780800 0 0 0 0
1282694400 0 0 0 0
1282608000 0 0 0 0
1282521600 0 0 0 0
1282435200 0 0 0 0
1282348800 0 0 0 0
1282262400 0 0 0 0
1282176000 0 0 0 0
1282089600 0 0 0 0
1282003200 0 0 0 0
1281916800 0 0 0 0
1281830400 0 0 0 0
1281744000 0 0 0 0
1281657600 0 0 0 0
1281571200 0 0 0 0
1281484800 0 0 0 0
1281398400 0 0 0 0
1281312000 0 0 0 0
1281225600 0 0 0 0
1281139200 0 0 0 0
1281052800 0 0 0 0
1280966400 0 0 0 0
1280880000 0 0 0 0
1280793600 0 0 0 0
1280707200 0 0 0 0
1280620800 0 0 0 0
1280534400 0 0 0 0
1280448000 0 0 0 0
1280361600 0 0 0 0
1280275200 0 0 0 0
