1349043001 13 0
1349043001 13 0 13 0
1349042701 13 0 13 0
1349042700 13 0 13 0
1349042400 13 0 13 0
1349042100 13 0 13 0
1349041800 13 0 13 0
1349041500 13 0 13 0
1349041200 13 0 13 0
1349040900 13 0 13 0
1349040600 13 0 13 0
1349040300 13 0 13 0
1349040000 13 0 122 0
1349039700 122 0 122 0
1349039400 122 0 122 0
1349039100 122 0 122 0
1349038800 122 0 122 0
1349038500 122 0 122 0
1349038200 122 0 123 0
1349037900 123 0 123 0
1349037600 123 0 123 0
1349037300 123 0 127 0
1349037000 127 0 127 0
1349036700 127 0 127 0
1349036400 127 0 128 0
1349036100 128 0 128 0
1349035800 128 0 128 0
1349035500 128 0 128 0
1349035200 128 0 128 0
1349034900 128 0 128 0
1349034600 128 0 129 0
1349034300 129 0 129 0
1349034000 129 0 129 0
1349033700 129 0 129 0
1349033400 129 0 129 0
1349033100 129 0 129 0
1349032800 129 0 129 0
1349032500 129 0 129 0
1349032200 129 0 129 0
1349031900 128 0 129 0
1349031600 125 0 125 0
1349031300 125 0 125 0
1349031000 125 0 126 0
1349030700 126 0 126 0
1349030400 126 0 126 0
1349030100 126 0 129 0
1349029800 129 0 129 0
1349029500 129 0 129 0
1349029200 129 0 129 0
1349028900 129 0 129 0
1349028600 129 0 129 0
1349028300 129 0 136 0
1349028000 136 0 136 0
1349027700 136 0 136 0
1349027400 136 0 136 0
1349027100 136 0 136 0
1349026800 136 0 136 0
1349026500 136 0 136 0
1349026200 136 0 136 0
1349025900 136 0 136 0
1349025600 136 0 137 0
1349025300 137 0 137 0
1349025000 137 0 137 0
1349024700 137 0 139 0
1349024400 139 0 139 0
1349024100 139 0 139 0
1349023800 138 0 139 0
1349023500 15 0 15 0
1349023200 15 0 15 0
1349022900 15 0 138 0
1349022600 138 0 138 0
1349022300 138 0 138 0
1349022000 138 0 138 0
1349021700 138 0 138 0
1349021400 138 0 138 0
1349021100 138 0 138 0
1349020800 138 0 138 0
1349020500 138 0 138 0
1349020200 138 0 140 0
1349019900 140 0 140 0
1349019600 140 0 140 0
1349019300 140 0 140 0
1349019000 140 0 140 0
1349018700 140 0 140 0
1349018400 140 0 140 0
1349018100 140 0 140 0
1349017800 140 0 140 0
1349017500 140 0 140 0
1349017200 140 0 140 0
1349016900 140 0 140 0
1349016600 140 0 140 0
1349016300 140 0 140 0
1349016000 140 0 140 0
1349015700 140 0 140 0
1349015400 140 0 140 0
1349015100 140 0 140 0
1349014800 139 0 140 0
1349014500 139 0 139 0
1349014200 139 0 139 0
1349013900 139 0 139 0
1349013600 139 0 139 0
1349013300 139 0 139 0
1349013000 138 0 139 0
1349012700 138 0 138 0
1349012400 138 0 138 0
1349012100 137 0 138 0
1349011800 136 0 136 0
1349011500 136 0 136 0
1349011200 136 0 136 0
1349010900 136 0 136 0
1349010600 136 0 136 0
1349010300 136 0 137 0
1349010000 137 0 137 0
1349009700 137 0 137 0
1349009400 136 0 137 0
1349009100 135 0 135 0
1349008800 135 0 135 0
1349008500 134 0 135 0
1349008200 133 0 133 0
1349007900 133 0 133 0
1349007600 132 0 133 0
1349007300 127 0 127 0
1349007000 127 0 127 0
1349006700 126 0 127 0
1349006400 124 0 124 0
1349006100 124 0 124 0
1349005800 124 0 124 0
1349005500 124 0 124 0
1349005200 124 0 124 0
1349004900 124 0 124 0
1349004600 124 0 124 0
1349004300 124 0 124 0
1349004000 124 0 124 0
1349003700 124 0 124 0
1349003400 124 0 124 0
1349003100 124 0 124 0
1349002800 124 0 124 0
1349002500 124 0 124 0
1349002200 124 0 125 0
1349001900 125 0 125 0
1349001600 125 0 125 0
1349001300 125 0 126 0
1349001000 126 0 126 0
1349000700 126 0 126 0
1349000400 126 0 126 0
1349000100 126 0 126 0
1348999800 126 0 126 0
1348999500 126 0 126 0
1348999200 126 0 126 0
1348998900 126 0 126 0
1348998600 125 0 126 0
1348998300 125 0 125 0
1348998000 125 0 125 0
1348997700 125 0 125 0
1348997400 125 0 125 0
1348997100 125 0 125 0
1348996800 125 0 126 0
1348996500 126 0 126 0
1348996200 126 0 126 0
1348995900 126 0 126 0
1348995600 126 0 126 0
1348995300 126 0 126 0
1348995000 125 0 126 0
1348994700 117 0 117 0
1348994400 117 0 117 0
1348994100 117 0 121 0
1348993800 121 0 121 0
1348993500 121 0 121 0
1348993200 121 0 123 0
1348992900 123 0 123 0
1348992600 123 0 123 0
1348992300 123 0 127 0
1348992000 127 0 127 0
1348991700 127 0 127 0
1348991400 127 0 127 0
1348991100 127 0 127 0
1348990800 127 0 127 0
1348990500 127 0 131 0
1348990200 131 0 131 0
1348989900 131 0 131 0
1348989600 131 0 133 0
1348989300 133 0 133 0
1348989000 133 0 133 0
1348988700 133 0 135 0
1348988400 135 0 135 0
1348988100 135 0 135 0
1348987800 134 0 135 0
1348987500 134 0 134 0
1348987200 134 0 134 0
1348986900 134 0 135 0
1348986600 135 0 135 0
1348986300 135 0 135 0
1348986000 135 0 141 0
1348985700 141 0 141 0
1348985400 141 0 141 0
1348985100 141 0 141 0
1348984800 141 0 141 0
1348984500 141 0 141 0
1348984200 140 0 141 0
1348983900 137 0 137 0
1348983600 137 0 137 0
1348983300 137 0 137 0
1348983000 137 0 137 0
1348982700 137 0 137 0
1348982400 137 0 142 0
1348982100 142 0 142 0
1348981800 142 0 142 0
1348981500 142 0 142 0
1348981200 142 0 142 0
1348980900 142 0 142 0
1348980600 141 0 142 0
1348980300 141 0 141 0
1348980000 141 0 141 0
1348979700 140 0 141 0
1348979400 139 0 139 0
1348979100 139 0 139 0
1348978800 138 0 139 0
1348978500 138 0 138 0
1348978200 138 0 138 0
1348977900 138 0 139 0
1348977600 139 0 139 0
1348977300 139 0 139 0
1348977000 138 0 139 0
1348976700 14 0 14 0
1348976400 14 0 14 0
1348976100 14 0 14 0
1348975800 14 0 14 0
1348975500 14 0 14 0
1348975200 14 0 14 0
1348974900 14 0 14 0
1348974600 14 0 14 0
1348974300 14 0 14 0
1348974000 14 0 14 0
1348973700 14 0 14 0
1348973400 14 0 142 0
1348973100 142 0 142 0
1348972800 142 0 142 0
1348972500 141 0 142 0
1348972200 14 0 14 0
1348971900 14 0 14 0
1348971600 14 0 15 0
1348971300 15 0 15 0
1348971000 15 0 15 0
1348970700 15 0 146 0
1348970400 146 0 146 0
1348970100 146 0 146 0
1348969800 146 0 146 0
1348969500 146 0 146 0
1348969200 146 0 146 0
1348968900 146 0 146 0
1348968600 146 0 146 0
1348968300 146 0 146 0
1348968000 145 0 146 0
1348967700 134 0 134 0
1348967400 134 0 134 0
1348967100 134 0 136 0
1348966800 136 0 136 0
1348966500 136 0 136 0
1348966200 135 0 136 0
1348965900 135 0 135 0
1348965600 135 0 135 0
1348965300 135 0 136 0
1348965000 136 0 136 0
1348964700 136 0 136 0
1348964400 136 0 136 0
1348964100 136 0 136 0
1348963800 136 0 136 0
1348963500 136 0 136 0
1348963200 136 0 136 0
1348962900 136 0 136 0
1348962600 135 0 136 0
1348962300 126 0 126 0
1348962000 126 0 126 0
1348961700 125 0 126 0
1348961400 113 0 113 0
1348961100 113 0 113 0
1348960800 113 0 113 0
1348960500 113 0 113 0
1348960200 113 0 113 0
1348959900 113 0 113 0
1348959600 113 0 113 0
1348959300 113 0 113 0
1348959000 113 0 116 0
1348958700 116 0 116 0
1348958400 116 0 116 0
1348958100 116 0 116 0
1348957800 116 0 116 0
1348957500 116 0 116 0
1348957200 116 0 116 0
1348956900 116 0 116 0
1348956600 116 0 116 0
1348956300 116 0 116 0
1348956000 116 0 116 0
1348955700 116 0 116 0
1348955400 116 0 116 0
1348955100 116 0 116 0
1348954800 116 0 116 0
1348954500 116 0 116 0
1348954200 116 0 116 0
1348953900 116 0 116 0
1348953600 116 0 116 0
1348953300 116 0 116 0
1348953000 116 0 116 0
1348952700 116 0 116 0
1348952400 116 0 116 0
1348952100 116 0 116 0
1348951800 116 0 116 0
1348951500 116 0 116 0
1348951200 116 0 116 0
1348950900 116 0 116 0
1348950600 116 0 116 0
1348950300 116 0 116 0
1348950000 116 0 116 0
1348949700 116 0 116 0
1348949400 116 0 116 0
1348949100 116 0 116 0
1348948800 116 0 116 0
1348948500 116 0 116 0
1348948200 116 0 118 0
1348947900 118 0 118 0
1348947600 118 0 118 0
1348947300 118 0 118 0
1348947000 118 0 118 0
1348946700 118 0 118 0
1348946400 118 0 118 0
1348946100 118 0 118 0
1348945800 118 0 118 0
1348945500 118 0 121 0
1348945200 121 0 121 0
1348944900 121 0 121 0
1348944600 121 0 124 0
1348944300 124 0 124 0
1348944000 124 0 124 0
1348943700 123 0 124 0
1348943400 122 0 122 0
1348943100 122 0 122 0
1348942800 121 0 122 0
1348942500 121 0 121 0
1348942200 121 0 121 0
1348941900 120 0 121 0
1348941600 12 0 12 0
1348941300 12 0 12 0
1348941000 12 0 12 0
1348940700 12 0 12 0
1348940400 12 0 12 0
1348940100 12 0 12 0
1348939800 12 0 12 0
1348939500 12 0 12 0
1348939200 12 0 126 0
1348938900 126 0 126 0
1348938600 126 0 126 0
1348938300 126 0 126 0
1348938000 126 0 126 0
1348937700 126 0 126 0
1348937400 126 0 126 0
1348937100 126 0 126 0
1348936800 126 0 126 0
1348936500 126 0 126 0
1348936200 126 0 126 0
1348935900 126 0 126 0
1348935600 126 0 128 0
1348935300 128 0 128 0
1348935000 127 0 128 0
1348934700 127 0 138 0
1348934400 138 0 138 0
1348934100 138 0 139 0
1348933800 138 0 139 0
1348933500 136 0 136 0
1348933200 136 0 136 0
1348932900 136 0 136 0
1348932600 136 0 136 0
1348932300 136 0 136 0
1348932000 136 0 138 0
1348931700 138 0 138 0
1348931400 138 0 138 0
1348931100 138 0 138 0
1348930800 138 0 138 0
1348930500 138 0 138 0
1348930200 138 0 139 0
1348929900 139 0 139 0
1348929600 139 0 139 0
1348929300 138 0 139 0
1348929000 138 0 138 0
1348928700 138 0 138 0
1348928400 137 0 138 0
1348928100 135 0 135 0
1348927800 135 0 135 0
1348927500 135 0 135 0
1348927200 135 0 135 0
1348926900 135 0 135 0
1348926600 134 0 135 0
1348926300 132 0 132 0
1348926000 132 0 132 0
1348925700 132 0 132 0
1348925400 132 0 132 0
1348925100 132 0 132 0
1348924800 131 0 132 0
1348924500 13 0 13 0
1348924200 13 0 13 0
1348923900 13 0 132 0
1348923600 132 0 132 0
1348923300 132 0 132 0
1348923000 132 0 133 0
1348922700 133 0 133 0
1348922400 133 0 133 0
1348922100 133 0 133 0
1348921800 133 0 133 0
1348921500 133 0 133 0
1348921200 133 0 133 0
1348920900 133 0 133 0
1348920600 133 0 133 0
1348920300 132 0 133 0
1348920000 13 0 13 0
1348919700 13 0 13 0
1348919400 13 0 13 0
1348919100 13 0 13 0
1348918800 13 0 13 0
1348918500 13 0 132 0
1348918200 132 0 132 0
1348917900 132 0 132 0
1348917600 131 0 132 0
1348917300 131 0 131 0
1348917000 131 0 131 0
1348916700 131 0 133 0
1348916400 133 0 133 0
1348916100 133 0 133 0
1348915800 133 0 134 0
1348915500 134 0 134 0
1348915200 134 0 134 0
1348914900 133 0 134 0
1348914600 133 0 133 0
1348914300 133 0 133 0
1348914000 133 0 135 0
1348913700 135 0 135 0
1348913400 135 0 135 0
1348913100 135 0 144 0
1348912800 144 0 144 0
1348912500 144 0 144 0
1348912200 143 0 144 0
1348911900 142 0 142 0
1348911600 142 0 142 0
1348911300 142 0 142 0
1348911000 142 0 142 0
1348910700 142 0 142 0
1348910400 142 0 144 0
1348910100 144 0 144 0
1348909800 144 0 144 0
1348909500 144 0 148 0
1348909200 148 0 148 0
1348908900 148 0 148 0
1348908600 147 0 148 0
1348908300 146 0 146 0
1348908000 146 0 146 0
1348907700 145 0 146 0
1348907400 134 0 134 0
1348907100 134 0 134 0
1348906800 134 0 134 0
1348906500 134 0 136 0
1348906200 136 0 136 0
1348905900 136 0 136 0
1348905600 136 0 136 0
1348905300 136 0 136 0
1348905000 135 0 136 0
1348904700 135 0 135 0
1348904400 135 0 135 0
1348904100 134 0 135 0
1348903800 13 0 13 0
1348903500 13 0 13 0
1348903200 13 0 128 0
1348902900 128 0 128 0
1348902600 128 0 128 0
1348902300 127 0 128 0
1348902000 118 0 118 0
1348901700 118 0 118 0
1348901400 117 0 118 0
1348901100 102 0 102 0
1348900800 102 0 102 0
1348900500 101 0 102 0
1348900200 98 0 98 0
1348899900 98 0 98 0
1348899600 98 0 160 0
1348899300 160 0 160 0
1348899000 160 0 160 0
1348898700 160 0 160 0
1348898400 160 0 160 0
1348898100 160 0 160 0
1348897800 159 0 160 0
1348897500 159 0 159 0
1348897200 159 0 159 0
1348896900 159 0 162 0
1348896600 162 0 162 0
1348896300 162 0 162 0
1348896000 161 0 162 0
1348895700 17 0 17 0
1348895400 17 0 17 0
1348895100 17 0 17 0
1348894800 17 0 17 0
1348894500 17 0 17 0
1348894200 17 0 164 0
1348893900 164 0 164 0
1348893600 164 0 164 0
1348893300 163 0 164 0
1348893000 163 0 163 0
1348892700 163 0 163 0
1348892400 163 0 165 0
1348892100 165 0 165 0
1348891800 165 0 165 0
1348891500 164 0 165 0
1348891200 163 0 163 0
1348890900 163 0 163 0
1348890600 162 0 163 0
1348890300 162 0 162 0
1348890000 162 0 162 0
1348889700 161 0 162 0
1348889400 158 0 158 0
1348889100 158 0 158 0
1348888800 158 0 159 0
1348888500 159 0 159 0
1348888200 159 0 159 0
1348887900 158 0 159 0
1348887600 152 0 152 0
1348887300 152 0 152 0
1348887000 151 0 152 0
1348886700 16 0 16 0
1348886400 16 0 16 0
1348886100 16 0 16 0
1348885800 16 0 16 0
1348885500 16 0 16 0
1348885200 16 0 16 0
1348884900 16 0 16 0
1348884600 16 0 16 0
1348884300 16 0 148 0
1348884000 148 0 148 0
1348883700 148 0 148 0
1348883400 148 0 148 0
1348883100 148 0 148 0
1348882800 148 0 148 0
1348882500 147 0 148 0
1348882200 135 0 135 0
1348881900 135 0 135 0
1348881600 135 0 135 0
1348881300 135 0 135 0
1348881000 135 0 135 0
1348880700 135 0 136 0
1348880400 136 0 136 0
1348880100 136 0 136 0
1348879800 135 0 136 0
1348879500 133 0 133 0
1348879200 133 0 133 0
1348878900 133 0 133 0
1348878600 133 0 133 0
1348878300 133 0 133 0
1348878000 132 0 133 0
1348877700 126 0 126 0
1348877400 126 0 126 0
1348877100 126 0 132 0
1348876800 132 0 132 0
1348876500 132 0 132 0
1348876200 132 0 136 0
1348875900 136 0 136 0
1348875600 136 0 136 0
1348875300 135 0 136 0
1348875000 132 0 132 0
1348874700 132 0 132 0
1348874400 132 0 132 0
1348874100 132 0 132 0
1348873800 132 0 132 0
1348873500 132 0 132 0
1348873200 132 0 132 0
1348872900 132 0 132 0
1348872600 132 0 132 0
1348872300 132 0 132 0
1348872000 132 0 132 0
1348871700 131 0 132 0
1348871400 14 0 14 0
1348871100 14 0 14 0
1348870800 14 0 14 0
1348870500 14 0 14 0
1348870200 14 0 14 0
1348869900 14 0 14 0
1348869600 14 0 14 0
1348869300 14 0 14 0
1348869000 14 0 14 0
1348868700 14 0 14 0
1348868400 14 0 14 0
1348868100 14 0 137 0
1348867800 137 0 137 0
1348867500 137 0 137 0
1348867200 137 0 137 0
1348866900 137 0 137 0
1348866600 137 0 137 0
1348866300 137 0 137 0
1348866000 137 0 137 0
1348865700 137 0 137 0
1348865400 137 0 137 0
1348865100 137 0 137 0
1348864800 137 0 137 0
1348864500 137 0 138 0
1348864200 138 0 138 0
1348863900 138 0 138 0
1348863600 138 0 138 0
1348863300 138 0 138 0
1348863000 138 0 138 0
1348862400 138 0 139 0
1348860600 138 0 139 0
1348858800 136 0 138 0
1348857000 135 0 140 0
1348855200 139 0 140 0
1348853400 78 0 152 0
1348851600 152 0 155 0
1348849800 155 0 156 0
1348848000 147 0 148 0
1348846200 16 0 150 0
1348844400 148 0 150 0
1348842600 148 0 150 0
1348840800 149 0 150 0
1348839000 82 0 150 0
1348837200 146 0 148 0
1348835400 81 0 152 0
1348833600 152 0 152 0
1348831800 152 0 152 0
1348830000 82 0 152 0
1348828200 135 0 140 0
1348826400 140 0 147 0
1348824600 146 0 147 0
1348822800 147 0 147 0
1348821000 146 0 147 0
1348819200 146 0 147 0
1348817400 145 0 146 0
1348815600 144 0 145 0
1348813800 143 0 144 0
1348812000 142 0 150 0
1348810200 150 0 155 0
1348808400 155 0 158 0
1348806600 158 0 158 0
1348804800 158 0 160 0
1348803000 159 0 160 0
1348801200 157 0 159 0
1348799400 159 0 160 0
1348797600 87 0 160 0
1348795800 149 0 156 0
1348794000 139 0 143 0
1348792200 138 0 145 0
1348790400 143 0 145 0
1348788600 142 0 143 0
1348786800 142 0 142 0
1348785000 142 0 142 0
1348783200 142 0 142 0
1348781400 142 0 142 0
1348779600 142 0 142 0
1348777800 142 0 143 0
1348776000 143 0 144 0
1348774200 143 0 145 0
1348772400 145 0 147 0
1348770600 146 0 147 0
1348768800 146 0 147 0
1348767000 147 0 150 0
1348765200 150 0 157 0
1348763400 157 0 157 0
1348761600 162 0 169 0
1348759800 166 0 167 0
1348758000 165 0 166 0
1348756200 165 0 166 0
1348754400 166 0 167 0
1348752600 161 0 162 0
1348750800 162 0 165 0
1348749000 163 0 164 0
1348747200 89 0 164 0
1348745400 90 0 166 0
1348743600 166 0 168 0
1348741800 169 0 173 0
1348740000 169 0 173 0
1348738200 170 0 174 0
1348736400 168 0 173 0
1348734600 164 0 166 0
1348732800 161 0 166 0
1348731000 155 0 157 0
1348729200 154 0 155 0
1348727400 153 0 154 0
1348725600 152 0 153 0
1348723800 148 0 153 0
1348722000 142 0 145 0
1348720200 145 0 145 0
1348718400 144 0 145 0
1348716600 132 0 138 0
1348714800 118 0 128 0
1348713000 102 0 109 0
1348711200 34 0 71 0
1348709400 0 0 137 0
1348707600 138 0 142 0
1348705800 137 0 142 0
1348704000 138 0 144 0
1348702200 142 0 144 0
1348700400 138 0 139 0
1348698600 138 0 138 0
1348696800 138 0 138 0
1348695000 140 0 144 0
1348693200 144 0 144 0
1348691400 144 0 144 0
1348689600 144 0 145 0
1348687800 145 0 146 0
1348686000 143 0 146 0
1348684200 143 0 147 0
1348682400 148 0 151 0
1348680600 154 0 159 0
1348678800 86 0 159 0
1348677000 16 0 162 0
1348675200 162 0 162 0
1348673400 162 0 164 0
1348671600 164 0 164 0
1348669800 164 0 165 0
1348668000 155 0 156 0
1348666200 147 0 154 0
1348664400 154 0 158 0
1348662600 154 0 157 0
1348660800 152 0 157 0
1348659000 148 0 149 0
1348657200 148 0 149 0
1348655400 81 0 152 0
1348653600 152 0 153 0
1348651800 153 0 154 0
1348650000 154 0 155 0
1348648200 155 0 162 0
1348646400 161 0 162 0
1348644600 158 0 161 0
1348642800 160 0 164 0
1348641000 163 0 164 0
1348639200 87 0 161 0
1348637400 159 0 161 0
1348635600 156 0 159 0
1348633800 153 0 157 0
1348632000 154 0 156 0
1348630200 154 0 156 0
1348628400 145 0 147 0
1348626600 144 0 146 0
1348624800 144 0 146 0
1348623000 142 0 146 0
1348621200 140 0 144 0
1348619400 135 0 139 0
1348617600 127 0 137 0
1348615800 137 0 137 0
1348614000 136 0 138 0
1348612200 139 0 142 0
1348610400 142 0 142 0
1348608600 142 0 142 0
1348606800 142 0 144 0
1348605000 144 0 152 0
1348603200 152 0 152 0
1348601400 151 0 153 0
1348599600 151 0 153 0
1348597800 152 0 153 0
1348596000 151 0 153 0
1348594200 152 0 161 0
1348592400 161 0 162 0
1348590600 155 0 156 0
1348588800 145 0 146 0
1348587000 15 0 142 0
1348585200 142 0 146 0
1348583400 146 0 146 0
1348581600 149 0 154 0
1348579800 152 0 153 0
1348578000 144 0 147 0
1348576200 79 0 154 0
1348574400 154 0 158 0
1348572600 154 0 158 0
1348570800 152 0 155 0
1348569000 149 0 153 0
1348567200 152 0 156 0
1348565400 155 0 156 0
1348563600 154 0 155 0
1348561800 152 0 157 0
1348560000 154 0 157 0
1348558200 155 0 157 0
1348556400 135 0 143 0
1348554600 144 0 164 0
1348552800 164 0 165 0
1348551000 87 0 161 0
1348549200 158 0 161 0
1348547400 154 0 155 0
1348545600 151 0 154 0
1348543800 149 0 153 0
1348542000 147 0 148 0
1348540200 147 0 148 0
1348538400 147 0 151 0
1348536600 148 0 151 0
1348534800 147 0 155 0
1348533000 154 0 155 0
1348531200 145 0 146 0
1348529400 140 0 141 0
1348527600 14 0 14 0
1348525800 14 0 142 0
1348524000 142 0 142 0
1348522200 142 0 143 0
1348520400 143 0 143 0
1348518600 143 0 143 0
1348516800 143 0 143 0
1348515000 143 0 144 0
1348513200 145 0 155 0
1348511400 155 0 158 0
1348509600 158 0 158 0
1348507800 86 0 164 0
1348506000 160 0 164 0
1348504200 158 0 159 0
1348502400 151 0 154 0
1348500600 137 0 142 0
1348498800 135 0 136 0
1348497000 73 0 141 0
1348495200 140 0 141 0
1348493400 137 0 148 0
1348491600 147 0 148 0
1348489800 144 0 145 0
1348488000 79 0 146 0
1348486200 146 0 147 0
1348484400 149 0 156 0
1348482600 156 0 156 0
1348480800 156 0 158 0
1348479000 157 0 158 0
1348477200 157 0 159 0
1348475400 86 0 159 0
1348473600 86 0 159 0
1348471800 83 0 154 0
1348470000 153 0 154 0
1348468200 83 0 158 0
1348466400 153 0 158 0
1348464600 150 0 151 0
1348462800 82 0 156 0
1348461000 154 0 156 0
1348459200 154 0 157 0
1348457400 154 0 156 0
1348455600 150 0 154 0
1348453800 80 0 147 0
1348452000 146 0 147 0
1348450200 143 0 145 0
1348448400 68 0 125 0
1348446600 107 0 118 0
1348444800 108 0 114 0
1348443000 112 0 117 0
1348441200 117 0 117 0
1348439400 117 0 117 0
1348437600 117 0 118 0
1348435800 118 0 118 0
1348434000 118 0 118 0
1348432200 119 0 123 0
1348430400 123 0 123 0
1348428600 123 0 124 0
1348426800 124 0 129 0
1348425000 129 0 129 0
1348423200 69 0 129 0
1348421400 13 0 13 0
1348419600 71 0 132 0
1348417800 132 0 136 0
1348416000 136 0 138 0
1348414200 138 0 138 0
1348412400 141 0 146 0
1348410600 144 0 148 0
1348408800 148 0 149 0
1348407000 149 0 153 0
1348405200 151 0 153 0
1348403400 150 0 151 0
1348401600 148 0 149 0
1348399800 149 0 151 0
1348398000 149 0 151 0
1348396200 81 0 149 0
1348394400 147 0 148 0
1348392600 146 0 147 0
1348390800 142 0 145 0
1348389000 142 0 143 0
1348387200 75 0 138 0
1348385400 137 0 138 0
1348383600 137 0 137 0
1348381800 136 0 137 0
1348380000 132 0 134 0
1348378200 132 0 134 0
1348376400 132 0 134 0
1348374600 72 0 132 0
1348372800 126 0 129 0
1348371000 126 0 128 0
1348369200 124 0 128 0
1348367400 122 0 123 0
1348365600 120 0 123 0
1348363800 107 0 109 0
1348362000 105 0 109 0
1348360200 94 0 97 0
1348358400 93 0 94 0
1348356600 49 0 91 0
1348354800 91 0 91 0
1348353000 91 0 91 0
1348351200 91 0 93 0
1348349400 93 0 95 0
1348347600 95 0 96 0
1348345800 95 0 96 0
1348344000 94 0 95 0
1348342200 48 0 98 0
1348340400 1 0 1 0
1348338600 1 0 1 0
1348336800 50 0 101 0
1348335000 95 0 101 0
1348333200 111 0 125 0
1348331400 122 0 125 0
1348329600 125 0 132 0
1348327800 132 0 137 0
1348326000 133 0 137 0
1348324200 132 0 133 0
1348322400 132 0 133 0
1348320600 133 0 138 0
1348318800 137 0 138 0
1348317000 135 0 137 0
1348315200 134 0 138 0
1348313400 135 0 138 0
1348311600 137 0 138 0
1348309800 137 0 138 0
1348308000 138 0 138 0
1348306200 74 0 147 0
1348304400 146 0 147 0
1348302600 145 0 146 0
1348300800 145 0 145 0
1348299000 145 0 145 0
1348297200 145 0 145 0
1348295400 142 0 145 0
1348293600 142 0 144 0
1348291800 144 0 147 0
1348290000 143 0 147 0
1348288200 76 0 141 0
1348286400 14 0 138 0
1348284600 135 0 138 0
1348282800 137 0 139 0
1348281000 137 0 139 0
1348279200 13 0 13 0
1348277400 72 0 136 0
1348275600 130 0 136 0
1348273800 125 0 127 0
1348272000 126 0 127 0
1348270200 120 0 125 0
1348268400 118 0 118 0
1348266600 118 0 119 0
1348264800 119 0 119 0
1348263000 120 0 123 0
1348261200 123 0 124 0
1348259400 124 0 126 0
1348257600 126 0 128 0
1348255800 127 0 128 0
1348254000 127 0 129 0
1348252200 132 0 138 0
1348250400 137 0 138 0
1348248600 14 0 142 0
1348246800 141 0 142 0
1348245000 139 0 141 0
1348243200 138 0 139 0
1348241400 135 0 139 0
1348239600 74 0 136 0
1348237800 134 0 135 0
1348236000 71 0 138 0
1348234200 138 0 143 0
1348232400 143 0 145 0
1348230600 77 0 142 0
1348228800 76 0 141 0
1348227000 131 0 133 0
1348225200 130 0 135 0
1348223400 126 0 128 0
1348221600 69 0 137 0
1348219800 138 0 142 0
1348218000 142 0 142 0
1348216200 142 0 142 0
1348214400 142 0 142 0
1348212600 141 0 142 0
1348210800 15 0 149 0
1348209000 81 0 149 0
1348207200 147 0 149 0
1348205400 148 0 149 0
1348203600 147 0 149 0
1348201800 147 0 148 0
1348200000 147 0 147 0
1348198200 144 0 147 0
1348196400 144 0 145 0
1348194600 144 0 145 0
1348192800 142 0 143 0
1348191000 142 0 143 0
1348189200 131 0 138 0
1348187400 126 0 131 0
1348185600 123 0 131 0
1348183800 131 0 131 0
1348182000 131 0 131 0
1348180200 131 0 131 0
1348178400 131 0 136 0
1348176600 136 0 139 0
1348174800 139 0 139 0
1348173000 139 0 139 0
1348171200 139 0 139 0
1348169400 139 0 139 0
1348167600 138 0 139 0
1348165800 14 0 14 0
1348164000 77 0 142 0
1348162200 142 0 144 0
1348160400 15 0 15 0
1348158600 15 0 153 0
1348156800 152 0 153 0
1348155000 82 0 152 0
1348153200 148 0 151 0
1348151400 129 0 133 0
1348149600 132 0 138 0
1348147800 138 0 141 0
1348146000 141 0 142 0
1348144200 142 0 145 0
1348142400 140 0 141 0
1348140600 135 0 139 0
1348138800 135 0 136 0
1348137000 131 0 132 0
1348135200 135 0 139 0
1348133400 132 0 139 0
1348131600 126 0 128 0
1348129800 128 0 129 0
1348128000 74 0 138 0
1348126200 138 0 138 0
1348124400 136 0 138 0
1348122600 69 0 129 0
1348120800 13 0 143 0
1348119000 143 0 144 0
1348117200 137 0 139 0
1348115400 14 0 14 0
1348113600 14 0 139 0
1348111800 137 0 139 0
1348110000 75 0 144 0
1348108200 144 0 144 0
1348106400 140 0 144 0
1348104600 135 0 138 0
1348102800 131 0 132 0
1348101000 71 0 131 0
1348099200 116 0 117 0
1348097400 68 0 128 0
1348095600 128 0 128 0
1348093800 127 0 128 0
1348092000 128 0 129 0
1348090200 129 0 129 0
1348088400 129 0 129 0
1348086600 129 0 132 0
1348084800 132 0 132 0
1348083000 132 0 132 0
1348081200 132 0 132 0
1348079400 132 0 133 0
1348077600 133 0 134 0
1348075800 135 0 139 0
1348074000 142 0 151 0
1348072200 81 0 151 0
1348070400 82 0 152 0
1348068600 82 0 152 0
1348066800 81 0 152 0
1348065000 151 0 152 0
1348063200 149 0 152 0
1348061400 82 0 152 0
1348059600 80 0 149 0
1348057800 148 0 152 0
1348056000 82 0 155 0
1348054200 154 0 155 0
1348052400 153 0 154 0
1348050600 153 0 154 0
1348048800 153 0 159 0
1348047000 159 0 164 0
1348045200 164 0 167 0
1348043400 167 0 169 0
1348041600 167 0 169 0
1348039800 163 0 167 0
1348038000 167 0 168 0
1348036200 166 0 168 0
1348034400 164 0 165 0
1348032600 165 0 166 0
1348030800 162 0 166 0
1348029000 160 0 162 0
1348027200 153 0 158 0
1348025400 147 0 151 0
1348023600 147 0 147 0
1348021800 148 0 152 0
1348020000 147 0 148 0
1348018200 82 0 152 0
1348016400 135 0 142 0
1348014600 125 0 129 0
1348012800 63 0 122 0
1348011000 118 0 122 0
1348009200 118 0 118 0
1348007400 118 0 118 0
1348005600 118 0 122 0
1348003800 122 0 123 0
1348002000 123 0 123 0
1348000200 123 0 127 0
1347998400 69 0 127 0
1347996600 72 0 134 0
1347994800 134 0 135 0
1347993000 135 0 139 0
1347991200 140 0 151 0
1347989400 151 0 154 0
1347987600 84 0 162 0
1347985800 88 0 171 0
1347984000 171 0 172 0
1347982200 170 0 171 0
1347980400 98 0 181 0
1347978600 176 0 177 0
1347976800 96 0 179 0
1347975000 178 0 179 0
1347973200 173 0 178 0
1347971400 17 0 17 0
1347969600 17 0 167 0
1347967800 166 0 167 0
1347966000 166 0 166 0
1347964200 166 0 168 0
1347962400 91 0 167 0
1347960600 17 0 162 0
1347958800 161 0 162 0
1347957000 157 0 158 0
1347955200 155 0 157 0
1347953400 16 0 162 0
1347951600 88 0 162 0
1347949800 88 0 162 0
1347948000 88 0 162 0
1347946200 155 0 161 0
1347944400 161 0 164 0
1347942600 161 0 163 0
1347940800 159 0 166 0
1347939000 166 0 166 0
1347937200 165 0 166 0
1347935400 166 0 166 0
1347933600 165 0 173 0
1347931800 171 0 173 0
1347930000 168 0 169 0
1347928200 161 0 162 0
1347926400 148 0 151 0
1347924600 81 0 151 0
1347922800 80 0 148 0
1347921000 150 0 154 0
1347919200 154 0 158 0
1347917400 86 0 162 0
1347915600 162 0 163 0
1347913800 163 0 164 0
1347912000 164 0 164 0
1347910200 164 0 164 0
1347908400 164 0 164 0
1347906600 164 0 165 0
1347904800 165 0 166 0
1347903000 165 0 166 0
1347901200 159 0 168 0
1347899400 168 0 171 0
1347897600 93 0 171 0
1347895800 91 0 167 0
1347894000 166 0 167 0
1347892200 166 0 167 0
1347890400 165 0 167 0
1347888600 163 0 165 0
1347886800 162 0 163 0
1347885000 161 0 162 0
1347883200 161 0 162 0
1347881400 160 0 161 0
1347879600 154 0 155 0
1347877800 155 0 166 0
1347876000 165 0 167 0
1347874200 166 0 167 0
1347872400 167 0 173 0
1347870600 173 0 174 0
1347868800 171 0 172 0
1347867000 167 0 171 0
1347865200 166 0 166 0
1347863400 164 0 166 0
1347861600 161 0 162 0
1347859800 158 0 162 0
1347858000 156 0 157 0
1347856200 152 0 153 0
1347854400 152 0 153 0
1347852600 153 0 156 0
1347850800 153 0 154 0
1347849000 150 0 154 0
1347847200 150 0 151 0
1347845400 148 0 149 0
1347843600 144 0 149 0
1347841800 135 0 141 0
1347840000 131 0 132 0
1347838200 128 0 132 0
1347836400 132 0 132 0
1347834600 132 0 132 0
1347832800 132 0 135 0
1347831000 135 0 135 0
1347829200 135 0 135 0
1347827400 135 0 136 0
1347825600 135 0 136 0
1347823800 135 0 135 0
1347822000 135 0 136 0
1347820200 74 0 145 0
1347818400 145 0 145 0
1347816600 145 0 145 0
1347814800 145 0 148 0
1347813000 144 0 148 0
1347811200 140 0 142 0
1347809400 14 0 141 0
1347807600 141 0 143 0
1347805800 143 0 144 0
1347804000 144 0 144 0
1347802200 141 0 144 0
1347800400 146 0 157 0
1347798600 158 0 161 0
1347796800 161 0 162 0
1347795000 162 0 162 0
1347793200 157 0 162 0
1347791400 153 0 154 0
1347789600 86 0 158 0
1347787800 86 0 165 0
1347786000 165 0 167 0
1347784200 162 0 164 0
1347782400 161 0 164 0
1347775200 142 0 164 0
1347768000 157 0 164 0
1347760800 134 0 157 0
1347753600 134 0 145 0
1347746400 133 0 135 0
1347739200 126 0 151 0
1347732000 158 0 169 0
1347724800 172 0 176 0
1347717600 151 0 175 0
1347710400 162 0 169 0
1347703200 156 0 158 0
1347696000 151 0 156 0
1347688800 115 0 151 0
1347681600 103 0 164 0
1347674400 104 0 163 0
1347667200 17 0 17 0
1347660000 17 0 17 0
1347652800 17 0 17 0
1347645600 17 0 17 0
1347638400 17 0 17 0
1347631200 89 0 163 0
1347624000 163 0 163 0
1347616800 162 0 168 0
1347609600 165 0 169 0
1347602400 144 0 169 0
1347595200 118 0 165 0
1347588000 140 0 162 0
1347580800 144 0 149 0
1347573600 142 0 146 0
1347566400 97 0 153 0
1347559200 163 0 174 0
1347552000 166 0 174 0
1347544800 159 0 171 0
1347537600 167 0 169 0
1347530400 167 0 167 0
1347523200 164 0 167 0
1347516000 133 0 169 0
1347508800 148 0 171 0
1347501600 154 0 168 0
1347494400 127 0 146 0
1347487200 145 0 146 0
1347480000 111 0 147 0
1347472800 124 0 145 0
1347465600 142 0 155 0
1347458400 133 0 162 0
1347451200 136 0 159 0
1347444000 114 0 158 0
1347436800 160 0 166 0
1347429600 157 0 166 0
1347422400 66 0 157 0
1347415200 123 0 148 0
1347408000 100 0 134 0
1347400800 86 0 134 0
1347393600 138 0 145 0
1347386400 141 0 147 0
1347379200 144 0 146 0
1347372000 103 0 142 0
1347364800 104 0 127 0
1347357600 91 0 124 0
1347350400 77 0 154 0
1347343200 143 0 154 0
1347336000 97 0 149 0
1347328800 103 0 146 0
1347321600 119 0 119 0
1347314400 122 0 124 0
1347307200 85 0 135 0
1347300000 134 0 141 0
1347292800 143 0 153 0
1347285600 138 0 143 0
1347278400 125 0 154 0
1347271200 136 0 157 0
1347264000 152 0 165 0
1347256800 123 0 166 0
1347249600 119 0 166 0
1347242400 119 0 166 0
1347235200 129 0 135 0
1347228000 91 0 143 0
1347220800 129 0 159 0
1347213600 120 0 166 0
1347206400 147 0 172 0
1347199200 129 0 172 0
1347192000 171 0 176 0
1347184800 170 0 177 0
1347177600 164 0 177 0
1347170400 150 0 156 0
1347163200 142 0 146 0
1347156000 105 0 145 0
1347148800 100 0 121 0
1347141600 115 0 119 0
1347134400 107 0 138 0
1347127200 108 0 148 0
1347120000 119 0 164 0
1347112800 150 0 161 0
1347105600 149 0 158 0
1347098400 138 0 168 0
1347091200 163 0 168 0
1347084000 137 0 163 0
1347076800 123 0 165 0
1347069600 154 0 165 0
1347062400 133 0 138 0
1347055200 132 0 134 0
1347048000 125 0 159 0
1347040800 154 0 159 0
1347033600 150 0 156 0
1347026400 143 0 166 0
1347019200 122 0 166 0
1347012000 118 0 159 0
1347004800 141 0 169 0
1346997600 142 0 169 0
1346990400 138 0 164 0
1346983200 138 0 162 0
1346976000 122 0 153 0
1346968800 136 0 142 0
1346961600 142 0 148 0
1346954400 155 0 166 0
1346947200 150 0 174 0
1346940000 144 0 169 0
1346932800 160 0 169 0
1346925600 152 0 161 0
1346918400 155 0 169 0
1346911200 128 0 172 0
1346904000 144 0 159 0
1346896800 130 0 170 0
1346889600 144 0 149 0
1346882400 145 0 150 0
1346875200 135 0 160 0
1346868000 137 0 159 0
1346860800 155 0 176 0
1346853600 152 0 179 0
1346846400 164 0 169 0
1346839200 135 0 160 0
1346832000 133 0 158 0
1346824800 158 0 162 0
1346817600 136 0 158 0
1346810400 124 0 150 0
1346803200 125 0 132 0
1346796000 128 0 129 0
1346788800 103 0 140 0
1346781600 125 0 149 0
1346774400 102 0 145 0
1346767200 127 0 153 0
1346760000 138 0 143 0
1346752800 113 0 152 0
1346745600 129 0 152 0
1346738400 145 0 150 0
1346731200 127 0 150 0
1346724000 126 0 148 0
1346716800 118 0 137 0
1346709600 135 0 137 0
1346702400 136 0 142 0
1346695200 127 0 146 0
1346688000 143 0 148 0
1346680800 151 0 155 0
1346673600 139 0 147 0
1346666400 133 0 154 0
1346659200 150 0 155 0
1346652000 147 0 153 0
1346644800 143 0 148 0
1346637600 141 0 152 0
1346630400 105 0 110 0
1346623200 106 0 106 0
1346616000 112 0 116 0
1346608800 79 0 130 0
1346601600 115 0 128 0
1346594400 130 0 156 0
1346587200 113 0 154 0
1346580000 108 0 145 0
1346572800 131 0 145 0
1346565600 126 0 148 0
1346558400 128 0 148 0
1346551200 131 0 146 0
1346544000 115 0 120 0
1346536800 114 0 117 0
1346529600 117 0 120 0
1346522400 104 0 163 0
1346515200 158 0 167 0
1346508000 108 0 165 0
1346500800 142 0 167 0
1346493600 164 0 170 0
1346486400 161 0 166 0
1346479200 149 0 159 0
1346472000 142 0 170 0
1346464800 153 0 167 0
1346457600 125 0 144 0
1346450400 109 0 142 0
1346443200 142 0 145 0
1346436000 152 0 169 0
1346428800 106 0 169 0
1346421600 159 0 164 0
1346414400 118 0 157 0
1346407200 123 0 149 0
1346400000 132 0 135 0
1346392800 118 0 144 0
1346385600 127 0 149 0
1346378400 137 0 146 0
1346371200 90 0 139 0
1346364000 137 0 138 0
1346356800 126 0 151 0
1346349600 147 0 156 0
1346342400 153 0 158 0
1346335200 137 0 159 0
1346328000 131 0 159 0
1346320800 149 0 157 0
1346313600 137 0 159 0
1346306400 156 0 162 0
1346299200 133 0 158 0
1346292000 127 0 158 0
1346284800 126 0 134 0
1346277600 125 0 128 0
1346270400 127 0 129 0
1346263200 72 0 145 0
1346256000 90 0 155 0
1346248800 144 0 155 0
1346241600 129 0 143 0
1346234400 64 0 152 0
1346227200 49 0 155 0
1346220000 97 0 153 0
1346212800 147 0 155 0
1346205600 136 0 152 0
1346198400 117 0 119 0
1346191200 78 0 122 0
1346184000 123 0 129 0
1346176800 135 0 142 0
1346169600 122 0 147 0
1346162400 128 0 148 0
1346155200 115 0 135 0
1346148000 135 0 138 0
1346140800 95 0 155 0
1346133600 147 0 154 0
1346126400 119 0 161 0
1346119200 116 0 158 0
1346112000 138 0 153 0
1346104800 137 0 145 0
1346097600 145 0 149 0
1346090400 135 0 162 0
1346083200 154 0 157 0
1346076000 144 0 152 0
1346068800 125 0 146 0
1346061600 145 0 158 0
1346054400 89 0 89 0
1346047200 89 0 89 0
1346040000 89 0 89 0
1346032800 89 0 89 0
1346025600 56 0 89 0
1346018400 61 0 63 0
1346011200 63 0 65 0
1346004000 62 0 67 0
1345996800 75 0 114 0
1345989600 109 0 165 0
1345982400 153 0 158 0
1345975200 113 0 149 0
1345968000 109 0 145 0
1345960800 108 0 153 0
1345953600 148 0 154 0
1345946400 101 0 141 0
1345939200 100 0 118 0
1345932000 112 0 115 0
1345924800 103 0 121 0
1345917600 62 0 106 0
1345910400 76 0 107 0
1345903200 94 0 151 0
1345896000 152 0 156 0
1345888800 137 0 162 0
1345881600 125 0 167 0
1345874400 150 0 173 0
1345867200 150 0 173 0
1345860000 160 0 172 0
1345852800 136 0 146 0
1345845600 137 0 139 0
1345838400 110 0 146 0
1345831200 144 0 153 0
1345824000 152 0 157 0
1345816800 130 0 162 0
1345809600 136 0 149 0
1345802400 127 0 149 0
1345795200 104 0 145 0
1345788000 137 0 143 0
1345780800 93 0 143 0
1345773600 0 0 0 0
1345766400 0 0 0 0
1345759200 0 0 0 0
1345752000 0 0 0 0
1345744800 0 0 0 0
1345737600 42 0 172 0
1345730400 151 0 172 0
1345723200 92 0 145 0
1345716000 145 0 175 0
1345708800 95 0 159 0
1345701600 151 0 155 0
1345694400 87 0 142 0
1345687200 135 0 163 0
1345680000 84 0 134 0
1345672800 65 0 125 0
1345665600 110 0 133 0
1345658400 85 0 132 0
1345651200 110 0 137 0
1345644000 71 0 149 0
1345636800 130 0 135 0
1345629600 148 0 164 0
1345622400 140 0 165 0
1345615200 162 0 171 0
1345608000 168 0 173 0
1345600800 154 0 161 0
1345593600 155 0 159 0
1345586400 157 0 158 0
1345579200 160 0 163 0
1345572000 164 0 168 0
1345564800 144 0 168 0
1345557600 123 0 165 0
1345550400 104 0 168 0
1345543200 133 0 159 0
1345536000 153 0 162 0
1345528800 158 0 163 0
1345521600 162 0 169 0
1345514400 132 0 162 0
1345507200 131 0 133 0
1345500000 116 0 132 0
1345492800 132 0 136 0
1345485600 126 0 149 0
1345478400 85 0 178 0
1345471200 174 0 178 0
1345464000 147 0 174 0
1345456800 154 0 179 0
1345449600 153 0 179 0
1345442400 154 0 179 0
1345435200 178 0 182 0
1345428000 156 0 181 0
1345420800 126 0 131 0
1345413600 118 0 119 0
1345406400 93 0 124 0
1345399200 119 0 124 0
1345392000 91 0 115 0
1345384800 99 0 164 0
1345377600 142 0 169 0
1345370400 141 0 166 0
1345363200 146 0 159 0
1345356000 111 0 155 0
1345348800 151 0 156 0
1345341600 151 0 161 0
1345334400 140 0 143 0
1345327200 124 0 143 0
1345320000 142 0 144 0
1345312800 144 0 149 0
1345305600 134 0 167 0
1345298400 165 0 168 0
1345291200 151 0 174 0
1345284000 146 0 177 0
1345276800 153 0 158 0
1345269600 132 0 152 0
1345262400 84 0 162 0
1345255200 145 0 162 0
1345248000 118 0 142 0
1345240800 142 0 145 0
1345233600 142 0 147 0
1345226400 130 0 154 0
1345219200 137 0 159 0
1345212000 110 0 159 0
1345204800 0 0 0 0
1345197600 0 0 0 0
1345190400 0 0 0 0
1345183200 0 0 0 0
1345176000 0 0 0 0
1345168800 0 0 0 0
1345161600 0 0 0 0
1345154400 0 0 0 0
1345147200 0 0 0 0
1345140000 0 0 0 0
1345132800 0 0 0 0
1345125600 0 0 0 0
1345118400 0 0 0 0
1345111200 0 0 0 0
1345104000 0 0 0 0
1345096800 0 0 0 0
1345089600 0 0 0 0
1345082400 0 0 0 0
1345075200 0 0 0 0
1345068000 0 0 0 0
1345060800 0 0 0 0
1345053600 0 0 0 0
1345046400 0 0 0 0
1345039200 0 0 0 0
1345032000 0 0 0 0
1345024800 0 0 0 0
1345017600 0 0 0 0
1345010400 0 0 0 0
1345003200 0 0 0 0
1344996000 0 0 0 0
1344988800 0 0 0 0
1344981600 0 0 0 0
1344974400 0 0 0 0
1344967200 0 0 0 0
1344960000 0 0 0 0
1344952800 0 0 0 0
1344945600 0 0 0 0
1344938400 0 0 0 0
1344931200 0 0 0 0
1344924000 0 0 0 0
1344916800 0 0 0 0
1344909600 0 0 0 0
1344902400 0 0 0 0
1344895200 0 0 0 0
1344888000 0 0 0 0
1344880800 0 0 0 0
1344873600 0 0 0 0
1344866400 0 0 0 0
1344859200 0 0 0 0
1344852000 0 0 0 0
1344844800 0 0 0 0
1344837600 0 0 0 0
1344830400 0 0 0 0
1344823200 0 0 0 0
1344816000 0 0 0 0
1344808800 0 0 0 0
1344801600 0 0 0 0
1344794400 0 0 0 0
1344787200 0 0 0 0
1344780000 0 0 0 0
1344772800 0 0 0 0
1344765600 0 0 0 0
1344758400 0 0 0 0
1344751200 0 0 0 0
1344744000 0 0 0 0
1344736800 0 0 0 0
1344729600 0 0 0 0
1344722400 0 0 0 0
1344715200 0 0 0 0
1344708000 0 0 0 0
1344700800 0 0 0 0
1344693600 0 0 0 0
1344686400 0 0 0 0
1344679200 0 0 0 0
1344672000 0 0 0 0
1344664800 0 0 0 0
1344657600 0 0 0 0
1344650400 0 0 0 0
1344643200 0 0 0 0
1344636000 0 0 0 0
1344628800 0 0 0 0
1344621600 0 0 0 0
1344614400 0 0 0 0
1344607200 0 0 0 0
1344600000 0 0 0 0
1344592800 0 0 0 0
1344585600 0 0 0 0
1344578400 0 0 0 0
1344571200 0 0 0 0
1344564000 0 0 0 0
1344556800 0 0 0 0
1344549600 0 0 0 0
1344542400 0 0 0 0
1344535200 0 0 0 0
1344528000 0 0 0 0
1344520800 0 0 0 0
1344513600 0 0 0 0
1344506400 0 0 0 0
1344499200 0 0 0 0
1344492000 0 0 0 0
1344484800 0 0 0 0
1344477600 0 0 0 0
1344470400 0 0 0 0
1344463200 0 0 0 0
1344456000 0 0 0 0
1344448800 0 0 0 0
1344441600 0 0 0 0
1344434400 0 0 0 0
1344427200 0 0 0 0
1344420000 0 0 0 0
1344412800 0 0 0 0
1344405600 0 0 0 0
1344398400 0 0 0 0
1344391200 0 0 0 0
1344384000 0 0 0 0
1344376800 0 0 0 0
1344369600 0 0 0 0
1344362400 0 0 0 0
1344355200 0 0 0 0
1344348000 0 0 0 0
1344340800 0 0 0 0
1344333600 0 0 0 0
1344326400 0 0 0 0
1344319200 0 0 0 0
1344312000 0 0 0 0
1344304800 0 0 0 0
1344297600 0 0 0 0
1344290400 0 0 0 0
1344283200 0 0 0 0
1344276000 0 0 0 0
1344268800 0 0 0 0
1344261600 0 0 0 0
1344254400 0 0 0 0
1344247200 0 0 0 0
1344240000 0 0 0 0
1344232800 0 0 0 0
1344225600 0 0 0 0
1344218400 0 0 0 0
1344211200 0 0 0 0
1344204000 0 0 0 0
1344196800 0 0 0 0
1344189600 0 0 0 0
1344182400 0 0 0 0
1344175200 0 0 0 0
1344168000 0 0 0 0
1344160800 0 0 0 0
1344153600 0 0 0 0
1344146400 0 0 0 0
1344139200 0 0 0 0
1344132000 0 0 0 0
1344124800 0 0 0 0
1344117600 0 0 0 0
1344110400 0 0 0 0
1344103200 0 0 0 0
1344096000 0 0 0 0
1344088800 0 0 0 0
1344081600 0 0 0 0
1344074400 0 0 0 0
1344067200 0 0 0 0
1344060000 0 0 0 0
1344052800 0 0 0 0
1344045600 0 0 0 0
1344038400 0 0 0 0
1344031200 0 0 0 0
1344024000 0 0 0 0
1344016800 0 0 0 0
1344009600 0 0 0 0
1344002400 0 0 0 0
1343995200 0 0 0 0
1343988000 0 0 0 0
1343980800 0 0 0 0
1343973600 0 0 0 0
1343966400 0 0 0 0
1343959200 0 0 0 0
1343952000 0 0 0 0
1343944800 0 0 0 0
1343937600 0 0 0 0
1343930400 0 0 0 0
1343923200 0 0 0 0
1343916000 0 0 0 0
1343908800 0 0 0 0
1343901600 0 0 0 0
1343894400 0 0 0 0
1343887200 0 0 0 0
1343880000 0 0 0 0
1343872800 0 0 0 0
1343865600 0 0 0 0
1343858400 0 0 0 0
1343851200 0 0 0 0
1343844000 0 0 0 0
1343836800 0 0 0 0
1343829600 0 0 0 0
1343822400 0 0 0 0
1343815200 0 0 0 0
1343808000 0 0 0 0
1343800800 0 0 0 0
1343793600 0 0 0 0
1343786400 0 0 0 0
1343779200 0 0 0 0
1343772000 0 0 0 0
1343764800 0 0 0 0
1343757600 0 0 0 0
1343750400 0 0 0 0
1343743200 0 0 0 0
1343736000 0 0 0 0
1343728800 0 0 0 0
1343721600 0 0 0 0
1343714400 0 0 0 0
1343707200 0 0 0 0
1343700000 0 0 0 0
1343692800 0 0 0 0
1343685600 0 0 0 0
1343678400 0 0 0 0
1343671200 0 0 0 0
1343664000 0 0 0 0
1343656800 0 0 0 0
1343649600 0 0 0 0
1343642400 0 0 0 0
1343635200 0 0 0 0
1343628000 0 0 0 0
1343620800 0 0 0 0
1343613600 0 0 0 0
1343606400 0 0 0 0
1343599200 0 0 0 0
1343592000 0 0 0 0
1343584800 0 0 0 0
1343577600 0 0 0 0
1343570400 0 0 0 0
1343563200 0 0 0 0
1343556000 0 0 0 0
1343548800 0 0 0 0
1343541600 0 0 0 0
1343534400 0 0 0 0
1343527200 0 0 0 0
1343520000 0 0 0 0
1343512800 0 0 0 0
1343505600 0 0 0 0
1343498400 0 0 0 0
1343491200 0 0 0 0
1343484000 0 0 0 0
1343476800 0 0 0 0
1343469600 0 0 0 0
1343462400 0 0 0 0
1343433600 0 0 0 0
1343347200 0 0 0 0
1343260800 0 0 0 0
1343174400 0 0 0 0
1343088000 0 0 0 0
1343001600 0 0 0 0
1342915200 0 0 0 0
1342828800 0 0 0 0
1342742400 0 0 0 0
1342656000 0 0 0 0
1342569600 0 0 0 0
1342483200 0 0 0 0
1342396800 0 0 0 0
1342310400 0 0 0 0
1342224000 0 0 0 0
1342137600 0 0 0 0
1342051200 0 0 0 0
1341964800 0 0 0 0
1341878400 0 0 0 0
1341792000 0 0 0 0
1341705600 0 0 0 0
1341619200 0 0 0 0
1341532800 0 0 0 0
1341446400 0 0 0 0
1341360000 0 0 0 0
1341273600 0 0 0 0
1341187200 0 0 0 0
1341100800 0 0 0 0
1341014400 0 0 0 0
1340928000 0 0 0 0
1340841600 0 0 0 0
1340755200 0 0 0 0
1340668800 0 0 0 0
1340582400 0 0 0 0
1340496000 0 0 0 0
1340409600 0 0 0 0
1340323200 0 0 0 0
1340236800 0 0 0 0
1340150400 0 0 0 0
1340064000 0 0 0 0
1339977600 0 0 0 0
1339891200 0 0 0 0
1339804800 0 0 0 0
1339718400 0 0 0 0
1339632000 0 0 0 0
1339545600 0 0 0 0
1339459200 0 0 0 0
1339372800 0 0 0 0
1339286400 0 0 0 0
1339200000 0 0 0 0
1339113600 0 0 0 0
1339027200 0 0 0 0
1338940800 0 0 0 0
1338854400 0 0 0 0
1338768000 0 0 0 0
1338681600 0 0 0 0
1338595200 0 0 0 0
1338508800 0 0 0 0
1338422400 0 0 0 0
1338336000 0 0 0 0
1338249600 0 0 0 0
1338163200 0 0 0 0
1338076800 0 0 0 0
1337990400 0 0 0 0
1337904000 0 0 0 0
1337817600 0 0 0 0
1337731200 0 0 0 0
1337644800 0 0 0 0
1337558400 0 0 0 0
1337472000 0 0 0 0
1337385600 0 0 0 0
1337299200 0 0 0 0
1337212800 0 0 0 0
1337126400 0 0 0 0
1337040000 0 0 0 0
1336953600 0 0 0 0
1336867200 0 0 0 0
1336780800 0 0 0 0
1336694400 0 0 0 0
1336608000 0 0 0 0
1336521600 0 0 0 0
1336435200 0 0 0 0
1336348800 0 0 0 0
1336262400 0 0 0 0
1336176000 0 0 0 0
1336089600 0 0 0 0
1336003200 0 0 0 0
1335916800 0 0 0 0
1335830400 0 0 0 0
1335744000 0 0 0 0
1335657600 0 0 0 0
1335571200 0 0 0 0
1335484800 0 0 0 0
1335398400 0 0 0 0
1335312000 0 0 0 0
1335225600 0 0 0 0
1335139200 0 0 0 0
1335052800 0 0 0 0
1334966400 0 0 0 0
1334880000 0 0 0 0
1334793600 0 0 0 0
1334707200 0 0 0 0
1334620800 0 0 0 0
1334534400 0 0 0 0
1334448000 0 0 0 0
1334361600 0 0 0 0
1334275200 0 0 0 0
1334188800 0 0 0 0
1334102400 0 0 0 0
1334016000 0 0 0 0
1333929600 0 0 0 0
1333843200 0 0 0 0
1333756800 0 0 0 0
1333670400 0 0 0 0
1333584000 0 0 0 0
1333497600 0 0 0 0
1333411200 0 0 0 0
1333324800 0 0 0 0
1333238400 0 0 0 0
1333152000 0 0 0 0
1333065600 0 0 0 0
1332979200 0 0 0 0
1332892800 0 0 0 0
1332806400 0 0 0 0
1332720000 0 0 0 0
1332633600 0 0 0 0
1332547200 0 0 0 0
1332460800 0 0 0 0
1332374400 0 0 0 0
1332288000 0 0 0 0
1332201600 0 0 0 0
1332115200 0 0 0 0
1332028800 0 0 0 0
1331942400 0 0 0 0
1331856000 0 0 0 0
1331769600 0 0 0 0
1331683200 0 0 0 0
1331596800 0 0 0 0
1331510400 0 0 0 0
1331424000 0 0 0 0
1331337600 0 0 0 0
1331251200 0 0 0 0
1331164800 0 0 0 0
1331078400 0 0 0 0
1330992000 0 0 0 0
1330905600 0 0 0 0
1330819200 0 0 0 0
1330732800 0 0 0 0
1330646400 0 0 0 0
1330560000 0 0 0 0
1330473600 0 0 0 0
1330387200 0 0 0 0
1330300800 0 0 0 0
1330214400 0 0 0 0
1330128000 0 0 0 0
1330041600 0 0 0 0
1329955200 0 0 0 0
1329868800 0 0 0 0
1329782400 0 0 0 0
1329696000 0 0 0 0
1329609600 0 0 0 0
1329523200 0 0 0 0
1329436800 0 0 0 0
1329350400 0 0 0 0
1329264000 0 0 0 0
1329177600 0 0 0 0
1329091200 0 0 0 0
1329004800 0 0 0 0
1328918400 0 0 0 0
1328832000 0 0 0 0
1328745600 0 0 0 0
1328659200 0 0 0 0
1328572800 0 0 0 0
1328486400 0 0 0 0
1328400000 0 0 0 0
1328313600 0 0 0 0
1328227200 0 0 0 0
1328140800 0 0 0 0
1328054400 0 0 0 0
1327968000 0 0 0 0
1327881600 0 0 0 0
1327795200 0 0 0 0
1327708800 0 0 0 0
1327622400 0 0 0 0
1327536000 0 0 0 0
1327449600 0 0 0 0
1327363200 0 0 0 0
1327276800 0 0 0 0
1327190400 0 0 0 0
1327104000 0 0 0 0
1327017600 0 0 0 0
1326931200 0 0 0 0
1326844800 0 0 0 0
1326758400 0 0 0 0
1326672000 0 0 0 0
1326585600 0 0 0 0
1326499200 0 0 0 0
1326412800 0 0 0 0
1326326400 0 0 0 0
1326240000 0 0 0 0
1326153600 0 0 0 0
1326067200 0 0 0 0
1325980800 0 0 0 0
1325894400 0 0 0 0
1325808000 0 0 0 0
1325721600 0 0 0 0
1325635200 0 0 0 0
1325548800 0 0 0 0
1325462400 0 0 0 0
1325376000 0 0 0 0
1325289600 0 0 0 0
1325203200 0 0 0 0
1325116800 0 0 0 0
1325030400 0 0 0 0
1324944000 0 0 0 0
1324857600 0 0 0 0
1324771200 0 0 0 0
1324684800 0 0 0 0
1324598400 0 0 0 0
1324512000 0 0 0 0
1324425600 0 0 0 0
1324339200 0 0 0 0
1324252800 0 0 0 0
1324166400 0 0 0 0
1324080000 0 0 0 0
1323993600 0 0 0 0
1323907200 0 0 0 0
1323820800 0 0 0 0
1323734400 0 0 0 0
1323648000 0 0 0 0
1323561600 0 0 0 0
1323475200 0 0 0 0
1323388800 0 0 0 0
1323302400 0 0 0 0
1323216000 0 0 0 0
1323129600 0 0 0 0
1323043200 0 0 0 0
1322956800 0 0 0 0
1322870400 0 0 0 0
1322784000 0 0 0 0
1322697600 0 0 0 0
1322611200 0 0 0 0
1322524800 0 0 0 0
1322438400 0 0 0 0
1322352000 0 0 0 0
1322265600 0 0 0 0
1322179200 0 0 0 0
1322092800 0 0 0 0
1322006400 0 0 0 0
1321920000 0 0 0 0
1321833600 0 0 0 0
1321747200 0 0 0 0
1321660800 0 0 0 0
1321574400 0 0 0 0
1321488000 0 0 0 0
1321401600 0 0 0 0
1321315200 0 0 0 0
1321228800 0 0 0 0
1321142400 0 0 0 0
1321056000 0 0 0 0
1320969600 0 0 0 0
1320883200 0 0 0 0
1320796800 0 0 0 0
1320710400 0 0 0 0
1320624000 0 0 0 0
1320537600 0 0 0 0
1320451200 0 0 0 0
1320364800 0 0 0 0
1320278400 0 0 0 0
1320192000 0 0 0 0
1320105600 0 0 0 0
1320019200 0 0 0 0
1319932800 0 0 0 0
1319846400 0 0 0 0
1319760000 0 0 0 0
1319673600 0 0 0 0
1319587200 0 0 0 0
1319500800 0 0 0 0
1319414400 0 0 0 0
1319328000 0 0 0 0
1319241600 0 0 0 0
1319155200 0 0 0 0
1319068800 0 0 0 0
1318982400 0 0 0 0
1318896000 0 0 0 0
1318809600 0 0 0 0
1318723200 0 0 0 0
1318636800 0 0 0 0
1318550400 0 0 0 0
1318464000 0 0 0 0
1318377600 0 0 0 0
1318291200 0 0 0 0
1318204800 0 0 0 0
1318118400 0 0 0 0
1318032000 0 0 0 0
1317945600 0 0 0 0
1317859200 0 0 0 0
1317772800 0 0 0 0
1317686400 0 0 0 0
1317600000 0 0 0 0
1317513600 0 0 0 0
1317427200 0 0 0 0
1317340800 0 0 0 0
1317254400 0 0 0 0
1317168000 0 0 0 0
1317081600 0 0 0 0
1316995200 0 0 0 0
1316908800 0 0 0 0
1316822400 0 0 0 0
1316736000 0 0 0 0
1316649600 0 0 0 0
1316563200 0 0 0 0
1316476800 0 0 0 0
1316390400 0 0 0 0
1316304000 0 0 0 0
1316217600 0 0 0 0
1316131200 0 0 0 0
1316044800 0 0 0 0
1315958400 0 0 0 0
1315872000 0 0 0 0
1315785600 0 0 0 0
1315699200 0 0 0 0
1315612800 0 0 0 0
1315526400 0 0 0 0
1315440000 0 0 0 0
1315353600 0 0 0 0
1315267200 0 0 0 0
1315180800 0 0 0 0
1315094400 0 0 0 0
1315008000 0 0 0 0
1314921600 0 0 0 0
1314835200 0 0 0 0
1314748800 0 0 0 0
1314662400 0 0 0 0
1314576000 0 0 0 0
1314489600 0 0 0 0
1314403200 0 0 0 0
1314316800 0 0 0 0
1314230400 0 0 0 0
1314144000 0 0 0 0
1314057600 0 0 0 0
1313971200 0 0 0 0
1313884800 0 0 0 0
1313798400 0 0 0 0
1313712000 0 0 0 0
1313625600 0 0 0 0
1313539200 0 0 0 0
1313452800 0 0 0 0
1313366400 0 0 0 0
1313280000 0 0 0 0
1313193600 0 0 0 0
1313107200 0 0 0 0
1313020800 0 0 0 0
1312934400 0 0 0 0
1312848000 0 0 0 0
1312761600 0 0 0 0
1312675200 0 0 0 0
1312588800 0 0 0 0
1312502400 0 0 0 0
1312416000 0 0 0 0
1312329600 0 0 0 0
1312243200 0 0 0 0
1312156800 0 0 0 0
1312070400 0 0 0 0
1311984000 0 0 0 0
1311897600 0 0 0 0
1311811200 0 0 0 0
1311724800 0 0 0 0
1311638400 0 0 0 0
1311552000 0 0 0 0
1311465600 0 0 0 0
1311379200 0 0 0 0
1311292800 0 0 0 0
1311206400 0 0 0 0
1311120000 0 0 0 0
1311033600 0 0 0 0
1310947200 0 0 0 0
1310860800 0 0 0 0
1310774400 0 0 0 0
1310688000 0 0 0 0
1310601600 0 0 0 0
1310515200 0 0 0 0
1310428800 0 0 0 0
1310342400 0 0 0 0
1310256000 0 0 0 0
1310169600 0 0 0 0
1310083200 0 0 0 0
1309996800 0 0 0 0
1309910400 0 0 0 0
1309824000 0 0 0 0
1309737600 0 0 0 0
1309651200 0 0 0 0
1309564800 0 0 0 0
1309478400 0 0 0 0
1309392000 0 0 0 0
1309305600 0 0 0 0
1309219200 0 0 0 0
1309132800 0 0 0 0
1309046400 0 0 0 0
1308960000 0 0 0 0
1308873600 0 0 0 0
1308787200 0 0 0 0
1308700800 0 0 0 0
1308614400 0 0 0 0
1308528000 0 0 0 0
1308441600 0 0 0 0
1308355200 0 0 0 0
1308268800 0 0 0 0
1308182400 0 0 0 0
1308096000 0 0 0 0
1308009600 0 0 0 0
1307923200 0 0 0 0
1307836800 0 0 0 0
1307750400 0 0 0 0
1307664000 0 0 0 0
1307577600 0 0 0 0
1307491200 0 0 0 0
1307404800 0 0 0 0
1307318400 0 0 0 0
1307232000 0 0 0 0
1307145600 0 0 0 0
1307059200 0 0 0 0
1306972800 0 0 0 0
1306886400 0 0 0 0
1306800000 0 0 0 0
1306713600 0 0 0 0
1306627200 0 0 0 0
1306540800 0 0 0 0
1306454400 0 0 0 0
1306368000 0 0 0 0
1306281600 0 0 0 0
1306195200 0 0 0 0
1306108800 0 0 0 0
1306022400 0 0 0 0
1305936000 0 0 0 0
1305849600 0 0 0 0
1305763200 0 0 0 0
1305676800 0 0 0 0
1305590400 0 0 0 0
1305504000 0 0 0 0
1305417600 0 0 0 0
1305331200 0 0 0 0
1305244800 0 0 0 0
1305158400 0 0 0 0
1305072000 0 0 0 0
1304985600 0 0 0 0
1304899200 0 0 0 0
1304812800 0 0 0 0
1304726400 0 0 0 0
1304640000 0 0 0 0
1304553600 0 0 0 0
1304467200 0 0 0 0
1304380800 0 0 0 0
1304294400 0 0 0 0
1304208000 0 0 0 0
1304121600 0 0 0 0
1304035200 0 0 0 0
1303948800 0 0 0 0
1303862400 0 0 0 0
1303776000 0 0 0 0
1303689600 0 0 0 0
1303603200 0 0 0 0
1303516800 0 0 0 0
1303430400 0 0 0 0
1303344000 0 0 0 0
1303257600 0 0 0 0
1303171200 0 0 0 0
1303084800 0 0 0 0
1302998400 0 0 0 0
1302912000 0 0 0 0
1302825600 0 0 0 0
1302739200 0 0 0 0
1302652800 0 0 0 0
1302566400 0 0 0 0
1302480000 0 0 0 0
1302393600 0 0 0 0
1302307200 0 0 0 0
1302220800 0 0 0 0
1302134400 0 0 0 0
1302048000 0 0 0 0
1301961600 0 0 0 0
1301875200 0 0 0 0
1301788800 0 0 0 0
1301702400 0 0 0 0
1301616000 0 0 0 0
1301529600 0 0 0 0
1301443200 0 0 0 0
1301356800 0 0 0 0
1301270400 0 0 0 0
1301184000 0 0 0 0
1301097600 0 0 0 0
1301011200 0 0 0 0
1300924800 0 0 0 0
1300838400 0 0 0 0
1300752000 0 0 0 0
1300665600 0 0 0 0
1300579200 0 0 0 0
1300492800 0 0 0 0
1300406400 0 0 0 0
1300320000 0 0 0 0
1300233600 0 0 0 0
1300147200 0 0 0 0
1300060800 0 0 0 0
1299974400 0 0 0 0
1299888000 0 0 0 0
1299801600 0 0 0 0
1299715200 0 0 0 0
1299628800 0 0 0 0
1299542400 0 0 0 0
1299456000 0 0 0 0
1299369600 0 0 0 0
1299283200 0 0 0 0
1299196800 0 0 0 0
1299110400 0 0 0 0
1299024000 0 0 0 0
1298937600 0 0 0 0
1298851200 0 0 0 0
1298764800 0 0 0 0
1298678400 0 0 0 0
1298592000 0 0 0 0
1298505600 0 0 0 0
1298419200 0 0 0 0
1298332800 0 0 0 0
1298246400 0 0 0 0
1298160000 0 0 0 0
1298073600 0 0 0 0
1297987200 0 0 0 0
1297900800 0 0 0 0
1297814400 0 0 0 0
1297728000 0 0 0 0
1297641600 0 0 0 0
1297555200 0 0 0 0
1297468800 0 0 0 0
1297382400 0 0 0 0
1297296000 0 0 0 0
1297209600 0 0 0 0
1297123200 0 0 0 0
1297036800 0 0 0 0
1296950400 0 0 0 0
1296864000 0 0 0 0
1296777600 0 0 0 0
1296691200 0 0 0 0
1296604800 0 0 0 0
1296518400 0 0 0 0
1296432000 0 0 0 0
1296345600 0 0 0 0
1296259200 0 0 0 0
1296172800 0 0 0 0
1296086400 0 0 0 0
1296000000 0 0 0 0
1295913600 0 0 0 0
1295827200 0 0 0 0
1295740800 0 0 0 0
1295654400 0 0 0 0
1295568000 0 0 0 0
1295481600 0 0 0 0
1295395200 0 0 0 0
1295308800 0 0 0 0
1295222400 0 0 0 0
1295136000 0 0 0 0
1295049600 0 0 0 0
1294963200 0 0 0 0
1294876800 0 0 0 0
1294790400 0 0 0 0
1294704000 0 0 0 0
1294617600 0 0 0 0
1294531200 0 0 0 0
1294444800 0 0 0 0
1294358400 0 0 0 0
1294272000 0 0 0 0
1294185600 0 0 0 0
1294099200 0 0 0 0
1294012800 0 0 0 0
1293926400 0 0 0 0
1293840000 0 0 0 0
1293753600 0 0 0 0
1293667200 0 0 0 0
1293580800 0 0 0 0
1293494400 0 0 0 0
1293408000 0 0 0 0
1293321600 0 0 0 0
1293235200 0 0 0 0
1293148800 0 0 0 0
1293062400 0 0 0 0
1292976000 0 0 0 0
1292889600 0 0 0 0
1292803200 0 0 0 0
1292716800 0 0 0 0
1292630400 0 0 0 0
1292544000 0 0 0 0
1292457600 0 0 0 0
1292371200 0 0 0 0
1292284800 0 0 0 0
1292198400 0 0 0 0
1292112000 0 0 0 0
1292025600 0 0 0 0
1291939200 0 0 0 0
1291852800 0 0 0 0
1291766400 0 0 0 0
1291680000 0 0 0 0
1291593600 0 0 0 0
1291507200 0 0 0 0
1291420800 0 0 0 0
1291334400 0 0 0 0
1291248000 0 0 0 0
1291161600 0 0 0 0
1291075200 0 0 0 0
1290988800 0 0 0 0
1290902400 0 0 0 0
1290816000 0 0 0 0
1290729600 0 0 0 0
1290643200 0 0 0 0
1290556800 0 0 0 0
1290470400 0 0 0 0
1290384000 0 0 0 0
1290297600 0 0 0 0
1290211200 0 0 0 0
1290124800 0 0 0 0
1290038400 0 0 0 0
1289952000 0 0 0 0
1289865600 0 0 0 0
1289779200 0 0 0 0
1289692800 0 0 0 0
1289606400 0 0 0 0
1289520000 0 0 0 0
1289433600 0 0 0 0
1289347200 0 0 0 0
1289260800 0 0 0 0
1289174400 0 0 0 0
1289088000 0 0 0 0
1289001600 0 0 0 0
1288915200 0 0 0 0
1288828800 0 0 0 0
1288742400 0 0 0 0
1288656000 0 0 0 0
1288569600 0 0 0 0
1288483200 0 0 0 0
1288396800 0 0 0 0
1288310400 0 0 0 0
1288224000 0 0 0 0
1288137600 0 0 0 0
1288051200 0 0 0 0
1287964800 0 0 0 0
1287878400 0 0 0 0
1287792000 0 0 0 0
1287705600 0 0 0 0
1287619200 0 0 0 0
1287532800 0 0 0 0
1287446400 0 0 0 0
1287360000 0 0 0 0
1287273600 0 0 0 0
1287187200 0 0 0 0
1287100800 0 0 0 0
1287014400 0 0 0 0
1286928000 0 0 0 0
1286841600 0 0 0 0
1286755200 0 0 0 0
1286668800 0 0 0 0
1286582400 0 0 0 0
1286496000 0 0 0 0
1286409600 0 0 0 0
1286323200 0 0 0 0
1286236800 0 0 0 0
1286150400 0 0 0 0
1286064000 0 0 0 0
1285977600 0 0 0 0
1285891200 0 0 0 0
1285804800 0 0 0 0
1285718400 0 0 0 0
1285632000 0 0 0 0
1285545600 0 0 0 0
1285459200 0 0 0 0
1285372800 0 0 0 0
1285286400 0 0 0 0
1285200000 0 0 0 0
1285113600 0 0 0 0
1285027200 0 0 0 0
1284940800 0 0 0 0
1284854400 0 0 0 0
1284768000 0 0 0 0
1284681600 0 0 0 0
1284595200 0 0 0 0
1284508800 0 0 0 0
1284422400 0 0 0 0
1284336000 0 0 0 0
1284249600 0 0 0 0
1284163200 0 0 0 0
1284076800 0 0 0 0
1283990400 0 0 0 0
1283904000 0 0 0 0
1283817600 0 0 0 0
1283731200 0 0 0 0
1283644800 0 0 0 0
1283558400 0 0 0 0
1283472000 0 0 0 0
1283385600 0 0 0 0
1283299200 0 0 0 0
1283212800 0 0 0 0
1283126400 0 0 0 0
1283040000 0 0 0 0
1282953600 0 0 0 0
1282867200 0 0 0 0
1282780800 0 0 0 0
1282694400 0 0 0 0
1282608000 0 0 0 0
1282521600 0 0 0 0
1282435200 0 0 0 0
1282348800 0 0 0 0
1282262400 0 0 0 0
1282176000 0 0 0 0
1282089600 0 0 0 0
1282003200 0 0 0 0
1281916800 0 0 0 0
1281830400 0 0 0 0
1281744000 0 0 0 0
1281657600 0 0 0 0
1281571200 0 0 0 0
1281484800 0 0 0 0
1281398400 0 0 0 0
1281312000 0 0 0 0
1281225600 0 0 0 0
1281139200 0 0 0 0
1281052800 0 0 0 0
1280966400 0 0 0 0
1280880000 0 0 0 0
1280793600 0 0 0 0
1280707200 0 0 0 0
1280620800 0 0 0 0
1280534400 0 0 0 0
1280448000 0 0 0 0
1280361600 0 0 0 0
1280275200 0 0 0 0
