1345209907 -1 -1
1345209907 70 50 70 50
1345209880 70 50 70 50
1345209600 70 50 70 50
1345209300 70 50 70 50
1345209000 70 50 70 50
1345208700 70 50 70 50
1345208400 70 50 70 50
1345208100 70 50 70 50
1345207800 70 50 70 50
1345207500 70 50 70 50
1345207200 70 50 70 50
1345206900 70 50 70 50
1345206600 70 50 70 50
1345206300 70 50 70 50
1345206000 70 50 70 50
1345205700 70 50 70 50
1345205400 70 50 70 50
1345205100 70 50 70 50
1345204800 70 50 70 50
1345204500 70 50 70 50
1345204200 70 50 70 50
1345203900 70 50 70 50
1345203600 70 50 70 50
1345203300 70 50 70 50
1345203000 70 50 70 50
1345202700 70 50 70 50
1345202400 70 50 70 50
1345202100 70 50 70 50
1345201800 70 50 70 50
1345201500 70 50 70 50
1345201200 70 50 70 50
1345200900 70 50 70 50
1345200600 70 50 70 50
1345200300 70 50 70 50
1345200000 70 50 70 50
1345199700 70 50 70 50
1345199400 70 50 70 50
1345199100 70 50 70 50
1345198800 70 50 70 50
1345198500 70 50 70 50
1345198200 70 50 70 50
1345197900 70 50 70 50
1345197600 70 50 70 50
1345197300 70 50 70 50
1345197000 70 50 70 50
1345196700 70 50 70 50
1345196400 70 50 70 50
1345196100 70 50 70 50
1345195800 70 50 70 50
1345195500 70 50 70 50
1345195200 70 50 70 50
1345194900 70 50 70 50
1345194600 70 50 70 50
1345194300 70 50 70 50
1345194000 70 50 70 50
1345193700 70 50 70 50
1345193400 70 50 70 50
1345193100 70 50 70 50
1345192800 70 50 70 50
1345192500 70 50 70 50
1345192200 70 50 70 50
1345191900 70 50 70 50
1345191600 70 50 70 50
1345191300 70 50 70 50
1345191000 70 50 70 50
1345190700 70 50 70 50
1345190400 70 50 70 50
1345190100 70 50 70 50
1345189800 70 50 70 50
1345189500 70 50 70 50
1345189200 70 50 70 50
1345188900 70 50 70 50
1345188600 70 50 70 50
1345188300 70 50 70 50
1345188000 70 50 70 50
1345187700 70 50 70 50
1345187400 70 50 70 50
1345187100 70 50 70 50
1345186800 70 50 70 50
1345186500 70 50 70 50
1345186200 70 50 70 50
1345185900 70 50 70 50
1345185600 70 50 70 50
1345185300 70 50 70 50
1345185000 70 50 70 50
1345184700 70 50 70 50
1345184400 70 50 70 50
1345184100 70 50 70 50
1345183800 70 50 70 50
1345183500 70 50 70 50
1345183200 70 50 70 50
1345182900 70 50 70 50
1345182600 70 50 70 50
1345182300 70 50 70 50
1345182000 70 50 70 50
1345181700 70 50 70 50
1345181400 70 50 70 50
1345181100 70 50 70 50
1345180800 70 50 70 50
1345180500 70 50 70 50
1345180200 70 50 70 50
1345179900 70 50 70 50
1345179600 70 50 70 50
1345179300 70 50 70 50
1345179000 70 50 70 50
1345178700 70 50 70 50
1345178400 70 50 70 50
1345178100 70 50 70 50
1345177800 70 50 70 50
1345177500 70 50 70 50
1345177200 70 50 70 50
1345176900 70 50 70 50
1345176600 70 50 70 50
1345176300 70 50 70 50
1345176000 70 50 70 50
1345175700 70 50 70 50
1345175400 70 50 70 50
1345175100 70 50 70 50
1345174800 70 50 70 50
1345174500 70 50 70 50
1345174200 70 50 70 50
1345173900 70 50 70 50
1345173600 70 50 70 50
1345173300 70 50 70 50
1345173000 70 50 70 50
1345172700 70 50 70 50
1345172400 70 50 70 50
1345172100 70 50 70 50
1345171800 70 50 70 50
1345171500 70 50 70 50
1345171200 70 50 70 50
1345170900 70 50 70 50
1345170600 70 50 70 50
1345170300 70 50 70 50
1345170000 70 50 70 50
1345169700 70 50 70 50
1345169400 70 50 70 50
1345169100 70 50 70 50
1345168800 70 50 70 50
1345168500 70 50 70 50
1345168200 70 50 70 50
1345167900 70 50 70 50
1345167600 70 50 70 50
1345167300 70 50 70 50
1345167000 70 50 70 50
1345166700 70 50 70 50
1345166400 70 50 70 50
1345166100 70 50 70 50
1345165800 70 50 70 50
1345165500 70 50 70 50
1345165200 70 50 70 50
1345164900 70 50 70 50
1345164600 70 50 70 50
1345164300 70 50 70 50
1345164000 70 50 70 50
1345163700 70 50 70 50
1345163400 70 50 70 50
1345163100 70 50 70 50
1345162800 70 50 70 50
1345162500 70 50 70 50
1345162200 70 50 70 50
1345161900 70 50 70 50
1345161600 70 50 70 50
1345161300 70 50 70 50
1345161000 70 50 70 50
1345160700 70 50 70 50
1345160400 70 50 70 50
1345160100 70 50 70 50
1345159800 70 50 70 50
1345159500 70 50 70 50
1345159200 70 50 70 50
1345158900 70 50 70 50
1345158600 70 50 70 50
1345158300 70 50 70 50
1345158000 70 50 70 50
1345157700 70 50 70 50
1345157400 70 50 70 50
1345157100 70 50 70 50
1345156800 70 50 70 50
1345156500 70 50 70 50
1345156200 70 50 70 50
1345155900 70 50 70 50
1345155600 70 50 70 50
1345155300 70 50 70 50
1345155000 70 50 70 50
1345154700 70 50 70 50
1345154400 70 50 70 50
1345154100 70 50 70 50
1345153800 70 50 70 50
1345153500 70 50 70 50
1345153200 70 50 70 50
1345152900 70 50 70 50
1345152600 70 50 70 50
1345152300 70 50 70 50
1345152000 70 50 70 50
1345151700 70 50 70 50
1345151400 70 50 70 50
1345151100 70 50 70 50
1345150800 70 50 70 50
1345150500 70 50 70 50
1345150200 70 50 70 50
1345149900 70 50 70 50
1345149600 70 50 70 50
1345149300 70 50 70 50
1345149000 70 50 70 50
1345148700 70 50 70 50
1345148400 70 50 70 50
1345148100 70 50 70 50
1345147800 70 50 70 50
1345147500 70 50 70 50
1345147200 70 50 70 50
1345146900 70 50 70 50
1345146600 70 50 70 50
1345146300 70 50 70 50
1345146000 70 50 70 50
1345145700 70 50 70 50
1345145400 70 50 70 50
1345145100 70 50 70 50
1345144800 70 50 70 50
1345144500 70 50 70 50
1345144200 70 50 70 50
1345143900 70 50 70 50
1345143600 70 50 70 50
1345143300 70 50 70 50
1345143000 70 50 70 50
1345142700 70 50 70 50
1345142400 70 50 70 50
1345142100 70 50 70 50
1345141800 70 50 70 50
1345141500 70 50 70 50
1345141200 70 50 70 50
1345140900 70 50 70 50
1345140600 70 50 70 50
1345140300 70 50 70 50
1345140000 70 50 70 50
1345139700 70 50 70 50
1345139400 70 50 70 50
1345139100 70 50 70 50
1345138800 70 50 70 50
1345138500 70 50 70 50
1345138200 70 50 70 50
1345137900 70 50 70 50
1345137600 70 50 70 50
1345137300 70 50 70 50
1345137000 70 50 70 50
1345136700 70 50 70 50
1345136400 70 50 70 50
1345136100 70 50 70 50
1345135800 70 50 70 50
1345135500 70 50 70 50
1345135200 70 50 70 50
1345134900 70 50 70 50
1345134600 70 50 70 50
1345134300 70 50 70 50
1345134000 70 50 70 50
1345133700 70 50 70 50
1345133400 70 50 70 50
1345133100 70 50 70 50
1345132800 70 50 70 50
1345132500 70 50 70 50
1345132200 70 50 70 50
1345131900 70 50 70 50
1345131600 70 50 70 50
1345131300 70 50 70 50
1345131000 70 50 70 50
1345130700 70 50 70 50
1345130400 70 50 70 50
1345130100 70 50 70 50
1345129800 70 50 70 50
1345129500 70 50 70 50
1345129200 70 50 70 50
1345128900 70 50 70 50
1345128600 70 50 70 50
1345128300 70 50 70 50
1345128000 70 50 70 50
1345127700 70 50 70 50
1345127400 70 50 70 50
1345127100 70 50 70 50
1345126800 70 50 70 50
1345126500 70 50 70 50
1345126200 70 50 70 50
1345125900 70 50 70 50
1345125600 70 50 70 50
1345125300 70 50 70 50
1345125000 70 50 70 50
1345124700 70 50 70 50
1345124400 70 50 70 50
1345124100 70 50 70 50
1345123800 70 50 70 50
1345123500 70 50 70 50
1345123200 70 50 70 50
1345122900 70 50 70 50
1345122600 70 50 70 50
1345122300 70 50 70 50
1345122000 70 50 70 50
1345121700 70 50 70 50
1345121400 70 50 70 50
1345121100 70 50 70 50
1345120800 70 50 70 50
1345120500 70 50 70 50
1345120200 70 50 70 50
1345119900 70 50 70 50
1345119600 70 50 70 50
1345119300 70 50 70 50
1345119000 70 50 70 50
1345118700 70 50 70 50
1345118400 70 50 70 50
1345118100 70 50 70 50
1345117800 70 50 70 50
1345117500 70 50 70 50
1345117200 70 50 70 50
1345116900 70 50 70 50
1345116600 70 50 70 50
1345116300 70 50 70 50
1345116000 70 50 70 50
1345115700 70 50 70 50
1345115400 70 50 70 50
1345115100 70 50 70 50
1345114800 70 50 70 50
1345114500 70 50 70 50
1345114200 70 50 70 50
1345113900 70 50 70 50
1345113600 70 50 70 50
1345113300 70 50 70 50
1345113000 70 50 70 50
1345112700 70 50 70 50
1345112400 70 50 70 50
1345112100 70 50 70 50
1345111800 70 50 70 50
1345111500 70 50 70 50
1345111200 70 50 70 50
1345110900 70 50 70 50
1345110600 70 50 70 50
1345110300 70 50 70 50
1345110000 70 50 70 50
1345109700 70 50 70 50
1345109400 70 50 70 50
1345109100 70 50 70 50
1345108800 70 50 70 50
1345108500 70 50 70 50
1345108200 70 50 70 50
1345107900 70 50 70 50
1345107600 70 50 70 50
1345107300 70 50 70 50
1345107000 70 50 70 50
1345106700 70 50 70 50
1345106400 70 50 70 50
1345106100 70 50 70 50
1345105800 70 50 70 50
1345105500 70 50 70 50
1345105200 70 50 70 50
1345104900 70 50 70 50
1345104600 70 50 70 50
1345104300 70 50 70 50
1345104000 70 50 70 50
1345103700 70 50 70 50
1345103400 70 50 70 50
1345103100 70 50 70 50
1345102800 70 50 70 50
1345102500 70 50 70 50
1345102200 70 50 70 50
1345101900 70 50 70 50
1345101600 70 50 70 50
1345101300 70 50 70 50
1345101000 70 50 70 50
1345100700 70 50 70 50
1345100400 70 50 70 50
1345100100 70 50 70 50
1345099800 70 50 70 50
1345099500 70 50 70 50
1345099200 70 50 70 50
1345098900 70 50 70 50
1345098600 70 50 70 50
1345098300 70 50 70 50
1345098000 70 50 70 50
1345097700 70 50 70 50
1345097400 70 50 70 50
1345097100 70 50 70 50
1345096800 70 50 70 50
1345096500 70 50 70 50
1345096200 70 50 70 50
1345095900 70 50 70 50
1345095600 70 50 70 50
1345095300 70 50 70 50
1345095000 70 50 70 50
1345094700 70 50 70 50
1345094400 70 50 70 50
1345094100 70 50 70 50
1345093800 70 50 70 50
1345093500 70 50 70 50
1345093200 70 50 70 50
1345092900 70 50 70 50
1345092600 70 50 70 50
1345092300 70 50 70 50
1345092000 70 50 70 50
1345091700 70 50 70 50
1345091400 70 50 70 50
1345091100 70 50 70 50
1345090800 70 50 70 50
1345090500 70 50 70 50
1345090200 70 50 70 50
1345089900 70 50 70 50
1345089600 70 50 70 50
1345089300 70 50 70 50
1345089000 70 50 70 50
1345088700 70 50 70 50
1345088400 70 50 70 50
1345088100 70 50 70 50
1345087800 70 50 70 50
1345087500 70 50 70 50
1345087200 70 50 70 50
1345086900 70 50 70 50
1345086600 70 50 70 50
1345086300 70 50 70 50
1345086000 70 50 70 50
1345085700 70 50 70 50
1345085400 70 50 70 50
1345085100 70 50 70 50
1345084800 70 50 70 50
1345084500 70 50 70 50
1345084200 70 50 70 50
1345083900 70 50 70 50
1345083600 70 50 70 50
1345083300 70 50 70 50
1345083000 70 50 70 50
1345082700 70 50 70 50
1345082400 70 50 70 50
1345082100 70 50 70 50
1345081800 70 50 70 50
1345081500 70 50 70 50
1345081200 70 50 70 50
1345080900 70 50 70 50
1345080600 70 50 70 50
1345080300 70 50 70 50
1345080000 70 50 70 50
1345079700 70 50 70 50
1345079400 70 50 70 50
1345079100 70 50 70 50
1345078800 70 50 70 50
1345078500 70 50 70 50
1345078200 70 50 70 50
1345077900 70 50 70 50
1345077600 70 50 70 50
1345077300 70 50 70 50
1345077000 70 50 70 50
1345076700 70 50 70 50
1345076400 70 50 70 50
1345076100 70 50 70 50
1345075800 70 50 70 50
1345075500 70 50 70 50
1345075200 70 50 70 50
1345074900 70 50 70 50
1345074600 70 50 70 50
1345074300 70 50 70 50
1345074000 70 50 70 50
1345073700 70 50 70 50
1345073400 70 50 70 50
1345073100 70 50 70 50
1345072800 70 50 70 50
1345072500 70 50 70 50
1345072200 70 50 70 50
1345071900 70 50 70 50
1345071600 70 50 70 50
1345071300 70 50 70 50
1345071000 70 50 70 50
1345070700 70 50 70 50
1345070400 70 50 70 50
1345070100 70 50 70 50
1345069800 70 50 70 50
1345069500 70 50 70 50
1345069200 70 50 70 50
1345068900 70 50 70 50
1345068600 70 50 70 50
1345068300 70 50 70 50
1345068000 70 50 70 50
1345067700 70 50 70 50
1345067400 70 50 70 50
1345067100 70 50 70 50
1345066800 70 50 70 50
1345066500 70 50 70 50
1345066200 70 50 70 50
1345065900 70 50 70 50
1345065600 70 50 70 50
1345065300 70 50 70 50
1345065000 70 50 70 50
1345064700 70 50 70 50
1345064400 70 50 70 50
1345064100 70 50 70 50
1345063800 70 50 70 50
1345063500 70 50 70 50
1345063200 70 50 70 50
1345062900 70 50 70 50
1345062600 70 50 70 50
1345062300 70 50 70 50
1345062000 70 50 70 50
1345061700 70 50 70 50
1345061400 70 50 70 50
1345061100 70 50 70 50
1345060800 70 50 70 50
1345060500 70 50 70 50
1345060200 70 50 70 50
1345059900 70 50 70 50
1345059600 70 50 70 50
1345059300 70 50 70 50
1345059000 70 50 70 50
1345058700 70 50 70 50
1345058400 70 50 70 50
1345058100 70 50 70 50
1345057800 70 50 70 50
1345057500 70 50 70 50
1345057200 70 50 70 50
1345056900 70 50 70 50
1345056600 70 50 70 50
1345056300 70 50 70 50
1345056000 70 50 70 50
1345055700 70 50 70 50
1345055400 70 50 70 50
1345055100 70 50 70 50
1345054800 70 50 70 50
1345054500 70 50 70 50
1345054200 70 50 70 50
1345053900 70 50 70 50
1345053600 70 50 70 50
1345053300 70 50 70 50
1345053000 70 50 70 50
1345052700 70 50 70 50
1345052400 70 50 70 50
1345052100 70 50 70 50
1345051800 70 50 70 50
1345051500 70 50 70 50
1345051200 70 50 70 50
1345050900 70 50 70 50
1345050600 70 50 70 50
1345050300 70 50 70 50
1345050000 70 50 70 50
1345049700 70 50 70 50
1345049400 70 50 70 50
1345049100 70 50 70 50
1345048800 70 50 70 50
1345048500 70 50 70 50
1345048200 70 50 70 50
1345047900 70 50 70 50
1345047600 70 50 70 50
1345047300 70 50 70 50
1345047000 70 50 70 50
1345046700 70 50 70 50
1345046400 70 50 70 50
1345046100 70 50 70 50
1345045800 70 50 70 50
1345045500 70 50 70 50
1345045200 70 50 70 50
1345044900 70 50 70 50
1345044600 70 50 70 50
1345044300 70 50 70 50
1345044000 70 50 70 50
1345043700 70 50 70 50
1345043400 70 50 70 50
1345043100 70 50 70 50
1345042800 70 50 70 50
1345042500 70 50 70 50
1345042200 70 50 70 50
1345041900 70 50 70 50
1345041600 70 50 70 50
1345041300 70 50 70 50
1345041000 70 50 70 50
1345040700 70 50 70 50
1345040400 70 50 70 50
1345040100 70 50 70 50
1345039800 70 50 70 50
1345039500 70 50 70 50
1345039200 70 50 70 50
1345038900 70 50 70 50
1345038600 70 50 70 50
1345038300 70 50 70 50
1345038000 70 50 70 50
1345037700 70 50 70 50
1345037400 70 50 70 50
1345037100 70 50 70 50
1345036800 70 50 70 50
1345036500 70 50 70 50
1345036200 70 50 70 50
1345035900 70 50 70 50
1345035600 70 50 70 50
1345035300 70 50 70 50
1345035000 70 50 70 50
1345034700 70 50 70 50
1345034400 70 50 70 50
1345034100 70 50 70 50
1345033800 70 50 70 50
1345033500 70 50 70 50
1345033200 70 50 70 50
1345032900 70 50 70 50
1345032600 70 50 70 50
1345032300 70 50 70 50
1345032000 70 50 70 50
1345031700 70 50 70 50
1345031400 70 50 70 50
1345031100 70 50 70 50
1345030800 70 50 70 50
1345030500 70 50 70 50
1345030200 70 50 70 50
1345029900 70 50 70 50
1345028400 70 50 70 50
1345026600 70 50 70 50
1345024800 70 50 70 50
1345023000 70 50 70 50
1345021200 70 50 70 50
1345019400 70 50 70 50
1345017600 70 50 70 50
1345015800 70 50 70 50
1345014000 70 50 70 50
1345012200 70 50 70 50
1345010400 70 50 70 50
1345008600 70 50 70 50
1345006800 70 50 70 50
1345005000 70 50 70 50
1345003200 70 50 70 50
1345001400 70 50 70 50
1344999600 70 50 70 50
1344997800 70 50 70 50
1344996000 70 50 70 50
1344994200 70 50 70 50
1344992400 70 50 70 50
1344990600 70 50 70 50
1344988800 70 50 70 50
1344987000 70 50 70 50
1344985200 70 50 70 50
1344983400 70 50 70 50
1344981600 70 50 70 50
1344979800 70 50 70 50
1344978000 70 50 70 50
1344976200 70 50 70 50
1344974400 70 50 70 50
1344972600 70 50 70 50
1344970800 70 50 70 50
1344969000 70 50 70 50
1344967200 70 50 70 50
1344965400 70 50 70 50
1344963600 70 50 70 50
1344961800 70 50 70 50
1344960000 70 50 70 50
1344958200 70 50 70 50
1344956400 70 50 70 50
1344954600 70 50 70 50
1344952800 70 50 70 50
1344951000 70 50 70 50
1344949200 70 50 70 50
1344947400 70 50 70 50
1344945600 70 50 70 50
1344943800 70 50 70 50
1344942000 70 50 70 50
1344940200 70 50 70 50
1344938400 70 50 70 50
1344936600 70 50 70 50
1344934800 70 50 70 50
1344933000 70 50 70 50
1344931200 70 50 70 50
1344929400 70 50 70 50
1344927600 70 50 70 50
1344925800 70 50 70 50
1344924000 70 50 70 50
1344922200 70 50 70 50
1344920400 70 50 70 50
1344918600 70 50 70 50
1344916800 70 50 70 50
1344915000 70 50 70 50
1344913200 70 50 70 50
1344911400 70 50 70 50
1344909600 70 50 70 50
1344907800 70 50 70 50
1344906000 70 50 70 50
1344904200 70 50 70 50
1344902400 70 50 70 50
1344900600 70 50 70 50
1344898800 70 50 70 50
1344897000 70 50 70 50
1344895200 70 50 70 50
1344893400 70 50 70 50
1344891600 70 50 70 50
1344889800 70 50 70 50
1344888000 70 50 70 50
1344886200 70 50 70 50
1344884400 70 50 70 50
1344882600 70 50 70 50
1344880800 70 50 70 50
1344879000 70 50 70 50
1344877200 70 50 70 50
1344875400 70 50 70 50
1344873600 70 50 70 50
1344871800 70 50 70 50
1344870000 70 50 70 50
1344868200 70 50 70 50
1344866400 70 50 70 50
1344864600 70 50 70 50
1344862800 70 50 70 50
1344861000 70 50 70 50
1344859200 70 50 70 50
1344857400 70 50 70 50
1344855600 70 50 70 50
1344853800 70 50 70 50
1344852000 70 50 70 50
1344850200 70 50 70 50
1344848400 70 50 70 50
1344846600 70 50 70 50
1344844800 70 50 70 50
1344843000 70 50 70 50
1344841200 70 50 70 50
1344839400 70 50 70 50
1344837600 70 50 70 50
1344835800 70 50 70 50
1344834000 70 50 70 50
1344832200 70 50 70 50
1344830400 70 50 70 50
1344828600 70 50 70 50
1344826800 70 50 70 50
1344825000 70 50 70 50
1344823200 70 50 70 50
1344821400 70 50 70 50
1344819600 70 50 70 50
1344817800 70 50 70 50
1344816000 70 50 70 50
1344814200 70 50 70 50
1344812400 70 50 70 50
1344810600 70 50 70 50
1344808800 70 50 70 50
1344807000 70 50 70 50
1344805200 70 50 70 50
1344803400 70 50 70 50
1344801600 70 50 70 50
1344799800 70 50 70 50
1344798000 70 50 70 50
1344796200 70 50 70 50
1344794400 70 50 70 50
1344792600 70 50 70 50
1344790800 70 50 70 50
1344789000 70 50 70 50
1344787200 70 50 70 50
1344785400 70 50 70 50
1344783600 70 50 70 50
1344781800 70 50 70 50
1344780000 70 50 70 50
1344778200 70 50 70 50
1344776400 70 50 70 50
1344774600 70 50 70 50
1344772800 70 50 70 50
1344771000 70 50 70 50
1344769200 70 50 70 50
1344767400 70 50 70 50
1344765600 70 50 70 50
1344763800 70 50 70 50
1344762000 70 50 70 50
1344760200 70 50 70 50
1344758400 70 50 70 50
1344756600 70 50 70 50
1344754800 70 50 70 50
1344753000 70 50 70 50
1344751200 70 50 70 50
1344749400 70 50 70 50
1344747600 70 50 70 50
1344745800 70 50 70 50
1344744000 70 50 70 50
1344742200 70 50 70 50
1344740400 70 50 70 50
1344738600 70 50 70 50
1344736800 70 50 70 50
1344735000 70 50 70 50
1344733200 70 50 70 50
1344731400 70 50 70 50
1344729600 70 50 70 50
1344727800 70 50 70 50
1344726000 70 50 70 50
1344724200 70 50 70 50
1344722400 70 50 70 50
1344720600 70 50 70 50
1344718800 70 50 70 50
1344717000 70 50 70 50
1344715200 70 50 70 50
1344713400 70 50 70 50
1344711600 70 50 70 50
1344709800 70 50 70 50
1344708000 70 50 70 50
1344706200 70 50 70 50
1344704400 70 50 70 50
1344702600 70 50 70 50
1344700800 70 50 70 50
1344699000 70 50 70 50
1344697200 70 50 70 50
1344695400 70 50 70 50
1344693600 70 50 70 50
1344691800 70 50 70 50
1344690000 70 50 70 50
1344688200 70 50 70 50
1344686400 70 50 70 50
1344684600 70 50 70 50
1344682800 70 50 70 50
1344681000 70 50 70 50
1344679200 70 50 70 50
1344677400 70 50 70 50
1344675600 70 50 70 50
1344673800 70 50 70 50
1344672000 70 50 70 50
1344670200 70 50 70 50
1344668400 70 50 70 50
1344666600 70 50 70 50
1344664800 70 50 70 50
1344663000 70 50 70 50
1344661200 70 50 70 50
1344659400 70 50 70 50
1344657600 70 50 70 50
1344655800 70 50 70 50
1344654000 70 50 70 50
1344652200 70 50 70 50
1344650400 70 50 70 50
1344648600 70 50 70 50
1344646800 70 50 70 50
1344645000 70 50 70 50
1344643200 70 50 70 50
1344641400 70 50 70 50
1344639600 70 50 70 50
1344637800 70 50 70 50
1344636000 70 50 70 50
1344634200 70 50 70 50
1344632400 70 50 70 50
1344630600 70 50 70 50
1344628800 70 50 70 50
1344627000 70 50 70 50
1344625200 70 50 70 50
1344623400 70 50 70 50
1344621600 70 50 70 50
1344619800 70 50 70 50
1344618000 70 50 70 50
1344616200 70 50 70 50
1344614400 70 50 70 50
1344612600 70 50 70 50
1344610800 70 50 70 50
1344609000 70 50 70 50
1344607200 70 50 70 50
1344605400 70 50 70 50
1344603600 70 50 70 50
1344601800 70 50 70 50
1344600000 70 50 70 50
1344598200 70 50 70 50
1344596400 70 50 70 50
1344594600 70 50 70 50
1344592800 70 50 70 50
1344591000 70 50 70 50
1344589200 70 50 70 50
1344587400 70 50 70 50
1344585600 70 50 70 50
1344583800 70 50 70 50
1344582000 70 50 70 50
1344580200 70 50 70 50
1344578400 70 50 70 50
1344576600 70 50 70 50
1344574800 70 50 70 50
1344573000 70 50 70 50
1344571200 70 50 70 50
1344569400 70 50 70 50
1344567600 70 50 70 50
1344565800 70 50 70 50
1344564000 70 50 70 50
1344562200 70 50 70 50
1344560400 70 50 70 50
1344558600 70 50 70 50
1344556800 70 50 70 50
1344555000 70 50 70 50
1344553200 70 50 70 50
1344551400 70 50 70 50
1344549600 70 50 70 50
1344547800 70 50 70 50
1344546000 70 50 70 50
1344544200 70 50 70 50
1344542400 70 50 70 50
1344540600 70 50 70 50
1344538800 70 50 70 50
1344537000 70 50 70 50
1344535200 70 50 70 50
1344533400 70 50 70 50
1344531600 70 50 70 50
1344529800 70 50 70 50
1344528000 70 50 70 50
1344526200 70 50 70 50
1344524400 70 50 70 50
1344522600 70 50 70 50
1344520800 70 50 70 50
1344519000 70 50 70 50
1344517200 70 50 70 50
1344515400 70 50 70 50
1344513600 70 50 70 50
1344511800 70 50 70 50
1344510000 70 50 70 50
1344508200 70 50 70 50
1344506400 70 50 70 50
1344504600 70 50 70 50
1344502800 70 50 70 50
1344501000 70 50 70 50
1344499200 70 50 70 50
1344497400 70 50 70 50
1344495600 70 50 70 50
1344493800 70 50 70 50
1344492000 70 50 70 50
1344490200 70 50 70 50
1344488400 70 50 70 50
1344486600 70 50 70 50
1344484800 70 50 70 50
1344483000 70 50 70 50
1344481200 70 50 70 50
1344479400 70 50 70 50
1344477600 70 50 70 50
1344475800 70 50 70 50
1344474000 70 50 70 50
1344472200 70 50 70 50
1344470400 70 50 70 50
1344468600 70 50 70 50
1344466800 70 50 70 50
1344465000 70 50 70 50
1344463200 70 50 70 50
1344461400 70 50 70 50
1344459600 70 50 70 50
1344457800 70 50 70 50
1344456000 70 50 70 50
1344454200 70 50 70 50
1344452400 70 50 70 50
1344450600 70 50 70 50
1344448800 70 50 70 50
1344447000 70 50 70 50
1344445200 70 50 70 50
1344443400 70 50 70 50
1344441600 70 50 70 50
1344439800 70 50 70 50
1344438000 70 50 70 50
1344436200 70 50 70 50
1344434400 70 50 70 50
1344432600 70 50 70 50
1344430800 70 50 70 50
1344429000 70 50 70 50
1344427200 70 50 70 50
1344425400 70 50 70 50
1344423600 70 50 70 50
1344421800 70 50 70 50
1344420000 70 50 70 50
1344418200 70 50 70 50
1344416400 70 50 70 50
1344414600 70 50 70 50
1344412800 70 50 70 50
1344411000 70 50 70 50
1344409200 70 50 70 50
1344407400 70 50 70 50
1344405600 70 50 70 50
1344403800 70 50 70 50
1344402000 70 50 70 50
1344400200 70 50 70 50
1344398400 70 50 70 50
1344396600 70 50 70 50
1344394800 70 50 70 50
1344393000 70 50 70 50
1344391200 70 50 70 50
1344389400 70 50 70 50
1344387600 70 50 70 50
1344385800 70 50 70 50
1344384000 70 50 70 50
1344382200 70 50 70 50
1344380400 70 50 70 50
1344378600 70 50 70 50
1344376800 70 50 70 50
1344375000 70 50 70 50
1344373200 70 50 70 50
1344371400 70 50 70 50
1344369600 70 50 70 50
1344367800 70 50 70 50
1344366000 70 50 70 50
1344364200 70 50 70 50
1344362400 70 50 70 50
1344360600 70 50 70 50
1344358800 70 50 70 50
1344357000 70 50 70 50
1344355200 70 50 70 50
1344353400 70 50 70 50
1344351600 70 50 70 50
1344349800 70 50 70 50
1344348000 70 50 70 50
1344346200 70 50 70 50
1344344400 70 50 70 50
1344342600 70 50 70 50
1344340800 70 50 70 50
1344339000 70 50 70 50
1344337200 70 50 70 50
1344335400 70 50 70 50
1344333600 70 50 70 50
1344331800 70 50 70 50
1344330000 70 50 70 50
1344328200 70 50 70 50
1344326400 70 50 70 50
1344324600 70 50 70 50
1344322800 70 50 70 50
1344321000 70 50 70 50
1344319200 70 50 70 50
1344317400 70 50 70 50
1344315600 70 50 70 50
1344313800 70 50 70 50
1344312000 70 50 70 50
1344310200 70 50 70 50
1344308400 70 50 70 50
1344306600 70 50 70 50
1344304800 70 50 70 50
1344303000 70 50 70 50
1344301200 70 50 70 50
1344299400 70 50 70 50
1344297600 70 50 70 50
1344295800 70 50 70 50
1344294000 70 50 70 50
1344292200 70 50 70 50
1344290400 70 50 70 50
1344288600 70 50 70 50
1344286800 70 50 70 50
1344285000 70 50 70 50
1344283200 70 50 70 50
1344281400 70 50 70 50
1344279600 70 50 70 50
1344277800 70 50 70 50
1344276000 70 50 70 50
1344274200 70 50 70 50
1344272400 70 50 70 50
1344270600 70 50 70 50
1344268800 70 50 70 50
1344267000 70 50 70 50
1344265200 70 50 70 50
1344263400 70 50 70 50
1344261600 70 50 70 50
1344259800 70 50 70 50
1344258000 70 50 70 50
1344256200 70 50 70 50
1344254400 70 50 70 50
1344252600 70 50 70 50
1344250800 70 50 70 50
1344249000 70 50 70 50
1344247200 70 50 70 50
1344245400 70 50 70 50
1344243600 70 50 70 50
1344241800 70 50 70 50
1344240000 70 50 70 50
1344238200 70 50 70 50
1344236400 70 50 70 50
1344234600 70 50 70 50
1344232800 70 50 70 50
1344231000 70 50 70 50
1344229200 70 50 70 50
1344227400 70 50 70 50
1344225600 70 50 70 50
1344223800 70 50 70 50
1344222000 70 50 70 50
1344220200 70 50 70 50
1344218400 70 50 70 50
1344216600 70 50 70 50
1344214800 70 50 70 50
1344213000 70 50 70 50
1344211200 70 50 70 50
1344209400 70 50 70 50
1344207600 70 50 70 50
1344205800 70 50 70 50
1344204000 70 50 70 50
1344202200 70 50 70 50
1344200400 70 50 70 50
1344198600 70 50 70 50
1344196800 70 50 70 50
1344195000 70 50 70 50
1344193200 70 50 70 50
1344191400 70 50 70 50
1344189600 70 50 70 50
1344187800 70 50 70 50
1344186000 70 50 70 50
1344184200 70 50 70 50
1344182400 70 50 70 50
1344180600 70 50 70 50
1344178800 70 50 70 50
1344177000 70 50 70 50
1344175200 70 50 70 50
1344173400 70 50 70 50
1344171600 70 50 70 50
1344169800 70 50 70 50
1344168000 70 50 70 50
1344166200 70 50 70 50
1344164400 70 50 70 50
1344162600 70 50 70 50
1344160800 70 50 70 50
1344159000 70 50 70 50
1344157200 70 50 70 50
1344155400 70 50 70 50
1344153600 70 50 70 50
1344151800 70 50 70 50
1344150000 70 50 70 50
1344148200 70 50 70 50
1344146400 70 50 70 50
1344144600 70 50 70 50
1344142800 70 50 70 50
1344141000 70 50 70 50
1344139200 70 50 70 50
1344137400 70 50 70 50
1344135600 70 50 70 50
1344133800 70 50 70 50
1344132000 70 50 70 50
1344130200 70 50 70 50
1344128400 70 50 70 50
1344126600 70 50 70 50
1344124800 70 50 70 50
1344123000 70 50 70 50
1344121200 70 50 70 50
1344119400 70 50 70 50
1344117600 70 50 70 50
1344115800 70 50 70 50
1344114000 70 50 70 50
1344112200 70 50 70 50
1344110400 70 50 70 50
1344108600 70 50 70 50
1344106800 70 50 70 50
1344105000 70 50 70 50
1344103200 70 50 70 50
1344101400 70 50 70 50
1344099600 70 50 70 50
1344097800 70 50 70 50
1344096000 70 50 70 50
1344094200 70 50 70 50
1344092400 70 50 70 50
1344090600 70 50 70 50
1344088800 70 50 70 50
1344087000 70 50 70 50
1344085200 70 50 70 50
1344083400 70 50 70 50
1344081600 70 50 70 50
1344079800 70 50 70 50
1344078000 70 50 70 50
1344076200 70 50 70 50
1344074400 70 50 70 50
1344072600 70 50 70 50
1344070800 70 50 70 50
1344069000 70 50 70 50
1344067200 70 50 70 50
1344065400 70 50 70 50
1344063600 70 50 70 50
1344061800 70 50 70 50
1344060000 70 50 70 50
1344058200 70 50 70 50
1344056400 70 50 70 50
1344054600 70 50 70 50
1344052800 70 50 70 50
1344051000 70 50 70 50
1344049200 70 50 70 50
1344047400 70 50 70 50
1344045600 70 50 70 50
1344043800 70 50 70 50
1344042000 70 50 70 50
1344040200 70 50 70 50
1344038400 70 50 70 50
1344036600 70 50 70 50
1344034800 70 50 70 50
1344033000 70 50 70 50
1344031200 70 50 70 50
1344029400 70 50 70 50
1344027600 70 50 70 50
1344025800 70 50 70 50
1344024000 70 50 70 50
1344022200 70 50 70 50
1344020400 70 50 70 50
1344018600 70 50 70 50
1344016800 70 50 70 50
1344015000 70 50 70 50
1344013200 70 50 70 50
1344011400 70 50 70 50
1344009600 70 50 70 50
1344007800 70 50 70 50
1344006000 70 50 70 50
1344004200 70 50 70 50
1344002400 70 50 70 50
1344000600 70 50 70 50
1343998800 70 50 70 50
1343997000 70 50 70 50
1343995200 70 50 70 50
1343993400 70 50 70 50
1343991600 70 50 70 50
1343989800 70 50 70 50
1343988000 70 50 70 50
1343986200 70 50 70 50
1343984400 70 50 70 50
1343982600 70 50 70 50
1343980800 70 50 70 50
1343979000 70 50 70 50
1343977200 70 50 70 50
1343975400 70 50 70 50
1343973600 70 50 70 50
1343971800 70 50 70 50
1343970000 70 50 70 50
1343968200 70 50 70 50
1343966400 70 50 70 50
1343964600 70 50 70 50
1343962800 70 50 70 50
1343961000 70 50 70 50
1343959200 70 50 70 50
1343957400 70 50 70 50
1343955600 70 50 70 50
1343953800 70 50 70 50
1343952000 70 50 70 50
1343950200 70 50 70 50
1343948400 70 50 70 50
1343944800 70 50 70 50
1343937600 70 50 70 50
1343930400 70 50 70 50
1343923200 70 50 70 50
1343916000 70 50 70 50
1343908800 70 50 70 50
1343901600 70 50 70 50
1343894400 70 50 70 50
1343887200 70 50 70 50
1343880000 70 50 70 50
1343872800 70 50 70 50
1343865600 70 50 70 50
1343858400 70 50 70 50
1343851200 70 50 70 50
1343844000 70 50 70 50
1343836800 70 50 70 50
1343829600 70 50 70 50
1343822400 70 50 70 50
1343815200 70 50 70 50
1343808000 70 50 70 50
1343800800 70 50 70 50
1343793600 70 50 70 50
1343786400 70 50 70 50
1343779200 70 50 70 50
1343772000 70 50 70 50
1343764800 70 50 70 50
1343757600 70 50 70 50
1343750400 70 50 70 50
1343743200 70 50 70 50
1343736000 70 50 70 50
1343728800 70 50 70 50
1343721600 70 50 70 50
1343714400 70 50 70 50
1343707200 70 50 70 50
1343700000 70 50 70 50
1343692800 70 50 70 50
1343685600 70 50 70 50
1343678400 70 50 70 50
1343671200 70 50 70 50
1343664000 70 50 70 50
1343656800 70 50 70 50
1343649600 70 50 70 50
1343642400 70 50 70 50
1343635200 70 50 70 50
1343628000 70 50 70 50
1343620800 70 50 70 50
1343613600 70 50 70 50
1343606400 70 50 70 50
1343599200 70 50 70 50
1343592000 70 50 70 50
1343584800 70 50 70 50
1343577600 70 50 70 50
1343570400 70 50 70 50
1343563200 70 50 70 50
1343556000 70 50 70 50
1343548800 70 50 70 50
1343541600 70 50 70 50
1343534400 70 50 70 50
1343527200 70 50 70 50
1343520000 70 50 70 50
1343512800 70 50 70 50
1343505600 70 50 70 50
1343498400 70 50 70 50
1343491200 70 50 70 50
1343484000 70 50 70 50
1343476800 70 50 70 50
1343469600 70 50 70 50
1343462400 70 50 70 50
1343455200 70 50 70 50
1343448000 70 50 70 50
1343440800 70 50 70 50
1343433600 70 50 70 50
1343426400 70 50 70 50
1343419200 70 50 70 50
1343412000 70 50 70 50
1343404800 70 50 70 50
1343397600 70 50 70 50
1343390400 70 50 70 50
1343383200 70 50 70 50
1343376000 70 50 70 50
1343368800 70 50 70 50
1343361600 70 50 70 50
1343354400 70 50 70 50
1343347200 70 50 70 50
1343340000 70 50 70 50
1343332800 70 50 70 50
1343325600 70 50 70 50
1343318400 70 50 70 50
1343311200 70 50 70 50
1343304000 70 50 70 50
1343296800 70 50 70 50
1343289600 70 50 70 50
1343282400 70 50 70 50
1343275200 70 50 70 50
1343268000 70 50 70 50
1343260800 70 50 70 50
1343253600 70 50 70 50
1343246400 70 50 70 50
1343239200 70 50 70 50
1343232000 70 50 70 50
1343224800 70 50 70 50
1343217600 70 50 70 50
1343210400 70 50 70 50
1343203200 70 50 70 50
1343196000 70 50 70 50
1343188800 70 50 70 50
1343181600 70 50 70 50
1343174400 70 50 70 50
1343167200 70 50 70 50
1343160000 70 50 70 50
1343152800 70 50 70 50
1343145600 70 50 70 50
1343138400 70 50 70 50
1343131200 70 50 70 50
1343124000 70 50 70 50
1343116800 70 50 70 50
1343109600 70 50 70 50
1343102400 70 50 70 50
1343095200 70 50 70 50
1343088000 70 50 70 50
1343080800 70 50 70 50
1343073600 70 50 70 50
1343066400 70 50 70 50
1343059200 70 50 70 50
1343052000 70 50 70 50
1343044800 70 50 70 50
1343037600 70 50 70 50
1343030400 70 50 70 50
1343023200 70 50 70 50
1343016000 70 50 70 50
1343008800 70 50 70 50
1343001600 70 50 70 50
1342994400 70 50 70 50
1342987200 70 50 70 50
1342980000 70 50 70 50
1342972800 70 50 70 50
1342965600 70 50 70 50
1342958400 70 50 70 50
1342951200 70 50 70 50
1342944000 70 50 70 50
1342936800 70 50 70 50
1342929600 70 50 70 50
1342922400 70 50 70 50
1342915200 70 50 70 50
1342908000 70 50 70 50
1342900800 70 50 70 50
1342893600 70 50 70 50
1342886400 70 50 70 50
1342879200 70 50 70 50
1342872000 70 50 70 50
1342864800 70 50 70 50
1342857600 70 50 70 50
1342850400 70 50 70 50
1342843200 70 50 70 50
1342836000 70 50 70 50
1342828800 70 50 70 50
1342821600 70 50 70 50
1342814400 70 50 70 50
1342807200 70 50 70 50
1342800000 70 50 70 50
1342792800 70 50 70 50
1342785600 70 50 70 50
1342778400 70 50 70 50
1342771200 70 50 70 50
1342764000 70 50 70 50
1342756800 70 50 70 50
1342749600 70 50 70 50
1342742400 70 50 70 50
1342735200 70 50 70 50
1342728000 70 50 70 50
1342720800 70 50 70 50
1342713600 70 50 70 50
1342706400 70 50 70 50
1342699200 70 50 70 50
1342692000 70 50 70 50
1342684800 70 50 70 50
1342677600 70 50 70 50
1342670400 70 50 70 50
1342663200 70 50 70 50
1342656000 70 50 70 50
1342648800 70 50 70 50
1342641600 70 50 70 50
1342634400 70 50 70 50
1342627200 70 50 70 50
1342620000 70 50 70 50
1342612800 70 50 70 50
1342605600 70 50 70 50
1342598400 70 50 70 50
1342591200 70 50 70 50
1342584000 70 50 70 50
1342576800 70 50 70 50
1342569600 70 50 70 50
1342562400 70 50 70 50
1342555200 70 50 70 50
1342548000 70 50 70 50
1342540800 70 50 70 50
1342533600 70 50 70 50
1342526400 70 50 70 50
1342519200 70 50 70 50
1342512000 70 50 70 50
1342504800 70 50 70 50
1342497600 70 50 70 50
1342490400 70 50 70 50
1342483200 70 50 70 50
1342476000 70 50 70 50
1342468800 70 50 70 50
1342461600 70 50 70 50
1342454400 70 50 70 50
1342447200 70 50 70 50
1342440000 70 50 70 50
1342432800 70 50 70 50
1342425600 70 50 70 50
1342418400 70 50 70 50
1342411200 70 50 70 50
1342404000 70 50 70 50
1342396800 70 50 70 50
1342389600 70 50 70 50
1342382400 70 50 70 50
1342375200 70 50 70 50
1342368000 70 50 70 50
1342360800 70 50 70 50
1342353600 70 50 70 50
1342346400 70 50 70 50
1342339200 70 50 70 50
1342332000 70 50 70 50
1342324800 70 50 70 50
1342317600 70 50 70 50
1342310400 70 50 70 50
1342303200 70 50 70 50
1342296000 70 50 70 50
1342288800 70 50 70 50
1342281600 70 50 70 50
1342274400 70 50 70 50
1342267200 70 50 70 50
1342260000 70 50 70 50
1342252800 70 50 70 50
1342245600 70 50 70 50
1342238400 70 50 70 50
1342231200 70 50 70 50
1342224000 70 50 70 50
1342216800 70 50 70 50
1342209600 70 50 70 50
1342202400 70 50 70 50
1342195200 70 50 70 50
1342188000 70 50 70 50
1342180800 70 50 70 50
1342173600 70 50 70 50
1342166400 70 50 70 50
1342159200 70 50 70 50
1342152000 70 50 70 50
1342144800 70 50 70 50
1342137600 70 50 70 50
1342130400 70 50 70 50
1342123200 70 50 70 50
1342116000 70 50 70 50
1342108800 70 50 70 50
1342101600 70 50 70 50
1342094400 70 50 70 50
1342087200 70 50 70 50
1342080000 70 50 70 50
1342072800 70 50 70 50
1342065600 70 50 70 50
1342058400 70 50 70 50
1342051200 70 50 70 50
1342044000 70 50 70 50
1342036800 70 50 70 50
1342029600 70 50 70 50
1342022400 70 50 70 50
1342015200 70 50 70 50
1342008000 70 50 70 50
1342000800 70 50 70 50
1341993600 70 50 70 50
1341986400 70 50 70 50
1341979200 70 50 70 50
1341972000 70 50 70 50
1341964800 70 50 70 50
1341957600 70 50 70 50
1341950400 70 50 70 50
1341943200 70 50 70 50
1341936000 70 50 70 50
1341928800 70 50 70 50
1341921600 70 50 70 50
1341914400 70 50 70 50
1341907200 70 50 70 50
1341900000 70 50 70 50
1341892800 70 50 70 50
1341885600 70 50 70 50
1341878400 70 50 70 50
1341871200 70 50 70 50
1341864000 70 50 70 50
1341856800 70 50 70 50
1341849600 70 50 70 50
1341842400 70 50 70 50
1341835200 70 50 70 50
1341828000 70 50 70 50
1341820800 70 50 70 50
1341813600 70 50 70 50
1341806400 70 50 70 50
1341799200 70 50 70 50
1341792000 70 50 70 50
1341784800 70 50 70 50
1341777600 70 50 70 50
1341770400 70 50 70 50
1341763200 70 50 70 50
1341756000 70 50 70 50
1341748800 70 50 70 50
1341741600 70 50 70 50
1341734400 70 50 70 50
1341727200 70 50 70 50
1341720000 70 50 70 50
1341712800 70 50 70 50
1341705600 70 50 70 50
1341698400 70 50 70 50
1341691200 70 50 70 50
1341684000 70 50 70 50
1341676800 70 50 70 50
1341669600 70 50 70 50
1341662400 70 50 70 50
1341655200 70 50 70 50
1341648000 70 50 70 50
1341640800 70 50 70 50
1341633600 70 50 70 50
1341626400 70 50 70 50
1341619200 70 50 70 50
1341612000 70 50 70 50
1341604800 70 50 70 50
1341597600 70 50 70 50
1341590400 70 50 70 50
1341583200 70 50 70 50
1341576000 70 50 70 50
1341568800 70 50 70 50
1341561600 70 50 70 50
1341554400 70 50 70 50
1341547200 70 50 70 50
1341540000 70 50 70 50
1341532800 70 50 70 50
1341525600 70 50 70 50
1341518400 70 50 70 50
1341511200 70 50 70 50
1341504000 70 50 70 50
1341496800 70 50 70 50
1341489600 70 50 70 50
1341482400 70 50 70 50
1341475200 70 50 70 50
1341468000 70 50 70 50
1341460800 70 50 70 50
1341453600 70 50 70 50
1341446400 70 50 70 50
1341439200 70 50 70 50
1341432000 70 50 70 50
1341424800 70 50 70 50
1341417600 70 50 70 50
1341410400 70 50 70 50
1341403200 70 50 70 50
1341396000 70 50 70 50
1341388800 70 50 70 50
1341381600 70 50 70 50
1341374400 70 50 70 50
1341367200 70 50 70 50
1341360000 70 50 70 50
1341352800 70 50 70 50
1341345600 70 50 70 50
1341338400 70 50 70 50
1341331200 70 50 70 50
1341324000 70 50 70 50
1341316800 70 50 70 50
1341309600 70 50 70 50
1341302400 70 50 70 50
1341295200 70 50 70 50
1341288000 70 50 70 50
1341280800 70 50 70 50
1341273600 70 50 70 50
1341266400 70 50 70 50
1341259200 70 50 70 50
1341252000 70 50 70 50
1341244800 70 50 70 50
1341237600 70 50 70 50
1341230400 70 50 70 50
1341223200 70 50 70 50
1341216000 70 50 70 50
1341208800 70 50 70 50
1341201600 70 50 70 50
1341194400 70 50 70 50
1341187200 70 50 70 50
1341180000 70 50 70 50
1341172800 70 50 70 50
1341165600 70 50 70 50
1341158400 70 50 70 50
1341151200 70 50 70 50
1341144000 70 50 70 50
1341136800 70 50 70 50
1341129600 70 50 70 50
1341122400 70 50 70 50
1341115200 70 50 70 50
1341108000 70 50 70 50
1341100800 70 50 70 50
1341093600 70 50 70 50
1341086400 70 50 70 50
1341079200 70 50 70 50
1341072000 70 50 70 50
1341064800 70 50 70 50
1341057600 70 50 70 50
1341050400 70 50 70 50
1341043200 70 50 70 50
1341036000 70 50 70 50
1341028800 70 50 70 50
1341021600 70 50 70 50
1341014400 70 50 70 50
1341007200 70 50 70 50
1341000000 70 50 70 50
1340992800 70 50 70 50
1340985600 70 50 70 50
1340978400 70 50 70 50
1340971200 70 50 70 50
1340964000 70 50 70 50
1340956800 70 50 70 50
1340949600 70 50 70 50
1340942400 70 50 70 50
1340935200 70 50 70 50
1340928000 70 50 70 50
1340920800 70 50 70 50
1340913600 70 50 70 50
1340906400 70 50 70 50
1340899200 70 50 70 50
1340892000 70 50 70 50
1340884800 70 50 70 50
1340877600 70 50 70 50
1340870400 70 50 70 50
1340863200 70 50 70 50
1340856000 70 50 70 50
1340848800 70 50 70 50
1340841600 70 50 70 50
1340834400 70 50 70 50
1340827200 70 50 70 50
1340820000 70 50 70 50
1340812800 70 50 70 50
1340805600 70 50 70 50
1340798400 70 50 70 50
1340791200 70 50 70 50
1340784000 70 50 70 50
1340776800 70 50 70 50
1340769600 70 50 70 50
1340762400 70 50 70 50
1340755200 70 50 70 50
1340748000 70 50 70 50
1340740800 70 50 70 50
1340733600 70 50 70 50
1340726400 70 50 70 50
1340719200 70 50 70 50
1340712000 70 50 70 50
1340704800 70 50 70 50
1340697600 70 50 70 50
1340690400 70 50 70 50
1340683200 70 50 70 50
1340676000 70 50 70 50
1340668800 70 50 70 50
1340661600 70 50 70 50
1340654400 70 50 70 50
1340647200 70 50 70 50
1340640000 70 50 70 50
1340632800 70 50 70 50
1340625600 70 50 70 50
1340618400 70 50 70 50
1340611200 70 50 70 50
1340604000 70 50 70 50
1340596800 70 50 70 50
1340589600 70 50 70 50
1340582400 70 50 70 50
1340575200 70 50 70 50
1340568000 70 50 70 50
1340560800 70 50 70 50
1340553600 70 50 70 50
1340546400 70 50 70 50
1340539200 70 50 70 50
1340532000 70 50 70 50
1340524800 70 50 70 50
1340517600 70 50 70 50
1340510400 70 50 70 50
1340503200 70 50 70 50
1340496000 70 50 70 50
1340488800 70 50 70 50
1340481600 70 50 70 50
1340474400 70 50 70 50
1340467200 70 50 70 50
1340460000 70 50 70 50
1340452800 70 50 70 50
1340445600 70 50 70 50
1340438400 70 50 70 50
1340431200 70 50 70 50
1340424000 70 50 70 50
1340416800 70 50 70 50
1340409600 70 50 70 50
1340402400 70 50 70 50
1340395200 70 50 70 50
1340388000 70 50 70 50
1340380800 70 50 70 50
1340373600 70 50 70 50
1340366400 70 50 70 50
1340359200 70 50 70 50
1340352000 70 50 70 50
1340344800 70 50 70 50
1340337600 70 50 70 50
1340330400 70 50 70 50
1340323200 70 50 70 50
1340316000 70 50 70 50
1340308800 70 50 70 50
1340301600 70 50 70 50
1340294400 70 50 70 50
1340287200 70 50 70 50
1340280000 70 50 70 50
1340272800 70 50 70 50
1340265600 70 50 70 50
1340258400 70 50 70 50
1340251200 70 50 70 50
1340244000 70 50 70 50
1340236800 70 50 70 50
1340229600 70 50 70 50
1340222400 70 50 70 50
1340215200 70 50 70 50
1340208000 70 50 70 50
1340200800 70 50 70 50
1340193600 70 50 70 50
1340186400 70 50 70 50
1340179200 70 50 70 50
1340172000 70 50 70 50
1340164800 70 50 70 50
1340157600 70 50 70 50
1340150400 70 50 70 50
1340143200 70 50 70 50
1340136000 70 50 70 50
1340128800 70 50 70 50
1340121600 70 50 70 50
1340114400 70 50 70 50
1340107200 70 50 70 50
1340100000 70 50 70 50
1340092800 70 50 70 50
1340085600 70 50 70 50
1340078400 70 50 70 50
1340071200 70 50 70 50
1340064000 70 50 70 50
1340056800 70 50 70 50
1340049600 70 50 70 50
1340042400 70 50 70 50
1340035200 70 50 70 50
1340028000 70 50 70 50
1340020800 70 50 70 50
1340013600 70 50 70 50
1340006400 70 50 70 50
1339999200 70 50 70 50
1339992000 70 50 70 50
1339984800 70 50 70 50
1339977600 70 50 70 50
1339970400 70 50 70 50
1339963200 70 50 70 50
1339956000 70 50 70 50
1339948800 70 50 70 50
1339941600 70 50 70 50
1339934400 70 50 70 50
1339927200 70 50 70 50
1339920000 70 50 70 50
1339912800 70 50 70 50
1339905600 70 50 70 50
1339898400 70 50 70 50
1339891200 70 50 70 50
1339884000 70 50 70 50
1339876800 70 50 70 50
1339869600 70 50 70 50
1339862400 70 50 70 50
1339855200 70 50 70 50
1339848000 70 50 70 50
1339840800 70 50 70 50
1339833600 70 50 70 50
1339826400 70 50 70 50
1339819200 70 50 70 50
1339812000 70 50 70 50
1339804800 70 50 70 50
1339797600 70 50 70 50
1339790400 70 50 70 50
1339783200 70 50 70 50
1339776000 70 50 70 50
1339768800 70 50 70 50
1339761600 70 50 70 50
1339754400 70 50 70 50
1339747200 70 50 70 50
1339740000 70 50 70 50
1339732800 70 50 70 50
1339725600 70 50 70 50
1339718400 70 50 70 50
1339711200 70 50 70 50
1339704000 70 50 70 50
1339696800 70 50 70 50
1339689600 70 50 70 50
1339682400 70 50 70 50
1339675200 70 50 70 50
1339668000 70 50 70 50
1339660800 70 50 70 50
1339653600 70 50 70 50
1339646400 70 50 70 50
1339639200 70 50 70 50
1339632000 70 50 70 50
1339624800 70 50 70 50
1339545600 70 50 70 50
1339459200 70 50 70 50
1339372800 70 50 70 50
1339286400 70 50 70 50
1339200000 70 50 70 50
1339113600 70 50 70 50
1339027200 70 50 70 50
1338940800 70 50 70 50
1338854400 70 50 70 50
1338768000 70 50 70 50
1338681600 70 50 70 50
1338595200 70 50 70 50
1338508800 70 50 70 50
1338422400 70 50 70 50
1338336000 70 50 70 50
1338249600 70 50 70 50
1338163200 70 50 70 50
1338076800 70 50 70 50
1337990400 70 50 70 50
1337904000 70 50 70 50
1337817600 70 50 70 50
1337731200 70 50 70 50
1337644800 70 50 70 50
1337558400 70 50 70 50
1337472000 70 50 70 50
1337385600 70 50 70 50
1337299200 70 50 70 50
1337212800 70 50 70 50
1337126400 70 50 70 50
1337040000 70 50 70 50
1336953600 70 50 70 50
1336867200 70 50 70 50
1336780800 70 50 70 50
1336694400 70 50 70 50
1336608000 70 50 70 50
1336521600 70 50 70 50
1336435200 70 50 70 50
1336348800 70 50 70 50
1336262400 70 50 70 50
1336176000 70 50 70 50
1336089600 70 50 70 50
1336003200 70 50 70 50
1335916800 70 50 70 50
1335830400 70 50 70 50
1335744000 70 50 70 50
1335657600 70 50 70 50
1335571200 70 50 70 50
1335484800 70 50 70 50
1335398400 70 50 70 50
1335312000 70 50 70 50
1335225600 70 50 70 50
1335139200 70 50 70 50
1335052800 70 50 70 50
1334966400 70 50 70 50
1334880000 70 50 70 50
1334793600 70 50 70 50
1334707200 70 50 70 50
1334620800 70 50 70 50
1334534400 70 50 70 50
1334448000 70 50 70 50
1334361600 70 50 70 50
1334275200 70 50 70 50
1334188800 70 50 70 50
1334102400 70 50 70 50
1334016000 70 50 70 50
1333929600 70 50 70 50
1333843200 70 50 70 50
1333756800 70 50 70 50
1333670400 70 50 70 50
1333584000 70 50 70 50
1333497600 70 50 70 50
1333411200 70 50 70 50
1333324800 70 50 70 50
1333238400 70 50 70 50
1333152000 70 50 70 50
1333065600 70 50 70 50
1332979200 70 50 70 50
1332892800 70 50 70 50
1332806400 70 50 70 50
1332720000 70 50 70 50
1332633600 70 50 70 50
1332547200 70 50 70 50
1332460800 70 50 70 50
1332374400 70 50 70 50
1332288000 70 50 70 50
1332201600 70 50 70 50
1332115200 70 50 70 50
1332028800 70 50 70 50
1331942400 70 50 70 50
1331856000 70 50 70 50
1331769600 70 50 70 50
1331683200 70 50 70 50
1331596800 70 50 70 50
1331510400 70 50 70 50
1331424000 70 50 70 50
1331337600 70 50 70 50
1331251200 70 50 70 50
1331164800 70 50 70 50
1331078400 70 50 70 50
1330992000 70 50 70 50
1330905600 70 50 70 50
1330819200 70 50 70 50
1330732800 70 50 70 50
1330646400 70 50 70 50
1330560000 70 50 70 50
1330473600 70 50 70 50
1330387200 70 50 70 50
1330300800 70 50 70 50
1330214400 70 50 70 50
1330128000 70 50 70 50
1330041600 70 50 70 50
1329955200 70 50 70 50
1329868800 70 50 70 50
1329782400 70 50 70 50
1329696000 70 50 70 50
1329609600 70 50 70 50
1329523200 70 50 70 50
1329436800 70 50 70 50
1329350400 70 50 70 50
1329264000 70 50 70 50
1329177600 70 50 70 50
1329091200 70 50 70 50
1329004800 70 50 70 50
1328918400 70 50 70 50
1328832000 70 50 70 50
1328745600 70 50 70 50
1328659200 70 50 70 50
1328572800 70 50 70 50
1328486400 70 50 70 50
1328400000 70 50 70 50
1328313600 70 50 70 50
1328227200 70 50 70 50
1328140800 70 50 70 50
1328054400 70 50 70 50
1327968000 70 50 70 50
1327881600 70 50 70 50
1327795200 70 50 70 50
1327708800 70 50 70 50
1327622400 70 50 70 50
1327536000 70 50 70 50
1327449600 70 50 70 50
1327363200 70 50 70 50
1327276800 70 50 70 50
1327190400 70 50 70 50
1327104000 70 50 70 50
1327017600 70 50 70 50
1326931200 70 50 70 50
1326844800 70 50 70 50
1326758400 70 50 70 50
1326672000 70 50 70 50
1326585600 70 50 70 50
1326499200 70 50 70 50
1326412800 70 50 70 50
1326326400 70 50 70 50
1326240000 70 50 70 50
1326153600 70 50 70 50
1326067200 70 50 70 50
1325980800 70 50 70 50
1325894400 70 50 70 50
1325808000 70 50 70 50
1325721600 70 50 70 50
1325635200 70 50 70 50
1325548800 70 50 70 50
1325462400 70 50 70 50
1325376000 70 50 70 50
1325289600 70 50 70 50
1325203200 70 50 70 50
1325116800 70 50 70 50
1325030400 70 50 70 50
1324944000 70 50 70 50
1324857600 70 50 70 50
1324771200 70 50 70 50
1324684800 70 50 70 50
1324598400 70 50 70 50
1324512000 70 50 70 50
1324425600 70 50 70 50
1324339200 70 50 70 50
1324252800 70 50 70 50
1324166400 70 50 70 50
1324080000 70 50 70 50
1323993600 70 50 70 50
1323907200 70 50 70 50
1323820800 70 50 70 50
1323734400 70 50 70 50
1323648000 70 50 70 50
1323561600 70 50 70 50
1323475200 70 50 70 50
1323388800 70 50 70 50
1323302400 70 50 70 50
1323216000 70 50 70 50
1323129600 70 50 70 50
1323043200 70 50 70 50
1322956800 70 50 70 50
1322870400 70 50 70 50
1322784000 70 50 70 50
1322697600 70 50 70 50
1322611200 70 50 70 50
1322524800 70 50 70 50
1322438400 70 50 70 50
1322352000 70 50 70 50
1322265600 70 50 70 50
1322179200 70 50 70 50
1322092800 70 50 70 50
1322006400 70 50 70 50
1321920000 70 50 70 50
1321833600 70 50 70 50
1321747200 70 50 70 50
1321660800 70 50 70 50
1321574400 70 50 70 50
1321488000 70 50 70 50
1321401600 70 50 70 50
1321315200 70 50 70 50
1321228800 70 50 70 50
1321142400 70 50 70 50
1321056000 70 50 70 50
1320969600 70 50 70 50
1320883200 70 50 70 50
1320796800 70 50 70 50
1320710400 70 50 70 50
1320624000 70 50 70 50
1320537600 70 50 70 50
1320451200 70 50 70 50
1320364800 70 50 70 50
1320278400 70 50 70 50
1320192000 70 50 70 50
1320105600 70 50 70 50
1320019200 70 50 70 50
1319932800 70 50 70 50
1319846400 70 50 70 50
1319760000 70 50 70 50
1319673600 70 50 70 50
1319587200 70 50 70 50
1319500800 70 50 70 50
1319414400 70 50 70 50
1319328000 70 50 70 50
1319241600 70 50 70 50
1319155200 70 50 70 50
1319068800 70 50 70 50
1318982400 70 50 70 50
1318896000 70 50 70 50
1318809600 70 50 70 50
1318723200 70 50 70 50
1318636800 70 50 70 50
1318550400 70 50 70 50
1318464000 70 50 70 50
1318377600 70 50 70 50
1318291200 70 50 70 50
1318204800 70 50 70 50
1318118400 70 50 70 50
1318032000 70 50 70 50
1317945600 70 50 70 50
1317859200 70 50 70 50
1317772800 70 50 70 50
1317686400 70 50 70 50
1317600000 70 50 70 50
1317513600 70 50 70 50
1317427200 70 50 70 50
1317340800 70 50 70 50
1317254400 70 50 70 50
1317168000 70 50 70 50
1317081600 70 50 70 50
1316995200 70 50 70 50
1316908800 70 50 70 50
1316822400 70 50 70 50
1316736000 70 50 70 50
1316649600 70 50 70 50
1316563200 70 50 70 50
1316476800 70 50 70 50
1316390400 70 50 70 50
1316304000 70 50 70 50
1316217600 70 50 70 50
1316131200 70 50 70 50
1316044800 70 50 70 50
1315958400 70 50 70 50
1315872000 70 50 70 50
1315785600 70 50 70 50
1315699200 70 50 70 50
1315612800 70 50 70 50
1315526400 70 50 70 50
1315440000 70 50 70 50
1315353600 70 50 70 50
1315267200 70 50 70 50
1315180800 70 50 70 50
1315094400 70 50 70 50
1315008000 70 50 70 50
1314921600 70 50 70 50
1314835200 70 50 70 50
1314748800 70 50 70 50
1314662400 70 50 70 50
1314576000 70 50 70 50
1314489600 70 50 70 50
1314403200 70 50 70 50
1314316800 70 50 70 50
1314230400 70 50 70 50
1314144000 70 50 70 50
1314057600 70 50 70 50
1313971200 70 50 70 50
1313884800 70 50 70 50
1313798400 70 50 70 50
1313712000 70 50 70 50
1313625600 70 50 70 50
1313539200 70 50 70 50
1313452800 70 50 70 50
1313366400 70 50 70 50
1313280000 70 50 70 50
1313193600 70 50 70 50
1313107200 70 50 70 50
1313020800 70 50 70 50
1312934400 70 50 70 50
1312848000 70 50 70 50
1312761600 70 50 70 50
1312675200 70 50 70 50
1312588800 70 50 70 50
1312502400 70 50 70 50
1312416000 70 50 70 50
1312329600 70 50 70 50
1312243200 70 50 70 50
1312156800 70 50 70 50
1312070400 70 50 70 50
1311984000 70 50 70 50
1311897600 70 50 70 50
1311811200 70 50 70 50
1311724800 70 50 70 50
1311638400 70 50 70 50
1311552000 70 50 70 50
1311465600 70 50 70 50
1311379200 70 50 70 50
1311292800 70 50 70 50
1311206400 70 50 70 50
1311120000 70 50 70 50
1311033600 70 50 70 50
1310947200 70 50 70 50
1310860800 70 50 70 50
1310774400 70 50 70 50
1310688000 70 50 70 50
1310601600 70 50 70 50
1310515200 70 50 70 50
1310428800 70 50 70 50
1310342400 70 50 70 50
1310256000 70 50 70 50
1310169600 70 50 70 50
1310083200 70 50 70 50
1309996800 70 50 70 50
1309910400 70 50 70 50
1309824000 70 50 70 50
1309737600 70 50 70 50
1309651200 70 50 70 50
1309564800 70 50 70 50
1309478400 70 50 70 50
1309392000 70 50 70 50
1309305600 70 50 70 50
1309219200 70 50 70 50
1309132800 70 50 70 50
1309046400 70 50 70 50
1308960000 70 50 70 50
1308873600 70 50 70 50
1308787200 70 50 70 50
1308700800 70 50 70 50
1308614400 70 50 70 50
1308528000 70 50 70 50
1308441600 70 50 70 50
1308355200 70 50 70 50
1308268800 70 50 70 50
1308182400 70 50 70 50
1308096000 70 50 70 50
1308009600 70 50 70 50
1307923200 70 50 70 50
1307836800 70 50 70 50
1307750400 70 50 70 50
1307664000 70 50 70 50
1307577600 70 50 70 50
1307491200 70 50 70 50
1307404800 70 50 70 50
1307318400 70 50 70 50
1307232000 70 50 70 50
1307145600 70 50 70 50
1307059200 70 50 70 50
1306972800 70 50 70 50
1306886400 70 50 70 50
1306800000 70 50 70 50
1306713600 70 50 70 50
1306627200 70 50 70 50
1306540800 70 50 70 50
1306454400 70 50 70 50
1306368000 70 50 70 50
1306281600 70 50 70 50
1306195200 70 50 70 50
1306108800 70 50 70 50
1306022400 70 50 70 50
1305936000 70 50 70 50
1305849600 70 50 70 50
1305763200 70 50 70 50
1305676800 70 50 70 50
1305590400 70 50 70 50
1305504000 70 50 70 50
1305417600 70 50 70 50
1305331200 70 50 70 50
1305244800 70 50 70 50
1305158400 70 50 70 50
1305072000 70 50 70 50
1304985600 70 50 70 50
1304899200 70 50 70 50
1304812800 70 50 70 50
1304726400 70 50 70 50
1304640000 70 50 70 50
1304553600 70 50 70 50
1304467200 70 50 70 50
1304380800 70 50 70 50
1304294400 70 50 70 50
1304208000 70 50 70 50
1304121600 70 50 70 50
1304035200 70 50 70 50
1303948800 70 50 70 50
1303862400 70 50 70 50
1303776000 70 50 70 50
1303689600 70 50 70 50
1303603200 70 50 70 50
1303516800 70 50 70 50
1303430400 70 50 70 50
1303344000 70 50 70 50
1303257600 70 50 70 50
1303171200 70 50 70 50
1303084800 70 50 70 50
1302998400 70 50 70 50
1302912000 70 50 70 50
1302825600 70 50 70 50
1302739200 70 50 70 50
1302652800 70 50 70 50
1302566400 70 50 70 50
1302480000 70 50 70 50
1302393600 70 50 70 50
1302307200 70 50 70 50
1302220800 70 50 70 50
1302134400 70 50 70 50
1302048000 70 50 70 50
1301961600 70 50 70 50
1301875200 70 50 70 50
1301788800 70 50 70 50
1301702400 70 50 70 50
1301616000 70 50 70 50
1301529600 70 50 70 50
1301443200 70 50 70 50
1301356800 70 50 70 50
1301270400 70 50 70 50
1301184000 70 50 70 50
1301097600 70 50 70 50
1301011200 70 50 70 50
1300924800 70 50 70 50
1300838400 70 50 70 50
1300752000 70 50 70 50
1300665600 70 50 70 50
1300579200 70 50 70 50
1300492800 70 50 70 50
1300406400 70 50 70 50
1300320000 70 50 70 50
1300233600 70 50 70 50
1300147200 70 50 70 50
1300060800 70 50 70 50
1299974400 70 50 70 50
1299888000 70 50 70 50
1299801600 70 50 70 50
1299715200 70 50 70 50
1299628800 70 50 70 50
1299542400 70 50 70 50
1299456000 70 50 70 50
1299369600 70 50 70 50
1299283200 70 50 70 50
1299196800 70 50 70 50
1299110400 70 50 70 50
1299024000 70 50 70 50
1298937600 70 50 70 50
1298851200 70 50 70 50
1298764800 70 50 70 50
1298678400 70 50 70 50
1298592000 70 50 70 50
1298505600 70 50 70 50
1298419200 70 50 70 50
1298332800 70 50 70 50
1298246400 70 50 70 50
1298160000 70 50 70 50
1298073600 70 50 70 50
1297987200 70 50 70 50
1297900800 70 50 70 50
1297814400 70 50 70 50
1297728000 70 50 70 50
1297641600 70 50 70 50
1297555200 70 50 70 50
1297468800 70 50 70 50
1297382400 70 50 70 50
1297296000 70 50 70 50
1297209600 70 50 70 50
1297123200 70 50 70 50
1297036800 70 50 70 50
1296950400 70 50 70 50
1296864000 70 50 70 50
1296777600 70 50 70 50
1296691200 70 50 70 50
1296604800 70 50 70 50
1296518400 70 50 70 50
1296432000 70 50 70 50
1296345600 70 50 70 50
1296259200 70 50 70 50
1296172800 70 50 70 50
1296086400 70 50 70 50
1296000000 70 50 70 50
1295913600 70 50 70 50
1295827200 70 50 70 50
1295740800 70 50 70 50
1295654400 70 50 70 50
1295568000 70 50 70 50
1295481600 70 50 70 50
1295395200 70 50 70 50
1295308800 70 50 70 50
1295222400 70 50 70 50
1295136000 70 50 70 50
1295049600 70 50 70 50
1294963200 70 50 70 50
1294876800 70 50 70 50
1294790400 70 50 70 50
1294704000 70 50 70 50
1294617600 70 50 70 50
1294531200 70 50 70 50
1294444800 70 50 70 50
1294358400 70 50 70 50
1294272000 70 50 70 50
1294185600 70 50 70 50
1294099200 70 50 70 50
1294012800 70 50 70 50
1293926400 70 50 70 50
1293840000 70 50 70 50
1293753600 70 50 70 50
1293667200 70 50 70 50
1293580800 70 50 70 50
1293494400 70 50 70 50
1293408000 70 50 70 50
1293321600 70 50 70 50
1293235200 70 50 70 50
1293148800 70 50 70 50
1293062400 70 50 70 50
1292976000 70 50 70 50
1292889600 70 50 70 50
1292803200 70 50 70 50
1292716800 70 50 70 50
1292630400 70 50 70 50
1292544000 70 50 70 50
1292457600 70 50 70 50
1292371200 70 50 70 50
1292284800 70 50 70 50
1292198400 70 50 70 50
1292112000 70 50 70 50
1292025600 70 50 70 50
1291939200 70 50 70 50
1291852800 70 50 70 50
1291766400 70 50 70 50
1291680000 70 50 70 50
1291593600 70 50 70 50
1291507200 70 50 70 50
1291420800 70 50 70 50
1291334400 70 50 70 50
1291248000 70 50 70 50
1291161600 70 50 70 50
1291075200 70 50 70 50
1290988800 70 50 70 50
1290902400 70 50 70 50
1290816000 70 50 70 50
1290729600 70 50 70 50
1290643200 70 50 70 50
1290556800 70 50 70 50
1290470400 70 50 70 50
1290384000 70 50 70 50
1290297600 70 50 70 50
1290211200 70 50 70 50
1290124800 70 50 70 50
1290038400 70 50 70 50
1289952000 70 50 70 50
1289865600 70 50 70 50
1289779200 70 50 70 50
1289692800 70 50 70 50
1289606400 70 50 70 50
1289520000 70 50 70 50
1289433600 70 50 70 50
1289347200 70 50 70 50
1289260800 70 50 70 50
1289174400 70 50 70 50
1289088000 70 50 70 50
1289001600 70 50 70 50
1288915200 70 50 70 50
1288828800 70 50 70 50
1288742400 70 50 70 50
1288656000 70 50 70 50
1288569600 70 50 70 50
1288483200 70 50 70 50
1288396800 70 50 70 50
1288310400 70 50 70 50
1288224000 70 50 70 50
1288137600 70 50 70 50
1288051200 70 50 70 50
1287964800 70 50 70 50
1287878400 70 50 70 50
1287792000 70 50 70 50
1287705600 70 50 70 50
1287619200 70 50 70 50
1287532800 70 50 70 50
1287446400 70 50 70 50
1287360000 70 50 70 50
1287273600 70 50 70 50
1287187200 70 50 70 50
1287100800 70 50 70 50
1287014400 70 50 70 50
1286928000 70 50 70 50
1286841600 70 50 70 50
1286755200 70 50 70 50
1286668800 70 50 70 50
1286582400 70 50 70 50
1286496000 70 50 70 50
1286409600 70 50 70 50
1286323200 70 50 70 50
1286236800 70 50 70 50
1286150400 70 50 70 50
1286064000 70 50 70 50
1285977600 70 50 70 50
1285891200 70 50 70 50
1285804800 70 50 70 50
1285718400 70 50 70 50
1285632000 70 50 70 50
1285545600 70 50 70 50
1285459200 70 50 70 50
1285372800 70 50 70 50
1285286400 70 50 70 50
1285200000 70 50 70 50
1285113600 70 50 70 50
1285027200 70 50 70 50
1284940800 70 50 70 50
1284854400 70 50 70 50
1284768000 70 50 70 50
1284681600 70 50 70 50
1284595200 70 50 70 50
1284508800 70 50 70 50
1284422400 70 50 70 50
1284336000 70 50 70 50
1284249600 70 50 70 50
1284163200 70 50 70 50
1284076800 70 50 70 50
1283990400 70 50 70 50
1283904000 70 50 70 50
1283817600 70 50 70 50
1283731200 70 50 70 50
1283644800 70 50 70 50
1283558400 70 50 70 50
1283472000 70 50 70 50
1283385600 70 50 70 50
1283299200 70 50 70 50
1283212800 70 50 70 50
1283126400 70 50 70 50
1283040000 70 50 70 50
1282953600 70 50 70 50
1282867200 70 50 70 50
1282780800 70 50 70 50
1282694400 70 50 70 50
1282608000 70 50 70 50
1282521600 70 50 70 50
1282435200 70 50 70 50
1282348800 70 50 70 50
1282262400 70 50 70 50
1282176000 70 50 70 50
1282089600 70 50 70 50
1282003200 70 50 70 50
1281916800 70 50 70 50
1281830400 70 50 70 50
1281744000 70 50 70 50
1281657600 70 50 70 50
1281571200 70 50 70 50
1281484800 70 50 70 50
1281398400 70 50 70 50
1281312000 70 50 70 50
1281225600 70 50 70 50
1281139200 70 50 70 50
1281052800 70 50 70 50
1280966400 70 50 70 50
1280880000 70 50 70 50
1280793600 70 50 70 50
1280707200 70 50 70 50
1280620800 70 50 70 50
1280534400 70 50 70 50
1280448000 70 50 70 50
1280361600 70 50 70 50
1280275200 70 50 70 50
1280188800 70 50 70 50
1280102400 70 50 70 50
1280016000 70 50 70 50
1279929600 70 50 70 50
1279843200 70 50 70 50
1279756800 70 50 70 50
1279670400 70 50 70 50
1279584000 70 50 70 50
1279497600 70 50 70 50
1279411200 70 50 70 50
1279324800 70 50 70 50
1279238400 70 50 70 50
1279152000 70 50 70 50
1279065600 70 50 70 50
1278979200 70 50 70 50
1278892800 70 50 70 50
1278806400 70 50 70 50
1278720000 70 50 70 50
1278633600 70 50 70 50
1278547200 70 50 70 50
1278460800 70 50 70 50
1278374400 70 50 70 50
1278288000 70 50 70 50
1278201600 70 50 70 50
1278115200 70 50 70 50
1278028800 70 50 70 50
1277942400 70 50 70 50
1277856000 70 50 70 50
1277769600 70 50 70 50
1277683200 70 50 70 50
1277596800 70 50 70 50
1277510400 70 50 70 50
1277424000 70 50 70 50
1277337600 70 50 70 50
1277251200 70 50 70 50
1277164800 70 50 70 50
1277078400 70 50 70 50
1276992000 70 50 70 50
1276905600 70 50 70 50
1276819200 70 50 70 50
1276732800 70 50 70 50
1276646400 70 50 70 50
1276560000 70 50 70 50
1276473600 70 50 70 50
1276387200 70 50 70 50
